[17:35:01.598] [INFO   ] thread main starting.
[17:35:01.604] [SEVERE ] cannot read configuration file config.properties trying from resources.
[17:35:01.605] [SEVERE ] configuration file was loaded from resources directory.
[17:35:02.170] [INFO   ] thread dealer starting.
[17:35:02.291] [SEVERE ] placing card 40 in slot 0
[17:35:02.291] [SEVERE ] player 1 placing token on slot 0
[17:35:02.291] [SEVERE ] player 2 placing token on slot 0
[17:35:02.291] [SEVERE ] player 4 placing token on slot 0
[17:35:02.292] [SEVERE ] removing player 1 token from slot 0
[17:35:02.292] [SEVERE ] player 1 placing token on slot 0
[17:35:02.297] [SEVERE ] removing player 4 token from slot 0
[17:35:02.297] [SEVERE ] player 4 placing token on slot 0
[17:35:02.297] [SEVERE ] removing player 4 token from slot 0
[17:35:02.300] [SEVERE ] removing player 2 token from slot 0
[17:35:02.291] [SEVERE ] player 3 placing token on slot 0
[17:35:02.301] [SEVERE ] removing player 1 token from slot 0
[17:35:02.301] [SEVERE ] player 4 placing token on slot 0
[17:35:02.302] [SEVERE ] removing player 4 token from slot 0
[17:35:02.302] [SEVERE ] player 4 placing token on slot 0
[17:35:02.302] [SEVERE ] removing player 4 token from slot 0
[17:35:02.303] [SEVERE ] player 1 placing token on slot 0
[17:35:02.303] [SEVERE ] removing player 1 token from slot 0
[17:35:02.303] [SEVERE ] player 1 placing token on slot 0
[17:35:02.303] [SEVERE ] removing player 1 token from slot 0
[17:35:02.304] [SEVERE ] player 1 placing token on slot 0
[17:35:02.304] [SEVERE ] removing player 1 token from slot 0
[17:35:02.304] [SEVERE ] player 1 placing token on slot 0
[17:35:02.305] [SEVERE ] removing player 1 token from slot 0
[17:35:02.305] [SEVERE ] player 1 placing token on slot 0
[17:35:02.305] [SEVERE ] removing player 1 token from slot 0
[17:35:02.305] [SEVERE ] player 1 placing token on slot 0
[17:35:02.305] [SEVERE ] removing player 1 token from slot 0
[17:35:02.306] [SEVERE ] player 1 placing token on slot 0
[17:35:02.306] [SEVERE ] removing player 1 token from slot 0
[17:35:02.306] [SEVERE ] player 1 placing token on slot 0
[17:35:02.301] [SEVERE ] player 2 placing token on slot 0
[17:35:02.307] [SEVERE ] removing player 1 token from slot 0
[17:35:02.309] [SEVERE ] player 1 placing token on slot 0
[17:35:02.309] [SEVERE ] removing player 1 token from slot 0
[17:35:02.310] [SEVERE ] player 1 placing token on slot 0
[17:35:02.303] [SEVERE ] player 4 placing token on slot 0
[17:35:02.310] [SEVERE ] removing player 4 token from slot 0
[17:35:02.310] [SEVERE ] player 4 placing token on slot 0
[17:35:02.310] [SEVERE ] removing player 4 token from slot 0
[17:35:02.301] [SEVERE ] removing player 3 token from slot 0
[17:35:02.311] [SEVERE ] player 4 placing token on slot 0
[17:35:02.311] [SEVERE ] removing player 2 token from slot 0
[17:35:02.312] [SEVERE ] player 2 placing token on slot 0
[17:35:02.312] [SEVERE ] removing player 2 token from slot 0
[17:35:02.312] [SEVERE ] player 2 placing token on slot 0
[17:35:02.312] [SEVERE ] removing player 2 token from slot 0
[17:35:02.310] [SEVERE ] removing player 1 token from slot 0
[17:35:02.313] [SEVERE ] player 1 placing token on slot 0
[17:35:02.313] [SEVERE ] player 2 placing token on slot 0
[17:35:02.314] [SEVERE ] removing player 2 token from slot 0
[17:35:02.314] [SEVERE ] player 2 placing token on slot 0
[17:35:02.314] [SEVERE ] removing player 2 token from slot 0
[17:35:02.312] [SEVERE ] removing player 4 token from slot 0
[17:35:02.312] [SEVERE ] player 3 placing token on slot 0
[17:35:02.314] [SEVERE ] player 4 placing token on slot 0
[17:35:02.313] [SEVERE ] removing player 1 token from slot 0
[17:35:02.315] [SEVERE ] removing player 4 token from slot 0
[17:35:02.315] [SEVERE ] removing player 3 token from slot 0
[17:35:02.315] [SEVERE ] player 3 placing token on slot 0
[17:35:02.315] [SEVERE ] removing player 3 token from slot 0
[17:35:02.315] [SEVERE ] player 3 placing token on slot 0
[17:35:02.317] [SEVERE ] removing player 3 token from slot 0
[17:35:02.315] [SEVERE ] player 2 placing token on slot 0
[17:35:02.317] [SEVERE ] removing player 2 token from slot 0
[17:35:02.317] [SEVERE ] player 2 placing token on slot 0
[17:35:02.317] [SEVERE ] removing player 2 token from slot 0
[17:35:02.318] [SEVERE ] player 2 placing token on slot 0
[17:35:02.318] [SEVERE ] removing player 2 token from slot 0
[17:35:02.318] [SEVERE ] player 2 placing token on slot 0
[17:35:02.318] [SEVERE ] removing player 2 token from slot 0
[17:35:02.317] [SEVERE ] player 3 placing token on slot 0
[17:35:02.315] [SEVERE ] player 4 placing token on slot 0
[17:35:02.315] [SEVERE ] player 1 placing token on slot 0
[17:35:02.319] [SEVERE ] removing player 3 token from slot 0
[17:35:02.319] [SEVERE ] player 2 placing token on slot 0
[17:35:02.320] [SEVERE ] player 3 placing token on slot 0
[17:35:02.320] [SEVERE ] removing player 4 token from slot 0
[17:35:02.320] [SEVERE ] player 4 placing token on slot 0
[17:35:02.320] [SEVERE ] removing player 1 token from slot 0
[17:35:02.321] [SEVERE ] player 1 placing token on slot 0
[17:35:02.321] [SEVERE ] removing player 1 token from slot 0
[17:35:02.321] [SEVERE ] player 1 placing token on slot 0
[17:35:02.321] [SEVERE ] removing player 1 token from slot 0
[17:35:02.321] [SEVERE ] player 1 placing token on slot 0
[17:35:02.322] [SEVERE ] removing player 4 token from slot 0
[17:35:02.322] [SEVERE ] removing player 1 token from slot 0
[17:35:02.322] [SEVERE ] player 1 placing token on slot 0
[17:35:02.322] [SEVERE ] removing player 1 token from slot 0
[17:35:02.322] [SEVERE ] player 1 placing token on slot 0
[17:35:02.323] [SEVERE ] removing player 1 token from slot 0
[17:35:02.323] [SEVERE ] player 4 placing token on slot 0
[17:35:02.323] [SEVERE ] removing player 4 token from slot 0
[17:35:02.324] [SEVERE ] player 4 placing token on slot 0
[17:35:02.324] [SEVERE ] removing player 4 token from slot 0
[17:35:02.325] [SEVERE ] player 4 placing token on slot 0
[17:35:02.326] [SEVERE ] removing player 4 token from slot 0
[17:35:02.326] [SEVERE ] player 4 placing token on slot 0
[17:35:02.320] [SEVERE ] removing player 3 token from slot 0
[17:35:02.327] [SEVERE ] player 3 placing token on slot 0
[17:35:02.327] [SEVERE ] removing player 3 token from slot 0
[17:35:02.327] [SEVERE ] player 3 placing token on slot 0
[17:35:02.327] [SEVERE ] removing player 3 token from slot 0
[17:35:02.328] [SEVERE ] player 3 placing token on slot 0
[17:35:02.329] [SEVERE ] removing player 3 token from slot 0
[17:35:02.329] [SEVERE ] player 3 placing token on slot 0
[17:35:02.330] [SEVERE ] removing player 3 token from slot 0
[17:35:02.330] [SEVERE ] player 3 placing token on slot 0
[17:35:02.330] [SEVERE ] removing player 3 token from slot 0
[17:35:02.330] [SEVERE ] player 3 placing token on slot 0
[17:35:02.330] [SEVERE ] removing player 3 token from slot 0
[17:35:02.330] [SEVERE ] player 3 placing token on slot 0
[17:35:02.331] [SEVERE ] removing player 3 token from slot 0
[17:35:02.331] [SEVERE ] player 3 placing token on slot 0
[17:35:02.331] [SEVERE ] removing player 3 token from slot 0
[17:35:02.331] [SEVERE ] player 3 placing token on slot 0
[17:35:02.331] [SEVERE ] removing player 3 token from slot 0
[17:35:02.331] [SEVERE ] player 3 placing token on slot 0
[17:35:02.332] [SEVERE ] removing player 3 token from slot 0
[17:35:02.332] [SEVERE ] player 3 placing token on slot 0
[17:35:02.332] [SEVERE ] removing player 3 token from slot 0
[17:35:02.332] [SEVERE ] player 3 placing token on slot 0
[17:35:02.332] [SEVERE ] removing player 3 token from slot 0
[17:35:02.320] [SEVERE ] removing player 2 token from slot 0
[17:35:02.334] [SEVERE ] player 3 placing token on slot 0
[17:35:02.335] [SEVERE ] removing player 3 token from slot 0
[17:35:02.329] [SEVERE ] removing player 4 token from slot 0
[17:35:02.335] [SEVERE ] player 4 placing token on slot 0
[17:35:02.335] [SEVERE ] removing player 4 token from slot 0
[17:35:02.335] [SEVERE ] player 4 placing token on slot 0
[17:35:02.335] [SEVERE ] removing player 4 token from slot 0
[17:35:02.336] [SEVERE ] player 4 placing token on slot 0
[17:35:02.336] [SEVERE ] removing player 4 token from slot 0
[17:35:02.336] [SEVERE ] player 4 placing token on slot 0
[17:35:02.336] [SEVERE ] removing player 4 token from slot 0
[17:35:02.336] [SEVERE ] player 4 placing token on slot 0
[17:35:02.336] [SEVERE ] removing player 4 token from slot 0
[17:35:02.336] [SEVERE ] player 4 placing token on slot 0
[17:35:02.337] [SEVERE ] removing player 4 token from slot 0
[17:35:02.337] [SEVERE ] player 4 placing token on slot 0
[17:35:02.337] [SEVERE ] removing player 4 token from slot 0
[17:35:02.337] [SEVERE ] player 4 placing token on slot 0
[17:35:02.337] [SEVERE ] removing player 4 token from slot 0
[17:35:02.337] [SEVERE ] player 4 placing token on slot 0
[17:35:02.323] [SEVERE ] player 1 placing token on slot 0
[17:35:02.338] [SEVERE ] removing player 1 token from slot 0
[17:35:02.338] [SEVERE ] player 1 placing token on slot 0
[17:35:02.338] [SEVERE ] removing player 1 token from slot 0
[17:35:02.335] [SEVERE ] player 3 placing token on slot 0
[17:35:02.339] [SEVERE ] removing player 3 token from slot 0
[17:35:02.340] [SEVERE ] player 3 placing token on slot 0
[17:35:02.335] [SEVERE ] player 2 placing token on slot 0
[17:35:02.340] [SEVERE ] removing player 4 token from slot 0
[17:35:02.341] [SEVERE ] player 4 placing token on slot 0
[17:35:02.340] [SEVERE ] player 1 placing token on slot 0
[17:35:02.341] [SEVERE ] removing player 2 token from slot 0
[17:35:02.342] [SEVERE ] player 2 placing token on slot 0
[17:35:02.343] [SEVERE ] removing player 3 token from slot 0
[17:35:02.343] [SEVERE ] player 3 placing token on slot 0
[17:35:02.343] [SEVERE ] removing player 3 token from slot 0
[17:35:02.343] [SEVERE ] player 3 placing token on slot 0
[17:35:02.343] [SEVERE ] removing player 3 token from slot 0
[17:35:02.343] [SEVERE ] removing player 2 token from slot 0
[17:35:02.344] [SEVERE ] player 3 placing token on slot 0
[17:35:02.344] [SEVERE ] removing player 3 token from slot 0
[17:35:02.344] [SEVERE ] player 3 placing token on slot 0
[17:35:02.344] [SEVERE ] removing player 1 token from slot 0
[17:35:02.346] [SEVERE ] removing player 4 token from slot 0
[17:35:02.347] [SEVERE ] player 4 placing token on slot 0
[17:35:02.347] [SEVERE ] removing player 4 token from slot 0
[17:35:02.347] [SEVERE ] player 4 placing token on slot 0
[17:35:02.347] [SEVERE ] removing player 4 token from slot 0
[17:35:02.347] [SEVERE ] player 4 placing token on slot 0
[17:35:02.347] [SEVERE ] removing player 4 token from slot 0
[17:35:02.348] [SEVERE ] player 4 placing token on slot 0
[17:35:02.348] [SEVERE ] removing player 4 token from slot 0
[17:35:02.348] [SEVERE ] player 4 placing token on slot 0
[17:35:02.348] [SEVERE ] removing player 4 token from slot 0
[17:35:02.348] [SEVERE ] player 4 placing token on slot 0
[17:35:02.348] [SEVERE ] removing player 4 token from slot 0
[17:35:02.349] [SEVERE ] player 4 placing token on slot 0
[17:35:02.350] [SEVERE ] removing player 4 token from slot 0
[17:35:02.350] [SEVERE ] player 4 placing token on slot 0
[17:35:02.350] [SEVERE ] removing player 4 token from slot 0
[17:35:02.351] [SEVERE ] player 4 placing token on slot 0
[17:35:02.351] [SEVERE ] removing player 4 token from slot 0
[17:35:02.351] [SEVERE ] player 4 placing token on slot 0
[17:35:02.351] [SEVERE ] removing player 3 token from slot 0
[17:35:02.351] [SEVERE ] player 3 placing token on slot 0
[17:35:02.352] [SEVERE ] removing player 3 token from slot 0
[17:35:02.352] [SEVERE ] player 3 placing token on slot 0
[17:35:02.352] [SEVERE ] removing player 3 token from slot 0
[17:35:02.352] [SEVERE ] player 3 placing token on slot 0
[17:35:02.352] [SEVERE ] removing player 3 token from slot 0
[17:35:02.353] [SEVERE ] player 3 placing token on slot 0
[17:35:02.353] [SEVERE ] removing player 3 token from slot 0
[17:35:02.353] [SEVERE ] player 3 placing token on slot 0
[17:35:02.353] [SEVERE ] removing player 3 token from slot 0
[17:35:02.353] [SEVERE ] player 3 placing token on slot 0
[17:35:02.354] [SEVERE ] removing player 3 token from slot 0
[17:35:02.355] [SEVERE ] player 3 placing token on slot 0
[17:35:02.356] [SEVERE ] removing player 3 token from slot 0
[17:35:02.358] [SEVERE ] player 3 placing token on slot 0
[17:35:02.344] [SEVERE ] player 2 placing token on slot 0
[17:35:02.347] [SEVERE ] player 1 placing token on slot 0
[17:35:02.359] [SEVERE ] removing player 1 token from slot 0
[17:35:02.359] [SEVERE ] removing player 4 token from slot 0
[17:35:02.362] [SEVERE ] player 1 placing token on slot 0
[17:35:02.362] [SEVERE ] removing player 1 token from slot 0
[17:35:02.362] [SEVERE ] player 1 placing token on slot 0
[17:35:02.363] [SEVERE ] removing player 3 token from slot 0
[17:35:02.364] [SEVERE ] removing player 1 token from slot 0
[17:35:02.364] [SEVERE ] player 1 placing token on slot 0
[17:35:02.364] [SEVERE ] removing player 2 token from slot 0
[17:35:02.366] [SEVERE ] player 2 placing token on slot 0
[17:35:02.366] [SEVERE ] player 4 placing token on slot 0
[17:35:02.366] [SEVERE ] removing player 4 token from slot 0
[17:35:02.366] [SEVERE ] player 4 placing token on slot 0
[17:35:02.366] [SEVERE ] removing player 4 token from slot 0
[17:35:02.366] [SEVERE ] player 4 placing token on slot 0
[17:35:02.367] [SEVERE ] removing player 4 token from slot 0
[17:35:02.367] [SEVERE ] player 4 placing token on slot 0
[17:35:02.367] [SEVERE ] removing player 4 token from slot 0
[17:35:02.367] [SEVERE ] player 4 placing token on slot 0
[17:35:02.368] [SEVERE ] removing player 4 token from slot 0
[17:35:02.368] [SEVERE ] player 4 placing token on slot 0
[17:35:02.368] [SEVERE ] removing player 4 token from slot 0
[17:35:02.368] [SEVERE ] player 4 placing token on slot 0
[17:35:02.368] [SEVERE ] removing player 4 token from slot 0
[17:35:02.368] [SEVERE ] player 4 placing token on slot 0
[17:35:02.369] [SEVERE ] removing player 4 token from slot 0
[17:35:02.369] [SEVERE ] player 4 placing token on slot 0
[17:35:02.369] [SEVERE ] removing player 4 token from slot 0
[17:35:02.369] [SEVERE ] player 4 placing token on slot 0
[17:35:02.369] [SEVERE ] removing player 4 token from slot 0
[17:35:02.370] [SEVERE ] player 4 placing token on slot 0
[17:35:02.371] [SEVERE ] removing player 4 token from slot 0
[17:35:02.372] [SEVERE ] player 4 placing token on slot 0
[17:35:02.372] [SEVERE ] removing player 4 token from slot 0
[17:35:02.372] [SEVERE ] player 4 placing token on slot 0
[17:35:02.372] [SEVERE ] removing player 4 token from slot 0
[17:35:02.372] [SEVERE ] player 4 placing token on slot 0
[17:35:02.373] [SEVERE ] removing player 4 token from slot 0
[17:35:02.373] [SEVERE ] player 4 placing token on slot 0
[17:35:02.373] [SEVERE ] removing player 4 token from slot 0
[17:35:02.373] [SEVERE ] player 4 placing token on slot 0
[17:35:02.373] [SEVERE ] removing player 4 token from slot 0
[17:35:02.373] [SEVERE ] player 4 placing token on slot 0
[17:35:02.374] [SEVERE ] removing player 4 token from slot 0
[17:35:02.374] [SEVERE ] player 4 placing token on slot 0
[17:35:02.374] [SEVERE ] removing player 4 token from slot 0
[17:35:02.374] [SEVERE ] player 4 placing token on slot 0
[17:35:02.374] [SEVERE ] removing player 4 token from slot 0
[17:35:02.374] [SEVERE ] player 4 placing token on slot 0
[17:35:02.377] [SEVERE ] removing player 4 token from slot 0
[17:35:02.377] [SEVERE ] player 4 placing token on slot 0
[17:35:02.378] [SEVERE ] removing player 4 token from slot 0
[17:35:02.378] [SEVERE ] player 4 placing token on slot 0
[17:35:02.380] [SEVERE ] removing player 4 token from slot 0
[17:35:02.382] [SEVERE ] player 4 placing token on slot 0
[17:35:02.383] [SEVERE ] removing player 4 token from slot 0
[17:35:02.383] [SEVERE ] player 4 placing token on slot 0
[17:35:02.383] [SEVERE ] removing player 4 token from slot 0
[17:35:02.384] [SEVERE ] player 4 placing token on slot 0
[17:35:02.384] [SEVERE ] removing player 4 token from slot 0
[17:35:02.386] [SEVERE ] player 4 placing token on slot 0
[17:35:02.364] [SEVERE ] player 3 placing token on slot 0
[17:35:02.364] [SEVERE ] removing player 1 token from slot 0
[17:35:02.391] [SEVERE ] player 1 placing token on slot 0
[17:35:02.391] [SEVERE ] removing player 4 token from slot 0
[17:35:02.391] [SEVERE ] removing player 1 token from slot 0
[17:35:02.391] [SEVERE ] player 4 placing token on slot 0
[17:35:02.391] [SEVERE ] player 1 placing token on slot 0
[17:35:02.392] [SEVERE ] removing player 1 token from slot 0
[17:35:02.392] [SEVERE ] placing card 41 in slot 1
[17:35:02.392] [SEVERE ] player 1 placing token on slot 1
[17:35:02.392] [SEVERE ] removing player 1 token from slot 1
[17:35:02.392] [SEVERE ] player 1 placing token on slot 1
[17:35:02.393] [SEVERE ] player 1 placing token on slot 0
[17:35:02.393] [SEVERE ] removing player 1 token from slot 0
[17:35:02.393] [SEVERE ] removing player 1 token from slot 1
[17:35:02.393] [SEVERE ] player 1 placing token on slot 1
[17:35:02.393] [SEVERE ] player 1 placing token on slot 0
[17:35:02.393] [SEVERE ] player 4 placing token on slot 1
[17:35:02.393] [SEVERE ] removing player 1 token from slot 1
[17:35:02.393] [SEVERE ] removing player 4 token from slot 0
[17:35:02.393] [SEVERE ] player 1 placing token on slot 1
[17:35:02.394] [SEVERE ] removing player 4 token from slot 1
[17:35:02.394] [SEVERE ] removing player 1 token from slot 0
[17:35:02.394] [SEVERE ] player 4 placing token on slot 0
[17:35:02.394] [SEVERE ] player 1 placing token on slot 0
[17:35:02.394] [SEVERE ] removing player 1 token from slot 0
[17:35:02.394] [SEVERE ] removing player 4 token from slot 0
[17:35:02.394] [SEVERE ] removing player 1 token from slot 1
[17:35:02.394] [SEVERE ] player 4 placing token on slot 0
[17:35:02.394] [SEVERE ] player 1 placing token on slot 0
[17:35:02.394] [SEVERE ] player 4 placing token on slot 1
[17:35:02.395] [SEVERE ] removing player 1 token from slot 0
[17:35:02.395] [SEVERE ] removing player 4 token from slot 1
[17:35:02.395] [SEVERE ] player 1 placing token on slot 1
[17:35:02.395] [SEVERE ] removing player 4 token from slot 0
[17:35:02.395] [SEVERE ] removing player 1 token from slot 1
[17:35:02.395] [SEVERE ] player 4 placing token on slot 1
[17:35:02.395] [SEVERE ] player 1 placing token on slot 0
[17:35:02.395] [SEVERE ] removing player 4 token from slot 1
[17:35:02.395] [SEVERE ] player 1 placing token on slot 1
[17:35:02.395] [SEVERE ] player 4 placing token on slot 0
[17:35:02.395] [SEVERE ] removing player 1 token from slot 1
[17:35:02.395] [SEVERE ] removing player 4 token from slot 0
[17:35:02.395] [SEVERE ] removing player 1 token from slot 0
[17:35:02.396] [SEVERE ] player 4 placing token on slot 1
[17:35:02.396] [SEVERE ] player 1 placing token on slot 0
[17:35:02.396] [SEVERE ] removing player 4 token from slot 1
[17:35:02.396] [SEVERE ] player 1 placing token on slot 1
[17:35:02.396] [SEVERE ] player 4 placing token on slot 0
[17:35:02.396] [SEVERE ] removing player 4 token from slot 0
[17:35:02.396] [SEVERE ] player 4 placing token on slot 1
[17:35:02.396] [SEVERE ] player 4 placing token on slot 0
[17:35:02.396] [SEVERE ] removing player 4 token from slot 1
[17:35:02.397] [SEVERE ] player 4 placing token on slot 1
[17:35:02.397] [SEVERE ] removing player 4 token from slot 0
[17:35:02.397] [SEVERE ] player 4 placing token on slot 0
[17:35:02.397] [SEVERE ] removing player 4 token from slot 0
[17:35:02.397] [SEVERE ] removing player 4 token from slot 1
[17:35:02.397] [SEVERE ] player 4 placing token on slot 1
[17:35:02.396] [SEVERE ] removing player 1 token from slot 1
[17:35:02.397] [SEVERE ] removing player 4 token from slot 1
[17:35:02.397] [SEVERE ] removing player 1 token from slot 0
[17:35:02.397] [SEVERE ] player 4 placing token on slot 1
[17:35:02.397] [SEVERE ] player 1 placing token on slot 0
[17:35:02.398] [SEVERE ] player 4 placing token on slot 0
[17:35:02.398] [SEVERE ] removing player 1 token from slot 0
[17:35:02.398] [SEVERE ] removing player 4 token from slot 1
[17:35:02.398] [SEVERE ] player 1 placing token on slot 1
[17:35:02.398] [SEVERE ] removing player 1 token from slot 1
[17:35:02.398] [SEVERE ] player 1 placing token on slot 0
[17:35:02.398] [SEVERE ] removing player 1 token from slot 0
[17:35:02.398] [SEVERE ] player 1 placing token on slot 1
[17:35:02.398] [SEVERE ] removing player 1 token from slot 1
[17:35:02.399] [SEVERE ] player 1 placing token on slot 0
[17:35:02.399] [SEVERE ] removing player 1 token from slot 0
[17:35:02.399] [SEVERE ] player 1 placing token on slot 1
[17:35:02.399] [SEVERE ] removing player 1 token from slot 1
[17:35:02.399] [SEVERE ] player 1 placing token on slot 0
[17:35:02.399] [SEVERE ] player 1 placing token on slot 1
[17:35:02.399] [SEVERE ] removing player 1 token from slot 1
[17:35:02.399] [SEVERE ] removing player 1 token from slot 0
[17:35:02.399] [SEVERE ] player 1 placing token on slot 0
[17:35:02.399] [SEVERE ] removing player 1 token from slot 0
[17:35:02.400] [SEVERE ] player 1 placing token on slot 1
[17:35:02.400] [SEVERE ] removing player 1 token from slot 1
[17:35:02.400] [SEVERE ] player 1 placing token on slot 1
[17:35:02.400] [SEVERE ] player 1 placing token on slot 0
[17:35:02.400] [SEVERE ] removing player 1 token from slot 1
[17:35:02.400] [SEVERE ] player 1 placing token on slot 1
[17:35:02.400] [SEVERE ] removing player 1 token from slot 1
[17:35:02.400] [SEVERE ] player 1 placing token on slot 1
[17:35:02.401] [SEVERE ] removing player 1 token from slot 1
[17:35:02.401] [SEVERE ] removing player 1 token from slot 0
[17:35:02.401] [SEVERE ] removing player 4 token from slot 0
[17:35:02.401] [SEVERE ] player 1 placing token on slot 0
[17:35:02.401] [SEVERE ] player 1 placing token on slot 1
[17:35:02.401] [SEVERE ] removing player 1 token from slot 0
[17:35:02.401] [SEVERE ] removing player 1 token from slot 1
[17:35:02.401] [SEVERE ] player 1 placing token on slot 1
[17:35:02.401] [SEVERE ] player 4 placing token on slot 1
[17:35:02.402] [SEVERE ] removing player 1 token from slot 1
[17:35:02.402] [SEVERE ] player 4 placing token on slot 0
[17:35:02.402] [SEVERE ] player 1 placing token on slot 0
[17:35:02.402] [SEVERE ] removing player 4 token from slot 1
[17:35:02.402] [SEVERE ] removing player 1 token from slot 0
[17:35:02.402] [SEVERE ] player 4 placing token on slot 1
[17:35:02.402] [SEVERE ] player 1 placing token on slot 1
[17:35:02.402] [SEVERE ] removing player 4 token from slot 0
[17:35:02.402] [SEVERE ] player 1 placing token on slot 0
[17:35:02.402] [SEVERE ] removing player 4 token from slot 1
[17:35:02.402] [SEVERE ] removing player 1 token from slot 1
[17:35:02.402] [SEVERE ] player 4 placing token on slot 0
[17:35:02.402] [SEVERE ] player 1 placing token on slot 1
[17:35:02.402] [SEVERE ] removing player 4 token from slot 0
[17:35:02.402] [SEVERE ] removing player 1 token from slot 1
[17:35:02.403] [SEVERE ] player 4 placing token on slot 0
[17:35:02.403] [SEVERE ] removing player 4 token from slot 0
[17:35:02.403] [SEVERE ] player 4 placing token on slot 1
[17:35:02.403] [SEVERE ] removing player 4 token from slot 1
[17:35:02.403] [SEVERE ] player 4 placing token on slot 1
[17:35:02.403] [SEVERE ] removing player 4 token from slot 1
[17:35:02.403] [SEVERE ] player 4 placing token on slot 1
[17:35:02.406] [SEVERE ] removing player 4 token from slot 1
[17:35:02.406] [SEVERE ] player 4 placing token on slot 0
[17:35:02.407] [SEVERE ] player 1 placing token on slot 1
[17:35:02.409] [SEVERE ] removing player 3 token from slot 0
[17:35:02.409] [SEVERE ] player 4 placing token on slot 1
[17:35:02.409] [SEVERE ] player 3 placing token on slot 1
[17:35:02.410] [SEVERE ] removing player 3 token from slot 1
[17:35:02.411] [SEVERE ] player 3 placing token on slot 1
[17:35:02.413] [SEVERE ] removing player 3 token from slot 1
[17:35:02.409] [SEVERE ] removing player 1 token from slot 0
[17:35:02.413] [SEVERE ] player 1 placing token on slot 0
[17:35:02.413] [SEVERE ] removing player 1 token from slot 1
[17:35:02.413] [SEVERE ] player 1 placing token on slot 1
[17:35:02.413] [SEVERE ] removing player 1 token from slot 1
[17:35:02.413] [SEVERE ] removing player 4 token from slot 0
[17:35:02.415] [SEVERE ] player 4 placing token on slot 0
[17:35:02.413] [SEVERE ] player 3 placing token on slot 0
[17:35:02.413] [SEVERE ] player 1 placing token on slot 1
[17:35:02.418] [SEVERE ] removing player 3 token from slot 0
[17:35:02.418] [SEVERE ] removing player 4 token from slot 0
[17:35:02.419] [SEVERE ] removing player 4 token from slot 1
[17:35:02.418] [SEVERE ] removing player 1 token from slot 1
[17:35:02.420] [SEVERE ] removing player 1 token from slot 0
[17:35:02.420] [SEVERE ] player 1 placing token on slot 0
[17:35:02.420] [SEVERE ] removing player 1 token from slot 0
[17:35:02.420] [SEVERE ] player 1 placing token on slot 1
[17:35:02.420] [SEVERE ] player 1 placing token on slot 0
[17:35:02.420] [SEVERE ] removing player 1 token from slot 0
[17:35:02.420] [SEVERE ] player 1 placing token on slot 0
[17:35:02.420] [SEVERE ] removing player 1 token from slot 1
[17:35:02.421] [SEVERE ] removing player 1 token from slot 0
[17:35:02.421] [SEVERE ] player 1 placing token on slot 0
[17:35:02.421] [SEVERE ] player 1 placing token on slot 1
[17:35:02.421] [SEVERE ] removing player 1 token from slot 1
[17:35:02.421] [SEVERE ] player 1 placing token on slot 1
[17:35:02.421] [SEVERE ] removing player 1 token from slot 0
[17:35:02.421] [SEVERE ] removing player 1 token from slot 1
[17:35:02.421] [SEVERE ] player 1 placing token on slot 0
[17:35:02.421] [SEVERE ] player 1 placing token on slot 1
[17:35:02.421] [SEVERE ] removing player 1 token from slot 1
[17:35:02.421] [SEVERE ] player 1 placing token on slot 1
[17:35:02.421] [SEVERE ] removing player 1 token from slot 1
[17:35:02.422] [SEVERE ] player 1 placing token on slot 1
[17:35:02.422] [SEVERE ] removing player 1 token from slot 1
[17:35:02.422] [SEVERE ] player 1 placing token on slot 1
[17:35:02.422] [SEVERE ] removing player 1 token from slot 0
[17:35:02.422] [SEVERE ] removing player 1 token from slot 1
[17:35:02.422] [SEVERE ] player 1 placing token on slot 1
[17:35:02.422] [SEVERE ] removing player 1 token from slot 1
[17:35:02.423] [SEVERE ] player 1 placing token on slot 1
[17:35:02.423] [SEVERE ] removing player 1 token from slot 1
[17:35:02.423] [SEVERE ] player 1 placing token on slot 1
[17:35:02.423] [SEVERE ] player 1 placing token on slot 0
[17:35:02.423] [SEVERE ] removing player 1 token from slot 0
[17:35:02.423] [SEVERE ] player 3 placing token on slot 0
[17:35:02.423] [SEVERE ] player 1 placing token on slot 0
[17:35:02.423] [SEVERE ] removing player 1 token from slot 1
[17:35:02.423] [SEVERE ] removing player 1 token from slot 0
[17:35:02.423] [SEVERE ] player 1 placing token on slot 0
[17:35:02.423] [SEVERE ] player 1 placing token on slot 1
[17:35:02.423] [SEVERE ] removing player 1 token from slot 0
[17:35:02.423] [SEVERE ] removing player 1 token from slot 1
[17:35:02.424] [SEVERE ] player 1 placing token on slot 1
[17:35:02.424] [SEVERE ] removing player 1 token from slot 1
[17:35:02.424] [SEVERE ] player 1 placing token on slot 1
[17:35:02.424] [SEVERE ] removing player 1 token from slot 1
[17:35:02.424] [SEVERE ] player 1 placing token on slot 1
[17:35:02.424] [SEVERE ] removing player 1 token from slot 1
[17:35:02.424] [SEVERE ] player 1 placing token on slot 0
[17:35:02.424] [SEVERE ] player 1 placing token on slot 1
[17:35:02.424] [SEVERE ] removing player 1 token from slot 1
[17:35:02.424] [SEVERE ] player 1 placing token on slot 1
[17:35:02.424] [SEVERE ] removing player 1 token from slot 0
[17:35:02.425] [SEVERE ] player 1 placing token on slot 0
[17:35:02.425] [SEVERE ] removing player 1 token from slot 1
[17:35:02.425] [SEVERE ] removing player 1 token from slot 0
[17:35:02.425] [SEVERE ] player 1 placing token on slot 0
[17:35:02.425] [SEVERE ] player 1 placing token on slot 1
[17:35:02.425] [SEVERE ] removing player 1 token from slot 1
[17:35:02.425] [SEVERE ] removing player 1 token from slot 0
[17:35:02.425] [SEVERE ] player 1 placing token on slot 0
[17:35:02.425] [SEVERE ] removing player 1 token from slot 0
[17:35:02.425] [SEVERE ] player 1 placing token on slot 1
[17:35:02.425] [SEVERE ] player 1 placing token on slot 0
[17:35:02.425] [SEVERE ] removing player 1 token from slot 0
[17:35:02.425] [SEVERE ] player 1 placing token on slot 0
[17:35:02.426] [SEVERE ] removing player 1 token from slot 0
[17:35:02.426] [SEVERE ] removing player 1 token from slot 1
[17:35:02.426] [SEVERE ] player 1 placing token on slot 1
[17:35:02.426] [SEVERE ] player 1 placing token on slot 0
[17:35:02.426] [SEVERE ] removing player 1 token from slot 1
[17:35:02.426] [SEVERE ] player 1 placing token on slot 1
[17:35:02.426] [SEVERE ] removing player 1 token from slot 1
[17:35:02.426] [SEVERE ] removing player 1 token from slot 0
[17:35:02.426] [SEVERE ] player 1 placing token on slot 0
[17:35:02.423] [SEVERE ] player 3 placing token on slot 1
[17:35:02.426] [SEVERE ] removing player 1 token from slot 0
[17:35:02.426] [SEVERE ] removing player 3 token from slot 0
[17:35:02.421] [SEVERE ] player 4 placing token on slot 0
[17:35:02.429] [SEVERE ] removing player 3 token from slot 1
[17:35:02.426] [SEVERE ] player 1 placing token on slot 0
[17:35:02.430] [SEVERE ] player 1 placing token on slot 1
[17:35:02.430] [SEVERE ] removing player 1 token from slot 1
[17:35:02.430] [SEVERE ] removing player 1 token from slot 0
[17:35:02.430] [SEVERE ] player 1 placing token on slot 0
[17:35:02.431] [SEVERE ] removing player 4 token from slot 0
[17:35:02.431] [SEVERE ] player 4 placing token on slot 1
[17:35:02.431] [SEVERE ] player 4 placing token on slot 0
[17:35:02.430] [SEVERE ] player 3 placing token on slot 0
[17:35:02.431] [SEVERE ] removing player 4 token from slot 1
[17:35:02.431] [SEVERE ] removing player 3 token from slot 0
[17:35:02.431] [SEVERE ] removing player 1 token from slot 0
[17:35:02.431] [SEVERE ] removing player 4 token from slot 0
[17:35:02.433] [SEVERE ] player 4 placing token on slot 1
[17:35:02.431] [SEVERE ] player 3 placing token on slot 0
[17:35:02.431] [SEVERE ] player 1 placing token on slot 1
[17:35:02.433] [SEVERE ] removing player 3 token from slot 0
[17:35:02.433] [SEVERE ] removing player 4 token from slot 1
[17:35:02.433] [SEVERE ] player 3 placing token on slot 1
[17:35:02.433] [SEVERE ] removing player 1 token from slot 1
[17:35:02.434] [SEVERE ] player 3 placing token on slot 0
[17:35:02.433] [SEVERE ] player 4 placing token on slot 0
[17:35:02.433] [SEVERE ] player 2 placing token on slot 1
[17:35:02.434] [SEVERE ] player 1 placing token on slot 1
[17:35:02.436] [SEVERE ] removing player 1 token from slot 1
[17:35:02.436] [SEVERE ] player 1 placing token on slot 0
[17:35:02.437] [SEVERE ] removing player 1 token from slot 0
[17:35:02.437] [SEVERE ] player 1 placing token on slot 1
[17:35:02.437] [SEVERE ] player 1 placing token on slot 0
[17:35:02.437] [SEVERE ] removing player 1 token from slot 0
[17:35:02.437] [SEVERE ] removing player 1 token from slot 1
[17:35:02.437] [SEVERE ] player 1 placing token on slot 0
[17:35:02.437] [SEVERE ] removing player 4 token from slot 0
[17:35:02.440] [SEVERE ] removing player 3 token from slot 0
[17:35:02.441] [SEVERE ] player 3 placing token on slot 0
[17:35:02.441] [SEVERE ] removing player 1 token from slot 0
[17:35:02.441] [SEVERE ] player 1 placing token on slot 1
[17:35:02.441] [SEVERE ] removing player 3 token from slot 1
[17:35:02.441] [SEVERE ] removing player 3 token from slot 0
[17:35:02.441] [SEVERE ] player 3 placing token on slot 0
[17:35:02.441] [SEVERE ] removing player 3 token from slot 0
[17:35:02.441] [SEVERE ] player 3 placing token on slot 0
[17:35:02.441] [SEVERE ] removing player 3 token from slot 0
[17:35:02.441] [SEVERE ] player 3 placing token on slot 1
[17:35:02.441] [SEVERE ] player 3 placing token on slot 0
[17:35:02.442] [SEVERE ] removing player 3 token from slot 1
[17:35:02.442] [SEVERE ] removing player 3 token from slot 0
[17:35:02.441] [SEVERE ] removing player 1 token from slot 1
[17:35:02.442] [SEVERE ] player 1 placing token on slot 1
[17:35:02.442] [SEVERE ] player 3 placing token on slot 1
[17:35:02.442] [SEVERE ] removing player 1 token from slot 1
[17:35:02.443] [SEVERE ] removing player 2 token from slot 0
[17:35:02.442] [SEVERE ] player 4 placing token on slot 0
[17:35:02.444] [SEVERE ] player 2 placing token on slot 0
[17:35:02.444] [SEVERE ] player 1 placing token on slot 0
[17:35:02.444] [SEVERE ] player 3 placing token on slot 0
[17:35:02.444] [SEVERE ] player 1 placing token on slot 1
[17:35:02.446] [SEVERE ] removing player 3 token from slot 1
[17:35:02.444] [SEVERE ] removing player 2 token from slot 0
[17:35:02.444] [SEVERE ] player 4 placing token on slot 1
[17:35:02.447] [SEVERE ] removing player 4 token from slot 0
[17:35:02.447] [SEVERE ] removing player 4 token from slot 1
[17:35:02.447] [SEVERE ] player 4 placing token on slot 0
[17:35:02.447] [SEVERE ] player 4 placing token on slot 1
[17:35:02.447] [SEVERE ] removing player 4 token from slot 1
[17:35:02.447] [SEVERE ] player 4 placing token on slot 1
[17:35:02.447] [SEVERE ] removing player 4 token from slot 0
[17:35:02.447] [SEVERE ] removing player 4 token from slot 1
[17:35:02.447] [SEVERE ] player 4 placing token on slot 1
[17:35:02.448] [SEVERE ] player 4 placing token on slot 0
[17:35:02.448] [SEVERE ] removing player 4 token from slot 1
[17:35:02.448] [SEVERE ] removing player 4 token from slot 0
[17:35:02.448] [SEVERE ] player 4 placing token on slot 0
[17:35:02.448] [SEVERE ] player 4 placing token on slot 1
[17:35:02.448] [SEVERE ] removing player 4 token from slot 0
[17:35:02.448] [SEVERE ] player 4 placing token on slot 0
[17:35:02.448] [SEVERE ] removing player 4 token from slot 0
[17:35:02.448] [SEVERE ] player 4 placing token on slot 0
[17:35:02.449] [SEVERE ] removing player 4 token from slot 0
[17:35:02.449] [SEVERE ] player 4 placing token on slot 0
[17:35:02.446] [SEVERE ] player 2 placing token on slot 0
[17:35:02.449] [SEVERE ] removing player 2 token from slot 1
[17:35:02.449] [SEVERE ] player 2 placing token on slot 1
[17:35:02.446] [SEVERE ] player 3 placing token on slot 1
[17:35:02.455] [SEVERE ] removing player 2 token from slot 1
[17:35:02.446] [SEVERE ] removing player 1 token from slot 0
[17:35:02.455] [SEVERE ] player 1 placing token on slot 0
[17:35:02.455] [SEVERE ] removing player 1 token from slot 0
[17:35:02.455] [SEVERE ] player 1 placing token on slot 0
[17:35:02.456] [SEVERE ] removing player 1 token from slot 0
[17:35:02.456] [SEVERE ] removing player 1 token from slot 1
[17:35:02.455] [SEVERE ] removing player 3 token from slot 0
[17:35:02.460] [SEVERE ] removing player 3 token from slot 1
[17:35:02.449] [SEVERE ] removing player 4 token from slot 0
[17:35:02.461] [SEVERE ] player 3 placing token on slot 0
[17:35:02.461] [SEVERE ] removing player 3 token from slot 0
[17:35:02.461] [SEVERE ] player 4 placing token on slot 0
[17:35:02.456] [SEVERE ] player 1 placing token on slot 0
[17:35:02.462] [SEVERE ] removing player 1 token from slot 0
[17:35:02.462] [SEVERE ] player 1 placing token on slot 0
[17:35:02.462] [SEVERE ] player 1 placing token on slot 1
[17:35:02.462] [SEVERE ] removing player 1 token from slot 0
[17:35:02.462] [SEVERE ] player 3 placing token on slot 0
[17:35:02.462] [SEVERE ] player 1 placing token on slot 0
[17:35:02.462] [SEVERE ] removing player 1 token from slot 1
[17:35:02.463] [SEVERE ] player 1 placing token on slot 1
[17:35:02.463] [SEVERE ] player 2 placing token on slot 1
[17:35:02.463] [SEVERE ] removing player 2 token from slot 1
[17:35:02.462] [SEVERE ] removing player 3 token from slot 0
[17:35:02.463] [SEVERE ] player 2 placing token on slot 1
[17:35:02.463] [SEVERE ] removing player 1 token from slot 0
[17:35:02.463] [SEVERE ] removing player 1 token from slot 1
[17:35:02.463] [SEVERE ] removing player 4 token from slot 0
[17:35:02.464] [SEVERE ] player 1 placing token on slot 1
[17:35:02.465] [SEVERE ] removing player 4 token from slot 1
[17:35:02.465] [SEVERE ] player 4 placing token on slot 1
[17:35:02.465] [SEVERE ] player 4 placing token on slot 0
[17:35:02.465] [SEVERE ] removing player 4 token from slot 0
[17:35:02.465] [SEVERE ] removing player 1 token from slot 1
[17:35:02.466] [SEVERE ] removing player 4 token from slot 1
[17:35:02.467] [SEVERE ] player 1 placing token on slot 1
[17:35:02.467] [SEVERE ] player 1 placing token on slot 0
[17:35:02.467] [SEVERE ] removing player 1 token from slot 0
[17:35:02.467] [SEVERE ] removing player 1 token from slot 1
[17:35:02.467] [SEVERE ] player 1 placing token on slot 0
[17:35:02.468] [SEVERE ] player 1 placing token on slot 1
[17:35:02.468] [SEVERE ] removing player 1 token from slot 0
[17:35:02.468] [SEVERE ] removing player 1 token from slot 1
[17:35:02.468] [SEVERE ] player 1 placing token on slot 0
[17:35:02.468] [SEVERE ] removing player 1 token from slot 0
[17:35:02.468] [SEVERE ] player 1 placing token on slot 1
[17:35:02.468] [SEVERE ] player 1 placing token on slot 0
[17:35:02.468] [SEVERE ] removing player 1 token from slot 1
[17:35:02.468] [SEVERE ] removing player 1 token from slot 0
[17:35:02.468] [SEVERE ] player 1 placing token on slot 1
[17:35:02.468] [SEVERE ] removing player 1 token from slot 1
[17:35:02.468] [SEVERE ] player 1 placing token on slot 1
[17:35:02.468] [SEVERE ] removing player 1 token from slot 1
[17:35:02.468] [SEVERE ] player 1 placing token on slot 0
[17:35:02.468] [SEVERE ] removing player 1 token from slot 0
[17:35:02.468] [SEVERE ] player 1 placing token on slot 0
[17:35:02.469] [SEVERE ] removing player 1 token from slot 0
[17:35:02.469] [SEVERE ] player 1 placing token on slot 0
[17:35:02.469] [SEVERE ] player 1 placing token on slot 1
[17:35:02.463] [SEVERE ] removing player 2 token from slot 0
[17:35:02.469] [SEVERE ] player 2 placing token on slot 0
[17:35:02.469] [SEVERE ] removing player 2 token from slot 1
[17:35:02.463] [SEVERE ] player 3 placing token on slot 1
[17:35:02.473] [SEVERE ] removing player 2 token from slot 0
[17:35:02.469] [SEVERE ] removing player 1 token from slot 1
[17:35:02.467] [SEVERE ] player 4 placing token on slot 0
[17:35:02.473] [SEVERE ] removing player 3 token from slot 1
[17:35:02.474] [SEVERE ] player 3 placing token on slot 1
[17:35:02.474] [SEVERE ] removing player 3 token from slot 1
[17:35:02.474] [SEVERE ] player 1 placing token on slot 1
[17:35:02.474] [SEVERE ] removing player 1 token from slot 0
[17:35:02.474] [SEVERE ] player 1 placing token on slot 0
[17:35:02.474] [SEVERE ] removing player 1 token from slot 0
[17:35:02.474] [SEVERE ] removing player 1 token from slot 1
[17:35:02.474] [SEVERE ] player 1 placing token on slot 1
[17:35:02.474] [SEVERE ] removing player 1 token from slot 1
[17:35:02.476] [SEVERE ] player 3 placing token on slot 1
[17:35:02.474] [SEVERE ] player 2 placing token on slot 1
[17:35:02.478] [SEVERE ] player 3 placing token on slot 0
[17:35:02.478] [SEVERE ] player 2 placing token on slot 0
[17:35:02.478] [SEVERE ] removing player 2 token from slot 1
[17:35:02.478] [SEVERE ] player 2 placing token on slot 1
[17:35:02.476] [SEVERE ] player 1 placing token on slot 1
[17:35:02.478] [SEVERE ] player 1 placing token on slot 0
[17:35:02.485] [SEVERE ] removing player 2 token from slot 0
[17:35:02.474] [SEVERE ] player 4 placing token on slot 1
[17:35:02.485] [SEVERE ] player 2 placing token on slot 0
[17:35:02.486] [SEVERE ] removing player 2 token from slot 0
[17:35:02.486] [SEVERE ] removing player 2 token from slot 1
[17:35:02.486] [SEVERE ] player 2 placing token on slot 1
[17:35:02.487] [SEVERE ] removing player 4 token from slot 1
[17:35:02.485] [SEVERE ] removing player 1 token from slot 1
[17:35:02.478] [SEVERE ] removing player 3 token from slot 1
[17:35:02.493] [SEVERE ] removing player 3 token from slot 0
[17:35:02.493] [SEVERE ] player 3 placing token on slot 1
[17:35:02.492] [SEVERE ] player 1 placing token on slot 1
[17:35:02.493] [SEVERE ] removing player 1 token from slot 0
[17:35:02.493] [SEVERE ] removing player 1 token from slot 1
[17:35:02.493] [SEVERE ] player 1 placing token on slot 0
[17:35:02.493] [SEVERE ] player 1 placing token on slot 1
[17:35:02.493] [SEVERE ] removing player 1 token from slot 0
[17:35:02.493] [SEVERE ] player 1 placing token on slot 0
[17:35:02.493] [SEVERE ] removing player 1 token from slot 1
[17:35:02.493] [SEVERE ] player 1 placing token on slot 1
[17:35:02.493] [SEVERE ] removing player 1 token from slot 1
[17:35:02.493] [SEVERE ] player 1 placing token on slot 1
[17:35:02.493] [SEVERE ] removing player 1 token from slot 1
[17:35:02.493] [SEVERE ] player 1 placing token on slot 1
[17:35:02.494] [SEVERE ] removing player 1 token from slot 1
[17:35:02.494] [SEVERE ] removing player 1 token from slot 0
[17:35:02.494] [SEVERE ] player 1 placing token on slot 0
[17:35:02.494] [SEVERE ] player 1 placing token on slot 1
[17:35:02.494] [SEVERE ] removing player 1 token from slot 1
[17:35:02.494] [SEVERE ] removing player 1 token from slot 0
[17:35:02.494] [SEVERE ] player 1 placing token on slot 0
[17:35:02.494] [SEVERE ] player 1 placing token on slot 1
[17:35:02.494] [SEVERE ] removing player 1 token from slot 1
[17:35:02.494] [SEVERE ] removing player 1 token from slot 0
[17:35:02.494] [SEVERE ] player 4 placing token on slot 1
[17:35:02.494] [SEVERE ] removing player 4 token from slot 1
[17:35:02.494] [SEVERE ] removing player 4 token from slot 0
[17:35:02.494] [SEVERE ] player 4 placing token on slot 1
[17:35:02.494] [SEVERE ] player 4 placing token on slot 0
[17:35:02.494] [SEVERE ] removing player 4 token from slot 0
[17:35:02.494] [SEVERE ] player 4 placing token on slot 0
[17:35:02.495] [SEVERE ] removing player 4 token from slot 0
[17:35:02.495] [SEVERE ] player 4 placing token on slot 0
[17:35:02.495] [SEVERE ] removing player 4 token from slot 0
[17:35:02.495] [SEVERE ] player 4 placing token on slot 0
[17:35:02.496] [SEVERE ] placing card 37 in slot 2
[17:35:02.488] [SEVERE ] player 2 placing token on slot 0
[17:35:02.498] [SEVERE ] player 2 placing token on slot 2
[17:35:02.498] [SEVERE ] removing player 4 token from slot 0
[17:35:02.495] [SEVERE ] removing player 3 token from slot 1
[17:35:02.494] [SEVERE ] player 1 placing token on slot 0
[17:35:02.499] [SEVERE ] player 3 placing token on slot 2
[17:35:02.498] [SEVERE ] player 4 placing token on slot 2
[17:35:02.500] [SEVERE ] player 3 placing token on slot 0
[17:35:02.500] [SEVERE ] player 1 placing token on slot 1
[17:35:02.500] [SEVERE ] removing player 4 token from slot 2
[17:35:02.500] [SEVERE ] removing player 1 token from slot 1
[17:35:02.500] [SEVERE ] player 4 placing token on slot 0
[17:35:02.500] [SEVERE ] player 1 placing token on slot 1
[17:35:02.501] [SEVERE ] player 1 placing token on slot 2
[17:35:02.501] [SEVERE ] removing player 4 token from slot 0
[17:35:02.501] [SEVERE ] player 4 placing token on slot 2
[17:35:02.501] [SEVERE ] removing player 4 token from slot 1
[17:35:02.501] [SEVERE ] removing player 4 token from slot 2
[17:35:02.501] [SEVERE ] player 4 placing token on slot 1
[17:35:02.502] [SEVERE ] player 4 placing token on slot 0
[17:35:02.502] [SEVERE ] player 4 placing token on slot 2
[17:35:02.500] [SEVERE ] removing player 3 token from slot 0
[17:35:02.507] [SEVERE ] player 3 placing token on slot 1
[17:35:02.507] [SEVERE ] player 3 placing token on slot 0
[17:35:02.606] [SEVERE ] placing card 59 in slot 3
[17:35:02.715] [SEVERE ] placing card 52 in slot 4
[17:35:02.826] [SEVERE ] placing card 27 in slot 5
[17:35:02.935] [SEVERE ] placing card 26 in slot 6
[17:35:03.045] [SEVERE ] placing card 64 in slot 7
[17:35:03.155] [SEVERE ] placing card 28 in slot 8
[17:35:03.267] [SEVERE ] placing card 17 in slot 9
[17:35:03.378] [SEVERE ] placing card 69 in slot 10
[17:35:03.487] [SEVERE ] placing card 38 in slot 11
[17:35:03.502] [SEVERE ] removing player 2 token from slot 2
[17:35:03.502] [SEVERE ] removing player 2 token from slot 1
[17:35:03.502] [SEVERE ] player 2 placing token on slot 2
[17:35:03.502] [SEVERE ] removing player 2 token from slot 0
[17:35:03.502] [SEVERE ] player 2 placing token on slot 10
[17:35:03.502] [SEVERE ] player 2 placing token on slot 8
[17:35:03.517] [SEVERE ] removing player 1 token from slot 2
[17:35:03.517] [SEVERE ] removing player 1 token from slot 1
[17:35:03.517] [SEVERE ] player 1 placing token on slot 2
[17:35:03.517] [SEVERE ] player 1 placing token on slot 1
[17:35:03.533] [SEVERE ] removing player 4 token from slot 2
[17:35:03.533] [SEVERE ] removing player 4 token from slot 1
[17:35:03.533] [SEVERE ] player 4 placing token on slot 1
[17:35:03.533] [SEVERE ] player 4 placing token on slot 2
[17:35:03.549] [SEVERE ] removing player 3 token from slot 1
[17:35:03.549] [SEVERE ] removing player 3 token from slot 2
[17:35:03.549] [SEVERE ] player 3 placing token on slot 1
[17:35:03.549] [SEVERE ] removing player 3 token from slot 1
[17:35:03.549] [SEVERE ] player 3 placing token on slot 4
[17:35:03.549] [SEVERE ] player 3 placing token on slot 9
[17:35:03.565] [SEVERE ] removing player 2 token from slot 10
[17:35:03.565] [SEVERE ] removing player 2 token from slot 2
[17:35:03.565] [SEVERE ] removing player 2 token from slot 8
[17:35:03.565] [SEVERE ] player 2 placing token on slot 2
[17:35:03.566] [SEVERE ] player 2 placing token on slot 3
[17:35:03.566] [SEVERE ] removing player 2 token from slot 3
[17:35:03.566] [SEVERE ] player 2 placing token on slot 5
[17:35:03.566] [SEVERE ] player 2 placing token on slot 1
[17:35:03.581] [SEVERE ] removing player 1 token from slot 0
[17:35:03.581] [SEVERE ] removing player 1 token from slot 2
[17:35:03.583] [SEVERE ] player 1 placing token on slot 0
[17:35:03.583] [SEVERE ] removing player 1 token from slot 0
[17:35:03.584] [SEVERE ] player 1 placing token on slot 10
[17:35:03.584] [SEVERE ] removing player 1 token from slot 1
[17:35:03.584] [SEVERE ] player 1 placing token on slot 5
[17:35:03.584] [SEVERE ] player 1 placing token on slot 1
[17:35:03.597] [SEVERE ] removing player 4 token from slot 0
[17:35:03.597] [SEVERE ] player 4 placing token on slot 0
[17:35:03.613] [SEVERE ] removing player 3 token from slot 0
[17:35:03.613] [SEVERE ] removing player 3 token from slot 4
[17:35:03.613] [SEVERE ] player 3 placing token on slot 4
[17:35:03.613] [SEVERE ] removing player 3 token from slot 9
[17:35:03.613] [SEVERE ] player 3 placing token on slot 5
[17:35:03.613] [SEVERE ] player 3 placing token on slot 1
[17:35:03.628] [SEVERE ] removing player 2 token from slot 2
[17:35:03.628] [SEVERE ] removing player 2 token from slot 5
[17:35:03.628] [SEVERE ] player 2 placing token on slot 5
[17:35:03.628] [SEVERE ] player 2 placing token on slot 2
[17:35:03.643] [SEVERE ] removing player 1 token from slot 1
[17:35:03.643] [SEVERE ] removing player 1 token from slot 10
[17:35:03.643] [SEVERE ] player 1 placing token on slot 1
[17:35:03.643] [SEVERE ] removing player 1 token from slot 1
[17:35:03.643] [SEVERE ] player 1 placing token on slot 10
[17:35:03.643] [SEVERE ] removing player 1 token from slot 10
[17:35:03.643] [SEVERE ] player 1 placing token on slot 0
[17:35:03.643] [SEVERE ] player 1 placing token on slot 8
[17:35:03.659] [SEVERE ] removing player 4 token from slot 2
[17:35:03.659] [SEVERE ] player 4 placing token on slot 2
[17:35:03.676] [SEVERE ] removing player 1 token from slot 5
[17:35:03.676] [SEVERE ] removing player 2 token from slot 5
[17:35:03.676] [SEVERE ] removing player 2 token from slot 1
[17:35:03.676] [SEVERE ] removing player 4 token from slot 1
[17:35:03.788] [SEVERE ] removing card from slot 4
[17:35:03.897] [SEVERE ] removing card from slot 5
[17:35:04.008] [SEVERE ] removing card from slot 1
[17:35:04.008] [SEVERE ] removing tokens from slot 4
[17:35:04.008] [SEVERE ] removing tokens from slot 5
[17:35:04.008] [SEVERE ] removing tokens from slot 1
[17:35:04.119] [SEVERE ] placing card 75 in slot 1
[17:35:04.231] [SEVERE ] placing card 56 in slot 4
[17:35:04.342] [SEVERE ] placing card 50 in slot 5
[17:35:04.342] [SEVERE ] updating countdown to 3000
[17:35:04.342] [SEVERE ] setting player 3 score to 1
[17:35:04.342] [SEVERE ] updating countdown to 3000
[17:35:04.342] [SEVERE ] removing player 3 token from slot 1
[17:35:04.342] [SEVERE ] removing player 3 token from slot 5
[17:35:04.342] [SEVERE ] player 3 placing token on slot 5
[17:35:04.343] [SEVERE ] removing player 3 token from slot 4
[17:35:04.343] [SEVERE ] player 3 placing token on slot 8
[17:35:04.343] [SEVERE ] player 3 placing token on slot 1
[17:35:04.358] [SEVERE ] player 2 placing token on slot 11
[17:35:04.358] [SEVERE ] player 2 placing token on slot 5
[17:35:04.373] [SEVERE ] player 1 placing token on slot 3
[17:35:04.389] [SEVERE ] player 4 placing token on slot 10
[17:35:04.404] [SEVERE ] removing player 3 token from slot 5
[17:35:04.406] [SEVERE ] player 3 placing token on slot 5
[17:35:04.419] [SEVERE ] removing player 2 token from slot 2
[17:35:04.419] [SEVERE ] removing player 2 token from slot 5
[17:35:04.419] [SEVERE ] player 2 placing token on slot 5
[17:35:04.419] [SEVERE ] removing player 2 token from slot 5
[17:35:04.419] [SEVERE ] player 2 placing token on slot 8
[17:35:04.419] [SEVERE ] player 2 placing token on slot 5
[17:35:04.434] [SEVERE ] removing player 1 token from slot 3
[17:35:04.434] [SEVERE ] removing player 1 token from slot 0
[17:35:04.434] [SEVERE ] removing player 1 token from slot 8
[17:35:04.434] [SEVERE ] player 1 placing token on slot 3
[17:35:04.434] [SEVERE ] player 1 placing token on slot 7
[17:35:04.434] [SEVERE ] player 1 placing token on slot 6
[17:35:04.450] [SEVERE ] removing player 4 token from slot 0
[17:35:04.450] [SEVERE ] removing player 4 token from slot 2
[17:35:04.450] [SEVERE ] player 4 placing token on slot 0
[17:35:04.450] [SEVERE ] player 4 placing token on slot 2
[17:35:04.466] [SEVERE ] removing player 3 token from slot 5
[17:35:04.466] [SEVERE ] removing player 3 token from slot 1
[17:35:04.466] [SEVERE ] player 3 placing token on slot 5
[17:35:04.466] [SEVERE ] player 3 placing token on slot 1
[17:35:04.482] [SEVERE ] removing player 2 token from slot 11
[17:35:04.482] [SEVERE ] removing player 2 token from slot 8
[17:35:04.482] [SEVERE ] player 2 placing token on slot 8
[17:35:04.482] [SEVERE ] player 2 placing token on slot 11
[17:35:04.498] [SEVERE ] removing player 1 token from slot 7
[17:35:04.498] [SEVERE ] removing player 1 token from slot 6
[17:35:04.498] [SEVERE ] player 1 placing token on slot 6
[17:35:04.499] [SEVERE ] removing player 1 token from slot 3
[17:35:04.499] [SEVERE ] player 1 placing token on slot 8
[17:35:04.499] [SEVERE ] removing player 1 token from slot 6
[17:35:04.499] [SEVERE ] player 1 placing token on slot 1
[17:35:04.499] [SEVERE ] player 1 placing token on slot 4
[17:35:04.513] [SEVERE ] removing player 4 token from slot 10
[17:35:04.513] [SEVERE ] player 4 placing token on slot 10
[17:35:04.528] [SEVERE ] removing player 3 token from slot 8
[17:35:04.528] [SEVERE ] player 3 placing token on slot 8
[17:35:04.543] [SEVERE ] removing player 2 token from slot 5
[17:35:04.544] [SEVERE ] removing player 2 token from slot 8
[17:35:04.544] [SEVERE ] removing player 2 token from slot 11
[17:35:04.544] [SEVERE ] player 2 placing token on slot 11
[17:35:04.544] [SEVERE ] player 2 placing token on slot 9
[17:35:04.544] [SEVERE ] player 2 placing token on slot 3
[17:35:04.558] [SEVERE ] removing player 1 token from slot 1
[17:35:04.559] [SEVERE ] removing player 1 token from slot 4
[17:35:04.559] [SEVERE ] removing player 1 token from slot 8
[17:35:04.559] [SEVERE ] player 1 placing token on slot 4
[17:35:04.559] [SEVERE ] player 1 placing token on slot 6
[17:35:04.559] [SEVERE ] player 1 placing token on slot 9
[17:35:04.573] [SEVERE ] removing player 4 token from slot 0
[17:35:04.573] [SEVERE ] removing player 4 token from slot 10
[17:35:04.573] [SEVERE ] removing player 4 token from slot 2
[17:35:04.573] [SEVERE ] player 4 placing token on slot 10
[17:35:04.573] [SEVERE ] player 4 placing token on slot 1
[17:35:04.573] [SEVERE ] player 4 placing token on slot 7
[17:35:04.590] [SEVERE ] removing player 3 token from slot 5
[17:35:04.590] [SEVERE ] removing player 3 token from slot 8
[17:35:04.590] [SEVERE ] player 3 placing token on slot 5
[17:35:04.590] [SEVERE ] removing player 3 token from slot 5
[17:35:04.590] [SEVERE ] player 3 placing token on slot 10
[17:35:04.590] [SEVERE ] player 3 placing token on slot 4
[17:35:04.606] [SEVERE ] removing player 2 token from slot 11
[17:35:04.606] [SEVERE ] removing player 2 token from slot 3
[17:35:04.606] [SEVERE ] player 2 placing token on slot 11
[17:35:04.606] [SEVERE ] removing player 2 token from slot 9
[17:35:04.606] [SEVERE ] player 2 placing token on slot 7
[17:35:04.606] [SEVERE ] player 2 placing token on slot 2
[17:35:04.621] [SEVERE ] removing player 1 token from slot 9
[17:35:04.621] [SEVERE ] removing player 1 token from slot 4
[17:35:04.621] [SEVERE ] player 1 placing token on slot 9
[17:35:04.621] [SEVERE ] player 1 placing token on slot 4
[17:35:04.636] [SEVERE ] removing player 4 token from slot 7
[17:35:04.636] [SEVERE ] removing player 4 token from slot 10
[17:35:04.636] [SEVERE ] player 4 placing token on slot 10
[17:35:04.636] [SEVERE ] player 4 placing token on slot 7
[17:35:04.652] [SEVERE ] removing player 3 token from slot 1
[17:35:04.652] [SEVERE ] player 3 placing token on slot 1
[17:35:04.668] [SEVERE ] removing player 2 token from slot 2
[17:35:04.668] [SEVERE ] removing player 2 token from slot 7
[17:35:04.668] [SEVERE ] player 2 placing token on slot 7
[17:35:04.668] [SEVERE ] player 2 placing token on slot 2
[17:35:04.683] [SEVERE ] removing player 1 token from slot 4
[17:35:04.683] [SEVERE ] player 1 placing token on slot 4
[17:35:04.699] [SEVERE ] removing player 4 token from slot 10
[17:35:04.699] [SEVERE ] removing player 4 token from slot 1
[17:35:04.699] [SEVERE ] player 4 placing token on slot 1
[17:35:04.699] [SEVERE ] player 4 placing token on slot 10
[17:35:04.714] [SEVERE ] removing player 3 token from slot 10
[17:35:04.714] [SEVERE ] player 3 placing token on slot 10
[17:35:04.729] [SEVERE ] removing player 2 token from slot 2
[17:35:04.729] [SEVERE ] player 2 placing token on slot 2
[17:35:04.745] [SEVERE ] removing player 1 token from slot 4
[17:35:04.745] [SEVERE ] player 1 placing token on slot 4
[17:35:04.761] [SEVERE ] removing player 4 token from slot 7
[17:35:04.761] [SEVERE ] removing player 4 token from slot 10
[17:35:04.761] [SEVERE ] player 4 placing token on slot 10
[17:35:04.761] [SEVERE ] removing player 4 token from slot 1
[17:35:04.761] [SEVERE ] player 4 placing token on slot 3
[17:35:04.761] [SEVERE ] player 4 placing token on slot 7
[17:35:04.777] [SEVERE ] removing player 3 token from slot 4
[17:35:04.777] [SEVERE ] player 3 placing token on slot 4
[17:35:04.793] [SEVERE ] removing player 2 token from slot 7
[17:35:04.793] [SEVERE ] removing player 2 token from slot 2
[17:35:04.793] [SEVERE ] player 2 placing token on slot 2
[17:35:04.793] [SEVERE ] player 2 placing token on slot 7
[17:35:04.809] [SEVERE ] removing player 1 token from slot 4
[17:35:04.809] [SEVERE ] removing player 1 token from slot 6
[17:35:04.809] [SEVERE ] player 1 placing token on slot 4
[17:35:04.809] [SEVERE ] player 1 placing token on slot 6
[17:35:04.825] [SEVERE ] removing player 4 token from slot 3
[17:35:04.825] [SEVERE ] removing player 4 token from slot 7
[17:35:04.825] [SEVERE ] removing player 4 token from slot 10
[17:35:04.825] [SEVERE ] player 4 placing token on slot 3
[17:35:04.825] [SEVERE ] player 4 placing token on slot 10
[17:35:04.825] [SEVERE ] removing player 4 token from slot 3
[17:35:04.825] [SEVERE ] player 4 placing token on slot 3
[17:35:04.825] [SEVERE ] player 4 placing token on slot 0
[17:35:04.841] [SEVERE ] removing player 3 token from slot 4
[17:35:04.841] [SEVERE ] removing player 3 token from slot 10
[17:35:04.841] [SEVERE ] removing player 3 token from slot 1
[17:35:04.841] [SEVERE ] player 3 placing token on slot 10
[17:35:04.841] [SEVERE ] player 3 placing token on slot 9
[17:35:04.841] [SEVERE ] player 3 placing token on slot 8
[17:35:04.857] [SEVERE ] removing player 2 token from slot 2
[17:35:04.857] [SEVERE ] player 2 placing token on slot 2
[17:35:04.873] [SEVERE ] removing player 1 token from slot 9
[17:35:04.873] [SEVERE ] removing player 1 token from slot 4
[17:35:04.873] [SEVERE ] player 1 placing token on slot 9
[17:35:04.873] [SEVERE ] removing player 1 token from slot 9
[17:35:04.873] [SEVERE ] removing player 1 token from slot 6
[17:35:04.873] [SEVERE ] player 1 placing token on slot 8
[17:35:04.873] [SEVERE ] player 1 placing token on slot 11
[17:35:04.873] [SEVERE ] player 1 placing token on slot 2
[17:35:04.888] [SEVERE ] removing player 4 token from slot 0
[17:35:04.888] [SEVERE ] player 4 placing token on slot 0
[17:35:04.904] [SEVERE ] removing player 3 token from slot 8
[17:35:04.904] [SEVERE ] removing player 3 token from slot 10
[17:35:04.904] [SEVERE ] removing player 3 token from slot 9
[17:35:04.904] [SEVERE ] player 3 placing token on slot 10
[17:35:04.904] [SEVERE ] player 3 placing token on slot 6
[17:35:04.904] [SEVERE ] player 3 placing token on slot 7
[17:35:04.919] [SEVERE ] removing player 2 token from slot 7
[17:35:04.919] [SEVERE ] removing player 2 token from slot 2
[17:35:04.919] [SEVERE ] player 2 placing token on slot 2
[17:35:04.919] [SEVERE ] removing player 2 token from slot 2
[17:35:04.919] [SEVERE ] player 2 placing token on slot 10
[17:35:04.919] [SEVERE ] player 2 placing token on slot 5
[17:35:04.934] [SEVERE ] removing player 1 token from slot 2
[17:35:04.934] [SEVERE ] removing player 1 token from slot 8
[17:35:04.934] [SEVERE ] player 1 placing token on slot 2
[17:35:04.934] [SEVERE ] removing player 1 token from slot 11
[17:35:04.934] [SEVERE ] removing player 1 token from slot 2
[17:35:04.934] [SEVERE ] player 1 placing token on slot 6
[17:35:04.934] [SEVERE ] player 1 placing token on slot 2
[17:35:04.934] [SEVERE ] player 1 placing token on slot 3
[17:35:04.950] [SEVERE ] removing player 4 token from slot 0
[17:35:04.950] [SEVERE ] player 4 placing token on slot 0
[17:35:04.966] [SEVERE ] removing player 3 token from slot 7
[17:35:04.966] [SEVERE ] removing player 3 token from slot 10
[17:35:04.966] [SEVERE ] player 3 placing token on slot 10
[17:35:04.966] [SEVERE ] player 3 placing token on slot 7
[17:35:04.982] [SEVERE ] removing player 2 token from slot 5
[17:35:04.982] [SEVERE ] removing player 2 token from slot 11
[17:35:04.982] [SEVERE ] removing player 2 token from slot 10
[17:35:04.982] [SEVERE ] player 2 placing token on slot 5
[17:35:04.982] [SEVERE ] player 2 placing token on slot 10
[17:35:04.982] [SEVERE ] player 2 placing token on slot 8
[17:35:04.998] [SEVERE ] removing player 1 token from slot 3
[17:35:04.998] [SEVERE ] player 1 placing token on slot 3
[17:35:05.014] [SEVERE ] removing player 4 token from slot 10
[17:35:05.014] [SEVERE ] removing player 4 token from slot 3
[17:35:05.014] [SEVERE ] player 4 placing token on slot 10
[17:35:05.014] [SEVERE ] removing player 4 token from slot 0
[17:35:05.014] [SEVERE ] player 4 placing token on slot 9
[17:35:05.014] [SEVERE ] player 4 placing token on slot 6
[17:35:05.030] [SEVERE ] removing player 3 token from slot 6
[17:35:05.030] [SEVERE ] player 3 placing token on slot 6
[17:35:05.046] [SEVERE ] removing player 2 token from slot 5
[17:35:05.046] [SEVERE ] removing player 2 token from slot 10
[17:35:05.046] [SEVERE ] removing player 2 token from slot 8
[17:35:05.046] [SEVERE ] player 2 placing token on slot 10
[17:35:05.046] [SEVERE ] player 2 placing token on slot 4
[17:35:05.046] [SEVERE ] player 2 placing token on slot 3
[17:35:05.062] [SEVERE ] removing player 1 token from slot 3
[17:35:05.062] [SEVERE ] removing player 1 token from slot 2
[17:35:05.062] [SEVERE ] removing player 1 token from slot 6
[17:35:05.062] [SEVERE ] player 1 placing token on slot 2
[17:35:05.062] [SEVERE ] player 1 placing token on slot 4
[17:35:05.062] [SEVERE ] player 1 placing token on slot 11
[17:35:05.078] [SEVERE ] removing player 4 token from slot 10
[17:35:05.078] [SEVERE ] removing player 4 token from slot 6
[17:35:05.078] [SEVERE ] player 4 placing token on slot 10
[17:35:05.078] [SEVERE ] removing player 4 token from slot 9
[17:35:05.078] [SEVERE ] player 4 placing token on slot 9
[17:35:05.078] [SEVERE ] player 4 placing token on slot 6
[17:35:05.093] [SEVERE ] removing player 3 token from slot 10
[17:35:05.093] [SEVERE ] removing player 3 token from slot 7
[17:35:05.093] [SEVERE ] player 3 placing token on slot 7
[17:35:05.093] [SEVERE ] player 3 placing token on slot 10
[17:35:05.109] [SEVERE ] removing player 2 token from slot 4
[17:35:05.109] [SEVERE ] removing player 2 token from slot 3
[17:35:05.109] [SEVERE ] player 2 placing token on slot 3
[17:35:05.109] [SEVERE ] removing player 2 token from slot 10
[17:35:05.109] [SEVERE ] player 2 placing token on slot 1
[17:35:05.109] [SEVERE ] player 2 placing token on slot 7
[17:35:05.125] [SEVERE ] removing player 1 token from slot 2
[17:35:05.125] [SEVERE ] player 1 placing token on slot 2
[17:35:05.141] [SEVERE ] removing player 4 token from slot 10
[17:35:05.141] [SEVERE ] removing player 4 token from slot 9
[17:35:05.141] [SEVERE ] player 4 placing token on slot 9
[17:35:05.141] [SEVERE ] removing player 4 token from slot 6
[17:35:05.141] [SEVERE ] player 4 placing token on slot 6
[17:35:05.141] [SEVERE ] player 4 placing token on slot 8
[17:35:05.157] [SEVERE ] removing player 3 token from slot 6
[17:35:05.157] [SEVERE ] removing player 3 token from slot 7
[17:35:05.157] [SEVERE ] removing player 3 token from slot 10
[17:35:05.157] [SEVERE ] player 3 placing token on slot 7
[17:35:05.157] [SEVERE ] player 3 placing token on slot 3
[17:35:05.157] [SEVERE ] player 3 placing token on slot 11
[17:35:05.172] [SEVERE ] removing player 2 token from slot 7
[17:35:05.173] [SEVERE ] removing player 2 token from slot 3
[17:35:05.173] [SEVERE ] removing player 2 token from slot 1
[17:35:05.173] [SEVERE ] player 2 placing token on slot 3
[17:35:05.173] [SEVERE ] removing player 2 token from slot 3
[17:35:05.173] [SEVERE ] player 2 placing token on slot 9
[17:35:05.173] [SEVERE ] player 2 placing token on slot 8
[17:35:05.173] [SEVERE ] player 2 placing token on slot 3
[17:35:05.187] [SEVERE ] removing player 1 token from slot 4
[17:35:05.187] [SEVERE ] player 1 placing token on slot 4
[17:35:05.203] [SEVERE ] removing player 4 token from slot 6
[17:35:05.203] [SEVERE ] removing player 4 token from slot 9
[17:35:05.203] [SEVERE ] player 4 placing token on slot 9
[17:35:05.203] [SEVERE ] player 4 placing token on slot 6
[17:35:05.219] [SEVERE ] removing player 3 token from slot 11
[17:35:05.219] [SEVERE ] player 3 placing token on slot 11
[17:35:05.235] [SEVERE ] removing player 2 token from slot 9
[17:35:05.235] [SEVERE ] removing player 2 token from slot 8
[17:35:05.235] [SEVERE ] player 2 placing token on slot 9
[17:35:05.235] [SEVERE ] removing player 2 token from slot 3
[17:35:05.235] [SEVERE ] player 2 placing token on slot 4
[17:35:05.235] [SEVERE ] player 2 placing token on slot 11
[17:35:05.250] [SEVERE ] removing player 1 token from slot 4
[17:35:05.250] [SEVERE ] removing player 1 token from slot 2
[17:35:05.250] [SEVERE ] removing player 1 token from slot 11
[17:35:05.250] [SEVERE ] player 1 placing token on slot 11
[17:35:05.250] [SEVERE ] player 1 placing token on slot 4
[17:35:05.250] [SEVERE ] player 1 placing token on slot 2
[17:35:05.266] [SEVERE ] removing player 4 token from slot 9
[17:35:05.266] [SEVERE ] removing player 4 token from slot 8
[17:35:05.266] [SEVERE ] player 4 placing token on slot 8
[17:35:05.266] [SEVERE ] player 4 placing token on slot 9
[17:35:05.281] [SEVERE ] removing player 3 token from slot 7
[17:35:05.281] [SEVERE ] removing player 3 token from slot 11
[17:35:05.281] [SEVERE ] player 3 placing token on slot 11
[17:35:05.281] [SEVERE ] player 3 placing token on slot 7
[17:35:05.296] [SEVERE ] removing player 2 token from slot 11
[17:35:05.296] [SEVERE ] player 2 placing token on slot 11
[17:35:05.312] [SEVERE ] removing player 1 token from slot 11
[17:35:05.312] [SEVERE ] removing player 1 token from slot 4
[17:35:05.312] [SEVERE ] removing player 1 token from slot 2
[17:35:05.312] [SEVERE ] player 1 placing token on slot 2
[17:35:05.312] [SEVERE ] player 1 placing token on slot 8
[17:35:05.312] [SEVERE ] player 1 placing token on slot 0
[17:35:05.328] [SEVERE ] removing player 4 token from slot 9
[17:35:05.328] [SEVERE ] player 4 placing token on slot 9
[17:35:05.344] [SEVERE ] removing player 3 token from slot 7
[17:35:05.344] [SEVERE ] removing player 3 token from slot 11
[17:35:05.344] [SEVERE ] player 3 placing token on slot 7
[17:35:05.344] [SEVERE ] removing player 3 token from slot 7
[17:35:05.344] [SEVERE ] player 3 placing token on slot 1
[17:35:05.344] [SEVERE ] removing player 3 token from slot 1
[17:35:05.344] [SEVERE ] player 3 placing token on slot 2
[17:35:05.344] [SEVERE ] player 3 placing token on slot 1
[17:35:05.360] [SEVERE ] removing player 2 token from slot 11
[17:35:05.360] [SEVERE ] removing player 2 token from slot 9
[17:35:05.360] [SEVERE ] player 2 placing token on slot 11
[17:35:05.360] [SEVERE ] removing player 2 token from slot 4
[17:35:05.360] [SEVERE ] player 2 placing token on slot 4
[17:35:05.360] [SEVERE ] player 2 placing token on slot 9
[17:35:05.377] [SEVERE ] removing player 1 token from slot 0
[17:35:05.377] [SEVERE ] player 1 placing token on slot 0
[17:35:05.392] [SEVERE ] removing player 4 token from slot 6
[17:35:05.392] [SEVERE ] removing player 4 token from slot 8
[17:35:05.392] [SEVERE ] removing player 4 token from slot 9
[17:35:05.392] [SEVERE ] player 4 placing token on slot 8
[17:35:05.392] [SEVERE ] player 4 placing token on slot 0
[17:35:05.392] [SEVERE ] player 4 placing token on slot 5
[17:35:05.407] [SEVERE ] removing player 3 token from slot 1
[17:35:05.407] [SEVERE ] removing player 3 token from slot 2
[17:35:05.407] [SEVERE ] player 3 placing token on slot 2
[17:35:05.407] [SEVERE ] removing player 3 token from slot 3
[17:35:05.407] [SEVERE ] player 3 placing token on slot 3
[17:35:05.407] [SEVERE ] player 3 placing token on slot 11
[17:35:05.423] [SEVERE ] removing player 2 token from slot 4
[17:35:05.423] [SEVERE ] player 2 placing token on slot 4
[17:35:05.438] [SEVERE ] removing player 1 token from slot 8
[17:35:05.438] [SEVERE ] removing player 1 token from slot 0
[17:35:05.438] [SEVERE ] player 1 placing token on slot 0
[17:35:05.438] [SEVERE ] removing player 1 token from slot 2
[17:35:05.438] [SEVERE ] player 1 placing token on slot 2
[17:35:05.438] [SEVERE ] player 1 placing token on slot 6
[17:35:05.453] [SEVERE ] removing player 4 token from slot 0
[17:35:05.453] [SEVERE ] removing player 4 token from slot 5
[17:35:05.453] [SEVERE ] player 4 placing token on slot 0
[17:35:05.453] [SEVERE ] removing player 4 token from slot 0
[17:35:05.453] [SEVERE ] player 4 placing token on slot 5
[17:35:05.453] [SEVERE ] removing player 4 token from slot 8
[17:35:05.453] [SEVERE ] player 4 placing token on slot 4
[17:35:05.453] [SEVERE ] player 4 placing token on slot 11
[17:35:05.469] [SEVERE ] removing player 3 token from slot 11
[17:35:05.469] [SEVERE ] removing player 3 token from slot 3
[17:35:05.469] [SEVERE ] removing player 3 token from slot 2
[17:35:05.469] [SEVERE ] player 3 placing token on slot 2
[17:35:05.469] [SEVERE ] player 3 placing token on slot 3
[17:35:05.469] [SEVERE ] player 3 placing token on slot 5
[17:35:05.484] [SEVERE ] removing player 2 token from slot 4
[17:35:05.484] [SEVERE ] removing player 2 token from slot 9
[17:35:05.484] [SEVERE ] removing player 2 token from slot 11
[17:35:05.484] [SEVERE ] player 2 placing token on slot 9
[17:35:05.484] [SEVERE ] player 2 placing token on slot 11
[17:35:05.484] [SEVERE ] player 2 placing token on slot 5
[17:35:05.500] [SEVERE ] removing player 1 token from slot 0
[17:35:05.500] [SEVERE ] player 1 placing token on slot 0
[17:35:05.516] [SEVERE ] removing player 4 token from slot 5
[17:35:05.516] [SEVERE ] removing player 4 token from slot 4
[17:35:05.516] [SEVERE ] player 4 placing token on slot 5
[17:35:05.516] [SEVERE ] removing player 4 token from slot 11
[17:35:05.516] [SEVERE ] player 4 placing token on slot 8
[17:35:05.516] [SEVERE ] removing player 4 token from slot 8
[17:35:05.516] [SEVERE ] player 4 placing token on slot 9
[17:35:05.516] [SEVERE ] player 4 placing token on slot 1
[17:35:05.532] [SEVERE ] removing player 3 token from slot 3
[17:35:05.532] [SEVERE ] removing player 3 token from slot 2
[17:35:05.532] [SEVERE ] player 3 placing token on slot 2
[17:35:05.532] [SEVERE ] removing player 3 token from slot 2
[17:35:05.532] [SEVERE ] player 3 placing token on slot 2
[17:35:05.532] [SEVERE ] removing player 3 token from slot 5
[17:35:05.532] [SEVERE ] player 3 placing token on slot 3
[17:35:05.532] [SEVERE ] player 3 placing token on slot 4
[17:35:05.547] [SEVERE ] removing player 2 token from slot 9
[17:35:05.547] [SEVERE ] removing player 2 token from slot 5
[17:35:05.547] [SEVERE ] player 2 placing token on slot 5
[17:35:05.547] [SEVERE ] removing player 2 token from slot 5
[17:35:05.547] [SEVERE ] removing player 2 token from slot 11
[17:35:05.547] [SEVERE ] player 2 placing token on slot 11
[17:35:05.547] [SEVERE ] removing player 2 token from slot 11
[17:35:05.547] [SEVERE ] player 2 placing token on slot 6
[17:35:05.547] [SEVERE ] player 2 placing token on slot 2
[17:35:05.547] [SEVERE ] player 2 placing token on slot 8
[17:35:05.562] [SEVERE ] removing player 1 token from slot 0
[17:35:05.562] [SEVERE ] player 1 placing token on slot 0
[17:35:05.577] [SEVERE ] removing player 4 token from slot 1
[17:35:05.577] [SEVERE ] player 4 placing token on slot 1
[17:35:05.593] [SEVERE ] removing player 3 token from slot 4
[17:35:05.593] [SEVERE ] removing player 3 token from slot 2
[17:35:05.593] [SEVERE ] removing player 3 token from slot 3
[17:35:05.593] [SEVERE ] player 3 placing token on slot 2
[17:35:05.593] [SEVERE ] player 3 placing token on slot 7
[17:35:05.593] [SEVERE ] player 3 placing token on slot 5
[17:35:05.609] [SEVERE ] removing player 2 token from slot 2
[17:35:05.609] [SEVERE ] removing player 2 token from slot 6
[17:35:05.609] [SEVERE ] removing player 2 token from slot 8
[17:35:05.609] [SEVERE ] player 2 placing token on slot 8
[17:35:05.609] [SEVERE ] player 2 placing token on slot 11
[17:35:05.609] [SEVERE ] player 2 placing token on slot 3
[17:35:05.625] [SEVERE ] removing player 1 token from slot 6
[17:35:05.625] [SEVERE ] player 1 placing token on slot 6
[17:35:05.641] [SEVERE ] removing player 4 token from slot 1
[17:35:05.641] [SEVERE ] removing player 4 token from slot 9
[17:35:05.641] [SEVERE ] player 4 placing token on slot 9
[17:35:05.641] [SEVERE ] player 4 placing token on slot 1
[17:35:05.657] [SEVERE ] removing player 3 token from slot 2
[17:35:05.657] [SEVERE ] removing player 3 token from slot 7
[17:35:05.657] [SEVERE ] player 3 placing token on slot 2
[17:35:05.657] [SEVERE ] removing player 3 token from slot 5
[17:35:05.657] [SEVERE ] player 3 placing token on slot 8
[17:35:05.657] [SEVERE ] player 3 placing token on slot 0
[17:35:05.673] [SEVERE ] removing player 2 token from slot 11
[17:35:05.673] [SEVERE ] player 2 placing token on slot 11
[17:35:05.688] [SEVERE ] removing player 1 token from slot 6
[17:35:05.688] [SEVERE ] player 1 placing token on slot 6
[17:35:05.704] [SEVERE ] removing player 4 token from slot 5
[17:35:05.704] [SEVERE ] removing player 4 token from slot 1
[17:35:05.704] [SEVERE ] player 4 placing token on slot 1
[17:35:05.704] [SEVERE ] removing player 4 token from slot 9
[17:35:05.704] [SEVERE ] player 4 placing token on slot 8
[17:35:05.704] [SEVERE ] player 4 placing token on slot 10
[17:35:05.719] [SEVERE ] removing player 3 token from slot 2
[17:35:05.719] [SEVERE ] removing player 3 token from slot 8
[17:35:05.719] [SEVERE ] player 3 placing token on slot 8
[17:35:05.719] [SEVERE ] removing player 3 token from slot 0
[17:35:05.719] [SEVERE ] player 3 placing token on slot 9
[17:35:05.719] [SEVERE ] player 3 placing token on slot 5
[17:35:05.734] [SEVERE ] removing player 2 token from slot 3
[17:35:05.734] [SEVERE ] player 2 placing token on slot 3
[17:35:05.749] [SEVERE ] removing player 1 token from slot 6
[17:35:05.749] [SEVERE ] player 1 placing token on slot 6
[17:35:05.765] [SEVERE ] removing player 4 token from slot 10
[17:35:05.767] [SEVERE ] removing player 4 token from slot 1
[17:35:05.767] [SEVERE ] removing player 4 token from slot 8
[17:35:05.767] [SEVERE ] player 4 placing token on slot 8
[17:35:05.767] [SEVERE ] player 4 placing token on slot 5
[17:35:05.767] [SEVERE ] player 4 placing token on slot 4
[17:35:05.781] [SEVERE ] removing player 3 token from slot 8
[17:35:05.781] [SEVERE ] player 3 placing token on slot 8
[17:35:05.797] [SEVERE ] removing player 2 token from slot 3
[17:35:05.797] [SEVERE ] removing player 2 token from slot 8
[17:35:05.797] [SEVERE ] player 2 placing token on slot 8
[17:35:05.797] [SEVERE ] player 2 placing token on slot 3
[17:35:05.813] [SEVERE ] removing player 1 token from slot 2
[17:35:05.813] [SEVERE ] player 1 placing token on slot 2
[17:35:05.829] [SEVERE ] removing player 4 token from slot 8
[17:35:05.829] [SEVERE ] player 4 placing token on slot 8
[17:35:05.845] [SEVERE ] removing player 3 token from slot 9
[17:35:05.845] [SEVERE ] player 3 placing token on slot 9
[17:35:05.860] [SEVERE ] removing player 2 token from slot 11
[17:35:05.860] [SEVERE ] removing player 2 token from slot 8
[17:35:05.860] [SEVERE ] player 2 placing token on slot 8
[17:35:05.860] [SEVERE ] player 2 placing token on slot 11
[17:35:05.875] [SEVERE ] removing player 1 token from slot 0
[17:35:05.875] [SEVERE ] removing player 1 token from slot 2
[17:35:05.875] [SEVERE ] removing player 1 token from slot 6
[17:35:05.875] [SEVERE ] player 1 placing token on slot 2
[17:35:05.875] [SEVERE ] removing player 1 token from slot 2
[17:35:05.875] [SEVERE ] player 1 placing token on slot 7
[17:35:05.875] [SEVERE ] player 1 placing token on slot 3
[17:35:05.875] [SEVERE ] player 1 placing token on slot 1
[17:35:05.890] [SEVERE ] removing player 4 token from slot 8
[17:35:05.890] [SEVERE ] player 4 placing token on slot 8
[17:35:05.906] [SEVERE ] removing player 3 token from slot 8
[17:35:05.906] [SEVERE ] removing player 3 token from slot 9
[17:35:05.906] [SEVERE ] player 3 placing token on slot 8
[17:35:05.906] [SEVERE ] player 3 placing token on slot 9
[17:35:05.922] [SEVERE ] removing player 2 token from slot 11
[17:35:05.922] [SEVERE ] removing player 2 token from slot 3
[17:35:05.922] [SEVERE ] player 2 placing token on slot 11
[17:35:05.922] [SEVERE ] removing player 2 token from slot 11
[17:35:05.922] [SEVERE ] player 2 placing token on slot 3
[17:35:05.922] [SEVERE ] player 2 placing token on slot 10
[17:35:05.938] [SEVERE ] removing player 1 token from slot 3
[17:35:05.938] [SEVERE ] removing player 1 token from slot 1
[17:35:05.938] [SEVERE ] player 1 placing token on slot 3
[17:35:05.938] [SEVERE ] removing player 1 token from slot 7
[17:35:05.938] [SEVERE ] player 1 placing token on slot 8
[17:35:05.938] [SEVERE ] player 1 placing token on slot 10
[17:35:05.954] [SEVERE ] removing player 4 token from slot 8
[17:35:05.954] [SEVERE ] removing player 4 token from slot 5
[17:35:05.954] [SEVERE ] player 4 placing token on slot 8
[17:35:05.954] [SEVERE ] removing player 4 token from slot 4
[17:35:05.954] [SEVERE ] player 4 placing token on slot 4
[17:35:05.954] [SEVERE ] player 4 placing token on slot 0
[17:35:05.970] [SEVERE ] removing player 3 token from slot 8
[17:35:05.970] [SEVERE ] player 3 placing token on slot 8
[17:35:05.985] [SEVERE ] removing player 2 token from slot 8
[17:35:05.985] [SEVERE ] removing player 2 token from slot 10
[17:35:05.985] [SEVERE ] removing player 2 token from slot 3
[17:35:05.985] [SEVERE ] player 2 placing token on slot 3
[17:35:05.985] [SEVERE ] player 2 placing token on slot 1
[17:35:05.985] [SEVERE ] player 2 placing token on slot 2
[17:35:06.001] [SEVERE ] removing player 1 token from slot 8
[17:35:06.001] [SEVERE ] removing player 1 token from slot 10
[17:35:06.001] [SEVERE ] player 1 placing token on slot 8
[17:35:06.001] [SEVERE ] player 1 placing token on slot 10
[17:35:06.016] [SEVERE ] removing player 4 token from slot 0
[17:35:06.016] [SEVERE ] removing player 4 token from slot 8
[17:35:06.016] [SEVERE ] player 4 placing token on slot 8
[17:35:06.016] [SEVERE ] removing player 4 token from slot 4
[17:35:06.016] [SEVERE ] player 4 placing token on slot 11
[17:35:06.016] [SEVERE ] player 4 placing token on slot 1
[17:35:06.031] [SEVERE ] removing player 3 token from slot 5
[17:35:06.031] [SEVERE ] removing player 3 token from slot 9
[17:35:06.031] [SEVERE ] player 3 placing token on slot 9
[17:35:06.031] [SEVERE ] removing player 3 token from slot 9
[17:35:06.031] [SEVERE ] player 3 placing token on slot 6
[17:35:06.031] [SEVERE ] player 3 placing token on slot 11
[17:35:06.046] [SEVERE ] removing player 2 token from slot 1
[17:35:06.046] [SEVERE ] removing player 2 token from slot 2
[17:35:06.046] [SEVERE ] removing player 2 token from slot 3
[17:35:06.046] [SEVERE ] player 2 placing token on slot 1
[17:35:06.046] [SEVERE ] player 2 placing token on slot 6
[17:35:06.046] [SEVERE ] player 2 placing token on slot 5
[17:35:06.062] [SEVERE ] removing player 1 token from slot 10
[17:35:06.062] [SEVERE ] player 1 placing token on slot 10
[17:35:06.078] [SEVERE ] removing player 4 token from slot 1
[17:35:06.078] [SEVERE ] removing player 4 token from slot 11
[17:35:06.078] [SEVERE ] player 4 placing token on slot 1
[17:35:06.078] [SEVERE ] player 4 placing token on slot 11
[17:35:06.094] [SEVERE ] removing player 3 token from slot 6
[17:35:06.094] [SEVERE ] player 3 placing token on slot 6
[17:35:06.110] [SEVERE ] removing player 2 token from slot 5
[17:35:06.110] [SEVERE ] player 2 placing token on slot 5
[17:35:06.126] [SEVERE ] removing player 1 token from slot 3
[17:35:06.126] [SEVERE ] player 1 placing token on slot 3
[17:35:06.142] [SEVERE ] removing player 4 token from slot 11
[17:35:06.142] [SEVERE ] removing player 4 token from slot 1
[17:35:06.142] [SEVERE ] removing player 4 token from slot 8
[17:35:06.142] [SEVERE ] player 4 placing token on slot 8
[17:35:06.142] [SEVERE ] player 4 placing token on slot 7
[17:35:06.142] [SEVERE ] player 4 placing token on slot 4
[17:35:06.158] [SEVERE ] removing player 3 token from slot 8
[17:35:06.158] [SEVERE ] player 3 placing token on slot 8
[17:35:06.174] [SEVERE ] removing player 2 token from slot 5
[17:35:06.174] [SEVERE ] removing player 2 token from slot 6
[17:35:06.174] [SEVERE ] removing player 2 token from slot 1
[17:35:06.174] [SEVERE ] player 2 placing token on slot 5
[17:35:06.174] [SEVERE ] player 2 placing token on slot 0
[17:35:06.174] [SEVERE ] player 2 placing token on slot 10
[17:35:06.189] [SEVERE ] removing player 1 token from slot 3
[17:35:06.189] [SEVERE ] player 1 placing token on slot 3
[17:35:06.204] [SEVERE ] removing player 4 token from slot 4
[17:35:06.204] [SEVERE ] player 4 placing token on slot 4
[17:35:06.219] [SEVERE ] removing player 3 token from slot 11
[17:35:06.219] [SEVERE ] player 3 placing token on slot 11
[17:35:06.235] [SEVERE ] removing player 2 token from slot 0
[17:35:06.235] [SEVERE ] player 2 placing token on slot 0
[17:35:06.250] [SEVERE ] removing player 1 token from slot 8
[17:35:06.250] [SEVERE ] removing player 1 token from slot 10
[17:35:06.250] [SEVERE ] removing player 1 token from slot 3
[17:35:06.250] [SEVERE ] player 1 placing token on slot 3
[17:35:06.250] [SEVERE ] player 1 placing token on slot 6
[17:35:06.250] [SEVERE ] player 1 placing token on slot 4
[17:35:06.265] [SEVERE ] removing player 4 token from slot 4
[17:35:06.265] [SEVERE ] removing player 4 token from slot 8
[17:35:06.265] [SEVERE ] removing player 4 token from slot 7
[17:35:06.265] [SEVERE ] player 4 placing token on slot 7
[17:35:06.265] [SEVERE ] player 4 placing token on slot 8
[17:35:06.265] [SEVERE ] player 4 placing token on slot 0
[17:35:06.281] [SEVERE ] removing player 3 token from slot 8
[17:35:06.281] [SEVERE ] player 3 placing token on slot 8
[17:35:06.295] [SEVERE ] removing player 2 token from slot 10
[17:35:06.295] [SEVERE ] player 2 placing token on slot 10
[17:35:06.311] [SEVERE ] removing player 1 token from slot 6
[17:35:06.311] [SEVERE ] removing player 1 token from slot 4
[17:35:06.311] [SEVERE ] player 1 placing token on slot 4
[17:35:06.311] [SEVERE ] removing player 1 token from slot 3
[17:35:06.311] [SEVERE ] player 1 placing token on slot 11
[17:35:06.311] [SEVERE ] player 1 placing token on slot 6
[17:35:06.327] [SEVERE ] removing player 4 token from slot 7
[17:35:06.327] [SEVERE ] removing player 4 token from slot 0
[17:35:06.327] [SEVERE ] removing player 4 token from slot 8
[17:35:06.327] [SEVERE ] player 4 placing token on slot 8
[17:35:06.327] [SEVERE ] player 4 placing token on slot 7
[17:35:06.327] [SEVERE ] player 4 placing token on slot 2
[17:35:06.343] [SEVERE ] removing player 3 token from slot 11
[17:35:06.343] [SEVERE ] removing player 3 token from slot 8
[17:35:06.343] [SEVERE ] player 3 placing token on slot 8
[17:35:06.343] [SEVERE ] player 3 placing token on slot 11
[17:35:06.359] [SEVERE ] removing player 2 token from slot 10
[17:35:06.359] [SEVERE ] player 2 placing token on slot 10
[17:35:06.374] [SEVERE ] removing player 1 token from slot 4
[17:35:06.374] [SEVERE ] removing player 1 token from slot 11
[17:35:06.374] [SEVERE ] removing player 1 token from slot 6
[17:35:06.374] [SEVERE ] player 1 placing token on slot 11
[17:35:06.374] [SEVERE ] player 1 placing token on slot 8
[17:35:06.374] [SEVERE ] player 1 placing token on slot 0
[17:35:06.389] [SEVERE ] removing player 4 token from slot 7
[17:35:06.389] [SEVERE ] player 4 placing token on slot 7
[17:35:06.405] [SEVERE ] removing player 3 token from slot 8
[17:35:06.405] [SEVERE ] removing player 3 token from slot 11
[17:35:06.405] [SEVERE ] player 3 placing token on slot 8
[17:35:06.405] [SEVERE ] removing player 3 token from slot 6
[17:35:06.406] [SEVERE ] player 3 placing token on slot 1
[17:35:06.407] [SEVERE ] player 3 placing token on slot 10
[17:35:06.422] [SEVERE ] removing player 2 token from slot 5
[17:35:06.423] [SEVERE ] player 2 placing token on slot 5
[17:35:06.435] [SEVERE ] removing player 1 token from slot 8
[17:35:06.435] [SEVERE ] player 1 placing token on slot 8
[17:35:06.451] [SEVERE ] removing player 4 token from slot 2
[17:35:06.451] [SEVERE ] removing player 4 token from slot 7
[17:35:06.451] [SEVERE ] player 4 placing token on slot 7
[17:35:06.451] [SEVERE ] player 4 placing token on slot 2
[17:35:06.466] [SEVERE ] removing player 3 token from slot 10
[17:35:06.466] [SEVERE ] removing player 3 token from slot 8
[17:35:06.466] [SEVERE ] player 3 placing token on slot 10
[17:35:06.466] [SEVERE ] player 3 placing token on slot 8
[17:35:06.481] [SEVERE ] removing player 2 token from slot 10
[17:35:06.481] [SEVERE ] removing player 2 token from slot 5
[17:35:06.481] [SEVERE ] removing player 2 token from slot 0
[17:35:06.481] [SEVERE ] player 2 placing token on slot 0
[17:35:06.481] [SEVERE ] player 2 placing token on slot 10
[17:35:06.481] [SEVERE ] removing player 2 token from slot 10
[17:35:06.481] [SEVERE ] player 2 placing token on slot 3
[17:35:06.481] [SEVERE ] player 2 placing token on slot 11
[17:35:06.496] [SEVERE ] removing player 1 token from slot 11
[17:35:06.496] [SEVERE ] player 1 placing token on slot 11
[17:35:06.513] [SEVERE ] removing player 4 token from slot 7
[17:35:06.513] [SEVERE ] removing player 4 token from slot 2
[17:35:06.513] [SEVERE ] removing player 4 token from slot 8
[17:35:06.513] [SEVERE ] player 4 placing token on slot 7
[17:35:06.514] [SEVERE ] player 4 placing token on slot 3
[17:35:06.514] [SEVERE ] player 4 placing token on slot 10
[17:35:06.528] [SEVERE ] removing player 3 token from slot 10
[17:35:06.528] [SEVERE ] removing player 3 token from slot 1
[17:35:06.528] [SEVERE ] player 3 placing token on slot 10
[17:35:06.528] [SEVERE ] removing player 3 token from slot 8
[17:35:06.528] [SEVERE ] player 3 placing token on slot 1
[17:35:06.528] [SEVERE ] player 3 placing token on slot 6
