[13:32:23.047] [INFO   ] thread main starting.
[13:32:23.051] [SEVERE ] cannot read configuration file config.properties trying from resources.
[13:32:23.054] [SEVERE ] configuration file was loaded from resources directory.
[13:32:23.621] [INFO   ] thread dealer starting.
[13:32:23.739] [SEVERE ] placing card 0 in slot 0
[13:32:23.759] [SEVERE ] player 2 placing token on slot 0
[13:32:23.759] [SEVERE ] player 1 placing token on slot 0
[13:32:23.759] [SEVERE ] player 3 placing token on slot 0
[13:32:23.763] [SEVERE ] player 4 placing token on slot 0
[13:32:23.763] [SEVERE ] removing player 2 token from slot 0
[13:32:23.766] [SEVERE ] removing player 4 token from slot 0
[13:32:23.768] [SEVERE ] player 2 placing token on slot 0
[13:32:23.768] [SEVERE ] player 4 placing token on slot 0
[13:32:23.768] [SEVERE ] removing player 4 token from slot 0
[13:32:23.764] [SEVERE ] removing player 3 token from slot 0
[13:32:23.772] [SEVERE ] removing player 2 token from slot 0
[13:32:23.768] [SEVERE ] player 4 placing token on slot 0
[13:32:23.773] [SEVERE ] removing player 4 token from slot 0
[13:32:23.773] [SEVERE ] player 2 placing token on slot 0
[13:32:23.773] [SEVERE ] player 4 placing token on slot 0
[13:32:23.774] [SEVERE ] removing player 4 token from slot 0
[13:32:23.774] [SEVERE ] removing player 2 token from slot 0
[13:32:23.785] [SEVERE ] player 4 placing token on slot 0
[13:32:23.785] [SEVERE ] player 3 placing token on slot 0
[13:32:23.785] [SEVERE ] player 2 placing token on slot 0
[13:32:23.786] [SEVERE ] removing player 3 token from slot 0
[13:32:23.786] [SEVERE ] removing player 1 token from slot 0
[13:32:23.785] [SEVERE ] removing player 4 token from slot 0
[13:32:23.787] [SEVERE ] player 1 placing token on slot 0
[13:32:23.787] [SEVERE ] player 3 placing token on slot 0
[13:32:23.786] [SEVERE ] removing player 2 token from slot 0
[13:32:23.788] [SEVERE ] player 2 placing token on slot 0
[13:32:23.787] [SEVERE ] removing player 3 token from slot 0
[13:32:23.787] [SEVERE ] removing player 1 token from slot 0
[13:32:23.787] [SEVERE ] player 4 placing token on slot 0
[13:32:23.788] [SEVERE ] player 3 placing token on slot 0
[13:32:23.788] [SEVERE ] removing player 2 token from slot 0
[13:32:23.789] [SEVERE ] player 1 placing token on slot 0
[13:32:23.789] [SEVERE ] removing player 4 token from slot 0
[13:32:23.789] [SEVERE ] removing player 1 token from slot 0
[13:32:23.789] [SEVERE ] player 2 placing token on slot 0
[13:32:23.790] [SEVERE ] removing player 2 token from slot 0
[13:32:23.790] [SEVERE ] player 2 placing token on slot 0
[13:32:23.789] [SEVERE ] removing player 3 token from slot 0
[13:32:23.790] [SEVERE ] player 1 placing token on slot 0
[13:32:23.790] [SEVERE ] removing player 2 token from slot 0
[13:32:23.789] [SEVERE ] player 4 placing token on slot 0
[13:32:23.791] [SEVERE ] player 2 placing token on slot 0
[13:32:23.791] [SEVERE ] removing player 1 token from slot 0
[13:32:23.791] [SEVERE ] player 3 placing token on slot 0
[13:32:23.791] [SEVERE ] removing player 2 token from slot 0
[13:32:23.791] [SEVERE ] removing player 4 token from slot 0
[13:32:23.792] [SEVERE ] removing player 3 token from slot 0
[13:32:23.792] [SEVERE ] player 2 placing token on slot 0
[13:32:23.792] [SEVERE ] player 4 placing token on slot 0
[13:32:23.792] [SEVERE ] player 1 placing token on slot 0
[13:32:23.793] [SEVERE ] player 3 placing token on slot 0
[13:32:23.793] [SEVERE ] removing player 4 token from slot 0
[13:32:23.793] [SEVERE ] removing player 2 token from slot 0
[13:32:23.794] [SEVERE ] player 4 placing token on slot 0
[13:32:23.794] [SEVERE ] removing player 3 token from slot 0
[13:32:23.793] [SEVERE ] removing player 1 token from slot 0
[13:32:23.794] [SEVERE ] removing player 4 token from slot 0
[13:32:23.794] [SEVERE ] player 2 placing token on slot 0
[13:32:23.795] [SEVERE ] player 3 placing token on slot 0
[13:32:23.795] [SEVERE ] removing player 3 token from slot 0
[13:32:23.796] [SEVERE ] player 3 placing token on slot 0
[13:32:23.796] [SEVERE ] removing player 3 token from slot 0
[13:32:23.796] [SEVERE ] removing player 2 token from slot 0
[13:32:23.796] [SEVERE ] player 4 placing token on slot 0
[13:32:23.796] [SEVERE ] player 3 placing token on slot 0
[13:32:23.797] [SEVERE ] player 2 placing token on slot 0
[13:32:23.797] [SEVERE ] removing player 4 token from slot 0
[13:32:23.797] [SEVERE ] player 4 placing token on slot 0
[13:32:23.797] [SEVERE ] removing player 3 token from slot 0
[13:32:23.798] [SEVERE ] player 3 placing token on slot 0
[13:32:23.798] [SEVERE ] removing player 3 token from slot 0
[13:32:23.799] [SEVERE ] player 3 placing token on slot 0
[13:32:23.798] [SEVERE ] removing player 2 token from slot 0
[13:32:23.798] [SEVERE ] removing player 4 token from slot 0
[13:32:23.799] [SEVERE ] player 2 placing token on slot 0
[13:32:23.799] [SEVERE ] removing player 2 token from slot 0
[13:32:23.800] [SEVERE ] player 2 placing token on slot 0
[13:32:23.799] [SEVERE ] removing player 3 token from slot 0
[13:32:23.799] [SEVERE ] player 4 placing token on slot 0
[13:32:23.801] [SEVERE ] removing player 2 token from slot 0
[13:32:23.801] [SEVERE ] removing player 4 token from slot 0
[13:32:23.802] [SEVERE ] player 4 placing token on slot 0
[13:32:23.802] [SEVERE ] removing player 4 token from slot 0
[13:32:23.802] [SEVERE ] player 3 placing token on slot 0
[13:32:23.802] [SEVERE ] player 4 placing token on slot 0
[13:32:23.802] [SEVERE ] player 2 placing token on slot 0
[13:32:23.802] [SEVERE ] removing player 4 token from slot 0
[13:32:23.802] [SEVERE ] removing player 3 token from slot 0
[13:32:23.802] [SEVERE ] player 4 placing token on slot 0
[13:32:23.802] [SEVERE ] removing player 2 token from slot 0
[13:32:23.803] [SEVERE ] removing player 4 token from slot 0
[13:32:23.803] [SEVERE ] player 4 placing token on slot 0
[13:32:23.803] [SEVERE ] removing player 4 token from slot 0
[13:32:23.803] [SEVERE ] player 4 placing token on slot 0
[13:32:23.803] [SEVERE ] removing player 4 token from slot 0
[13:32:23.804] [SEVERE ] player 4 placing token on slot 0
[13:32:23.803] [SEVERE ] player 3 placing token on slot 0
[13:32:23.805] [SEVERE ] removing player 4 token from slot 0
[13:32:23.805] [SEVERE ] removing player 3 token from slot 0
[13:32:23.805] [SEVERE ] player 2 placing token on slot 0
[13:32:23.805] [SEVERE ] player 3 placing token on slot 0
[13:32:23.805] [SEVERE ] player 4 placing token on slot 0
[13:32:23.806] [SEVERE ] removing player 3 token from slot 0
[13:32:23.805] [SEVERE ] removing player 2 token from slot 0
[13:32:23.806] [SEVERE ] player 3 placing token on slot 0
[13:32:23.806] [SEVERE ] removing player 4 token from slot 0
[13:32:23.806] [SEVERE ] removing player 3 token from slot 0
[13:32:23.806] [SEVERE ] player 2 placing token on slot 0
[13:32:23.806] [SEVERE ] player 3 placing token on slot 0
[13:32:23.806] [SEVERE ] player 4 placing token on slot 0
[13:32:23.807] [SEVERE ] removing player 3 token from slot 0
[13:32:23.807] [SEVERE ] removing player 2 token from slot 0
[13:32:23.807] [SEVERE ] player 3 placing token on slot 0
[13:32:23.807] [SEVERE ] removing player 4 token from slot 0
[13:32:23.808] [SEVERE ] removing player 3 token from slot 0
[13:32:23.808] [SEVERE ] player 3 placing token on slot 0
[13:32:23.808] [SEVERE ] removing player 3 token from slot 0
[13:32:23.808] [SEVERE ] player 3 placing token on slot 0
[13:32:23.809] [SEVERE ] removing player 3 token from slot 0
[13:32:23.809] [SEVERE ] player 3 placing token on slot 0
[13:32:23.809] [SEVERE ] removing player 3 token from slot 0
[13:32:23.809] [SEVERE ] player 3 placing token on slot 0
[13:32:23.809] [SEVERE ] player 2 placing token on slot 0
[13:32:23.809] [SEVERE ] player 4 placing token on slot 0
[13:32:23.810] [SEVERE ] removing player 2 token from slot 0
[13:32:23.810] [SEVERE ] removing player 3 token from slot 0
[13:32:23.810] [SEVERE ] player 2 placing token on slot 0
[13:32:23.810] [SEVERE ] player 3 placing token on slot 0
[13:32:23.810] [SEVERE ] removing player 2 token from slot 0
[13:32:23.811] [SEVERE ] removing player 3 token from slot 0
[13:32:23.811] [SEVERE ] player 2 placing token on slot 0
[13:32:23.811] [SEVERE ] player 3 placing token on slot 0
[13:32:23.811] [SEVERE ] removing player 2 token from slot 0
[13:32:23.811] [SEVERE ] removing player 3 token from slot 0
[13:32:23.812] [SEVERE ] player 3 placing token on slot 0
[13:32:23.812] [SEVERE ] removing player 3 token from slot 0
[13:32:23.813] [SEVERE ] player 3 placing token on slot 0
[13:32:23.813] [SEVERE ] removing player 3 token from slot 0
[13:32:23.813] [SEVERE ] player 3 placing token on slot 0
[13:32:23.813] [SEVERE ] removing player 3 token from slot 0
[13:32:23.811] [SEVERE ] player 2 placing token on slot 0
[13:32:23.815] [SEVERE ] player 1 placing token on slot 0
[13:32:23.815] [SEVERE ] removing player 4 token from slot 0
[13:32:23.815] [SEVERE ] player 3 placing token on slot 0
[13:32:23.815] [SEVERE ] removing player 2 token from slot 0
[13:32:23.815] [SEVERE ] removing player 3 token from slot 0
[13:32:23.815] [SEVERE ] player 4 placing token on slot 0
[13:32:23.815] [SEVERE ] removing player 1 token from slot 0
[13:32:23.816] [SEVERE ] removing player 4 token from slot 0
[13:32:23.816] [SEVERE ] player 3 placing token on slot 0
[13:32:23.816] [SEVERE ] player 2 placing token on slot 0
[13:32:23.816] [SEVERE ] removing player 3 token from slot 0
[13:32:23.816] [SEVERE ] player 4 placing token on slot 0
[13:32:23.816] [SEVERE ] player 1 placing token on slot 0
[13:32:23.818] [SEVERE ] removing player 4 token from slot 0
[13:32:23.818] [SEVERE ] player 3 placing token on slot 0
[13:32:23.818] [SEVERE ] removing player 2 token from slot 0
[13:32:23.818] [SEVERE ] removing player 1 token from slot 0
[13:32:23.819] [SEVERE ] player 2 placing token on slot 0
[13:32:23.819] [SEVERE ] removing player 3 token from slot 0
[13:32:23.818] [SEVERE ] player 4 placing token on slot 0
[13:32:23.819] [SEVERE ] player 3 placing token on slot 0
[13:32:23.819] [SEVERE ] removing player 2 token from slot 0
[13:32:23.819] [SEVERE ] player 1 placing token on slot 0
[13:32:23.820] [SEVERE ] player 2 placing token on slot 0
[13:32:23.820] [SEVERE ] removing player 2 token from slot 0
[13:32:23.819] [SEVERE ] removing player 3 token from slot 0
[13:32:23.819] [SEVERE ] removing player 4 token from slot 0
[13:32:23.821] [SEVERE ] player 3 placing token on slot 0
[13:32:23.820] [SEVERE ] player 2 placing token on slot 0
[13:32:23.820] [SEVERE ] removing player 1 token from slot 0
[13:32:23.823] [SEVERE ] removing player 3 token from slot 0
[13:32:23.823] [SEVERE ] player 1 placing token on slot 0
[13:32:23.823] [SEVERE ] removing player 2 token from slot 0
[13:32:23.823] [SEVERE ] removing player 1 token from slot 0
[13:32:23.823] [SEVERE ] player 3 placing token on slot 0
[13:32:23.824] [SEVERE ] player 1 placing token on slot 0
[13:32:23.823] [SEVERE ] player 2 placing token on slot 0
[13:32:23.824] [SEVERE ] removing player 1 token from slot 0
[13:32:23.824] [SEVERE ] player 4 placing token on slot 0
[13:32:23.824] [SEVERE ] removing player 3 token from slot 0
[13:32:23.824] [SEVERE ] removing player 4 token from slot 0
[13:32:23.824] [SEVERE ] player 1 placing token on slot 0
[13:32:23.824] [SEVERE ] removing player 2 token from slot 0
[13:32:23.826] [SEVERE ] player 3 placing token on slot 0
[13:32:23.826] [SEVERE ] removing player 1 token from slot 0
[13:32:23.826] [SEVERE ] removing player 3 token from slot 0
[13:32:23.826] [SEVERE ] player 4 placing token on slot 0
[13:32:23.826] [SEVERE ] player 2 placing token on slot 0
[13:32:23.826] [SEVERE ] removing player 4 token from slot 0
[13:32:23.826] [SEVERE ] player 3 placing token on slot 0
[13:32:23.826] [SEVERE ] player 1 placing token on slot 0
[13:32:23.826] [SEVERE ] player 4 placing token on slot 0
[13:32:23.827] [SEVERE ] removing player 4 token from slot 0
[13:32:23.827] [SEVERE ] player 4 placing token on slot 0
[13:32:23.827] [SEVERE ] removing player 4 token from slot 0
[13:32:23.827] [SEVERE ] player 4 placing token on slot 0
[13:32:23.827] [SEVERE ] removing player 4 token from slot 0
[13:32:23.826] [SEVERE ] removing player 2 token from slot 0
[13:32:23.827] [SEVERE ] removing player 1 token from slot 0
[13:32:23.831] [SEVERE ] player 2 placing token on slot 0
[13:32:23.831] [SEVERE ] player 4 placing token on slot 0
[13:32:23.831] [SEVERE ] player 1 placing token on slot 0
[13:32:23.832] [SEVERE ] removing player 4 token from slot 0
[13:32:23.832] [SEVERE ] player 4 placing token on slot 0
[13:32:23.832] [SEVERE ] removing player 4 token from slot 0
[13:32:23.832] [SEVERE ] removing player 2 token from slot 0
[13:32:23.832] [SEVERE ] removing player 1 token from slot 0
[13:32:23.833] [SEVERE ] player 2 placing token on slot 0
[13:32:23.833] [SEVERE ] removing player 2 token from slot 0
[13:32:23.834] [SEVERE ] player 2 placing token on slot 0
[13:32:23.834] [SEVERE ] removing player 2 token from slot 0
[13:32:23.835] [SEVERE ] player 2 placing token on slot 0
[13:32:23.835] [SEVERE ] removing player 2 token from slot 0
[13:32:23.835] [SEVERE ] player 2 placing token on slot 0
[13:32:23.835] [SEVERE ] removing player 2 token from slot 0
[13:32:23.836] [SEVERE ] player 2 placing token on slot 0
[13:32:23.836] [SEVERE ] removing player 2 token from slot 0
[13:32:23.836] [SEVERE ] player 2 placing token on slot 0
[13:32:23.836] [SEVERE ] removing player 2 token from slot 0
[13:32:23.836] [SEVERE ] player 2 placing token on slot 0
[13:32:23.837] [SEVERE ] removing player 2 token from slot 0
[13:32:23.837] [SEVERE ] player 2 placing token on slot 0
[13:32:23.837] [SEVERE ] removing player 2 token from slot 0
[13:32:23.836] [SEVERE ] removing player 3 token from slot 0
[13:32:23.837] [SEVERE ] player 3 placing token on slot 0
[13:32:23.838] [SEVERE ] removing player 3 token from slot 0
[13:32:23.838] [SEVERE ] player 3 placing token on slot 0
[13:32:23.837] [SEVERE ] player 2 placing token on slot 0
[13:32:23.839] [SEVERE ] removing player 3 token from slot 0
[13:32:23.839] [SEVERE ] player 3 placing token on slot 0
[13:32:23.839] [SEVERE ] removing player 3 token from slot 0
[13:32:23.839] [SEVERE ] player 3 placing token on slot 0
[13:32:23.839] [SEVERE ] removing player 3 token from slot 0
[13:32:23.839] [SEVERE ] removing player 2 token from slot 0
[13:32:23.840] [SEVERE ] player 3 placing token on slot 0
[13:32:23.840] [SEVERE ] player 2 placing token on slot 0
[13:32:23.840] [SEVERE ] removing player 3 token from slot 0
[13:32:23.840] [SEVERE ] removing player 2 token from slot 0
[13:32:23.840] [SEVERE ] player 3 placing token on slot 0
[13:32:23.840] [SEVERE ] player 2 placing token on slot 0
[13:32:23.842] [SEVERE ] player 4 placing token on slot 0
[13:32:23.842] [SEVERE ] removing player 3 token from slot 0
[13:32:23.842] [SEVERE ] player 1 placing token on slot 0
[13:32:23.842] [SEVERE ] removing player 2 token from slot 0
[13:32:23.842] [SEVERE ] removing player 1 token from slot 0
[13:32:23.842] [SEVERE ] player 3 placing token on slot 0
[13:32:23.842] [SEVERE ] removing player 4 token from slot 0
[13:32:23.843] [SEVERE ] removing player 3 token from slot 0
[13:32:23.843] [SEVERE ] player 1 placing token on slot 0
[13:32:23.842] [SEVERE ] player 2 placing token on slot 0
[13:32:23.843] [SEVERE ] removing player 2 token from slot 0
[13:32:23.843] [SEVERE ] player 3 placing token on slot 0
[13:32:23.843] [SEVERE ] removing player 1 token from slot 0
[13:32:23.843] [SEVERE ] player 4 placing token on slot 0
[13:32:23.844] [SEVERE ] player 1 placing token on slot 0
[13:32:23.845] [SEVERE ] removing player 4 token from slot 0
[13:32:23.857] [SEVERE ] player 2 placing token on slot 1
[13:32:23.857] [SEVERE ] player 3 placing token on slot 1
[13:32:23.857] [SEVERE ] player 1 placing token on slot 1
[13:32:23.857] [SEVERE ] player 4 placing token on slot 1
[13:32:23.859] [SEVERE ] removing player 1 token from slot 0
[13:32:23.859] [SEVERE ] removing player 3 token from slot 0
[13:32:23.859] [SEVERE ] player 4 placing token on slot 0
[13:32:23.864] [SEVERE ] player 3 placing token on slot 0
[13:32:23.864] [SEVERE ] removing player 3 token from slot 1
[13:32:23.864] [SEVERE ] player 3 placing token on slot 1
[13:32:23.866] [SEVERE ] removing player 3 token from slot 0
[13:32:23.867] [SEVERE ] removing player 3 token from slot 1
[13:32:23.867] [SEVERE ] player 3 placing token on slot 0
[13:32:23.867] [SEVERE ] player 3 placing token on slot 1
[13:32:23.867] [SEVERE ] removing player 3 token from slot 0
[13:32:23.868] [SEVERE ] player 3 placing token on slot 0
[13:32:23.868] [SEVERE ] removing player 3 token from slot 1
[13:32:23.868] [SEVERE ] removing player 3 token from slot 0
[13:32:23.868] [SEVERE ] player 3 placing token on slot 0
[13:32:23.869] [SEVERE ] player 3 placing token on slot 1
[13:32:23.869] [SEVERE ] removing player 3 token from slot 1
[13:32:23.869] [SEVERE ] removing player 3 token from slot 0
[13:32:23.852] [SEVERE ] placing card 50 in slot 1
[13:32:23.869] [SEVERE ] removing player 1 token from slot 1
[13:32:23.869] [SEVERE ] removing player 4 token from slot 1
[13:32:23.918] [SEVERE ] player 2 placing token on slot 0
[13:32:23.918] [SEVERE ] player 4 placing token on slot 1
[13:32:23.918] [SEVERE ] player 1 placing token on slot 1
[13:32:23.919] [SEVERE ] removing player 1 token from slot 1
[13:32:23.919] [SEVERE ] player 1 placing token on slot 1
[13:32:23.919] [SEVERE ] removing player 1 token from slot 1
[13:32:23.919] [SEVERE ] player 1 placing token on slot 1
[13:32:23.919] [SEVERE ] player 1 placing token on slot 0
[13:32:23.919] [SEVERE ] removing player 1 token from slot 1
[13:32:23.919] [SEVERE ] player 1 placing token on slot 1
[13:32:23.920] [SEVERE ] removing player 1 token from slot 0
[13:32:23.920] [SEVERE ] removing player 1 token from slot 1
[13:32:23.920] [SEVERE ] player 1 placing token on slot 0
[13:32:23.920] [SEVERE ] removing player 1 token from slot 0
[13:32:23.920] [SEVERE ] player 1 placing token on slot 0
[13:32:23.920] [SEVERE ] removing player 1 token from slot 0
[13:32:23.920] [SEVERE ] removing player 4 token from slot 1
[13:32:23.920] [SEVERE ] player 1 placing token on slot 1
[13:32:23.920] [SEVERE ] player 1 placing token on slot 0
[13:32:23.920] [SEVERE ] removing player 1 token from slot 1
[13:32:23.921] [SEVERE ] removing player 1 token from slot 0
[13:32:23.921] [SEVERE ] player 1 placing token on slot 1
[13:32:23.921] [SEVERE ] player 1 placing token on slot 0
[13:32:23.921] [SEVERE ] removing player 1 token from slot 1
[13:32:23.925] [SEVERE ] player 4 placing token on slot 1
[13:32:23.925] [SEVERE ] removing player 4 token from slot 0
[13:32:23.926] [SEVERE ] player 4 placing token on slot 0
[13:32:23.926] [SEVERE ] player 3 placing token on slot 0
[13:32:23.926] [SEVERE ] removing player 1 token from slot 0
[13:32:23.930] [SEVERE ] player 3 placing token on slot 1
[13:32:23.926] [SEVERE ] removing player 4 token from slot 1
[13:32:23.930] [SEVERE ] removing player 3 token from slot 1
[13:32:23.930] [SEVERE ] player 1 placing token on slot 1
[13:32:23.930] [SEVERE ] removing player 4 token from slot 0
[13:32:23.930] [SEVERE ] removing player 1 token from slot 1
[13:32:23.930] [SEVERE ] player 4 placing token on slot 0
[13:32:23.930] [SEVERE ] player 1 placing token on slot 1
[13:32:23.930] [SEVERE ] player 4 placing token on slot 1
[13:32:23.930] [SEVERE ] removing player 4 token from slot 1
[13:32:23.931] [SEVERE ] player 4 placing token on slot 1
[13:32:23.931] [SEVERE ] removing player 4 token from slot 0
[13:32:23.931] [SEVERE ] removing player 4 token from slot 1
[13:32:23.931] [SEVERE ] player 4 placing token on slot 1
[13:32:23.931] [SEVERE ] removing player 4 token from slot 1
[13:32:23.931] [SEVERE ] player 4 placing token on slot 1
[13:32:23.931] [SEVERE ] removing player 3 token from slot 0
[13:32:23.931] [SEVERE ] removing player 1 token from slot 1
[13:32:23.938] [SEVERE ] removing player 4 token from slot 1
[13:32:23.938] [SEVERE ] player 3 placing token on slot 0
[13:32:23.938] [SEVERE ] player 4 placing token on slot 1
[13:32:23.938] [SEVERE ] player 1 placing token on slot 0
[13:32:23.939] [SEVERE ] player 1 placing token on slot 1
[13:32:23.939] [SEVERE ] removing player 1 token from slot 1
[13:32:23.939] [SEVERE ] removing player 1 token from slot 0
[13:32:23.939] [SEVERE ] player 1 placing token on slot 0
[13:32:23.939] [SEVERE ] removing player 1 token from slot 0
[13:32:23.939] [SEVERE ] player 1 placing token on slot 1
[13:32:23.939] [SEVERE ] removing player 1 token from slot 1
[13:32:23.939] [SEVERE ] player 1 placing token on slot 1
[13:32:23.939] [SEVERE ] player 1 placing token on slot 0
[13:32:23.939] [SEVERE ] removing player 1 token from slot 0
[13:32:23.939] [SEVERE ] removing player 1 token from slot 1
[13:32:23.939] [SEVERE ] player 1 placing token on slot 1
[13:32:23.939] [SEVERE ] removing player 1 token from slot 1
[13:32:23.940] [SEVERE ] player 1 placing token on slot 1
[13:32:23.940] [SEVERE ] removing player 1 token from slot 1
[13:32:23.940] [SEVERE ] player 1 placing token on slot 0
[13:32:23.940] [SEVERE ] player 1 placing token on slot 1
[13:32:23.940] [SEVERE ] removing player 1 token from slot 1
[13:32:23.938] [SEVERE ] removing player 2 token from slot 1
[13:32:23.939] [SEVERE ] player 4 placing token on slot 0
[13:32:23.944] [SEVERE ] player 3 placing token on slot 1
[13:32:23.944] [SEVERE ] removing player 4 token from slot 1
[13:32:23.945] [SEVERE ] removing player 3 token from slot 1
[13:32:23.945] [SEVERE ] removing player 3 token from slot 0
[13:32:23.945] [SEVERE ] player 3 placing token on slot 1
[13:32:23.945] [SEVERE ] player 4 placing token on slot 1
[13:32:23.946] [SEVERE ] removing player 4 token from slot 0
[13:32:23.945] [SEVERE ] removing player 2 token from slot 0
[13:32:23.946] [SEVERE ] player 4 placing token on slot 0
[13:32:23.946] [SEVERE ] player 1 placing token on slot 1
[13:32:23.946] [SEVERE ] removing player 3 token from slot 1
[13:32:23.946] [SEVERE ] removing player 1 token from slot 1
[13:32:23.946] [SEVERE ] removing player 4 token from slot 1
[13:32:23.947] [SEVERE ] removing player 4 token from slot 0
[13:32:23.947] [SEVERE ] player 4 placing token on slot 0
[13:32:23.947] [SEVERE ] removing player 4 token from slot 0
[13:32:23.947] [SEVERE ] player 4 placing token on slot 1
[13:32:23.947] [SEVERE ] removing player 4 token from slot 1
[13:32:23.947] [SEVERE ] player 4 placing token on slot 1
[13:32:23.947] [SEVERE ] removing player 4 token from slot 1
[13:32:23.946] [SEVERE ] player 2 placing token on slot 0
[13:32:23.947] [SEVERE ] player 1 placing token on slot 1
[13:32:23.946] [SEVERE ] player 3 placing token on slot 0
[13:32:23.952] [SEVERE ] player 4 placing token on slot 0
[13:32:23.953] [SEVERE ] removing player 4 token from slot 0
[13:32:23.953] [SEVERE ] player 4 placing token on slot 1
[13:32:23.953] [SEVERE ] removing player 4 token from slot 1
[13:32:23.953] [SEVERE ] player 4 placing token on slot 0
[13:32:23.953] [SEVERE ] player 4 placing token on slot 1
[13:32:23.953] [SEVERE ] removing player 4 token from slot 1
[13:32:23.953] [SEVERE ] removing player 4 token from slot 0
[13:32:23.953] [SEVERE ] player 4 placing token on slot 1
[13:32:23.953] [SEVERE ] removing player 4 token from slot 1
[13:32:23.953] [SEVERE ] player 4 placing token on slot 1
[13:32:23.953] [SEVERE ] removing player 4 token from slot 1
[13:32:23.953] [SEVERE ] player 4 placing token on slot 1
[13:32:23.953] [SEVERE ] player 4 placing token on slot 0
[13:32:23.953] [SEVERE ] removing player 4 token from slot 0
[13:32:23.953] [SEVERE ] removing player 4 token from slot 1
[13:32:23.953] [SEVERE ] player 4 placing token on slot 1
[13:32:23.954] [SEVERE ] removing player 4 token from slot 1
[13:32:23.954] [SEVERE ] player 4 placing token on slot 1
[13:32:23.954] [SEVERE ] removing player 4 token from slot 1
[13:32:23.954] [SEVERE ] player 4 placing token on slot 0
[13:32:23.954] [SEVERE ] player 4 placing token on slot 1
[13:32:23.954] [SEVERE ] removing player 4 token from slot 1
[13:32:23.954] [SEVERE ] removing player 4 token from slot 0
[13:32:23.954] [SEVERE ] player 4 placing token on slot 1
[13:32:23.954] [SEVERE ] player 4 placing token on slot 0
[13:32:23.954] [SEVERE ] removing player 4 token from slot 1
[13:32:23.952] [SEVERE ] removing player 3 token from slot 0
[13:32:23.964] [SEVERE ] player 4 placing token on slot 1
[13:32:23.964] [SEVERE ] player 3 placing token on slot 0
[13:32:23.964] [SEVERE ] removing player 4 token from slot 1
[13:32:23.965] [SEVERE ] player 4 placing token on slot 1
[13:32:23.964] [SEVERE ] removing player 2 token from slot 0
[13:32:23.965] [SEVERE ] player 3 placing token on slot 1
[13:32:23.965] [SEVERE ] removing player 4 token from slot 0
[13:32:23.965] [SEVERE ] removing player 3 token from slot 0
[13:32:23.965] [SEVERE ] player 4 placing token on slot 0
[13:32:23.965] [SEVERE ] player 3 placing token on slot 0
[13:32:23.965] [SEVERE ] removing player 4 token from slot 1
[13:32:23.965] [SEVERE ] removing player 4 token from slot 0
[13:32:23.965] [SEVERE ] player 4 placing token on slot 0
[13:32:23.965] [SEVERE ] removing player 4 token from slot 0
[13:32:23.966] [SEVERE ] player 4 placing token on slot 1
[13:32:23.966] [SEVERE ] removing player 1 token from slot 0
[13:32:23.966] [SEVERE ] player 4 placing token on slot 0
[13:32:23.966] [SEVERE ] removing player 4 token from slot 1
[13:32:23.966] [SEVERE ] player 4 placing token on slot 1
[13:32:23.966] [SEVERE ] removing player 4 token from slot 1
[13:32:23.966] [SEVERE ] player 1 placing token on slot 0
[13:32:23.966] [SEVERE ] removing player 4 token from slot 0
[13:32:23.966] [SEVERE ] player 4 placing token on slot 1
[13:32:23.966] [SEVERE ] player 4 placing token on slot 0
[13:32:23.966] [SEVERE ] removing player 1 token from slot 0
[13:32:23.966] [SEVERE ] removing player 4 token from slot 0
[13:32:23.966] [SEVERE ] removing player 1 token from slot 1
[13:32:23.971] [SEVERE ] placing card 7 in slot 2
[13:32:23.975] [SEVERE ] removing player 3 token from slot 0
[13:32:23.975] [SEVERE ] player 3 placing token on slot 0
[13:32:23.975] [SEVERE ] removing player 3 token from slot 0
[13:32:23.975] [SEVERE ] player 3 placing token on slot 2
[13:32:23.976] [SEVERE ] player 3 placing token on slot 0
[13:32:23.976] [SEVERE ] player 1 placing token on slot 0
[13:32:23.981] [SEVERE ] player 2 placing token on slot 0
[13:32:23.981] [SEVERE ] player 4 placing token on slot 2
[13:32:23.981] [SEVERE ] player 4 placing token on slot 0
[13:32:23.984] [SEVERE ] removing player 2 token from slot 0
[13:32:23.985] [SEVERE ] player 2 placing token on slot 0
[13:32:23.985] [SEVERE ] player 1 placing token on slot 1
[13:32:23.985] [SEVERE ] removing player 1 token from slot 1
[13:32:23.985] [SEVERE ] player 1 placing token on slot 1
[13:32:23.985] [SEVERE ] removing player 1 token from slot 0
[13:32:23.986] [SEVERE ] removing player 1 token from slot 1
[13:32:23.986] [SEVERE ] player 1 placing token on slot 1
[13:32:23.986] [SEVERE ] player 1 placing token on slot 0
[13:32:23.986] [SEVERE ] player 1 placing token on slot 2
[13:32:23.987] [SEVERE ] player 2 placing token on slot 1
[13:32:23.987] [SEVERE ] removing player 2 token from slot 0
[13:32:23.994] [SEVERE ] player 2 placing token on slot 2
[13:32:23.994] [SEVERE ] removing player 2 token from slot 2
[13:32:23.997] [SEVERE ] player 2 placing token on slot 0
[13:32:23.997] [SEVERE ] removing player 2 token from slot 1
[13:32:23.997] [SEVERE ] player 2 placing token on slot 2
[13:32:23.997] [SEVERE ] removing player 2 token from slot 2
[13:32:23.997] [SEVERE ] removing player 2 token from slot 0
[13:32:23.998] [SEVERE ] player 2 placing token on slot 0
[13:32:23.998] [SEVERE ] removing player 2 token from slot 0
[13:32:23.998] [SEVERE ] player 2 placing token on slot 0
[13:32:23.998] [SEVERE ] removing player 2 token from slot 0
[13:32:23.998] [SEVERE ] player 2 placing token on slot 0
[13:32:23.998] [SEVERE ] removing player 2 token from slot 0
[13:32:23.998] [SEVERE ] player 2 placing token on slot 0
[13:32:23.999] [SEVERE ] player 2 placing token on slot 2
[13:32:23.999] [SEVERE ] removing player 2 token from slot 2
[13:32:23.999] [SEVERE ] removing player 2 token from slot 0
[13:32:23.999] [SEVERE ] player 2 placing token on slot 1
[13:32:23.999] [SEVERE ] removing player 2 token from slot 1
[13:32:23.999] [SEVERE ] player 2 placing token on slot 2
[13:32:23.999] [SEVERE ] player 2 placing token on slot 0
[13:32:24.000] [SEVERE ] removing player 2 token from slot 2
[13:32:24.003] [SEVERE ] player 2 placing token on slot 1
[13:32:24.004] [SEVERE ] removing player 2 token from slot 0
[13:32:24.007] [SEVERE ] player 2 placing token on slot 0
[13:32:24.008] [SEVERE ] player 2 placing token on slot 2
[13:32:24.072] [SEVERE ] placing card 60 in slot 3
[13:32:24.180] [SEVERE ] placing card 70 in slot 4
[13:32:24.292] [SEVERE ] placing card 12 in slot 5
[13:32:24.403] [SEVERE ] placing card 4 in slot 6
[13:32:24.515] [SEVERE ] placing card 79 in slot 7
[13:32:24.627] [SEVERE ] placing card 63 in slot 8
[13:32:24.738] [SEVERE ] placing card 62 in slot 9
[13:32:24.850] [SEVERE ] placing card 55 in slot 10
[13:32:24.962] [SEVERE ] placing card 54 in slot 11
[13:32:24.962] [SEVERE ] updating countdown to 60000
[13:32:24.962] [SEVERE ] removing player 4 token from slot 1
[13:32:24.962] [SEVERE ] removing player 2 token from slot 2
[13:32:24.963] [SEVERE ] player 4 placing token on slot 1
[13:32:24.963] [SEVERE ] removing player 1 token from slot 2
[13:32:24.963] [SEVERE ] player 2 placing token on slot 2
[13:32:24.963] [SEVERE ] updating countdown to 59999
[13:32:24.963] [SEVERE ] removing player 1 token from slot 1
[13:32:24.963] [SEVERE ] updating countdown to 59999
[13:32:24.963] [SEVERE ] player 1 placing token on slot 2
[13:32:24.963] [SEVERE ] player 1 placing token on slot 1
[13:32:24.963] [SEVERE ] updating countdown to 59999
[13:32:44.933] [SEVERE ] exit button pressed
