[12:03:12.287] [INFO   ] thread main starting.
[12:03:12.292] [SEVERE ] cannot read configuration file config.properties trying from resources.
[12:03:12.296] [SEVERE ] configuration file was loaded from resources directory.
[12:03:12.810] [INFO   ] thread dealer starting.
[12:03:12.929] [SEVERE ] placing card 20 in slot 0
[12:03:12.929] [SEVERE ] player 2 placing token on slot 0
[12:03:12.930] [SEVERE ] removing player 2 token from slot 0
[12:03:12.931] [SEVERE ] player 2 placing token on slot 0
[12:03:12.931] [SEVERE ] removing player 2 token from slot 0
[12:03:12.932] [SEVERE ] player 3 placing token on slot 0
[12:03:12.932] [SEVERE ] player 2 placing token on slot 0
[12:03:12.933] [SEVERE ] removing player 2 token from slot 0
[12:03:12.933] [SEVERE ] player 2 placing token on slot 0
[12:03:12.933] [SEVERE ] removing player 2 token from slot 0
[12:03:12.933] [SEVERE ] player 2 placing token on slot 0
[12:03:12.934] [SEVERE ] removing player 2 token from slot 0
[12:03:12.934] [SEVERE ] player 2 placing token on slot 0
[12:03:12.934] [SEVERE ] removing player 2 token from slot 0
[12:03:12.935] [SEVERE ] player 2 placing token on slot 0
[12:03:12.935] [SEVERE ] removing player 2 token from slot 0
[12:03:12.935] [SEVERE ] player 2 placing token on slot 0
[12:03:12.936] [SEVERE ] removing player 2 token from slot 0
[12:03:12.937] [SEVERE ] removing player 3 token from slot 0
[12:03:12.937] [SEVERE ] player 2 placing token on slot 0
[12:03:12.937] [SEVERE ] player 3 placing token on slot 0
[12:03:12.937] [SEVERE ] removing player 2 token from slot 0
[12:03:12.937] [SEVERE ] removing player 3 token from slot 0
[12:03:12.938] [SEVERE ] player 2 placing token on slot 0
[12:03:12.938] [SEVERE ] removing player 2 token from slot 0
[12:03:12.938] [SEVERE ] player 2 placing token on slot 0
[12:03:12.938] [SEVERE ] removing player 2 token from slot 0
[12:03:12.939] [SEVERE ] player 2 placing token on slot 0
[12:03:12.939] [SEVERE ] removing player 2 token from slot 0
[12:03:12.940] [SEVERE ] player 2 placing token on slot 0
[12:03:12.940] [SEVERE ] removing player 2 token from slot 0
[12:03:12.940] [SEVERE ] player 2 placing token on slot 0
[12:03:12.940] [SEVERE ] removing player 2 token from slot 0
[12:03:12.940] [SEVERE ] player 2 placing token on slot 0
[12:03:12.939] [SEVERE ] player 3 placing token on slot 0
[12:03:12.941] [SEVERE ] removing player 2 token from slot 0
[12:03:12.941] [SEVERE ] player 2 placing token on slot 0
[12:03:12.941] [SEVERE ] removing player 2 token from slot 0
[12:03:12.942] [SEVERE ] player 2 placing token on slot 0
[12:03:12.942] [SEVERE ] removing player 2 token from slot 0
[12:03:12.942] [SEVERE ] player 2 placing token on slot 0
[12:03:12.942] [SEVERE ] removing player 2 token from slot 0
[12:03:12.943] [SEVERE ] player 2 placing token on slot 0
[12:03:12.943] [SEVERE ] removing player 2 token from slot 0
[12:03:12.945] [SEVERE ] player 2 placing token on slot 0
[12:03:12.945] [SEVERE ] removing player 2 token from slot 0
[12:03:12.943] [SEVERE ] removing player 3 token from slot 0
[12:03:12.945] [SEVERE ] player 2 placing token on slot 0
[12:03:12.946] [SEVERE ] removing player 2 token from slot 0
[12:03:12.946] [SEVERE ] player 2 placing token on slot 0
[12:03:12.946] [SEVERE ] removing player 2 token from slot 0
[12:03:12.947] [SEVERE ] player 2 placing token on slot 0
[12:03:12.947] [SEVERE ] removing player 2 token from slot 0
[12:03:12.947] [SEVERE ] player 2 placing token on slot 0
[12:03:12.948] [SEVERE ] removing player 2 token from slot 0
[12:03:12.948] [SEVERE ] player 2 placing token on slot 0
[12:03:12.948] [SEVERE ] removing player 2 token from slot 0
[12:03:12.948] [SEVERE ] player 2 placing token on slot 0
[12:03:12.948] [SEVERE ] removing player 2 token from slot 0
[12:03:12.949] [SEVERE ] player 2 placing token on slot 0
[12:03:12.949] [SEVERE ] removing player 2 token from slot 0
[12:03:12.949] [SEVERE ] player 2 placing token on slot 0
[12:03:12.949] [SEVERE ] removing player 2 token from slot 0
[12:03:12.951] [SEVERE ] player 3 placing token on slot 0
[12:03:12.951] [SEVERE ] player 2 placing token on slot 0
[12:03:12.951] [SEVERE ] removing player 3 token from slot 0
[12:03:12.952] [SEVERE ] removing player 2 token from slot 0
[12:03:12.952] [SEVERE ] player 2 placing token on slot 0
[12:03:12.952] [SEVERE ] removing player 2 token from slot 0
[12:03:12.952] [SEVERE ] player 2 placing token on slot 0
[12:03:12.953] [SEVERE ] player 3 placing token on slot 0
[12:03:12.953] [SEVERE ] removing player 2 token from slot 0
[12:03:12.953] [SEVERE ] player 2 placing token on slot 0
[12:03:12.953] [SEVERE ] removing player 2 token from slot 0
[12:03:12.953] [SEVERE ] player 2 placing token on slot 0
[12:03:12.955] [SEVERE ] removing player 2 token from slot 0
[12:03:12.955] [SEVERE ] player 2 placing token on slot 0
[12:03:12.955] [SEVERE ] removing player 2 token from slot 0
[12:03:12.956] [SEVERE ] player 2 placing token on slot 0
[12:03:12.956] [SEVERE ] removing player 2 token from slot 0
[12:03:12.956] [SEVERE ] player 2 placing token on slot 0
[12:03:12.957] [SEVERE ] removing player 2 token from slot 0
[12:03:12.957] [SEVERE ] player 2 placing token on slot 0
[12:03:12.957] [SEVERE ] removing player 2 token from slot 0
[12:03:12.957] [SEVERE ] player 2 placing token on slot 0
[12:03:12.958] [SEVERE ] removing player 2 token from slot 0
[12:03:12.958] [SEVERE ] player 2 placing token on slot 0
[12:03:12.958] [SEVERE ] removing player 2 token from slot 0
[12:03:12.958] [SEVERE ] player 2 placing token on slot 0
[12:03:12.958] [SEVERE ] removing player 2 token from slot 0
[12:03:12.959] [SEVERE ] player 2 placing token on slot 0
[12:03:12.959] [SEVERE ] removing player 2 token from slot 0
[12:03:12.959] [SEVERE ] player 2 placing token on slot 0
[12:03:12.960] [SEVERE ] removing player 2 token from slot 0
[12:03:12.961] [SEVERE ] player 2 placing token on slot 0
[12:03:12.961] [SEVERE ] removing player 2 token from slot 0
[12:03:12.962] [SEVERE ] player 2 placing token on slot 0
[12:03:12.962] [SEVERE ] removing player 2 token from slot 0
[12:03:12.962] [SEVERE ] player 2 placing token on slot 0
[12:03:12.963] [SEVERE ] removing player 2 token from slot 0
[12:03:12.963] [SEVERE ] player 2 placing token on slot 0
[12:03:12.963] [SEVERE ] removing player 2 token from slot 0
[12:03:12.963] [SEVERE ] player 2 placing token on slot 0
[12:03:12.963] [SEVERE ] removing player 2 token from slot 0
[12:03:12.964] [SEVERE ] player 2 placing token on slot 0
[12:03:12.964] [SEVERE ] removing player 2 token from slot 0
[12:03:12.964] [SEVERE ] player 2 placing token on slot 0
[12:03:12.964] [SEVERE ] removing player 2 token from slot 0
[12:03:12.965] [SEVERE ] player 2 placing token on slot 0
[12:03:12.965] [SEVERE ] removing player 2 token from slot 0
[12:03:12.965] [SEVERE ] player 2 placing token on slot 0
[12:03:12.966] [SEVERE ] removing player 2 token from slot 0
[12:03:12.966] [SEVERE ] player 2 placing token on slot 0
[12:03:12.966] [SEVERE ] removing player 2 token from slot 0
[12:03:12.966] [SEVERE ] player 2 placing token on slot 0
[12:03:12.967] [SEVERE ] removing player 2 token from slot 0
[12:03:12.967] [SEVERE ] player 2 placing token on slot 0
[12:03:12.967] [SEVERE ] removing player 2 token from slot 0
[12:03:12.967] [SEVERE ] player 2 placing token on slot 0
[12:03:12.968] [SEVERE ] removing player 2 token from slot 0
[12:03:12.968] [SEVERE ] player 2 placing token on slot 0
[12:03:12.968] [SEVERE ] removing player 2 token from slot 0
[12:03:12.968] [SEVERE ] player 2 placing token on slot 0
[12:03:12.969] [SEVERE ] removing player 2 token from slot 0
[12:03:12.969] [SEVERE ] player 2 placing token on slot 0
[12:03:12.969] [SEVERE ] removing player 2 token from slot 0
[12:03:12.969] [SEVERE ] player 2 placing token on slot 0
[12:03:12.970] [SEVERE ] removing player 2 token from slot 0
[12:03:12.970] [SEVERE ] player 2 placing token on slot 0
[12:03:12.970] [SEVERE ] removing player 2 token from slot 0
[12:03:12.970] [SEVERE ] player 2 placing token on slot 0
[12:03:12.971] [SEVERE ] removing player 2 token from slot 0
[12:03:12.971] [SEVERE ] player 2 placing token on slot 0
[12:03:12.971] [SEVERE ] removing player 2 token from slot 0
[12:03:12.972] [SEVERE ] player 2 placing token on slot 0
[12:03:12.972] [SEVERE ] removing player 2 token from slot 0
[12:03:12.972] [SEVERE ] player 2 placing token on slot 0
[12:03:12.972] [SEVERE ] removing player 2 token from slot 0
[12:03:12.973] [SEVERE ] player 2 placing token on slot 0
[12:03:12.973] [SEVERE ] removing player 2 token from slot 0
[12:03:12.974] [SEVERE ] player 2 placing token on slot 0
[12:03:12.974] [SEVERE ] removing player 2 token from slot 0
[12:03:12.974] [SEVERE ] player 2 placing token on slot 0
[12:03:12.974] [SEVERE ] removing player 2 token from slot 0
[12:03:12.975] [SEVERE ] player 2 placing token on slot 0
[12:03:12.975] [SEVERE ] removing player 2 token from slot 0
[12:03:12.975] [SEVERE ] player 2 placing token on slot 0
[12:03:12.975] [SEVERE ] removing player 2 token from slot 0
[12:03:12.976] [SEVERE ] player 2 placing token on slot 0
[12:03:12.976] [SEVERE ] removing player 2 token from slot 0
[12:03:12.976] [SEVERE ] player 2 placing token on slot 0
[12:03:12.976] [SEVERE ] removing player 2 token from slot 0
[12:03:12.976] [SEVERE ] player 2 placing token on slot 0
[12:03:12.978] [SEVERE ] removing player 2 token from slot 0
[12:03:12.979] [SEVERE ] player 2 placing token on slot 0
[12:03:12.979] [SEVERE ] removing player 2 token from slot 0
[12:03:12.979] [SEVERE ] player 2 placing token on slot 0
[12:03:12.980] [SEVERE ] removing player 2 token from slot 0
[12:03:12.984] [SEVERE ] removing player 3 token from slot 0
[12:03:12.984] [SEVERE ] player 3 placing token on slot 0
[12:03:12.985] [SEVERE ] removing player 3 token from slot 0
[12:03:12.985] [SEVERE ] player 3 placing token on slot 0
[12:03:12.985] [SEVERE ] removing player 3 token from slot 0
[12:03:12.985] [SEVERE ] player 3 placing token on slot 0
[12:03:12.988] [SEVERE ] removing player 3 token from slot 0
[12:03:12.990] [SEVERE ] player 3 placing token on slot 0
[12:03:12.991] [SEVERE ] removing player 3 token from slot 0
[12:03:12.995] [SEVERE ] player 3 placing token on slot 0
[12:03:12.995] [SEVERE ] player 2 placing token on slot 0
[12:03:13.000] [SEVERE ] removing player 3 token from slot 0
[12:03:13.000] [SEVERE ] removing player 2 token from slot 0
[12:03:13.000] [SEVERE ] player 3 placing token on slot 0
[12:03:13.001] [SEVERE ] removing player 3 token from slot 0
[12:03:13.001] [SEVERE ] player 3 placing token on slot 0
[12:03:13.001] [SEVERE ] removing player 3 token from slot 0
[12:03:13.001] [SEVERE ] player 3 placing token on slot 0
[12:03:13.001] [SEVERE ] removing player 3 token from slot 0
[12:03:13.001] [SEVERE ] player 3 placing token on slot 0
[12:03:13.001] [SEVERE ] removing player 3 token from slot 0
[12:03:13.002] [SEVERE ] player 3 placing token on slot 0
[12:03:13.002] [SEVERE ] removing player 3 token from slot 0
[12:03:13.002] [SEVERE ] player 3 placing token on slot 0
[12:03:13.002] [SEVERE ] removing player 3 token from slot 0
[12:03:13.002] [SEVERE ] player 2 placing token on slot 0
[12:03:13.002] [SEVERE ] player 3 placing token on slot 0
[12:03:13.002] [SEVERE ] removing player 3 token from slot 0
[12:03:13.002] [SEVERE ] player 3 placing token on slot 0
[12:03:13.003] [SEVERE ] removing player 3 token from slot 0
[12:03:13.003] [SEVERE ] player 3 placing token on slot 0
[12:03:13.006] [SEVERE ] removing player 3 token from slot 0
[12:03:13.006] [SEVERE ] removing player 2 token from slot 0
[12:03:13.006] [SEVERE ] player 3 placing token on slot 0
[12:03:13.006] [SEVERE ] player 2 placing token on slot 0
[12:03:13.006] [SEVERE ] removing player 3 token from slot 0
[12:03:13.006] [SEVERE ] player 3 placing token on slot 0
[12:03:13.007] [SEVERE ] removing player 3 token from slot 0
[12:03:13.007] [SEVERE ] player 3 placing token on slot 0
[12:03:13.007] [SEVERE ] removing player 3 token from slot 0
[12:03:13.007] [SEVERE ] removing player 2 token from slot 0
[12:03:13.009] [SEVERE ] player 3 placing token on slot 0
[12:03:13.009] [SEVERE ] removing player 3 token from slot 0
[12:03:13.012] [SEVERE ] player 3 placing token on slot 0
[12:03:13.012] [SEVERE ] removing player 3 token from slot 0
[12:03:13.013] [SEVERE ] player 3 placing token on slot 0
[12:03:13.013] [SEVERE ] removing player 3 token from slot 0
[12:03:13.013] [SEVERE ] player 3 placing token on slot 0
[12:03:13.013] [SEVERE ] removing player 3 token from slot 0
[12:03:13.013] [SEVERE ] player 3 placing token on slot 0
[12:03:13.013] [SEVERE ] removing player 3 token from slot 0
[12:03:13.014] [SEVERE ] player 3 placing token on slot 0
[12:03:13.014] [SEVERE ] removing player 3 token from slot 0
[12:03:13.014] [SEVERE ] player 3 placing token on slot 0
[12:03:13.014] [SEVERE ] removing player 3 token from slot 0
[12:03:13.014] [SEVERE ] player 3 placing token on slot 0
[12:03:13.014] [SEVERE ] removing player 3 token from slot 0
[12:03:13.018] [SEVERE ] player 3 placing token on slot 0
[12:03:13.018] [SEVERE ] player 2 placing token on slot 0
[12:03:13.019] [SEVERE ] removing player 3 token from slot 0
[12:03:13.020] [SEVERE ] player 3 placing token on slot 0
[12:03:13.020] [SEVERE ] removing player 3 token from slot 0
[12:03:13.020] [SEVERE ] player 3 placing token on slot 0
[12:03:13.020] [SEVERE ] removing player 3 token from slot 0
[12:03:13.020] [SEVERE ] player 3 placing token on slot 0
[12:03:13.021] [SEVERE ] removing player 3 token from slot 0
[12:03:13.021] [SEVERE ] player 3 placing token on slot 0
[12:03:13.021] [SEVERE ] removing player 3 token from slot 0
[12:03:13.025] [SEVERE ] removing player 2 token from slot 0
[12:03:13.025] [SEVERE ] player 3 placing token on slot 0
[12:03:13.026] [SEVERE ] removing player 3 token from slot 0
[12:03:13.026] [SEVERE ] player 3 placing token on slot 0
[12:03:13.026] [SEVERE ] removing player 3 token from slot 0
[12:03:13.026] [SEVERE ] player 3 placing token on slot 0
[12:03:13.026] [SEVERE ] removing player 3 token from slot 0
[12:03:13.028] [SEVERE ] player 3 placing token on slot 0
[12:03:13.028] [SEVERE ] removing player 3 token from slot 0
[12:03:13.028] [SEVERE ] player 3 placing token on slot 0
[12:03:13.030] [SEVERE ] removing player 3 token from slot 0
[12:03:13.031] [SEVERE ] player 3 placing token on slot 0
[12:03:13.031] [SEVERE ] removing player 3 token from slot 0
[12:03:13.031] [SEVERE ] player 3 placing token on slot 0
[12:03:13.031] [SEVERE ] removing player 3 token from slot 0
[12:03:13.031] [SEVERE ] player 3 placing token on slot 0
[12:03:13.031] [SEVERE ] removing player 3 token from slot 0
[12:03:13.035] [SEVERE ] player 3 placing token on slot 0
[12:03:13.036] [SEVERE ] removing player 3 token from slot 0
[12:03:13.037] [SEVERE ] player 3 placing token on slot 0
[12:03:13.037] [SEVERE ] removing player 3 token from slot 0
[12:03:13.037] [SEVERE ] player 3 placing token on slot 0
[12:03:13.037] [SEVERE ] removing player 3 token from slot 0
[12:03:13.037] [SEVERE ] player 3 placing token on slot 0
[12:03:13.037] [SEVERE ] removing player 3 token from slot 0
[12:03:13.038] [SEVERE ] player 3 placing token on slot 1
[12:03:13.038] [SEVERE ] player 3 placing token on slot 0
[12:03:13.038] [SEVERE ] removing player 3 token from slot 1
[12:03:13.039] [SEVERE ] removing player 3 token from slot 0
[12:03:13.039] [SEVERE ] player 3 placing token on slot 1
[12:03:13.039] [SEVERE ] removing player 3 token from slot 1
[12:03:13.039] [SEVERE ] player 3 placing token on slot 0
[12:03:13.035] [SEVERE ] player 2 placing token on slot 0
[12:03:13.038] [SEVERE ] placing card 46 in slot 1
[12:03:13.049] [SEVERE ] removing player 3 token from slot 0
[12:03:13.050] [SEVERE ] player 3 placing token on slot 1
[12:03:13.050] [SEVERE ] player 2 placing token on slot 1
[12:03:13.050] [SEVERE ] player 3 placing token on slot 0
[12:03:13.050] [SEVERE ] removing player 2 token from slot 1
[12:03:13.050] [SEVERE ] removing player 3 token from slot 1
[12:03:13.050] [SEVERE ] player 2 placing token on slot 1
[12:03:13.050] [SEVERE ] player 3 placing token on slot 1
[12:03:13.050] [SEVERE ] removing player 3 token from slot 1
[12:03:13.051] [SEVERE ] removing player 3 token from slot 0
[12:03:13.051] [SEVERE ] player 3 placing token on slot 1
[12:03:13.051] [SEVERE ] player 3 placing token on slot 0
[12:03:13.051] [SEVERE ] removing player 3 token from slot 1
[12:03:13.051] [SEVERE ] removing player 3 token from slot 0
[12:03:13.051] [SEVERE ] player 3 placing token on slot 0
[12:03:13.051] [SEVERE ] player 3 placing token on slot 1
[12:03:13.051] [SEVERE ] removing player 3 token from slot 0
[12:03:13.051] [SEVERE ] player 3 placing token on slot 0
[12:03:13.051] [SEVERE ] removing player 3 token from slot 0
[12:03:13.051] [SEVERE ] player 3 placing token on slot 0
[12:03:13.052] [SEVERE ] removing player 3 token from slot 1
[12:03:13.052] [SEVERE ] player 3 placing token on slot 1
[12:03:13.052] [SEVERE ] removing player 3 token from slot 1
[12:03:13.052] [SEVERE ] removing player 3 token from slot 0
[12:03:13.052] [SEVERE ] player 3 placing token on slot 0
[12:03:13.052] [SEVERE ] player 3 placing token on slot 1
[12:03:13.052] [SEVERE ] removing player 3 token from slot 1
[12:03:13.052] [SEVERE ] player 3 placing token on slot 1
[12:03:13.056] [SEVERE ] removing player 3 token from slot 1
[12:03:13.056] [SEVERE ] removing player 2 token from slot 0
[12:03:13.057] [SEVERE ] player 3 placing token on slot 1
[12:03:13.057] [SEVERE ] removing player 3 token from slot 1
[12:03:13.057] [SEVERE ] player 3 placing token on slot 1
[12:03:13.057] [SEVERE ] removing player 3 token from slot 1
[12:03:13.057] [SEVERE ] player 3 placing token on slot 1
[12:03:13.057] [SEVERE ] removing player 3 token from slot 1
[12:03:13.057] [SEVERE ] removing player 3 token from slot 0
[12:03:13.057] [SEVERE ] player 3 placing token on slot 1
[12:03:13.057] [SEVERE ] removing player 3 token from slot 1
[12:03:13.058] [SEVERE ] player 3 placing token on slot 1
[12:03:13.058] [SEVERE ] removing player 3 token from slot 1
[12:03:13.058] [SEVERE ] player 3 placing token on slot 1
[12:03:13.058] [SEVERE ] player 3 placing token on slot 0
[12:03:13.066] [SEVERE ] removing player 2 token from slot 1
[12:03:13.066] [SEVERE ] removing player 3 token from slot 1
[12:03:13.066] [SEVERE ] removing player 3 token from slot 0
[12:03:13.066] [SEVERE ] player 3 placing token on slot 1
[12:03:13.066] [SEVERE ] player 3 placing token on slot 0
[12:03:13.066] [SEVERE ] removing player 3 token from slot 1
[12:03:13.066] [SEVERE ] removing player 3 token from slot 0
[12:03:13.066] [SEVERE ] player 3 placing token on slot 0
[12:03:13.066] [SEVERE ] removing player 3 token from slot 0
[12:03:13.067] [SEVERE ] player 3 placing token on slot 1
[12:03:13.067] [SEVERE ] removing player 3 token from slot 1
[12:03:13.067] [SEVERE ] player 3 placing token on slot 0
[12:03:13.067] [SEVERE ] removing player 3 token from slot 0
[12:03:13.067] [SEVERE ] player 3 placing token on slot 0
[12:03:13.067] [SEVERE ] player 3 placing token on slot 1
[12:03:13.067] [SEVERE ] removing player 3 token from slot 0
[12:03:13.067] [SEVERE ] player 3 placing token on slot 0
[12:03:13.067] [SEVERE ] removing player 3 token from slot 0
[12:03:13.067] [SEVERE ] player 3 placing token on slot 0
[12:03:13.068] [SEVERE ] removing player 3 token from slot 0
[12:03:13.068] [SEVERE ] removing player 3 token from slot 1
[12:03:13.068] [SEVERE ] player 3 placing token on slot 1
[12:03:13.068] [SEVERE ] player 3 placing token on slot 0
[12:03:13.068] [SEVERE ] removing player 3 token from slot 1
[12:03:13.068] [SEVERE ] player 3 placing token on slot 1
[12:03:13.068] [SEVERE ] removing player 3 token from slot 1
[12:03:13.074] [SEVERE ] player 3 placing token on slot 1
[12:03:13.074] [SEVERE ] removing player 3 token from slot 0
[12:03:13.075] [SEVERE ] removing player 3 token from slot 1
[12:03:13.075] [SEVERE ] player 3 placing token on slot 1
[12:03:13.075] [SEVERE ] removing player 3 token from slot 1
[12:03:13.075] [SEVERE ] player 3 placing token on slot 0
[12:03:13.075] [SEVERE ] player 3 placing token on slot 1
[12:03:13.075] [SEVERE ] removing player 3 token from slot 1
[12:03:13.075] [SEVERE ] player 3 placing token on slot 1
[12:03:13.075] [SEVERE ] removing player 3 token from slot 0
[12:03:13.075] [SEVERE ] player 3 placing token on slot 0
[12:03:13.075] [SEVERE ] removing player 3 token from slot 1
[12:03:13.075] [SEVERE ] player 3 placing token on slot 1
[12:03:13.075] [SEVERE ] removing player 3 token from slot 0
[12:03:13.080] [SEVERE ] player 2 placing token on slot 0
[12:03:13.084] [SEVERE ] removing player 2 token from slot 0
[12:03:13.084] [SEVERE ] player 2 placing token on slot 0
[12:03:13.084] [SEVERE ] player 2 placing token on slot 1
[12:03:13.084] [SEVERE ] removing player 2 token from slot 1
[12:03:13.084] [SEVERE ] player 2 placing token on slot 1
[12:03:13.088] [SEVERE ] removing player 2 token from slot 1
[12:03:13.089] [SEVERE ] player 3 placing token on slot 0
[12:03:13.089] [SEVERE ] removing player 2 token from slot 0
[12:03:13.090] [SEVERE ] player 2 placing token on slot 0
[12:03:13.091] [SEVERE ] removing player 2 token from slot 0
[12:03:13.091] [SEVERE ] player 2 placing token on slot 1
[12:03:13.091] [SEVERE ] player 2 placing token on slot 0
[12:03:13.091] [SEVERE ] removing player 2 token from slot 0
[12:03:13.091] [SEVERE ] player 2 placing token on slot 0
[12:03:13.091] [SEVERE ] removing player 2 token from slot 0
[12:03:13.091] [SEVERE ] removing player 2 token from slot 1
[12:03:13.091] [SEVERE ] player 2 placing token on slot 1
[12:03:13.091] [SEVERE ] player 2 placing token on slot 0
[12:03:13.091] [SEVERE ] removing player 2 token from slot 0
[12:03:13.091] [SEVERE ] player 2 placing token on slot 0
[12:03:13.091] [SEVERE ] removing player 2 token from slot 1
[12:03:13.092] [SEVERE ] removing player 2 token from slot 0
[12:03:13.094] [SEVERE ] player 2 placing token on slot 1
[12:03:13.094] [SEVERE ] removing player 2 token from slot 1
[12:03:13.094] [SEVERE ] player 2 placing token on slot 0
[12:03:13.094] [SEVERE ] player 2 placing token on slot 1
[12:03:13.094] [SEVERE ] removing player 2 token from slot 1
[12:03:13.095] [SEVERE ] player 2 placing token on slot 1
[12:03:13.095] [SEVERE ] removing player 2 token from slot 1
[12:03:13.095] [SEVERE ] removing player 2 token from slot 0
[12:03:13.095] [SEVERE ] player 2 placing token on slot 1
[12:03:13.095] [SEVERE ] removing player 2 token from slot 1
[12:03:13.095] [SEVERE ] player 2 placing token on slot 0
[12:03:13.095] [SEVERE ] removing player 2 token from slot 0
[12:03:13.095] [SEVERE ] player 2 placing token on slot 0
[12:03:13.095] [SEVERE ] player 2 placing token on slot 1
[12:03:13.097] [SEVERE ] removing player 2 token from slot 0
[12:03:13.097] [SEVERE ] player 2 placing token on slot 0
[12:03:13.097] [SEVERE ] removing player 2 token from slot 1
[12:03:13.097] [SEVERE ] player 2 placing token on slot 1
[12:03:13.097] [SEVERE ] removing player 2 token from slot 0
[12:03:13.097] [SEVERE ] removing player 2 token from slot 1
[12:03:13.097] [SEVERE ] player 2 placing token on slot 0
[12:03:13.098] [SEVERE ] removing player 2 token from slot 0
[12:03:13.098] [SEVERE ] player 2 placing token on slot 1
[12:03:13.098] [SEVERE ] removing player 2 token from slot 1
[12:03:13.098] [SEVERE ] player 2 placing token on slot 1
[12:03:13.098] [SEVERE ] player 2 placing token on slot 0
[12:03:13.098] [SEVERE ] removing player 2 token from slot 0
[12:03:13.098] [SEVERE ] player 2 placing token on slot 0
[12:03:13.098] [SEVERE ] removing player 2 token from slot 0
[12:03:13.098] [SEVERE ] player 2 placing token on slot 0
[12:03:13.098] [SEVERE ] removing player 2 token from slot 1
[12:03:13.098] [SEVERE ] removing player 2 token from slot 0
[12:03:13.098] [SEVERE ] player 2 placing token on slot 1
[12:03:13.103] [SEVERE ] removing player 2 token from slot 1
[12:03:13.103] [SEVERE ] removing player 3 token from slot 0
[12:03:13.103] [SEVERE ] player 2 placing token on slot 0
[12:03:13.103] [SEVERE ] player 2 placing token on slot 1
[12:03:13.104] [SEVERE ] removing player 2 token from slot 0
[12:03:13.104] [SEVERE ] player 2 placing token on slot 0
[12:03:13.104] [SEVERE ] removing player 2 token from slot 0
[12:03:13.104] [SEVERE ] player 2 placing token on slot 0
[12:03:13.104] [SEVERE ] removing player 2 token from slot 0
[12:03:13.104] [SEVERE ] player 2 placing token on slot 0
[12:03:13.104] [SEVERE ] removing player 2 token from slot 1
[12:03:13.104] [SEVERE ] removing player 2 token from slot 0
[12:03:13.104] [SEVERE ] player 2 placing token on slot 1
[12:03:13.104] [SEVERE ] removing player 2 token from slot 1
[12:03:13.104] [SEVERE ] player 2 placing token on slot 0
[12:03:13.104] [SEVERE ] player 2 placing token on slot 1
[12:03:13.104] [SEVERE ] removing player 2 token from slot 0
[12:03:13.104] [SEVERE ] removing player 2 token from slot 1
[12:03:13.105] [SEVERE ] player 2 placing token on slot 1
[12:03:13.105] [SEVERE ] removing player 2 token from slot 1
[12:03:13.105] [SEVERE ] player 2 placing token on slot 1
[12:03:13.105] [SEVERE ] player 2 placing token on slot 0
[12:03:13.112] [SEVERE ] removing player 2 token from slot 0
[12:03:13.112] [SEVERE ] player 3 placing token on slot 0
[12:03:13.112] [SEVERE ] player 2 placing token on slot 0
[12:03:13.113] [SEVERE ] removing player 2 token from slot 1
[12:03:13.113] [SEVERE ] removing player 2 token from slot 0
[12:03:13.113] [SEVERE ] player 2 placing token on slot 1
[12:03:13.113] [SEVERE ] removing player 2 token from slot 1
[12:03:13.113] [SEVERE ] player 2 placing token on slot 0
[12:03:13.113] [SEVERE ] removing player 2 token from slot 0
[12:03:13.113] [SEVERE ] player 2 placing token on slot 0
[12:03:13.114] [SEVERE ] player 2 placing token on slot 1
[12:03:13.114] [SEVERE ] removing player 3 token from slot 1
[12:03:13.114] [SEVERE ] removing player 2 token from slot 0
[12:03:13.114] [SEVERE ] player 2 placing token on slot 0
[12:03:13.114] [SEVERE ] removing player 2 token from slot 0
[12:03:13.114] [SEVERE ] removing player 2 token from slot 1
[12:03:13.114] [SEVERE ] player 2 placing token on slot 0
[12:03:13.115] [SEVERE ] removing player 2 token from slot 0
[12:03:13.115] [SEVERE ] player 2 placing token on slot 1
[12:03:13.115] [SEVERE ] player 2 placing token on slot 0
[12:03:13.116] [SEVERE ] removing player 2 token from slot 1
[12:03:13.116] [SEVERE ] removing player 3 token from slot 0
[12:03:13.117] [SEVERE ] player 2 placing token on slot 1
[12:03:13.117] [SEVERE ] removing player 2 token from slot 1
[12:03:13.117] [SEVERE ] removing player 2 token from slot 0
[12:03:13.118] [SEVERE ] player 2 placing token on slot 1
[12:03:13.118] [SEVERE ] player 3 placing token on slot 1
[12:03:13.118] [SEVERE ] player 2 placing token on slot 0
[12:03:13.119] [SEVERE ] removing player 2 token from slot 0
[12:03:13.119] [SEVERE ] player 2 placing token on slot 0
[12:03:13.119] [SEVERE ] removing player 2 token from slot 0
[12:03:13.119] [SEVERE ] removing player 2 token from slot 1
[12:03:13.119] [SEVERE ] player 2 placing token on slot 0
[12:03:13.119] [SEVERE ] removing player 2 token from slot 0
[12:03:13.119] [SEVERE ] player 2 placing token on slot 0
[12:03:13.119] [SEVERE ] removing player 2 token from slot 0
[12:03:13.119] [SEVERE ] player 2 placing token on slot 0
[12:03:13.120] [SEVERE ] removing player 2 token from slot 0
[12:03:13.120] [SEVERE ] player 2 placing token on slot 0
[12:03:13.120] [SEVERE ] player 2 placing token on slot 1
[12:03:13.120] [SEVERE ] removing player 2 token from slot 0
[12:03:13.120] [SEVERE ] removing player 2 token from slot 1
[12:03:13.120] [SEVERE ] player 3 placing token on slot 0
[12:03:13.121] [SEVERE ] player 2 placing token on slot 0
[12:03:13.121] [SEVERE ] removing player 3 token from slot 1
[12:03:13.121] [SEVERE ] player 2 placing token on slot 1
[12:03:13.121] [SEVERE ] removing player 3 token from slot 0
[12:03:13.121] [SEVERE ] removing player 2 token from slot 1
[12:03:13.121] [SEVERE ] player 3 placing token on slot 1
[12:03:13.121] [SEVERE ] player 2 placing token on slot 1
[12:03:13.121] [SEVERE ] removing player 3 token from slot 1
[12:03:13.121] [SEVERE ] removing player 2 token from slot 0
[12:03:13.121] [SEVERE ] player 3 placing token on slot 1
[12:03:13.121] [SEVERE ] player 2 placing token on slot 0
[12:03:13.121] [SEVERE ] removing player 2 token from slot 0
[12:03:13.121] [SEVERE ] removing player 3 token from slot 1
[12:03:13.122] [SEVERE ] player 2 placing token on slot 0
[12:03:13.122] [SEVERE ] removing player 2 token from slot 1
[12:03:13.122] [SEVERE ] player 2 placing token on slot 1
[12:03:13.122] [SEVERE ] removing player 2 token from slot 0
[12:03:13.122] [SEVERE ] removing player 2 token from slot 1
[12:03:13.122] [SEVERE ] player 2 placing token on slot 0
[12:03:13.122] [SEVERE ] player 2 placing token on slot 1
[12:03:13.122] [SEVERE ] removing player 2 token from slot 1
[12:03:13.122] [SEVERE ] removing player 2 token from slot 0
[12:03:13.122] [SEVERE ] player 2 placing token on slot 1
[12:03:13.124] [SEVERE ] removing player 2 token from slot 1
[12:03:13.124] [SEVERE ] player 2 placing token on slot 1
[12:03:13.128] [SEVERE ] removing player 2 token from slot 1
[12:03:13.128] [SEVERE ] player 2 placing token on slot 0
[12:03:13.128] [SEVERE ] removing player 2 token from slot 0
[12:03:13.128] [SEVERE ] player 2 placing token on slot 0
[12:03:13.128] [SEVERE ] removing player 2 token from slot 0
[12:03:13.128] [SEVERE ] player 2 placing token on slot 1
[12:03:13.128] [SEVERE ] player 2 placing token on slot 0
[12:03:13.128] [SEVERE ] removing player 2 token from slot 0
[12:03:13.129] [SEVERE ] player 2 placing token on slot 0
[12:03:13.129] [SEVERE ] removing player 2 token from slot 1
[12:03:13.129] [SEVERE ] player 2 placing token on slot 1
[12:03:13.129] [SEVERE ] removing player 2 token from slot 0
[12:03:13.129] [SEVERE ] player 2 placing token on slot 0
[12:03:13.129] [SEVERE ] removing player 2 token from slot 0
[12:03:13.129] [SEVERE ] removing player 2 token from slot 1
[12:03:13.129] [SEVERE ] player 3 placing token on slot 0
[12:03:13.129] [SEVERE ] player 2 placing token on slot 0
[12:03:13.133] [SEVERE ] removing player 2 token from slot 0
[12:03:13.133] [SEVERE ] player 2 placing token on slot 1
[12:03:13.133] [SEVERE ] player 2 placing token on slot 0
[12:03:13.133] [SEVERE ] removing player 2 token from slot 1
[12:03:13.134] [SEVERE ] removing player 2 token from slot 0
[12:03:13.134] [SEVERE ] player 2 placing token on slot 0
[12:03:13.134] [SEVERE ] removing player 2 token from slot 0
[12:03:13.134] [SEVERE ] player 2 placing token on slot 1
[12:03:13.134] [SEVERE ] removing player 2 token from slot 1
[12:03:13.134] [SEVERE ] player 2 placing token on slot 1
[12:03:13.134] [SEVERE ] removing player 2 token from slot 1
[12:03:13.134] [SEVERE ] player 2 placing token on slot 1
[12:03:13.134] [SEVERE ] player 2 placing token on slot 0
[12:03:13.134] [SEVERE ] removing player 2 token from slot 1
[12:03:13.134] [SEVERE ] player 2 placing token on slot 1
[12:03:13.134] [SEVERE ] removing player 2 token from slot 1
[12:03:13.134] [SEVERE ] removing player 2 token from slot 0
[12:03:13.134] [SEVERE ] player 2 placing token on slot 1
[12:03:13.135] [SEVERE ] player 2 placing token on slot 0
[12:03:13.135] [SEVERE ] removing player 2 token from slot 0
[12:03:13.135] [SEVERE ] player 2 placing token on slot 0
[12:03:13.135] [SEVERE ] removing player 2 token from slot 0
[12:03:13.135] [SEVERE ] player 2 placing token on slot 0
[12:03:13.135] [SEVERE ] removing player 2 token from slot 0
[12:03:13.135] [SEVERE ] removing player 3 token from slot 0
[12:03:13.135] [SEVERE ] removing player 2 token from slot 1
[12:03:13.138] [SEVERE ] player 2 placing token on slot 1
[12:03:13.138] [SEVERE ] removing player 2 token from slot 1
[12:03:13.138] [SEVERE ] player 2 placing token on slot 0
[12:03:13.138] [SEVERE ] player 2 placing token on slot 1
[12:03:13.138] [SEVERE ] removing player 2 token from slot 0
[12:03:13.138] [SEVERE ] removing player 2 token from slot 1
[12:03:13.138] [SEVERE ] player 2 placing token on slot 0
[12:03:13.138] [SEVERE ] player 2 placing token on slot 1
[12:03:13.139] [SEVERE ] removing player 2 token from slot 0
[12:03:13.139] [SEVERE ] removing player 2 token from slot 1
[12:03:13.139] [SEVERE ] player 2 placing token on slot 0
[12:03:13.139] [SEVERE ] removing player 2 token from slot 0
[12:03:13.139] [SEVERE ] player 2 placing token on slot 0
[12:03:13.139] [SEVERE ] player 2 placing token on slot 1
[12:03:13.142] [SEVERE ] removing player 2 token from slot 0
[12:03:13.142] [SEVERE ] player 2 placing token on slot 0
[12:03:13.142] [SEVERE ] removing player 2 token from slot 1
[12:03:13.142] [SEVERE ] removing player 2 token from slot 0
[12:03:13.142] [SEVERE ] player 2 placing token on slot 0
[12:03:13.142] [SEVERE ] player 2 placing token on slot 1
[12:03:13.142] [SEVERE ] removing player 2 token from slot 0
[12:03:13.143] [SEVERE ] player 2 placing token on slot 0
[12:03:13.143] [SEVERE ] removing player 2 token from slot 1
[12:03:13.143] [SEVERE ] player 2 placing token on slot 1
[12:03:13.143] [SEVERE ] removing player 2 token from slot 0
[12:03:13.143] [SEVERE ] player 2 placing token on slot 0
[12:03:13.143] [SEVERE ] removing player 2 token from slot 0
[12:03:13.143] [SEVERE ] removing player 2 token from slot 1
[12:03:13.143] [SEVERE ] player 2 placing token on slot 1
[12:03:13.143] [SEVERE ] player 2 placing token on slot 0
[12:03:13.143] [SEVERE ] removing player 2 token from slot 1
[12:03:13.144] [SEVERE ] player 2 placing token on slot 1
[12:03:13.145] [SEVERE ] removing player 2 token from slot 0
[12:03:13.145] [SEVERE ] player 2 placing token on slot 0
[12:03:13.145] [SEVERE ] removing player 2 token from slot 1
[12:03:13.145] [SEVERE ] player 2 placing token on slot 1
[12:03:13.145] [SEVERE ] removing player 2 token from slot 1
[12:03:13.145] [SEVERE ] removing player 2 token from slot 0
[12:03:13.145] [SEVERE ] player 2 placing token on slot 1
[12:03:13.145] [SEVERE ] removing player 2 token from slot 1
[12:03:13.145] [SEVERE ] player 2 placing token on slot 0
[12:03:13.145] [SEVERE ] player 2 placing token on slot 1
[12:03:13.145] [SEVERE ] removing player 2 token from slot 1
[12:03:13.145] [SEVERE ] player 2 placing token on slot 1
[12:03:13.146] [SEVERE ] removing player 2 token from slot 1
[12:03:13.146] [SEVERE ] player 2 placing token on slot 1
[12:03:13.146] [SEVERE ] removing player 2 token from slot 0
[12:03:13.146] [SEVERE ] player 3 placing token on slot 1
[12:03:13.149] [SEVERE ] placing card 5 in slot 2
[12:03:13.232] [SEVERE ] player 2 placing token on slot 0
[12:03:13.232] [SEVERE ] player 3 placing token on slot 0
[12:03:13.233] [SEVERE ] removing player 2 token from slot 0
[12:03:13.233] [SEVERE ] player 2 placing token on slot 0
[12:03:13.233] [SEVERE ] removing player 2 token from slot 1
[12:03:13.233] [SEVERE ] player 2 placing token on slot 2
[12:03:13.233] [SEVERE ] removing player 2 token from slot 2
[12:03:13.234] [SEVERE ] removing player 2 token from slot 0
[12:03:13.235] [SEVERE ] player 2 placing token on slot 1
[12:03:13.235] [SEVERE ] removing player 2 token from slot 1
[12:03:13.235] [SEVERE ] player 2 placing token on slot 2
[12:03:13.235] [SEVERE ] player 2 placing token on slot 1
[12:03:13.235] [SEVERE ] player 2 placing token on slot 0
[12:03:13.235] [SEVERE ] removing player 3 token from slot 1
[12:03:13.240] [SEVERE ] player 3 placing token on slot 1
[12:03:13.240] [SEVERE ] removing player 3 token from slot 0
[12:03:13.240] [SEVERE ] player 3 placing token on slot 0
[12:03:13.240] [SEVERE ] removing player 3 token from slot 0
[12:03:13.240] [SEVERE ] player 3 placing token on slot 2
[12:03:13.241] [SEVERE ] player 3 placing token on slot 0
[12:03:13.251] [SEVERE ] placing card 56 in slot 3
[12:03:13.355] [SEVERE ] placing card 76 in slot 4
[12:03:13.464] [SEVERE ] placing card 37 in slot 5
[12:03:13.576] [SEVERE ] placing card 63 in slot 6
[12:03:13.687] [SEVERE ] placing card 33 in slot 7
[12:03:13.799] [SEVERE ] placing card 59 in slot 8
[12:03:13.909] [SEVERE ] placing card 78 in slot 9
[12:03:14.021] [SEVERE ] placing card 4 in slot 10
[12:03:14.133] [SEVERE ] placing card 58 in slot 11
[12:03:14.245] [SEVERE ] updating countdown to 59888
[12:03:14.357] [SEVERE ] updating countdown to 59776
[12:03:14.469] [SEVERE ] updating countdown to 59664
[12:03:14.579] [SEVERE ] updating countdown to 59554
[12:03:14.691] [SEVERE ] updating countdown to 59442
[12:03:14.803] [SEVERE ] updating countdown to 59330
[12:03:14.915] [SEVERE ] updating countdown to 59218
[12:03:15.026] [SEVERE ] updating countdown to 59107
[12:03:15.138] [SEVERE ] updating countdown to 58995
[12:03:15.250] [SEVERE ] updating countdown to 58883
[12:03:15.362] [SEVERE ] updating countdown to 58771
[12:03:15.474] [SEVERE ] updating countdown to 58659
[12:03:15.586] [SEVERE ] updating countdown to 58547
[12:03:15.698] [SEVERE ] updating countdown to 58435
[12:03:15.810] [SEVERE ] updating countdown to 58323
[12:03:15.922] [SEVERE ] updating countdown to 58211
[12:03:16.034] [SEVERE ] updating countdown to 58099
[12:03:16.146] [SEVERE ] updating countdown to 57987
[12:03:16.258] [SEVERE ] updating countdown to 57875
[12:03:16.370] [SEVERE ] updating countdown to 57763
[12:03:16.482] [SEVERE ] updating countdown to 57651
[12:03:16.594] [SEVERE ] updating countdown to 57539
[12:03:16.706] [SEVERE ] updating countdown to 57427
[12:03:16.818] [SEVERE ] updating countdown to 57315
[12:03:16.930] [SEVERE ] updating countdown to 57203
[12:03:17.042] [SEVERE ] updating countdown to 57091
[12:03:17.154] [SEVERE ] updating countdown to 56979
[12:03:17.266] [SEVERE ] updating countdown to 56867
[12:03:17.378] [SEVERE ] updating countdown to 56755
[12:03:17.490] [SEVERE ] updating countdown to 56643
[12:03:17.600] [SEVERE ] updating countdown to 56533
[12:03:17.711] [SEVERE ] updating countdown to 56422
[12:03:17.823] [SEVERE ] updating countdown to 56310
[12:03:17.935] [SEVERE ] updating countdown to 56198
[12:03:18.047] [SEVERE ] updating countdown to 56086
[12:03:18.159] [SEVERE ] updating countdown to 55974
[12:03:18.271] [SEVERE ] updating countdown to 55862
[12:03:18.383] [SEVERE ] updating countdown to 55750
[12:03:18.495] [SEVERE ] updating countdown to 55638
[12:03:18.607] [SEVERE ] updating countdown to 55526
[12:03:18.719] [SEVERE ] updating countdown to 55414
[12:03:18.831] [SEVERE ] updating countdown to 55302
[12:03:18.943] [SEVERE ] updating countdown to 55190
[12:03:19.055] [SEVERE ] updating countdown to 55078
[12:03:19.167] [SEVERE ] updating countdown to 54966
[12:03:19.279] [SEVERE ] updating countdown to 54854
[12:03:19.391] [SEVERE ] updating countdown to 54742
[12:03:19.503] [SEVERE ] updating countdown to 54630
[12:03:19.614] [SEVERE ] updating countdown to 54519
[12:03:19.726] [SEVERE ] updating countdown to 54407
[12:03:19.837] [SEVERE ] updating countdown to 54296
[12:03:19.947] [SEVERE ] updating countdown to 54186
[12:03:20.059] [SEVERE ] updating countdown to 54074
[12:03:20.171] [SEVERE ] updating countdown to 53962
[12:03:20.283] [SEVERE ] updating countdown to 53850
[12:03:20.395] [SEVERE ] updating countdown to 53738
[12:03:20.507] [SEVERE ] updating countdown to 53626
[12:03:20.617] [SEVERE ] updating countdown to 53516
[12:03:20.729] [SEVERE ] updating countdown to 53404
[12:03:20.841] [SEVERE ] updating countdown to 53292
[12:03:20.953] [SEVERE ] updating countdown to 53180
[12:03:21.063] [SEVERE ] updating countdown to 53070
[12:03:21.175] [SEVERE ] updating countdown to 52958
[12:03:21.287] [SEVERE ] updating countdown to 52846
[12:03:21.399] [SEVERE ] updating countdown to 52734
[12:03:21.510] [SEVERE ] updating countdown to 52623
[12:03:21.622] [SEVERE ] updating countdown to 52511
[12:03:21.734] [SEVERE ] updating countdown to 52399
[12:03:21.846] [SEVERE ] updating countdown to 52287
[12:03:21.958] [SEVERE ] updating countdown to 52175
[12:03:22.070] [SEVERE ] updating countdown to 52063
[12:03:22.182] [SEVERE ] updating countdown to 51951
[12:03:22.294] [SEVERE ] updating countdown to 51839
[12:03:22.406] [SEVERE ] updating countdown to 51727
[12:03:22.515] [SEVERE ] updating countdown to 51618
[12:03:22.627] [SEVERE ] updating countdown to 51506
[12:03:22.739] [SEVERE ] updating countdown to 51394
[12:03:22.851] [SEVERE ] updating countdown to 51282
[12:03:22.963] [SEVERE ] updating countdown to 51170
[12:03:23.075] [SEVERE ] updating countdown to 51058
[12:03:23.187] [SEVERE ] updating countdown to 50946
[12:03:23.298] [SEVERE ] updating countdown to 50835
[12:03:23.410] [SEVERE ] updating countdown to 50723
[12:03:23.522] [SEVERE ] updating countdown to 50611
[12:03:23.630] [SEVERE ] updating countdown to 50503
[12:03:23.741] [SEVERE ] updating countdown to 50392
[12:03:23.852] [SEVERE ] updating countdown to 50281
[12:03:23.961] [SEVERE ] updating countdown to 50172
[12:03:24.073] [SEVERE ] updating countdown to 50060
[12:03:24.185] [SEVERE ] updating countdown to 49948
[12:03:24.297] [SEVERE ] updating countdown to 49836
[12:03:24.409] [SEVERE ] updating countdown to 49724
[12:03:24.521] [SEVERE ] updating countdown to 49612
[12:03:24.631] [SEVERE ] updating countdown to 49502
[12:03:24.743] [SEVERE ] updating countdown to 49390
[12:03:24.855] [SEVERE ] updating countdown to 49278
[12:03:24.967] [SEVERE ] updating countdown to 49166
[12:03:25.079] [SEVERE ] updating countdown to 49054
[12:03:25.191] [SEVERE ] updating countdown to 48942
[12:03:25.303] [SEVERE ] updating countdown to 48830
[12:03:25.415] [SEVERE ] updating countdown to 48718
[12:03:25.526] [SEVERE ] updating countdown to 48607
[12:03:25.638] [SEVERE ] updating countdown to 48495
[12:03:25.750] [SEVERE ] updating countdown to 48383
[12:03:25.862] [SEVERE ] updating countdown to 48271
[12:03:25.974] [SEVERE ] updating countdown to 48159
[12:03:26.086] [SEVERE ] updating countdown to 48047
[12:03:26.198] [SEVERE ] updating countdown to 47935
[12:03:26.310] [SEVERE ] updating countdown to 47823
[12:03:26.421] [SEVERE ] removing player 2 token from slot 0
[12:03:26.421] [SEVERE ] updating countdown to 47712
[12:03:26.421] [SEVERE ] removing player 3 token from slot 2
[12:03:26.421] [SEVERE ] player 2 placing token on slot 0
[12:03:26.421] [SEVERE ] player 3 placing token on slot 2
[12:03:26.522] [SEVERE ] updating countdown to 47611
[12:03:26.629] [SEVERE ] updating countdown to 47504
[12:03:26.741] [SEVERE ] updating countdown to 47392
[12:03:26.853] [SEVERE ] updating countdown to 47280
[12:03:26.965] [SEVERE ] updating countdown to 47168
[12:03:27.077] [SEVERE ] updating countdown to 47056
[12:03:27.189] [SEVERE ] updating countdown to 46944
[12:03:27.301] [SEVERE ] updating countdown to 46832
[12:03:27.413] [SEVERE ] updating countdown to 46720
[12:03:27.525] [SEVERE ] updating countdown to 46608
[12:03:27.637] [SEVERE ] updating countdown to 46496
[12:03:27.749] [SEVERE ] updating countdown to 46384
[12:03:27.861] [SEVERE ] updating countdown to 46272
[12:03:27.973] [SEVERE ] updating countdown to 46160
[12:03:28.085] [SEVERE ] updating countdown to 46048
[12:03:28.197] [SEVERE ] updating countdown to 45936
[12:03:28.309] [SEVERE ] updating countdown to 45824
[12:03:28.421] [SEVERE ] updating countdown to 45712
[12:03:28.533] [SEVERE ] updating countdown to 45600
[12:03:28.645] [SEVERE ] updating countdown to 45488
[12:03:28.757] [SEVERE ] updating countdown to 45376
[12:03:28.869] [SEVERE ] updating countdown to 45264
[12:03:28.981] [SEVERE ] updating countdown to 45152
[12:03:29.093] [SEVERE ] updating countdown to 45040
[12:03:29.205] [SEVERE ] updating countdown to 44928
[12:03:29.317] [SEVERE ] updating countdown to 44816
[12:03:29.429] [SEVERE ] updating countdown to 44704
[12:03:29.541] [SEVERE ] updating countdown to 44592
[12:03:29.653] [SEVERE ] updating countdown to 44480
[12:03:29.765] [SEVERE ] updating countdown to 44368
[12:03:29.875] [SEVERE ] updating countdown to 44258
[12:03:29.987] [SEVERE ] updating countdown to 44146
[12:03:30.099] [SEVERE ] updating countdown to 44034
[12:03:30.211] [SEVERE ] updating countdown to 43922
[12:03:30.323] [SEVERE ] updating countdown to 43810
[12:03:30.435] [SEVERE ] updating countdown to 43698
[12:03:30.547] [SEVERE ] updating countdown to 43586
[12:03:30.659] [SEVERE ] updating countdown to 43474
[12:03:30.771] [SEVERE ] updating countdown to 43362
[12:03:30.883] [SEVERE ] updating countdown to 43250
[12:03:30.994] [SEVERE ] updating countdown to 43139
[12:03:31.106] [SEVERE ] updating countdown to 43027
[12:03:31.218] [SEVERE ] updating countdown to 42915
[12:03:31.330] [SEVERE ] updating countdown to 42803
[12:03:31.442] [SEVERE ] updating countdown to 42691
[12:03:31.554] [SEVERE ] updating countdown to 42579
[12:03:31.665] [SEVERE ] updating countdown to 42468
[12:03:31.777] [SEVERE ] updating countdown to 42356
[12:03:31.889] [SEVERE ] updating countdown to 42244
[12:03:32.001] [SEVERE ] updating countdown to 42132
[12:03:32.112] [SEVERE ] updating countdown to 42021
[12:03:32.224] [SEVERE ] updating countdown to 41909
[12:03:32.336] [SEVERE ] updating countdown to 41797
[12:03:32.446] [SEVERE ] updating countdown to 41687
[12:03:32.542] [SEVERE ] removing player 2 token from slot 1
[12:03:32.542] [SEVERE ] player 2 placing token on slot 10
[12:03:32.558] [SEVERE ] updating countdown to 41575
[12:03:32.670] [SEVERE ] updating countdown to 41463
[12:03:32.782] [SEVERE ] updating countdown to 41351
[12:03:32.894] [SEVERE ] updating countdown to 41239
[12:03:33.006] [SEVERE ] updating countdown to 41127
[12:03:33.118] [SEVERE ] updating countdown to 41015
[12:03:33.230] [SEVERE ] updating countdown to 40903
[12:03:33.342] [SEVERE ] updating countdown to 40791
[12:03:33.454] [SEVERE ] updating countdown to 40679
[12:03:33.566] [SEVERE ] updating countdown to 40567
[12:03:33.678] [SEVERE ] updating countdown to 40455
[12:03:33.790] [SEVERE ] updating countdown to 40343
[12:03:33.902] [SEVERE ] updating countdown to 40231
[12:03:34.014] [SEVERE ] updating countdown to 40119
[12:03:34.126] [SEVERE ] updating countdown to 40007
[12:03:34.238] [SEVERE ] updating countdown to 39895
[12:03:34.349] [SEVERE ] updating countdown to 39784
[12:03:34.458] [SEVERE ] updating countdown to 39675
[12:03:34.570] [SEVERE ] updating countdown to 39563
[12:03:34.680] [SEVERE ] updating countdown to 39453
[12:03:34.791] [SEVERE ] updating countdown to 39342
[12:03:34.903] [SEVERE ] updating countdown to 39230
[12:03:35.015] [SEVERE ] updating countdown to 39118
[12:03:35.127] [SEVERE ] updating countdown to 39006
[12:03:35.239] [SEVERE ] updating countdown to 38894
[12:03:35.351] [SEVERE ] updating countdown to 38782
[12:03:35.461] [SEVERE ] updating countdown to 38672
[12:03:35.573] [SEVERE ] updating countdown to 38560
[12:03:35.573] [SEVERE ] removing player 3 token from slot 2
[12:03:35.573] [SEVERE ] player 3 placing token on slot 11
[12:03:35.674] [SEVERE ] updating countdown to 38459
[12:03:35.781] [SEVERE ] updating countdown to 38352
[12:03:35.893] [SEVERE ] updating countdown to 38240
[12:03:36.005] [SEVERE ] updating countdown to 38128
[12:03:36.117] [SEVERE ] updating countdown to 38016
[12:03:36.229] [SEVERE ] updating countdown to 37904
[12:03:36.340] [SEVERE ] updating countdown to 37793
[12:03:36.452] [SEVERE ] updating countdown to 37681
[12:03:36.561] [SEVERE ] updating countdown to 37572
[12:03:36.673] [SEVERE ] updating countdown to 37460
[12:03:36.785] [SEVERE ] updating countdown to 37348
[12:03:36.897] [SEVERE ] updating countdown to 37236
[12:03:37.009] [SEVERE ] updating countdown to 37124
[12:03:37.121] [SEVERE ] updating countdown to 37012
[12:03:37.233] [SEVERE ] updating countdown to 36900
[12:03:37.345] [SEVERE ] updating countdown to 36788
[12:03:37.457] [SEVERE ] updating countdown to 36676
[12:03:37.568] [SEVERE ] updating countdown to 36565
[12:03:37.679] [SEVERE ] updating countdown to 36454
[12:03:37.791] [SEVERE ] updating countdown to 36342
[12:03:37.903] [SEVERE ] updating countdown to 36230
[12:03:38.013] [SEVERE ] updating countdown to 36120
[12:03:38.125] [SEVERE ] updating countdown to 36008
[12:03:38.237] [SEVERE ] updating countdown to 35896
[12:03:38.349] [SEVERE ] updating countdown to 35784
[12:03:38.461] [SEVERE ] updating countdown to 35672
[12:03:38.572] [SEVERE ] updating countdown to 35561
[12:03:38.684] [SEVERE ] removing player 2 token from slot 2
[12:03:38.684] [SEVERE ] updating countdown to 35449
[12:03:38.684] [SEVERE ] player 2 placing token on slot 2
[12:03:38.794] [SEVERE ] updating countdown to 35339
[12:03:38.906] [SEVERE ] updating countdown to 35227
[12:03:39.018] [SEVERE ] updating countdown to 35115
[12:03:39.130] [SEVERE ] updating countdown to 35003
[12:03:39.242] [SEVERE ] updating countdown to 34891
[12:03:39.353] [SEVERE ] updating countdown to 34780
[12:03:39.465] [SEVERE ] updating countdown to 34668
[12:03:39.577] [SEVERE ] updating countdown to 34556
[12:03:39.689] [SEVERE ] updating countdown to 34444
[12:03:39.800] [SEVERE ] updating countdown to 34333
[12:03:39.910] [SEVERE ] updating countdown to 34223
[12:03:40.022] [SEVERE ] updating countdown to 34111
[12:03:40.134] [SEVERE ] updating countdown to 33999
[12:03:40.246] [SEVERE ] updating countdown to 33887
[12:03:40.358] [SEVERE ] updating countdown to 33775
[12:03:40.469] [SEVERE ] updating countdown to 33664
[12:03:40.581] [SEVERE ] updating countdown to 33552
[12:03:40.693] [SEVERE ] updating countdown to 33440
[12:03:40.805] [SEVERE ] updating countdown to 33328
[12:03:40.917] [SEVERE ] updating countdown to 33216
[12:03:41.029] [SEVERE ] updating countdown to 33104
[12:03:41.141] [SEVERE ] updating countdown to 32992
[12:03:41.253] [SEVERE ] updating countdown to 32880
[12:03:41.365] [SEVERE ] updating countdown to 32768
[12:03:41.477] [SEVERE ] updating countdown to 32656
[12:03:41.589] [SEVERE ] updating countdown to 32544
[12:03:41.701] [SEVERE ] updating countdown to 32432
[12:03:41.797] [SEVERE ] removing player 3 token from slot 1
[12:03:41.797] [SEVERE ] player 3 placing token on slot 7
[12:03:41.813] [SEVERE ] updating countdown to 32320
[12:03:41.925] [SEVERE ] updating countdown to 32208
[12:03:42.037] [SEVERE ] updating countdown to 32096
[12:03:42.149] [SEVERE ] updating countdown to 31984
[12:03:42.261] [SEVERE ] updating countdown to 31872
[12:03:42.373] [SEVERE ] updating countdown to 31760
[12:03:42.485] [SEVERE ] updating countdown to 31648
[12:03:42.596] [SEVERE ] updating countdown to 31537
[12:03:42.708] [SEVERE ] updating countdown to 31425
[12:03:42.819] [SEVERE ] updating countdown to 31314
[12:03:42.930] [SEVERE ] updating countdown to 31203
[12:03:43.042] [SEVERE ] updating countdown to 31091
[12:03:43.154] [SEVERE ] updating countdown to 30979
[12:03:43.266] [SEVERE ] updating countdown to 30867
[12:03:43.378] [SEVERE ] updating countdown to 30755
[12:03:43.490] [SEVERE ] updating countdown to 30643
[12:03:43.602] [SEVERE ] updating countdown to 30531
[12:03:43.714] [SEVERE ] updating countdown to 30419
[12:03:43.826] [SEVERE ] updating countdown to 30307
[12:03:43.938] [SEVERE ] updating countdown to 30195
[12:03:44.050] [SEVERE ] updating countdown to 30083
[12:03:44.162] [SEVERE ] updating countdown to 29971
[12:03:44.274] [SEVERE ] updating countdown to 29859
[12:03:44.385] [SEVERE ] updating countdown to 29748
[12:03:44.495] [SEVERE ] updating countdown to 29638
[12:03:44.607] [SEVERE ] updating countdown to 29526
[12:03:44.719] [SEVERE ] updating countdown to 29414
[12:03:44.831] [SEVERE ] updating countdown to 29302
[12:03:44.943] [SEVERE ] updating countdown to 29190
[12:03:45.055] [SEVERE ] updating countdown to 29078
[12:03:45.166] [SEVERE ] updating countdown to 28967
[12:03:45.277] [SEVERE ] updating countdown to 28856
[12:03:45.389] [SEVERE ] updating countdown to 28744
[12:03:45.501] [SEVERE ] updating countdown to 28632
[12:03:45.612] [SEVERE ] updating countdown to 28521
[12:03:45.724] [SEVERE ] updating countdown to 28409
[12:03:45.836] [SEVERE ] updating countdown to 28297
[12:03:45.947] [SEVERE ] updating countdown to 28186
[12:03:46.059] [SEVERE ] updating countdown to 28074
[12:03:46.171] [SEVERE ] updating countdown to 27962
[12:03:46.283] [SEVERE ] updating countdown to 27850
[12:03:46.394] [SEVERE ] updating countdown to 27739
[12:03:46.505] [SEVERE ] updating countdown to 27628
[12:03:46.617] [SEVERE ] updating countdown to 27516
[12:03:46.729] [SEVERE ] updating countdown to 27404
[12:03:46.841] [SEVERE ] updating countdown to 27292
[12:03:46.953] [SEVERE ] updating countdown to 27180
[12:03:47.065] [SEVERE ] updating countdown to 27068
[12:03:47.177] [SEVERE ] updating countdown to 26956
[12:03:47.289] [SEVERE ] updating countdown to 26844
[12:03:47.401] [SEVERE ] updating countdown to 26732
[12:03:47.513] [SEVERE ] updating countdown to 26620
[12:03:47.625] [SEVERE ] updating countdown to 26508
[12:03:47.737] [SEVERE ] updating countdown to 26396
[12:03:47.849] [SEVERE ] updating countdown to 26284
[12:03:47.961] [SEVERE ] updating countdown to 26172
[12:03:48.071] [SEVERE ] updating countdown to 26062
[12:03:48.181] [SEVERE ] updating countdown to 25952
[12:03:48.293] [SEVERE ] updating countdown to 25840
[12:03:48.404] [SEVERE ] updating countdown to 25729
[12:03:48.515] [SEVERE ] updating countdown to 25618
[12:03:48.627] [SEVERE ] updating countdown to 25506
[12:03:48.739] [SEVERE ] updating countdown to 25394
[12:03:48.851] [SEVERE ] updating countdown to 25282
[12:03:48.963] [SEVERE ] updating countdown to 25170
[12:03:49.075] [SEVERE ] updating countdown to 25058
[12:03:49.187] [SEVERE ] updating countdown to 24946
[12:03:49.298] [SEVERE ] updating countdown to 24835
[12:03:49.410] [SEVERE ] updating countdown to 24723
[12:03:49.522] [SEVERE ] updating countdown to 24611
[12:03:49.633] [SEVERE ] updating countdown to 24500
[12:03:49.745] [SEVERE ] updating countdown to 24388
[12:03:49.857] [SEVERE ] updating countdown to 24276
[12:03:49.969] [SEVERE ] updating countdown to 24164
[12:03:50.080] [SEVERE ] updating countdown to 24053
[12:03:50.192] [SEVERE ] updating countdown to 23941
[12:03:50.303] [SEVERE ] updating countdown to 23830
[12:03:50.415] [SEVERE ] updating countdown to 23718
[12:03:50.526] [SEVERE ] updating countdown to 23607
[12:03:50.638] [SEVERE ] updating countdown to 23495
[12:03:50.750] [SEVERE ] updating countdown to 23383
[12:03:50.862] [SEVERE ] updating countdown to 23271
[12:03:50.973] [SEVERE ] updating countdown to 23160
[12:03:51.084] [SEVERE ] updating countdown to 23049
[12:03:51.195] [SEVERE ] updating countdown to 22938
[12:03:51.307] [SEVERE ] updating countdown to 22826
[12:03:51.419] [SEVERE ] updating countdown to 22714
[12:03:51.531] [SEVERE ] updating countdown to 22602
[12:03:51.643] [SEVERE ] updating countdown to 22490
[12:03:51.755] [SEVERE ] updating countdown to 22378
[12:03:51.866] [SEVERE ] updating countdown to 22267
[12:03:51.978] [SEVERE ] updating countdown to 22155
[12:03:52.090] [SEVERE ] updating countdown to 22043
[12:03:52.202] [SEVERE ] updating countdown to 21931
[12:03:52.314] [SEVERE ] updating countdown to 21819
[12:03:52.426] [SEVERE ] updating countdown to 21707
[12:03:52.538] [SEVERE ] updating countdown to 21595
[12:03:52.650] [SEVERE ] updating countdown to 21483
[12:03:52.762] [SEVERE ] updating countdown to 21371
[12:03:52.874] [SEVERE ] updating countdown to 21259
[12:03:52.986] [SEVERE ] updating countdown to 21147
[12:03:53.098] [SEVERE ] updating countdown to 21035
[12:03:53.210] [SEVERE ] updating countdown to 20923
[12:03:53.322] [SEVERE ] updating countdown to 20811
[12:03:53.434] [SEVERE ] updating countdown to 20699
[12:03:53.546] [SEVERE ] updating countdown to 20587
[12:03:53.658] [SEVERE ] updating countdown to 20475
[12:03:53.770] [SEVERE ] updating countdown to 20363
[12:03:53.882] [SEVERE ] updating countdown to 20251
[12:03:53.977] [SEVERE ] removing player 3 token from slot 7
[12:03:53.977] [SEVERE ] player 3 placing token on slot 4
[12:03:53.992] [SEVERE ] updating countdown to 20141
[12:03:54.104] [SEVERE ] updating countdown to 20029
[12:03:54.215] [SEVERE ] updating countdown to 19918
[12:03:54.327] [SEVERE ] updating countdown to 19806
[12:03:54.439] [SEVERE ] updating countdown to 19694
[12:03:54.551] [SEVERE ] updating countdown to 19582
[12:03:54.663] [SEVERE ] updating countdown to 19470
[12:03:54.775] [SEVERE ] updating countdown to 19358
[12:03:54.887] [SEVERE ] updating countdown to 19246
[12:03:54.999] [SEVERE ] updating countdown to 19134
[12:03:55.109] [SEVERE ] updating countdown to 19024
[12:03:55.221] [SEVERE ] updating countdown to 18912
[12:03:55.333] [SEVERE ] updating countdown to 18800
[12:03:55.443] [SEVERE ] updating countdown to 18690
[12:03:55.555] [SEVERE ] updating countdown to 18578
[12:03:55.667] [SEVERE ] updating countdown to 18466
[12:03:55.778] [SEVERE ] updating countdown to 18355
[12:03:55.890] [SEVERE ] updating countdown to 18243
[12:03:56.002] [SEVERE ] updating countdown to 18131
[12:03:56.110] [SEVERE ] updating countdown to 18023
[12:03:56.222] [SEVERE ] updating countdown to 17911
[12:03:56.334] [SEVERE ] updating countdown to 17799
[12:03:56.446] [SEVERE ] updating countdown to 17687
[12:03:56.558] [SEVERE ] updating countdown to 17575
[12:03:56.670] [SEVERE ] updating countdown to 17463
[12:03:56.782] [SEVERE ] updating countdown to 17351
[12:03:56.894] [SEVERE ] updating countdown to 17239
[12:03:57.006] [SEVERE ] updating countdown to 17127
[12:03:57.118] [SEVERE ] updating countdown to 17015
[12:03:57.230] [SEVERE ] updating countdown to 16903
[12:03:57.341] [SEVERE ] updating countdown to 16792
[12:03:57.453] [SEVERE ] updating countdown to 16680
[12:03:57.563] [SEVERE ] updating countdown to 16570
[12:03:57.675] [SEVERE ] updating countdown to 16458
[12:03:57.787] [SEVERE ] updating countdown to 16346
[12:03:57.899] [SEVERE ] updating countdown to 16234
[12:03:58.011] [SEVERE ] updating countdown to 16122
[12:03:58.123] [SEVERE ] updating countdown to 16010
[12:03:58.235] [SEVERE ] updating countdown to 15898
[12:03:58.347] [SEVERE ] updating countdown to 15786
[12:03:58.459] [SEVERE ] updating countdown to 15674
[12:03:58.571] [SEVERE ] updating countdown to 15562
[12:03:58.683] [SEVERE ] updating countdown to 15450
[12:03:58.795] [SEVERE ] updating countdown to 15338
[12:03:58.907] [SEVERE ] updating countdown to 15226
[12:03:59.019] [SEVERE ] updating countdown to 15114
[12:03:59.131] [SEVERE ] updating countdown to 15002
[12:03:59.243] [SEVERE ] updating countdown to 14890
[12:03:59.355] [SEVERE ] updating countdown to 14778
[12:03:59.467] [SEVERE ] updating countdown to 14666
[12:03:59.578] [SEVERE ] updating countdown to 14555
[12:03:59.690] [SEVERE ] updating countdown to 14443
[12:03:59.802] [SEVERE ] updating countdown to 14331
[12:03:59.914] [SEVERE ] updating countdown to 14219
[12:04:00.026] [SEVERE ] updating countdown to 14107
[12:04:00.137] [SEVERE ] updating countdown to 13996
[12:04:00.249] [SEVERE ] updating countdown to 13884
[12:04:00.361] [SEVERE ] updating countdown to 13772
[12:04:00.473] [SEVERE ] updating countdown to 13660
[12:04:00.585] [SEVERE ] updating countdown to 13548
[12:04:00.697] [SEVERE ] updating countdown to 13436
[12:04:00.809] [SEVERE ] updating countdown to 13324
[12:04:00.921] [SEVERE ] updating countdown to 13212
[12:04:01.032] [SEVERE ] updating countdown to 13101
[12:04:01.143] [SEVERE ] updating countdown to 12990
[12:04:01.254] [SEVERE ] updating countdown to 12879
[12:04:01.366] [SEVERE ] updating countdown to 12767
[12:04:01.478] [SEVERE ] updating countdown to 12655
[12:04:01.590] [SEVERE ] updating countdown to 12543
[12:04:01.702] [SEVERE ] updating countdown to 12431
[12:04:01.814] [SEVERE ] updating countdown to 12319
[12:04:01.925] [SEVERE ] updating countdown to 12208
[12:04:02.037] [SEVERE ] updating countdown to 12096
[12:04:02.149] [SEVERE ] updating countdown to 11984
[12:04:02.261] [SEVERE ] updating countdown to 11872
[12:04:02.373] [SEVERE ] updating countdown to 11760
[12:04:02.485] [SEVERE ] updating countdown to 11648
[12:04:02.597] [SEVERE ] updating countdown to 11536
[12:04:02.709] [SEVERE ] updating countdown to 11424
[12:04:02.819] [SEVERE ] updating countdown to 11314
[12:04:02.931] [SEVERE ] updating countdown to 11202
[12:04:03.043] [SEVERE ] updating countdown to 11090
[12:04:03.155] [SEVERE ] updating countdown to 10978
[12:04:03.266] [SEVERE ] updating countdown to 10867
[12:04:03.378] [SEVERE ] updating countdown to 10755
[12:04:03.490] [SEVERE ] updating countdown to 10643
[12:04:03.602] [SEVERE ] updating countdown to 10531
[12:04:03.714] [SEVERE ] updating countdown to 10419
[12:04:03.826] [SEVERE ] updating countdown to 10307
[12:04:03.938] [SEVERE ] updating countdown to 10195
[12:04:04.050] [SEVERE ] updating countdown to 10083
[12:04:06.165] [SEVERE ] removing player 2 token from slot 0
[12:04:06.165] [SEVERE ] player 2 placing token on slot 0
[12:04:14.201] [SEVERE ] updating countdown to 60000
[12:04:14.202] [SEVERE ] removing player 2 token from slot 10
[12:04:14.202] [SEVERE ] removing player 2 token from slot 2
[12:04:14.202] [SEVERE ] removing player 2 token from slot 0
[12:04:14.202] [SEVERE ] removing player 3 token from slot 0
[12:04:14.202] [SEVERE ] removing player 3 token from slot 11
[12:04:14.202] [SEVERE ] removing player 3 token from slot 4
[12:04:14.313] [SEVERE ] removing card from slot 0
[12:04:14.423] [SEVERE ] removing card from slot 1
[12:04:14.532] [SEVERE ] removing card from slot 2
[12:04:14.644] [SEVERE ] removing card from slot 3
[12:04:14.756] [SEVERE ] removing card from slot 4
[12:04:14.868] [SEVERE ] removing card from slot 5
[12:04:14.979] [SEVERE ] removing card from slot 6
[12:04:15.091] [SEVERE ] removing card from slot 7
[12:04:15.203] [SEVERE ] removing card from slot 8
[12:04:15.315] [SEVERE ] removing card from slot 9
[12:04:15.424] [SEVERE ] removing card from slot 10
[12:04:15.536] [SEVERE ] removing card from slot 11
[12:04:15.646] [SEVERE ] placing card 48 in slot 0
[12:04:15.758] [SEVERE ] placing card 19 in slot 1
[12:04:15.870] [SEVERE ] placing card 75 in slot 2
[12:04:15.982] [SEVERE ] placing card 1 in slot 3
[12:04:16.094] [SEVERE ] placing card 34 in slot 4
[12:04:16.206] [SEVERE ] placing card 71 in slot 5
[12:04:16.318] [SEVERE ] placing card 51 in slot 6
[12:04:16.430] [SEVERE ] placing card 27 in slot 7
[12:04:16.542] [SEVERE ] placing card 24 in slot 8
[12:04:16.653] [SEVERE ] placing card 74 in slot 9
[12:04:16.765] [SEVERE ] placing card 15 in slot 10
[12:04:16.877] [SEVERE ] placing card 40 in slot 11
[12:04:16.877] [SEVERE ] player 2 placing token on slot 1
[12:04:16.877] [SEVERE ] player 3 placing token on slot 3
[12:04:16.877] [SEVERE ] player 3 placing token on slot 8
[12:04:16.877] [SEVERE ] player 2 placing token on slot 7
[12:04:16.877] [SEVERE ] player 3 placing token on slot 0
[12:04:16.877] [SEVERE ] removing player 2 token from slot 1
[12:04:16.877] [SEVERE ] player 2 placing token on slot 4
[12:04:16.877] [SEVERE ] player 2 placing token on slot 6
[12:04:16.989] [SEVERE ] updating countdown to 59889
[12:04:17.101] [SEVERE ] updating countdown to 59777
[12:04:17.213] [SEVERE ] updating countdown to 59665
[12:04:17.324] [SEVERE ] updating countdown to 59554
[12:04:17.435] [SEVERE ] updating countdown to 59443
[12:04:17.547] [SEVERE ] updating countdown to 59331
[12:04:17.657] [SEVERE ] updating countdown to 59221
[12:04:17.768] [SEVERE ] updating countdown to 59110
[12:04:17.878] [SEVERE ] updating countdown to 59000
[12:04:17.988] [SEVERE ] updating countdown to 58890
[12:04:18.100] [SEVERE ] updating countdown to 58778
[12:04:18.210] [SEVERE ] updating countdown to 58668
[12:04:18.321] [SEVERE ] updating countdown to 58557
[12:04:18.433] [SEVERE ] updating countdown to 58445
[12:04:18.545] [SEVERE ] updating countdown to 58333
[12:04:18.657] [SEVERE ] updating countdown to 58221
[12:04:18.767] [SEVERE ] updating countdown to 58111
[12:04:18.879] [SEVERE ] updating countdown to 57999
[12:04:18.991] [SEVERE ] updating countdown to 57887
[12:04:19.103] [SEVERE ] updating countdown to 57775
[12:04:19.215] [SEVERE ] updating countdown to 57663
[12:04:19.327] [SEVERE ] updating countdown to 57551
[12:04:19.439] [SEVERE ] updating countdown to 57439
[12:04:19.551] [SEVERE ] updating countdown to 57327
[12:04:19.663] [SEVERE ] updating countdown to 57215
[12:04:19.775] [SEVERE ] updating countdown to 57103
[12:04:19.887] [SEVERE ] updating countdown to 56991
[12:04:19.999] [SEVERE ] updating countdown to 56879
[12:04:20.111] [SEVERE ] updating countdown to 56767
[12:04:20.223] [SEVERE ] updating countdown to 56655
[12:04:20.334] [SEVERE ] updating countdown to 56544
[12:04:20.446] [SEVERE ] updating countdown to 56432
[12:04:20.558] [SEVERE ] updating countdown to 56320
[12:04:20.670] [SEVERE ] updating countdown to 56208
[12:04:20.781] [SEVERE ] updating countdown to 56097
[12:04:20.893] [SEVERE ] updating countdown to 55985
[12:04:21.005] [SEVERE ] updating countdown to 55873
[12:04:21.117] [SEVERE ] updating countdown to 55761
[12:04:21.229] [SEVERE ] updating countdown to 55649
[12:04:21.341] [SEVERE ] updating countdown to 55537
[12:04:21.453] [SEVERE ] updating countdown to 55425
[12:04:21.565] [SEVERE ] updating countdown to 55313
[12:04:21.677] [SEVERE ] updating countdown to 55201
[12:04:21.789] [SEVERE ] updating countdown to 55089
[12:04:21.901] [SEVERE ] updating countdown to 54977
[12:04:22.013] [SEVERE ] updating countdown to 54865
[12:04:22.125] [SEVERE ] updating countdown to 54753
[12:04:22.237] [SEVERE ] updating countdown to 54641
[12:04:22.349] [SEVERE ] updating countdown to 54529
[12:04:22.459] [SEVERE ] updating countdown to 54419
[12:04:22.570] [SEVERE ] updating countdown to 54308
[12:04:22.670] [SEVERE ] key 87 was pressed by player 1
[12:04:22.670] [SEVERE ] player 1 placing token on slot 1
[12:04:22.682] [SEVERE ] updating countdown to 54196
[12:04:22.794] [SEVERE ] updating countdown to 54084
[12:04:22.845] [SEVERE ] key 69 was pressed by player 1
[12:04:22.845] [SEVERE ] player 1 placing token on slot 2
[12:04:22.906] [SEVERE ] updating countdown to 53972
[12:04:23.017] [SEVERE ] updating countdown to 53861
[12:04:23.129] [SEVERE ] updating countdown to 53749
[12:04:23.241] [SEVERE ] updating countdown to 53637
[12:04:23.255] [SEVERE ] key 83 was pressed by player 1
[12:04:23.255] [SEVERE ] player 1 placing token on slot 5
[12:04:23.353] [SEVERE ] updating countdown to 53525
[12:04:23.462] [SEVERE ] updating countdown to 53416
[12:04:23.574] [SEVERE ] updating countdown to 53304
[12:04:23.686] [SEVERE ] updating countdown to 53192
[12:04:23.798] [SEVERE ] updating countdown to 53080
[12:04:23.910] [SEVERE ] updating countdown to 52968
[12:04:24.022] [SEVERE ] updating countdown to 52856
[12:04:24.134] [SEVERE ] updating countdown to 52744
[12:04:24.245] [SEVERE ] updating countdown to 52633
[12:04:24.303] [SEVERE ] key 69 was pressed by player 1
[12:04:24.357] [SEVERE ] updating countdown to 52521
[12:04:24.469] [SEVERE ] updating countdown to 52409
[12:04:24.580] [SEVERE ] updating countdown to 52298
[12:04:24.637] [SEVERE ] key 69 was pressed by player 1
[12:04:24.691] [SEVERE ] updating countdown to 52187
[12:04:24.800] [SEVERE ] updating countdown to 52078
[12:04:24.889] [SEVERE ] key 69 was pressed by player 1
[12:04:24.910] [SEVERE ] updating countdown to 51968
[12:04:25.020] [SEVERE ] updating countdown to 51858
[12:04:25.098] [SEVERE ] key 69 was pressed by player 1
[12:04:25.130] [SEVERE ] updating countdown to 51748
[12:04:25.241] [SEVERE ] updating countdown to 51637
[12:04:25.353] [SEVERE ] updating countdown to 51525
[12:04:25.465] [SEVERE ] updating countdown to 51413
[12:04:25.577] [SEVERE ] updating countdown to 51301
[12:04:25.689] [SEVERE ] updating countdown to 51189
[12:04:25.799] [SEVERE ] updating countdown to 51079
[12:04:25.911] [SEVERE ] updating countdown to 50967
[12:04:26.023] [SEVERE ] updating countdown to 50855
[12:04:26.135] [SEVERE ] updating countdown to 50743
[12:04:26.236] [SEVERE ] updating countdown to 50642
[12:04:26.343] [SEVERE ] updating countdown to 50535
[12:04:26.359] [SEVERE ] removing player 1 token from slot 2
[12:04:26.359] [SEVERE ] player 1 placing token on slot 2
[12:04:26.453] [SEVERE ] updating countdown to 50425
[12:04:26.562] [SEVERE ] updating countdown to 50316
[12:04:26.671] [SEVERE ] updating countdown to 50207
[12:04:26.781] [SEVERE ] updating countdown to 50097
[12:04:26.893] [SEVERE ] updating countdown to 49985
[12:04:27.005] [SEVERE ] updating countdown to 49873
[12:04:27.117] [SEVERE ] updating countdown to 49761
[12:04:27.229] [SEVERE ] updating countdown to 49649
[12:04:27.341] [SEVERE ] updating countdown to 49537
[12:04:27.453] [SEVERE ] updating countdown to 49425
[12:04:27.564] [SEVERE ] updating countdown to 49314
[12:04:27.675] [SEVERE ] updating countdown to 49203
[12:04:27.787] [SEVERE ] updating countdown to 49091
[12:04:27.821] [SEVERE ] key 87 was pressed by player 1
[12:04:27.899] [SEVERE ] updating countdown to 48979
[12:04:28.011] [SEVERE ] updating countdown to 48867
[12:04:28.122] [SEVERE ] updating countdown to 48756
[12:04:28.134] [SEVERE ] key 69 was pressed by player 1
[12:04:28.232] [SEVERE ] updating countdown to 48646
[12:04:28.342] [SEVERE ] updating countdown to 48536
[12:04:28.453] [SEVERE ] updating countdown to 48425
[12:04:28.469] [SEVERE ] key 83 was pressed by player 1
[12:04:28.562] [SEVERE ] updating countdown to 48316
[12:04:28.674] [SEVERE ] updating countdown to 48204
[12:04:28.786] [SEVERE ] updating countdown to 48092
[12:04:28.898] [SEVERE ] updating countdown to 47980
[12:04:29.009] [SEVERE ] updating countdown to 47869
[12:04:29.120] [SEVERE ] updating countdown to 47758
[12:04:29.231] [SEVERE ] updating countdown to 47647
[12:04:29.343] [SEVERE ] updating countdown to 47535
[12:04:29.455] [SEVERE ] updating countdown to 47423
[12:04:29.455] [SEVERE ] removing player 1 token from slot 1
[12:04:29.455] [SEVERE ] removing player 1 token from slot 2
[12:04:29.455] [SEVERE ] removing player 1 token from slot 5
[12:04:29.556] [SEVERE ] updating countdown to 47322
[12:04:29.662] [SEVERE ] updating countdown to 47216
[12:04:29.774] [SEVERE ] updating countdown to 47104
[12:04:29.886] [SEVERE ] updating countdown to 46992
[12:04:29.998] [SEVERE ] updating countdown to 46880
[12:04:30.110] [SEVERE ] updating countdown to 46768
[12:04:30.219] [SEVERE ] updating countdown to 46659
[12:04:30.331] [SEVERE ] updating countdown to 46547
[12:04:30.443] [SEVERE ] updating countdown to 46435
[12:04:30.555] [SEVERE ] updating countdown to 46323
[12:04:30.667] [SEVERE ] updating countdown to 46211
[12:04:30.779] [SEVERE ] updating countdown to 46099
[12:04:30.891] [SEVERE ] updating countdown to 45987
[12:04:31.003] [SEVERE ] updating countdown to 45875
[12:04:31.115] [SEVERE ] updating countdown to 45763
[12:04:31.227] [SEVERE ] updating countdown to 45651
[12:04:31.339] [SEVERE ] updating countdown to 45539
[12:04:31.412] [SEVERE ] key 87 was pressed by player 1
[12:04:31.412] [SEVERE ] player 1 placing token on slot 1
[12:04:31.451] [SEVERE ] updating countdown to 45427
[12:04:31.563] [SEVERE ] updating countdown to 45315
[12:04:31.674] [SEVERE ] updating countdown to 45204
[12:04:31.721] [SEVERE ] key 69 was pressed by player 1
[12:04:31.721] [SEVERE ] player 1 placing token on slot 2
[12:04:31.784] [SEVERE ] updating countdown to 45094
[12:04:31.894] [SEVERE ] updating countdown to 44984
[12:04:32.006] [SEVERE ] updating countdown to 44872
[12:04:32.118] [SEVERE ] updating countdown to 44760
[12:04:32.230] [SEVERE ] updating countdown to 44648
[12:04:32.342] [SEVERE ] updating countdown to 44536
[12:04:32.358] [SEVERE ] removing player 3 token from slot 0
[12:04:32.358] [SEVERE ] removing player 2 token from slot 7
[12:04:32.358] [SEVERE ] player 3 placing token on slot 9
[12:04:32.358] [SEVERE ] removing player 2 token from slot 4
[12:04:32.358] [SEVERE ] player 2 placing token on slot 11
[12:04:32.358] [SEVERE ] player 2 placing token on slot 2
[12:04:32.429] [SEVERE ] key 90 was pressed by player 1
[12:04:32.430] [SEVERE ] player 1 placing token on slot 8
[12:04:32.453] [SEVERE ] updating countdown to 44425
[12:04:32.565] [SEVERE ] updating countdown to 44313
[12:04:32.676] [SEVERE ] updating countdown to 44202
[12:04:32.788] [SEVERE ] updating countdown to 44090
[12:04:32.900] [SEVERE ] updating countdown to 43978
[12:04:33.011] [SEVERE ] updating countdown to 43867
[12:04:33.123] [SEVERE ] updating countdown to 43755
[12:04:33.235] [SEVERE ] updating countdown to 43643
[12:04:33.347] [SEVERE ] updating countdown to 43531
[12:04:33.459] [SEVERE ] updating countdown to 43419
[12:04:33.571] [SEVERE ] updating countdown to 43307
[12:04:33.683] [SEVERE ] updating countdown to 43195
[12:04:33.795] [SEVERE ] updating countdown to 43083
[12:04:33.907] [SEVERE ] updating countdown to 42971
[12:04:34.019] [SEVERE ] updating countdown to 42859
[12:04:34.131] [SEVERE ] updating countdown to 42747
[12:04:34.243] [SEVERE ] updating countdown to 42635
[12:04:34.355] [SEVERE ] updating countdown to 42523
[12:04:34.467] [SEVERE ] updating countdown to 42411
[12:04:34.579] [SEVERE ] updating countdown to 42299
[12:04:34.691] [SEVERE ] updating countdown to 42187
[12:04:34.803] [SEVERE ] updating countdown to 42075
[12:04:34.914] [SEVERE ] updating countdown to 41964
[12:04:35.026] [SEVERE ] updating countdown to 41852
[12:04:35.137] [SEVERE ] updating countdown to 41741
[12:04:35.249] [SEVERE ] updating countdown to 41629
[12:04:35.361] [SEVERE ] updating countdown to 41517
[12:04:35.457] [SEVERE ] removing player 2 token from slot 2
[12:04:35.457] [SEVERE ] player 2 placing token on slot 4
[12:04:35.473] [SEVERE ] updating countdown to 41405
[12:04:35.585] [SEVERE ] updating countdown to 41293
[12:04:35.697] [SEVERE ] updating countdown to 41181
[12:04:35.808] [SEVERE ] updating countdown to 41070
[12:04:35.920] [SEVERE ] updating countdown to 40958
[12:04:36.031] [SEVERE ] updating countdown to 40847
[12:04:36.143] [SEVERE ] updating countdown to 40735
[12:04:36.255] [SEVERE ] updating countdown to 40623
[12:04:36.367] [SEVERE ] updating countdown to 40511
[12:04:36.478] [SEVERE ] updating countdown to 40400
[12:04:36.590] [SEVERE ] updating countdown to 40288
[12:04:36.702] [SEVERE ] updating countdown to 40176
[12:04:36.814] [SEVERE ] updating countdown to 40064
[12:04:36.925] [SEVERE ] updating countdown to 39953
[12:04:37.037] [SEVERE ] updating countdown to 39841
[12:04:37.148] [SEVERE ] updating countdown to 39730
[12:04:37.259] [SEVERE ] updating countdown to 39619
[12:04:37.370] [SEVERE ] updating countdown to 39508
[12:04:37.482] [SEVERE ] updating countdown to 39396
[12:04:37.594] [SEVERE ] updating countdown to 39284
[12:04:37.706] [SEVERE ] updating countdown to 39172
[12:04:37.818] [SEVERE ] updating countdown to 39060
[12:04:37.930] [SEVERE ] updating countdown to 38948
[12:04:38.041] [SEVERE ] key 90 was pressed by player 1
[12:04:38.042] [SEVERE ] removing player 1 token from slot 8
[12:04:38.042] [SEVERE ] updating countdown to 38836
[12:04:38.152] [SEVERE ] updating countdown to 38726
[12:04:38.261] [SEVERE ] updating countdown to 38617
[12:04:38.373] [SEVERE ] updating countdown to 38505
[12:04:38.385] [SEVERE ] key 69 was pressed by player 1
[12:04:38.385] [SEVERE ] removing player 1 token from slot 2
[12:04:38.485] [SEVERE ] updating countdown to 38393
[12:04:38.485] [SEVERE ] removing player 2 token from slot 11
[12:04:38.485] [SEVERE ] player 2 placing token on slot 8
[12:04:38.597] [SEVERE ] updating countdown to 38281
[12:04:38.709] [SEVERE ] updating countdown to 38169
[12:04:38.821] [SEVERE ] updating countdown to 38057
[12:04:38.933] [SEVERE ] updating countdown to 37945
[12:04:39.045] [SEVERE ] updating countdown to 37833
[12:04:39.157] [SEVERE ] updating countdown to 37721
[12:04:39.269] [SEVERE ] updating countdown to 37609
[12:04:39.381] [SEVERE ] updating countdown to 37497
[12:04:39.493] [SEVERE ] updating countdown to 37385
[12:04:39.504] [SEVERE ] key 87 was pressed by player 1
[12:04:39.504] [SEVERE ] removing player 1 token from slot 1
[12:04:39.605] [SEVERE ] updating countdown to 37273
[12:04:39.717] [SEVERE ] updating countdown to 37161
[12:04:39.829] [SEVERE ] updating countdown to 37049
[12:04:39.941] [SEVERE ] updating countdown to 36937
[12:04:40.053] [SEVERE ] updating countdown to 36825
[12:04:40.165] [SEVERE ] updating countdown to 36713
[12:04:40.277] [SEVERE ] updating countdown to 36601
[12:04:40.389] [SEVERE ] updating countdown to 36489
[12:04:40.501] [SEVERE ] updating countdown to 36377
[12:04:40.611] [SEVERE ] updating countdown to 36267
[12:04:40.723] [SEVERE ] updating countdown to 36155
[12:04:40.835] [SEVERE ] updating countdown to 36043
[12:04:40.947] [SEVERE ] updating countdown to 35931
[12:04:40.997] [SEVERE ] key 90 was pressed by player 1
[12:04:40.997] [SEVERE ] player 1 placing token on slot 8
[12:04:41.059] [SEVERE ] updating countdown to 35819
[12:04:41.171] [SEVERE ] updating countdown to 35707
[12:04:41.283] [SEVERE ] updating countdown to 35595
[12:04:41.341] [SEVERE ] key 87 was pressed by player 1
[12:04:41.341] [SEVERE ] player 1 placing token on slot 1
[12:04:41.394] [SEVERE ] updating countdown to 35484
[12:04:41.506] [SEVERE ] updating countdown to 35372
[12:04:41.602] [SEVERE ] removing player 3 token from slot 8
[12:04:41.602] [SEVERE ] removing player 2 token from slot 8
[12:04:41.602] [SEVERE ] removing player 3 token from slot 3
[12:04:41.602] [SEVERE ] player 2 placing token on slot 9
[12:04:41.602] [SEVERE ] player 3 placing token on slot 7
[12:04:41.602] [SEVERE ] removing player 3 token from slot 7
[12:04:41.602] [SEVERE ] player 3 placing token on slot 1
[12:04:41.602] [SEVERE ] player 3 placing token on slot 7
[12:04:41.618] [SEVERE ] updating countdown to 35260
[12:04:41.730] [SEVERE ] updating countdown to 35148
[12:04:41.842] [SEVERE ] updating countdown to 35036
[12:04:41.954] [SEVERE ] updating countdown to 34924
[12:04:41.983] [SEVERE ] key 69 was pressed by player 1
[12:04:41.983] [SEVERE ] player 1 placing token on slot 2
[12:04:42.066] [SEVERE ] updating countdown to 34812
[12:04:42.178] [SEVERE ] updating countdown to 34700
[12:04:42.290] [SEVERE ] updating countdown to 34588
[12:04:42.402] [SEVERE ] updating countdown to 34476
[12:04:42.513] [SEVERE ] updating countdown to 34365
[12:04:42.625] [SEVERE ] updating countdown to 34253
[12:04:42.737] [SEVERE ] updating countdown to 34141
[12:04:42.849] [SEVERE ] updating countdown to 34029
[12:04:42.959] [SEVERE ] updating countdown to 33919
[12:04:43.071] [SEVERE ] updating countdown to 33807
[12:04:43.183] [SEVERE ] updating countdown to 33695
[12:04:43.294] [SEVERE ] updating countdown to 33584
[12:04:43.406] [SEVERE ] updating countdown to 33472
[12:04:43.456] [SEVERE ] key 90 was pressed by player 1
[12:04:43.518] [SEVERE ] updating countdown to 33360
[12:04:43.630] [SEVERE ] updating countdown to 33248
[12:04:43.742] [SEVERE ] updating countdown to 33136
[12:04:43.854] [SEVERE ] updating countdown to 33024
[12:04:43.966] [SEVERE ] updating countdown to 32912
[12:04:44.078] [SEVERE ] updating countdown to 32800
[12:04:44.190] [SEVERE ] updating countdown to 32688
[12:04:44.302] [SEVERE ] updating countdown to 32576
[12:04:44.414] [SEVERE ] updating countdown to 32464
[12:04:44.526] [SEVERE ] updating countdown to 32352
[12:04:44.622] [SEVERE ] removing player 2 token from slot 9
[12:04:44.622] [SEVERE ] removing player 2 token from slot 6
[12:04:44.622] [SEVERE ] removing player 3 token from slot 7
[12:04:44.622] [SEVERE ] player 2 placing token on slot 5
[12:04:44.622] [SEVERE ] player 3 placing token on slot 7
[12:04:44.622] [SEVERE ] player 2 placing token on slot 0
[12:04:44.638] [SEVERE ] updating countdown to 32240
[12:04:44.750] [SEVERE ] updating countdown to 32128
[12:04:44.862] [SEVERE ] updating countdown to 32016
[12:04:44.974] [SEVERE ] updating countdown to 31904
[12:04:45.070] [SEVERE ] removing player 1 token from slot 8
[12:04:45.086] [SEVERE ] updating countdown to 31792
[12:04:45.198] [SEVERE ] updating countdown to 31680
[12:04:45.310] [SEVERE ] updating countdown to 31568
[12:04:45.422] [SEVERE ] updating countdown to 31456
[12:04:45.534] [SEVERE ] updating countdown to 31344
[12:04:45.646] [SEVERE ] updating countdown to 31232
[12:04:45.758] [SEVERE ] updating countdown to 31120
[12:04:45.870] [SEVERE ] updating countdown to 31008
[12:04:45.981] [SEVERE ] updating countdown to 30897
[12:04:46.093] [SEVERE ] updating countdown to 30785
[12:04:46.205] [SEVERE ] updating countdown to 30673
[12:04:46.317] [SEVERE ] updating countdown to 30561
[12:04:46.428] [SEVERE ] updating countdown to 30450
[12:04:46.539] [SEVERE ] updating countdown to 30339
[12:04:46.651] [SEVERE ] updating countdown to 30227
[12:04:46.763] [SEVERE ] updating countdown to 30115
[12:04:46.875] [SEVERE ] updating countdown to 30003
[12:04:46.987] [SEVERE ] updating countdown to 29891
[12:04:47.099] [SEVERE ] updating countdown to 29779
[12:04:47.211] [SEVERE ] updating countdown to 29667
[12:04:47.323] [SEVERE ] updating countdown to 29555
[12:04:47.435] [SEVERE ] updating countdown to 29443
[12:04:47.547] [SEVERE ] updating countdown to 29331
[12:04:47.659] [SEVERE ] updating countdown to 29219
[12:04:47.771] [SEVERE ] updating countdown to 29107
[12:04:47.883] [SEVERE ] updating countdown to 28995
[12:04:47.994] [SEVERE ] updating countdown to 28884
[12:04:48.105] [SEVERE ] updating countdown to 28773
[12:04:48.217] [SEVERE ] updating countdown to 28661
[12:04:48.329] [SEVERE ] updating countdown to 28549
[12:04:48.441] [SEVERE ] updating countdown to 28437
[12:04:48.553] [SEVERE ] updating countdown to 28325
[12:04:48.665] [SEVERE ] updating countdown to 28213
[12:04:48.777] [SEVERE ] updating countdown to 28101
[12:04:48.889] [SEVERE ] updating countdown to 27989
[12:04:49.001] [SEVERE ] updating countdown to 27877
[12:04:49.112] [SEVERE ] updating countdown to 27766
[12:04:49.224] [SEVERE ] updating countdown to 27654
[12:04:49.336] [SEVERE ] updating countdown to 27542
[12:04:49.446] [SEVERE ] updating countdown to 27432
[12:04:49.558] [SEVERE ] updating countdown to 27320
[12:04:49.670] [SEVERE ] updating countdown to 27208
[12:04:49.782] [SEVERE ] updating countdown to 27096
[12:04:49.894] [SEVERE ] updating countdown to 26984
[12:04:50.004] [SEVERE ] updating countdown to 26874
[12:04:50.115] [SEVERE ] updating countdown to 26763
[12:04:50.225] [SEVERE ] updating countdown to 26653
[12:04:50.337] [SEVERE ] updating countdown to 26541
[12:04:50.449] [SEVERE ] updating countdown to 26429
[12:04:50.561] [SEVERE ] updating countdown to 26317
[12:04:50.673] [SEVERE ] updating countdown to 26205
[12:04:50.673] [SEVERE ] removing player 3 token from slot 1
[12:04:50.673] [SEVERE ] player 3 placing token on slot 0
[12:04:50.785] [SEVERE ] updating countdown to 26093
[12:04:50.795] [SEVERE ] key 87 was pressed by player 1
[12:04:50.795] [SEVERE ] removing player 1 token from slot 1
[12:04:50.897] [SEVERE ] updating countdown to 25981
[12:04:51.008] [SEVERE ] updating countdown to 25870
[12:04:51.120] [SEVERE ] updating countdown to 25758
[12:04:51.230] [SEVERE ] updating countdown to 25648
[12:04:51.342] [SEVERE ] updating countdown to 25536
[12:04:51.454] [SEVERE ] updating countdown to 25424
[12:04:51.469] [SEVERE ] key 69 was pressed by player 1
[12:04:51.469] [SEVERE ] removing player 1 token from slot 2
[12:04:51.566] [SEVERE ] updating countdown to 25312
[12:04:51.678] [SEVERE ] updating countdown to 25200
[12:04:51.790] [SEVERE ] updating countdown to 25088
[12:04:51.902] [SEVERE ] updating countdown to 24976
[12:04:52.014] [SEVERE ] updating countdown to 24864
[12:04:52.126] [SEVERE ] updating countdown to 24752
[12:04:52.238] [SEVERE ] updating countdown to 24640
[12:04:52.350] [SEVERE ] updating countdown to 24528
[12:04:52.441] [SEVERE ] key 87 was pressed by player 1
[12:04:52.441] [SEVERE ] player 1 placing token on slot 1
[12:04:52.462] [SEVERE ] updating countdown to 24416
[12:04:52.574] [SEVERE ] updating countdown to 24304
[12:04:52.686] [SEVERE ] updating countdown to 24192
[12:04:52.738] [SEVERE ] key 69 was pressed by player 1
[12:04:52.738] [SEVERE ] player 1 placing token on slot 2
[12:04:52.798] [SEVERE ] updating countdown to 24080
[12:04:52.910] [SEVERE ] updating countdown to 23968
[12:04:53.022] [SEVERE ] updating countdown to 23856
[12:04:53.042] [SEVERE ] key 90 was pressed by player 1
[12:04:53.042] [SEVERE ] player 1 placing token on slot 8
[12:04:53.134] [SEVERE ] updating countdown to 23744
[12:04:53.246] [SEVERE ] updating countdown to 23632
[12:04:53.343] [SEVERE ] key 87 was pressed by player 1
[12:04:53.357] [SEVERE ] updating countdown to 23521
[12:04:53.469] [SEVERE ] updating countdown to 23409
[12:04:53.579] [SEVERE ] updating countdown to 23299
[12:04:53.635] [SEVERE ] key 69 was pressed by player 1
[12:04:53.691] [SEVERE ] updating countdown to 23187
[12:04:53.787] [SEVERE ] removing player 2 token from slot 0
[12:04:53.787] [SEVERE ] removing player 3 token from slot 9
[12:04:53.787] [SEVERE ] removing player 2 token from slot 4
[12:04:53.787] [SEVERE ] player 2 placing token on slot 9
[12:04:53.787] [SEVERE ] player 2 placing token on slot 8
[12:04:53.788] [SEVERE ] player 3 placing token on slot 3
[12:04:53.803] [SEVERE ] updating countdown to 23075
[12:04:53.908] [SEVERE ] key 90 was pressed by player 1
[12:04:53.915] [SEVERE ] updating countdown to 22963
[12:04:54.027] [SEVERE ] updating countdown to 22851
[12:04:54.139] [SEVERE ] updating countdown to 22739
[12:04:54.251] [SEVERE ] updating countdown to 22627
[12:04:54.363] [SEVERE ] updating countdown to 22515
[12:04:54.475] [SEVERE ] updating countdown to 22403
[12:04:54.587] [SEVERE ] updating countdown to 22291
[12:04:54.699] [SEVERE ] updating countdown to 22179
[12:04:54.811] [SEVERE ] updating countdown to 22067
[12:04:54.923] [SEVERE ] updating countdown to 21955
[12:04:55.034] [SEVERE ] updating countdown to 21844
[12:04:55.146] [SEVERE ] updating countdown to 21732
[12:04:55.257] [SEVERE ] updating countdown to 21621
[12:04:55.369] [SEVERE ] updating countdown to 21509
[12:04:55.481] [SEVERE ] updating countdown to 21397
[12:04:55.593] [SEVERE ] updating countdown to 21285
[12:04:55.705] [SEVERE ] updating countdown to 21173
[12:04:55.817] [SEVERE ] updating countdown to 21061
[12:04:55.929] [SEVERE ] updating countdown to 20949
[12:04:56.041] [SEVERE ] updating countdown to 20837
[12:04:56.137] [SEVERE ] removing player 1 token from slot 1
[12:04:56.137] [SEVERE ] removing player 1 token from slot 2
[12:04:56.137] [SEVERE ] removing player 1 token from slot 8
[12:04:56.153] [SEVERE ] updating countdown to 20725
[12:04:56.262] [SEVERE ] updating countdown to 20616
[12:04:56.374] [SEVERE ] updating countdown to 20504
[12:04:56.486] [SEVERE ] updating countdown to 20392
[12:04:56.598] [SEVERE ] updating countdown to 20280
[12:04:56.708] [SEVERE ] updating countdown to 20170
[12:04:56.820] [SEVERE ] updating countdown to 20058
[12:04:56.931] [SEVERE ] updating countdown to 19947
[12:04:57.043] [SEVERE ] updating countdown to 19835
[12:04:57.154] [SEVERE ] updating countdown to 19724
[12:04:57.266] [SEVERE ] updating countdown to 19612
[12:04:57.378] [SEVERE ] updating countdown to 19500
[12:04:57.490] [SEVERE ] updating countdown to 19388
[12:04:57.602] [SEVERE ] updating countdown to 19276
[12:04:57.714] [SEVERE ] updating countdown to 19164
[12:04:57.826] [SEVERE ] updating countdown to 19052
[12:04:57.938] [SEVERE ] updating countdown to 18940
[12:04:58.050] [SEVERE ] updating countdown to 18828
[12:04:58.162] [SEVERE ] updating countdown to 18716
[12:04:58.274] [SEVERE ] updating countdown to 18604
[12:04:58.386] [SEVERE ] updating countdown to 18492
[12:04:58.498] [SEVERE ] updating countdown to 18380
[12:04:58.610] [SEVERE ] updating countdown to 18268
[12:04:58.721] [SEVERE ] updating countdown to 18157
[12:04:58.833] [SEVERE ] updating countdown to 18045
[12:04:58.945] [SEVERE ] updating countdown to 17933
[12:04:59.057] [SEVERE ] updating countdown to 17821
[12:04:59.169] [SEVERE ] updating countdown to 17709
[12:04:59.281] [SEVERE ] updating countdown to 17597
[12:04:59.391] [SEVERE ] updating countdown to 17487
[12:04:59.503] [SEVERE ] updating countdown to 17375
[12:04:59.536] [SEVERE ] exit button pressed
[12:04:59.615] [SEVERE ] updating countdown to 17263
[12:04:59.615] [SEVERE ] updating countdown to 60000
[12:04:59.615] [SEVERE ] removing player 2 token from slot 5
[12:04:59.615] [SEVERE ] removing player 2 token from slot 9
[12:04:59.615] [SEVERE ] removing player 2 token from slot 8
[12:04:59.616] [SEVERE ] removing player 3 token from slot 7
[12:04:59.616] [SEVERE ] removing player 3 token from slot 0
[12:04:59.616] [SEVERE ] removing player 3 token from slot 3
[12:04:59.724] [SEVERE ] removing card from slot 0
[12:04:59.833] [SEVERE ] removing card from slot 1
[12:04:59.944] [SEVERE ] removing card from slot 2
[12:05:00.054] [SEVERE ] removing card from slot 3
[12:05:00.165] [SEVERE ] removing card from slot 4
[12:05:00.275] [SEVERE ] removing card from slot 5
[12:05:00.384] [SEVERE ] removing card from slot 6
[12:05:00.494] [SEVERE ] removing card from slot 7
[12:05:00.604] [SEVERE ] removing card from slot 8
[12:05:00.713] [SEVERE ] removing card from slot 9
[12:05:00.823] [SEVERE ] removing card from slot 10
[12:05:00.933] [SEVERE ] removing card from slot 11
[12:05:01.042] [SEVERE ] placing card 57 in slot 0
[12:05:01.152] [SEVERE ] placing card 44 in slot 1
[12:05:01.261] [SEVERE ] placing card 49 in slot 2
[12:05:01.370] [SEVERE ] placing card 33 in slot 3
[12:05:01.481] [SEVERE ] placing card 2 in slot 4
[12:05:01.591] [SEVERE ] placing card 79 in slot 5
[12:05:01.700] [SEVERE ] placing card 3 in slot 6
[12:05:01.807] [SEVERE ] placing card 21 in slot 7
[12:05:01.918] [SEVERE ] placing card 78 in slot 8
[12:05:02.027] [SEVERE ] placing card 53 in slot 9
[12:05:02.136] [SEVERE ] placing card 17 in slot 10
[12:05:02.244] [SEVERE ] placing card 61 in slot 11
[12:05:02.353] [SEVERE ] removing card from slot 0
[12:05:02.463] [SEVERE ] removing card from slot 1
[12:05:02.572] [SEVERE ] removing card from slot 2
[12:05:02.681] [SEVERE ] removing card from slot 3
[12:05:02.792] [SEVERE ] removing card from slot 4
[12:05:02.901] [SEVERE ] removing card from slot 5
[12:05:03.011] [SEVERE ] removing card from slot 6
[12:05:03.120] [SEVERE ] removing card from slot 7
[12:05:03.229] [SEVERE ] removing card from slot 8
[12:05:03.337] [SEVERE ] removing card from slot 9
[12:05:03.446] [SEVERE ] removing card from slot 10
[12:05:03.556] [SEVERE ] removing card from slot 11
[12:05:03.557] [SEVERE ] announcing winner(s): player 1, player 2, player 3
[12:05:03.559] [INFO   ] thread dealer terminated.
[12:05:03.559] [SEVERE ] thanks for playing... it was fun!
[12:05:03.559] [INFO   ] thread main terminated.
