[11:05:27.277] [INFO   ] thread main starting.
[11:05:27.277] [SEVERE ] cannot read configuration file config.properties trying from resources.
[11:05:27.277] [SEVERE ] configuration file was loaded from resources directory.
[11:05:27.815] [INFO   ] thread dealer starting.
[11:05:27.945] [SEVERE ] placing card 35 in slot 0
[11:05:27.955] [SEVERE ] player 2 placing token on slot 0
[11:05:27.955] [SEVERE ] player 4 placing token on slot 0
[11:05:27.956] [SEVERE ] player 1 placing token on slot 0
[11:05:27.956] [SEVERE ] removing player 2 token from slot 0
[11:05:27.957] [SEVERE ] removing player 1 token from slot 0
[11:05:27.959] [SEVERE ] player 3 placing token on slot 0
[11:05:27.960] [SEVERE ] removing player 3 token from slot 0
[11:05:27.960] [SEVERE ] player 3 placing token on slot 0
[11:05:27.957] [SEVERE ] removing player 4 token from slot 0
[11:05:27.960] [SEVERE ] player 1 placing token on slot 0
[11:05:27.960] [SEVERE ] player 2 placing token on slot 0
[11:05:27.964] [SEVERE ] removing player 1 token from slot 0
[11:05:27.965] [SEVERE ] removing player 2 token from slot 0
[11:05:27.965] [SEVERE ] player 1 placing token on slot 0
[11:05:27.965] [SEVERE ] player 2 placing token on slot 0
[11:05:27.965] [SEVERE ] removing player 2 token from slot 0
[11:05:27.965] [SEVERE ] removing player 1 token from slot 0
[11:05:27.966] [SEVERE ] removing player 3 token from slot 0
[11:05:27.966] [SEVERE ] player 2 placing token on slot 0
[11:05:27.966] [SEVERE ] player 4 placing token on slot 0
[11:05:27.966] [SEVERE ] player 1 placing token on slot 0
[11:05:27.967] [SEVERE ] removing player 4 token from slot 0
[11:05:27.966] [SEVERE ] player 3 placing token on slot 0
[11:05:27.967] [SEVERE ] removing player 2 token from slot 0
[11:05:27.967] [SEVERE ] player 4 placing token on slot 0
[11:05:27.967] [SEVERE ] removing player 1 token from slot 0
[11:05:27.967] [SEVERE ] removing player 4 token from slot 0
[11:05:27.967] [SEVERE ] player 2 placing token on slot 0
[11:05:27.967] [SEVERE ] removing player 3 token from slot 0
[11:05:27.968] [SEVERE ] player 1 placing token on slot 0
[11:05:27.969] [SEVERE ] player 4 placing token on slot 0
[11:05:27.969] [SEVERE ] removing player 1 token from slot 0
[11:05:27.969] [SEVERE ] removing player 2 token from slot 0
[11:05:27.969] [SEVERE ] player 3 placing token on slot 0
[11:05:27.970] [SEVERE ] player 2 placing token on slot 0
[11:05:27.969] [SEVERE ] player 1 placing token on slot 0
[11:05:27.969] [SEVERE ] removing player 4 token from slot 0
[11:05:27.970] [SEVERE ] removing player 1 token from slot 0
[11:05:27.970] [SEVERE ] removing player 2 token from slot 0
[11:05:27.970] [SEVERE ] removing player 3 token from slot 0
[11:05:27.970] [SEVERE ] player 4 placing token on slot 0
[11:05:27.972] [SEVERE ] player 3 placing token on slot 0
[11:05:27.972] [SEVERE ] player 2 placing token on slot 0
[11:05:27.972] [SEVERE ] player 1 placing token on slot 0
[11:05:27.972] [SEVERE ] removing player 2 token from slot 0
[11:05:27.972] [SEVERE ] removing player 3 token from slot 0
[11:05:27.972] [SEVERE ] removing player 4 token from slot 0
[11:05:27.972] [SEVERE ] player 3 placing token on slot 0
[11:05:27.972] [SEVERE ] player 2 placing token on slot 0
[11:05:27.972] [SEVERE ] removing player 1 token from slot 0
[11:05:27.972] [SEVERE ] removing player 2 token from slot 0
[11:05:27.972] [SEVERE ] player 4 placing token on slot 0
[11:05:27.973] [SEVERE ] player 2 placing token on slot 0
[11:05:27.973] [SEVERE ] player 1 placing token on slot 0
[11:05:27.973] [SEVERE ] removing player 3 token from slot 0
[11:05:27.973] [SEVERE ] removing player 1 token from slot 0
[11:05:27.973] [SEVERE ] removing player 2 token from slot 0
[11:05:27.973] [SEVERE ] removing player 4 token from slot 0
[11:05:27.973] [SEVERE ] player 2 placing token on slot 0
[11:05:27.973] [SEVERE ] player 1 placing token on slot 0
[11:05:27.973] [SEVERE ] player 3 placing token on slot 0
[11:05:27.976] [SEVERE ] removing player 2 token from slot 0
[11:05:27.976] [SEVERE ] removing player 1 token from slot 0
[11:05:27.976] [SEVERE ] player 4 placing token on slot 0
[11:05:27.976] [SEVERE ] removing player 3 token from slot 0
[11:05:27.977] [SEVERE ] removing player 4 token from slot 0
[11:05:27.976] [SEVERE ] player 1 placing token on slot 0
[11:05:27.976] [SEVERE ] player 2 placing token on slot 0
[11:05:27.977] [SEVERE ] removing player 1 token from slot 0
[11:05:27.977] [SEVERE ] player 4 placing token on slot 0
[11:05:27.977] [SEVERE ] player 3 placing token on slot 0
[11:05:27.980] [SEVERE ] removing player 3 token from slot 0
[11:05:27.980] [SEVERE ] player 1 placing token on slot 0
[11:05:27.980] [SEVERE ] removing player 2 token from slot 0
[11:05:27.980] [SEVERE ] removing player 4 token from slot 0
[11:05:27.981] [SEVERE ] player 2 placing token on slot 0
[11:05:27.980] [SEVERE ] removing player 1 token from slot 0
[11:05:27.980] [SEVERE ] player 3 placing token on slot 0
[11:05:27.981] [SEVERE ] player 1 placing token on slot 0
[11:05:27.981] [SEVERE ] player 4 placing token on slot 0
[11:05:27.981] [SEVERE ] removing player 2 token from slot 0
[11:05:27.982] [SEVERE ] removing player 4 token from slot 0
[11:05:27.981] [SEVERE ] removing player 1 token from slot 0
[11:05:27.981] [SEVERE ] removing player 3 token from slot 0
[11:05:27.982] [SEVERE ] player 1 placing token on slot 0
[11:05:27.982] [SEVERE ] player 4 placing token on slot 0
[11:05:27.982] [SEVERE ] player 2 placing token on slot 0
[11:05:27.982] [SEVERE ] removing player 4 token from slot 0
[11:05:27.982] [SEVERE ] removing player 1 token from slot 0
[11:05:27.982] [SEVERE ] player 3 placing token on slot 0
[11:05:27.983] [SEVERE ] player 1 placing token on slot 0
[11:05:27.983] [SEVERE ] player 4 placing token on slot 0
[11:05:27.982] [SEVERE ] removing player 2 token from slot 0
[11:05:27.983] [SEVERE ] removing player 1 token from slot 0
[11:05:27.983] [SEVERE ] removing player 3 token from slot 0
[11:05:27.984] [SEVERE ] player 2 placing token on slot 0
[11:05:27.986] [SEVERE ] removing player 2 token from slot 0
[11:05:27.986] [SEVERE ] player 1 placing token on slot 0
[11:05:27.986] [SEVERE ] removing player 4 token from slot 0
[11:05:27.986] [SEVERE ] removing player 1 token from slot 0
[11:05:27.986] [SEVERE ] player 2 placing token on slot 0
[11:05:27.986] [SEVERE ] removing player 2 token from slot 0
[11:05:27.986] [SEVERE ] player 2 placing token on slot 0
[11:05:27.986] [SEVERE ] removing player 2 token from slot 0
[11:05:27.986] [SEVERE ] player 2 placing token on slot 0
[11:05:27.986] [SEVERE ] removing player 2 token from slot 0
[11:05:27.990] [SEVERE ] player 3 placing token on slot 0
[11:05:27.990] [SEVERE ] player 2 placing token on slot 0
[11:05:27.990] [SEVERE ] player 1 placing token on slot 0
[11:05:27.990] [SEVERE ] player 4 placing token on slot 0
[11:05:27.990] [SEVERE ] removing player 1 token from slot 0
[11:05:27.990] [SEVERE ] removing player 2 token from slot 0
[11:05:27.990] [SEVERE ] player 2 placing token on slot 0
[11:05:27.990] [SEVERE ] removing player 3 token from slot 0
[11:05:27.992] [SEVERE ] removing player 2 token from slot 0
[11:05:27.992] [SEVERE ] player 2 placing token on slot 0
[11:05:27.992] [SEVERE ] removing player 2 token from slot 0
[11:05:27.992] [SEVERE ] player 2 placing token on slot 0
[11:05:27.992] [SEVERE ] removing player 2 token from slot 0
[11:05:27.992] [SEVERE ] player 2 placing token on slot 0
[11:05:27.992] [SEVERE ] removing player 2 token from slot 0
[11:05:27.995] [SEVERE ] player 2 placing token on slot 0
[11:05:27.996] [SEVERE ] player 1 placing token on slot 0
[11:05:27.996] [SEVERE ] removing player 2 token from slot 0
[11:05:27.998] [SEVERE ] player 2 placing token on slot 0
[11:05:27.999] [SEVERE ] removing player 2 token from slot 0
[11:05:27.999] [SEVERE ] removing player 1 token from slot 0
[11:05:27.999] [SEVERE ] player 1 placing token on slot 0
[11:05:28.000] [SEVERE ] player 2 placing token on slot 0
[11:05:28.000] [SEVERE ] removing player 4 token from slot 0
[11:05:27.999] [SEVERE ] player 3 placing token on slot 0
[11:05:28.000] [SEVERE ] player 4 placing token on slot 0
[11:05:28.001] [SEVERE ] removing player 4 token from slot 0
[11:05:28.001] [SEVERE ] player 4 placing token on slot 0
[11:05:28.001] [SEVERE ] removing player 4 token from slot 0
[11:05:28.001] [SEVERE ] player 4 placing token on slot 0
[11:05:28.001] [SEVERE ] removing player 2 token from slot 0
[11:05:28.002] [SEVERE ] removing player 4 token from slot 0
[11:05:28.002] [SEVERE ] removing player 1 token from slot 0
[11:05:28.002] [SEVERE ] removing player 3 token from slot 0
[11:05:28.002] [SEVERE ] player 2 placing token on slot 0
[11:05:28.002] [SEVERE ] player 1 placing token on slot 0
[11:05:28.002] [SEVERE ] player 4 placing token on slot 0
[11:05:28.002] [SEVERE ] removing player 1 token from slot 0
[11:05:28.002] [SEVERE ] player 3 placing token on slot 0
[11:05:28.002] [SEVERE ] removing player 2 token from slot 0
[11:05:28.003] [SEVERE ] removing player 3 token from slot 0
[11:05:28.002] [SEVERE ] player 1 placing token on slot 0
[11:05:28.002] [SEVERE ] removing player 4 token from slot 0
[11:05:28.004] [SEVERE ] removing player 1 token from slot 0
[11:05:28.004] [SEVERE ] player 2 placing token on slot 0
[11:05:28.004] [SEVERE ] player 3 placing token on slot 0
[11:05:28.004] [SEVERE ] removing player 2 token from slot 0
[11:05:28.004] [SEVERE ] player 1 placing token on slot 0
[11:05:28.004] [SEVERE ] player 2 placing token on slot 0
[11:05:28.004] [SEVERE ] removing player 1 token from slot 0
[11:05:28.004] [SEVERE ] removing player 2 token from slot 0
[11:05:28.005] [SEVERE ] player 2 placing token on slot 0
[11:05:28.005] [SEVERE ] removing player 2 token from slot 0
[11:05:28.005] [SEVERE ] player 2 placing token on slot 0
[11:05:28.005] [SEVERE ] removing player 2 token from slot 0
[11:05:28.005] [SEVERE ] player 2 placing token on slot 0
[11:05:28.005] [SEVERE ] removing player 2 token from slot 0
[11:05:28.006] [SEVERE ] player 4 placing token on slot 0
[11:05:28.006] [SEVERE ] removing player 3 token from slot 0
[11:05:28.006] [SEVERE ] player 2 placing token on slot 0
[11:05:28.006] [SEVERE ] player 3 placing token on slot 0
[11:05:28.006] [SEVERE ] removing player 4 token from slot 0
[11:05:28.006] [SEVERE ] removing player 3 token from slot 0
[11:05:28.006] [SEVERE ] player 1 placing token on slot 0
[11:05:28.006] [SEVERE ] removing player 2 token from slot 0
[11:05:28.006] [SEVERE ] removing player 1 token from slot 0
[11:05:28.006] [SEVERE ] player 3 placing token on slot 0
[11:05:28.006] [SEVERE ] player 4 placing token on slot 0
[11:05:28.007] [SEVERE ] removing player 3 token from slot 0
[11:05:28.007] [SEVERE ] player 1 placing token on slot 0
[11:05:28.006] [SEVERE ] player 2 placing token on slot 0
[11:05:28.007] [SEVERE ] removing player 2 token from slot 0
[11:05:28.007] [SEVERE ] player 2 placing token on slot 0
[11:05:28.007] [SEVERE ] removing player 2 token from slot 0
[11:05:28.007] [SEVERE ] player 2 placing token on slot 0
[11:05:28.007] [SEVERE ] removing player 2 token from slot 0
[11:05:28.007] [SEVERE ] player 2 placing token on slot 0
[11:05:28.007] [SEVERE ] removing player 2 token from slot 0
[11:05:28.007] [SEVERE ] player 2 placing token on slot 0
[11:05:28.007] [SEVERE ] removing player 2 token from slot 0
[11:05:28.009] [SEVERE ] player 3 placing token on slot 0
[11:05:28.009] [SEVERE ] removing player 1 token from slot 0
[11:05:28.009] [SEVERE ] player 2 placing token on slot 0
[11:05:28.010] [SEVERE ] removing player 3 token from slot 0
[11:05:28.010] [SEVERE ] removing player 4 token from slot 0
[11:05:28.010] [SEVERE ] player 3 placing token on slot 0
[11:05:28.010] [SEVERE ] player 4 placing token on slot 0
[11:05:28.010] [SEVERE ] player 1 placing token on slot 0
[11:05:28.010] [SEVERE ] removing player 3 token from slot 0
[11:05:28.010] [SEVERE ] removing player 2 token from slot 0
[11:05:28.011] [SEVERE ] player 3 placing token on slot 0
[11:05:28.010] [SEVERE ] removing player 1 token from slot 0
[11:05:28.010] [SEVERE ] removing player 4 token from slot 0
[11:05:28.011] [SEVERE ] player 1 placing token on slot 0
[11:05:28.011] [SEVERE ] removing player 3 token from slot 0
[11:05:28.011] [SEVERE ] player 2 placing token on slot 0
[11:05:28.011] [SEVERE ] removing player 1 token from slot 0
[11:05:28.011] [SEVERE ] player 4 placing token on slot 0
[11:05:28.011] [SEVERE ] player 3 placing token on slot 0
[11:05:28.011] [SEVERE ] player 1 placing token on slot 0
[11:05:28.011] [SEVERE ] removing player 2 token from slot 0
[11:05:28.012] [SEVERE ] removing player 1 token from slot 0
[11:05:28.012] [SEVERE ] removing player 4 token from slot 0
[11:05:28.012] [SEVERE ] player 4 placing token on slot 0
[11:05:28.012] [SEVERE ] removing player 3 token from slot 0
[11:05:28.012] [SEVERE ] player 2 placing token on slot 0
[11:05:28.012] [SEVERE ] player 1 placing token on slot 0
[11:05:28.013] [SEVERE ] player 3 placing token on slot 0
[11:05:28.014] [SEVERE ] removing player 3 token from slot 0
[11:05:28.014] [SEVERE ] player 3 placing token on slot 0
[11:05:28.014] [SEVERE ] removing player 3 token from slot 0
[11:05:28.017] [SEVERE ] removing player 1 token from slot 0
[11:05:28.017] [SEVERE ] player 3 placing token on slot 0
[11:05:28.017] [SEVERE ] removing player 2 token from slot 0
[11:05:28.017] [SEVERE ] removing player 4 token from slot 0
[11:05:28.017] [SEVERE ] removing player 3 token from slot 0
[11:05:28.017] [SEVERE ] player 1 placing token on slot 0
[11:05:28.018] [SEVERE ] removing player 1 token from slot 0
[11:05:28.018] [SEVERE ] player 3 placing token on slot 0
[11:05:28.018] [SEVERE ] player 1 placing token on slot 0
[11:05:28.018] [SEVERE ] removing player 1 token from slot 0
[11:05:28.018] [SEVERE ] player 1 placing token on slot 0
[11:05:28.018] [SEVERE ] removing player 1 token from slot 0
[11:05:28.018] [SEVERE ] player 1 placing token on slot 0
[11:05:28.018] [SEVERE ] removing player 1 token from slot 0
[11:05:28.018] [SEVERE ] player 1 placing token on slot 0
[11:05:28.018] [SEVERE ] removing player 1 token from slot 0
[11:05:28.018] [SEVERE ] player 1 placing token on slot 0
[11:05:28.018] [SEVERE ] removing player 1 token from slot 0
[11:05:28.018] [SEVERE ] player 1 placing token on slot 0
[11:05:28.018] [SEVERE ] removing player 1 token from slot 0
[11:05:28.018] [SEVERE ] player 1 placing token on slot 0
[11:05:28.018] [SEVERE ] removing player 1 token from slot 0
[11:05:28.018] [SEVERE ] player 1 placing token on slot 0
[11:05:28.018] [SEVERE ] removing player 1 token from slot 0
[11:05:28.018] [SEVERE ] player 1 placing token on slot 0
[11:05:28.018] [SEVERE ] removing player 1 token from slot 0
[11:05:28.018] [SEVERE ] player 1 placing token on slot 0
[11:05:28.022] [SEVERE ] removing player 1 token from slot 0
[11:05:28.022] [SEVERE ] removing player 3 token from slot 0
[11:05:28.022] [SEVERE ] player 1 placing token on slot 0
[11:05:28.022] [SEVERE ] removing player 1 token from slot 0
[11:05:28.022] [SEVERE ] player 1 placing token on slot 0
[11:05:28.022] [SEVERE ] removing player 1 token from slot 0
[11:05:28.022] [SEVERE ] player 1 placing token on slot 0
[11:05:28.022] [SEVERE ] removing player 1 token from slot 0
[11:05:28.022] [SEVERE ] player 1 placing token on slot 0
[11:05:28.022] [SEVERE ] removing player 1 token from slot 0
[11:05:28.022] [SEVERE ] player 1 placing token on slot 0
[11:05:28.022] [SEVERE ] removing player 1 token from slot 0
[11:05:28.022] [SEVERE ] player 1 placing token on slot 0
[11:05:28.022] [SEVERE ] removing player 1 token from slot 0
[11:05:28.025] [SEVERE ] player 1 placing token on slot 0
[11:05:28.025] [SEVERE ] player 3 placing token on slot 0
[11:05:28.051] [SEVERE ] placing card 17 in slot 1
[11:05:28.025] [SEVERE ] removing player 1 token from slot 0
[11:05:28.057] [SEVERE ] player 1 placing token on slot 0
[11:05:28.057] [SEVERE ] removing player 1 token from slot 0
[11:05:28.057] [SEVERE ] player 1 placing token on slot 0
[11:05:28.057] [SEVERE ] removing player 1 token from slot 0
[11:05:28.057] [SEVERE ] player 1 placing token on slot 1
[11:05:28.057] [SEVERE ] removing player 1 token from slot 1
[11:05:28.058] [SEVERE ] player 1 placing token on slot 0
[11:05:28.058] [SEVERE ] player 1 placing token on slot 1
[11:05:28.058] [SEVERE ] removing player 1 token from slot 0
[11:05:28.058] [SEVERE ] player 1 placing token on slot 0
[11:05:28.058] [SEVERE ] removing player 1 token from slot 1
[11:05:28.058] [SEVERE ] player 1 placing token on slot 1
[11:05:28.058] [SEVERE ] removing player 1 token from slot 0
[11:05:28.058] [SEVERE ] player 1 placing token on slot 0
[11:05:28.058] [SEVERE ] removing player 1 token from slot 1
[11:05:28.058] [SEVERE ] player 1 placing token on slot 1
[11:05:28.058] [SEVERE ] removing player 1 token from slot 0
[11:05:28.058] [SEVERE ] removing player 1 token from slot 1
[11:05:28.058] [SEVERE ] player 1 placing token on slot 1
[11:05:28.058] [SEVERE ] player 1 placing token on slot 0
[11:05:28.059] [SEVERE ] removing player 1 token from slot 1
[11:05:28.059] [SEVERE ] removing player 1 token from slot 0
[11:05:28.059] [SEVERE ] player 1 placing token on slot 0
[11:05:28.059] [SEVERE ] player 3 placing token on slot 1
[11:05:28.059] [SEVERE ] removing player 1 token from slot 0
[11:05:28.059] [SEVERE ] player 1 placing token on slot 0
[11:05:28.059] [SEVERE ] removing player 3 token from slot 0
[11:05:28.060] [SEVERE ] player 1 placing token on slot 1
[11:05:28.060] [SEVERE ] player 3 placing token on slot 0
[11:05:28.060] [SEVERE ] removing player 1 token from slot 0
[11:05:28.060] [SEVERE ] removing player 3 token from slot 1
[11:05:28.060] [SEVERE ] player 3 placing token on slot 1
[11:05:28.060] [SEVERE ] removing player 3 token from slot 0
[11:05:28.060] [SEVERE ] player 3 placing token on slot 0
[11:05:28.060] [SEVERE ] removing player 3 token from slot 1
[11:05:28.060] [SEVERE ] removing player 3 token from slot 0
[11:05:28.060] [SEVERE ] player 3 placing token on slot 0
[11:05:28.061] [SEVERE ] removing player 3 token from slot 0
[11:05:28.061] [SEVERE ] player 3 placing token on slot 1
[11:05:28.061] [SEVERE ] removing player 3 token from slot 1
[11:05:28.061] [SEVERE ] player 3 placing token on slot 0
[11:05:28.061] [SEVERE ] removing player 3 token from slot 0
[11:05:28.061] [SEVERE ] player 3 placing token on slot 0
[11:05:28.061] [SEVERE ] player 3 placing token on slot 1
[11:05:28.061] [SEVERE ] removing player 3 token from slot 0
[11:05:28.061] [SEVERE ] removing player 3 token from slot 1
[11:05:28.061] [SEVERE ] player 3 placing token on slot 0
[11:05:28.062] [SEVERE ] player 3 placing token on slot 1
[11:05:28.070] [SEVERE ] removing player 1 token from slot 1
[11:05:28.070] [SEVERE ] removing player 3 token from slot 1
[11:05:28.071] [SEVERE ] player 1 placing token on slot 0
[11:05:28.071] [SEVERE ] player 1 placing token on slot 1
[11:05:28.071] [SEVERE ] removing player 1 token from slot 1
[11:05:28.071] [SEVERE ] removing player 1 token from slot 0
[11:05:28.071] [SEVERE ] player 1 placing token on slot 0
[11:05:28.071] [SEVERE ] player 1 placing token on slot 1
[11:05:28.071] [SEVERE ] removing player 1 token from slot 1
[11:05:28.071] [SEVERE ] removing player 1 token from slot 0
[11:05:28.071] [SEVERE ] player 1 placing token on slot 0
[11:05:28.071] [SEVERE ] player 1 placing token on slot 1
[11:05:28.071] [SEVERE ] removing player 1 token from slot 0
[11:05:28.071] [SEVERE ] player 1 placing token on slot 0
[11:05:28.071] [SEVERE ] removing player 1 token from slot 0
[11:05:28.071] [SEVERE ] player 1 placing token on slot 0
[11:05:28.071] [SEVERE ] removing player 1 token from slot 0
[11:05:28.071] [SEVERE ] removing player 1 token from slot 1
[11:05:28.071] [SEVERE ] player 1 placing token on slot 1
[11:05:28.072] [SEVERE ] player 1 placing token on slot 0
[11:05:28.072] [SEVERE ] removing player 1 token from slot 1
[11:05:28.072] [SEVERE ] removing player 1 token from slot 0
[11:05:28.076] [SEVERE ] player 1 placing token on slot 1
[11:05:28.076] [SEVERE ] player 4 placing token on slot 1
[11:05:28.076] [SEVERE ] removing player 4 token from slot 1
[11:05:28.076] [SEVERE ] player 4 placing token on slot 0
[11:05:28.076] [SEVERE ] player 4 placing token on slot 1
[11:05:28.076] [SEVERE ] player 3 placing token on slot 1
[11:05:28.076] [SEVERE ] player 1 placing token on slot 0
[11:05:28.076] [SEVERE ] removing player 4 token from slot 1
[11:05:28.076] [SEVERE ] removing player 1 token from slot 1
[11:05:28.076] [SEVERE ] removing player 3 token from slot 1
[11:05:28.076] [SEVERE ] removing player 1 token from slot 0
[11:05:28.076] [SEVERE ] removing player 4 token from slot 0
[11:05:28.077] [SEVERE ] player 1 placing token on slot 1
[11:05:28.076] [SEVERE ] removing player 3 token from slot 0
[11:05:28.077] [SEVERE ] removing player 1 token from slot 1
[11:05:28.077] [SEVERE ] player 4 placing token on slot 1
[11:05:28.078] [SEVERE ] removing player 4 token from slot 1
[11:05:28.077] [SEVERE ] player 3 placing token on slot 1
[11:05:28.078] [SEVERE ] player 2 placing token on slot 0
[11:05:28.078] [SEVERE ] player 4 placing token on slot 0
[11:05:28.078] [SEVERE ] player 1 placing token on slot 1
[11:05:28.078] [SEVERE ] removing player 4 token from slot 0
[11:05:28.078] [SEVERE ] player 4 placing token on slot 1
[11:05:28.078] [SEVERE ] removing player 4 token from slot 1
[11:05:28.078] [SEVERE ] player 4 placing token on slot 0
[11:05:28.078] [SEVERE ] player 4 placing token on slot 1
[11:05:28.078] [SEVERE ] removing player 4 token from slot 1
[11:05:28.078] [SEVERE ] player 4 placing token on slot 1
[11:05:28.079] [SEVERE ] removing player 4 token from slot 0
[11:05:28.078] [SEVERE ] removing player 2 token from slot 0
[11:05:28.079] [SEVERE ] removing player 4 token from slot 1
[11:05:28.078] [SEVERE ] removing player 3 token from slot 1
[11:05:28.079] [SEVERE ] player 2 placing token on slot 1
[11:05:28.078] [SEVERE ] player 1 placing token on slot 0
[11:05:28.086] [SEVERE ] removing player 2 token from slot 1
[11:05:28.086] [SEVERE ] player 3 placing token on slot 1
[11:05:28.086] [SEVERE ] removing player 1 token from slot 1
[11:05:28.086] [SEVERE ] player 4 placing token on slot 1
[11:05:28.086] [SEVERE ] player 4 placing token on slot 0
[11:05:28.086] [SEVERE ] removing player 4 token from slot 0
[11:05:28.086] [SEVERE ] removing player 4 token from slot 1
[11:05:28.086] [SEVERE ] player 4 placing token on slot 1
[11:05:28.086] [SEVERE ] player 4 placing token on slot 0
[11:05:28.086] [SEVERE ] removing player 4 token from slot 0
[11:05:28.086] [SEVERE ] removing player 4 token from slot 1
[11:05:28.086] [SEVERE ] player 4 placing token on slot 0
[11:05:28.086] [SEVERE ] player 4 placing token on slot 1
[11:05:28.086] [SEVERE ] removing player 4 token from slot 1
[11:05:28.086] [SEVERE ] player 4 placing token on slot 1
[11:05:28.086] [SEVERE ] removing player 4 token from slot 0
[11:05:28.087] [SEVERE ] removing player 4 token from slot 1
[11:05:28.087] [SEVERE ] player 4 placing token on slot 0
[11:05:28.087] [SEVERE ] removing player 4 token from slot 0
[11:05:28.087] [SEVERE ] player 4 placing token on slot 0
[11:05:28.087] [SEVERE ] player 4 placing token on slot 1
[11:05:28.087] [SEVERE ] removing player 4 token from slot 1
[11:05:28.087] [SEVERE ] player 4 placing token on slot 1
[11:05:28.087] [SEVERE ] removing player 4 token from slot 1
[11:05:28.087] [SEVERE ] removing player 4 token from slot 0
[11:05:28.087] [SEVERE ] player 4 placing token on slot 1
[11:05:28.087] [SEVERE ] player 4 placing token on slot 0
[11:05:28.087] [SEVERE ] removing player 4 token from slot 1
[11:05:28.086] [SEVERE ] removing player 3 token from slot 1
[11:05:28.090] [SEVERE ] player 3 placing token on slot 0
[11:05:28.090] [SEVERE ] removing player 3 token from slot 0
[11:05:28.090] [SEVERE ] player 3 placing token on slot 0
[11:05:28.090] [SEVERE ] player 3 placing token on slot 1
[11:05:28.090] [SEVERE ] removing player 3 token from slot 0
[11:05:28.090] [SEVERE ] player 3 placing token on slot 0
[11:05:28.090] [SEVERE ] removing player 3 token from slot 0
[11:05:28.090] [SEVERE ] player 3 placing token on slot 0
[11:05:28.090] [SEVERE ] removing player 3 token from slot 0
[11:05:28.090] [SEVERE ] removing player 3 token from slot 1
[11:05:28.090] [SEVERE ] player 3 placing token on slot 0
[11:05:28.090] [SEVERE ] removing player 3 token from slot 0
[11:05:28.090] [SEVERE ] player 3 placing token on slot 0
[11:05:28.090] [SEVERE ] player 3 placing token on slot 1
[11:05:28.090] [SEVERE ] removing player 3 token from slot 1
[11:05:28.090] [SEVERE ] removing player 3 token from slot 0
[11:05:28.090] [SEVERE ] player 3 placing token on slot 1
[11:05:28.090] [SEVERE ] removing player 3 token from slot 1
[11:05:28.090] [SEVERE ] player 3 placing token on slot 1
[11:05:28.090] [SEVERE ] player 3 placing token on slot 0
[11:05:28.091] [SEVERE ] removing player 3 token from slot 0
[11:05:28.091] [SEVERE ] player 3 placing token on slot 0
[11:05:28.091] [SEVERE ] removing player 3 token from slot 0
[11:05:28.091] [SEVERE ] removing player 3 token from slot 1
[11:05:28.086] [SEVERE ] player 2 placing token on slot 1
[11:05:28.090] [SEVERE ] removing player 4 token from slot 0
[11:05:28.092] [SEVERE ] player 4 placing token on slot 1
[11:05:28.092] [SEVERE ] removing player 4 token from slot 1
[11:05:28.091] [SEVERE ] removing player 2 token from slot 1
[11:05:28.091] [SEVERE ] player 3 placing token on slot 0
[11:05:28.092] [SEVERE ] player 2 placing token on slot 1
[11:05:28.093] [SEVERE ] removing player 2 token from slot 1
[11:05:28.092] [SEVERE ] player 4 placing token on slot 0
[11:05:28.092] [SEVERE ] removing player 1 token from slot 0
[11:05:28.093] [SEVERE ] removing player 4 token from slot 0
[11:05:28.093] [SEVERE ] player 4 placing token on slot 1
[11:05:28.093] [SEVERE ] removing player 4 token from slot 1
[11:05:28.093] [SEVERE ] player 4 placing token on slot 1
[11:05:28.093] [SEVERE ] removing player 4 token from slot 1
[11:05:28.093] [SEVERE ] player 4 placing token on slot 1
[11:05:28.093] [SEVERE ] player 4 placing token on slot 0
[11:05:28.094] [SEVERE ] removing player 4 token from slot 1
[11:05:28.094] [SEVERE ] removing player 4 token from slot 0
[11:05:28.094] [SEVERE ] player 4 placing token on slot 1
[11:05:28.094] [SEVERE ] removing player 4 token from slot 1
[11:05:28.094] [SEVERE ] player 4 placing token on slot 0
[11:05:28.093] [SEVERE ] removing player 3 token from slot 0
[11:05:28.093] [SEVERE ] player 2 placing token on slot 0
[11:05:28.098] [SEVERE ] removing player 4 token from slot 0
[11:05:28.098] [SEVERE ] removing player 2 token from slot 0
[11:05:28.098] [SEVERE ] player 1 placing token on slot 1
[11:05:28.098] [SEVERE ] player 3 placing token on slot 1
[11:05:28.098] [SEVERE ] player 4 placing token on slot 1
[11:05:28.098] [SEVERE ] removing player 3 token from slot 1
[11:05:28.099] [SEVERE ] removing player 4 token from slot 1
[11:05:28.099] [SEVERE ] player 3 placing token on slot 0
[11:05:28.099] [SEVERE ] player 4 placing token on slot 1
[11:05:28.099] [SEVERE ] player 4 placing token on slot 0
[11:05:28.099] [SEVERE ] removing player 4 token from slot 0
[11:05:28.099] [SEVERE ] player 4 placing token on slot 0
[11:05:28.099] [SEVERE ] removing player 4 token from slot 0
[11:05:28.099] [SEVERE ] removing player 4 token from slot 1
[11:05:28.099] [SEVERE ] player 4 placing token on slot 1
[11:05:28.099] [SEVERE ] player 4 placing token on slot 0
[11:05:28.099] [SEVERE ] removing player 4 token from slot 0
[11:05:28.099] [SEVERE ] removing player 4 token from slot 1
[11:05:28.099] [SEVERE ] player 4 placing token on slot 0
[11:05:28.099] [SEVERE ] removing player 4 token from slot 0
[11:05:28.099] [SEVERE ] player 4 placing token on slot 1
[11:05:28.100] [SEVERE ] player 4 placing token on slot 0
[11:05:28.100] [SEVERE ] removing player 4 token from slot 1
[11:05:28.100] [SEVERE ] player 4 placing token on slot 1
[11:05:28.100] [SEVERE ] removing player 4 token from slot 0
[11:05:28.100] [SEVERE ] removing player 4 token from slot 1
[11:05:28.126] [SEVERE ] player 1 placing token on slot 0
[11:05:28.127] [SEVERE ] player 4 placing token on slot 1
[11:05:28.127] [SEVERE ] removing player 1 token from slot 0
[11:05:28.127] [SEVERE ] player 4 placing token on slot 0
[11:05:28.127] [SEVERE ] removing player 4 token from slot 1
[11:05:28.127] [SEVERE ] player 4 placing token on slot 1
[11:05:28.127] [SEVERE ] removing player 4 token from slot 0
[11:05:28.128] [SEVERE ] player 4 placing token on slot 0
[11:05:28.128] [SEVERE ] removing player 4 token from slot 1
[11:05:28.128] [SEVERE ] player 4 placing token on slot 1
[11:05:28.128] [SEVERE ] removing player 4 token from slot 1
[11:05:28.137] [SEVERE ] player 4 placing token on slot 1
[11:05:28.137] [SEVERE ] removing player 4 token from slot 1
[11:05:28.137] [SEVERE ] removing player 4 token from slot 0
[11:05:28.137] [SEVERE ] player 4 placing token on slot 0
[11:05:28.148] [SEVERE ] player 2 placing token on slot 0
[11:05:28.149] [SEVERE ] removing player 4 token from slot 0
[11:05:28.149] [SEVERE ] player 4 placing token on slot 1
[11:05:28.151] [SEVERE ] player 4 placing token on slot 0
[11:05:28.151] [SEVERE ] removing player 4 token from slot 0
[11:05:28.151] [SEVERE ] player 4 placing token on slot 0
[11:05:28.151] [SEVERE ] removing player 4 token from slot 0
[11:05:28.151] [SEVERE ] player 4 placing token on slot 0
[11:05:28.151] [SEVERE ] removing player 4 token from slot 0
[11:05:28.151] [SEVERE ] removing player 4 token from slot 1
[11:05:28.151] [SEVERE ] player 4 placing token on slot 1
[11:05:28.151] [SEVERE ] removing player 2 token from slot 0
[11:05:28.151] [SEVERE ] removing player 4 token from slot 1
[11:05:28.157] [SEVERE ] player 4 placing token on slot 0
[11:05:28.157] [SEVERE ] player 2 placing token on slot 1
[11:05:28.157] [SEVERE ] removing player 2 token from slot 1
[11:05:28.157] [SEVERE ] player 2 placing token on slot 1
[11:05:28.157] [SEVERE ] removing player 2 token from slot 1
[11:05:28.157] [SEVERE ] player 2 placing token on slot 1
[11:05:28.157] [SEVERE ] removing player 4 token from slot 0
[11:05:28.157] [SEVERE ] player 4 placing token on slot 1
[11:05:28.172] [SEVERE ] player 4 placing token on slot 0
[11:05:28.172] [SEVERE ] removing player 4 token from slot 1
[11:05:28.172] [SEVERE ] removing player 4 token from slot 0
[11:05:28.172] [SEVERE ] player 4 placing token on slot 1
[11:05:28.172] [SEVERE ] player 4 placing token on slot 0
[11:05:28.172] [SEVERE ] removing player 4 token from slot 0
[11:05:28.172] [SEVERE ] removing player 4 token from slot 1
[11:05:28.218] [SEVERE ] placing card 36 in slot 2
[11:05:28.318] [SEVERE ] placing card 53 in slot 3
[11:05:28.419] [SEVERE ] placing card 5 in slot 4
[11:05:28.464] [SEVERE ] player 4 placing token on slot 0
[11:05:28.465] [SEVERE ] removing player 1 token from slot 1
[11:05:28.465] [SEVERE ] player 2 placing token on slot 0
[11:05:28.465] [SEVERE ] removing player 4 token from slot 0
[11:05:28.466] [SEVERE ] player 4 placing token on slot 4
[11:05:28.466] [SEVERE ] player 4 placing token on slot 0
[11:05:28.464] [SEVERE ] player 3 placing token on slot 1
[11:05:28.466] [SEVERE ] removing player 3 token from slot 0
[11:05:28.466] [SEVERE ] player 3 placing token on slot 2
[11:05:28.466] [SEVERE ] player 4 placing token on slot 2
[11:05:28.465] [SEVERE ] player 2 placing token on slot 3
[11:05:28.471] [SEVERE ] player 3 placing token on slot 0
[11:05:28.480] [SEVERE ] player 1 placing token on slot 0
[11:05:28.480] [SEVERE ] player 1 placing token on slot 1
[11:05:28.481] [SEVERE ] removing player 1 token from slot 0
[11:05:28.481] [SEVERE ] player 1 placing token on slot 0
[11:05:28.481] [SEVERE ] player 1 placing token on slot 4
[11:05:28.525] [SEVERE ] placing card 0 in slot 5
[11:05:28.630] [SEVERE ] placing card 9 in slot 6
[11:05:28.752] [SEVERE ] placing card 16 in slot 7
[11:05:28.863] [SEVERE ] placing card 79 in slot 8
[11:05:28.977] [SEVERE ] placing card 14 in slot 9
[11:05:29.088] [SEVERE ] placing card 27 in slot 10
[11:05:29.197] [SEVERE ] placing card 25 in slot 11
[11:05:29.307] [SEVERE ] removing player 4 token from slot 0
[11:05:29.308] [SEVERE ] removing player 4 token from slot 2
[11:05:29.308] [SEVERE ] updating countdown to 59889
[11:05:29.308] [SEVERE ] player 4 placing token on slot 5
[11:05:29.308] [SEVERE ] removing player 4 token from slot 5
[11:05:29.308] [SEVERE ] player 4 placing token on slot 6
[11:05:29.308] [SEVERE ] player 4 placing token on slot 5
[11:05:29.423] [SEVERE ] removing player 2 token from slot 1
[11:05:29.423] [SEVERE ] removing player 1 token from slot 4
[11:05:29.423] [SEVERE ] removing player 2 token from slot 3
[11:05:29.423] [SEVERE ] removing player 4 token from slot 6
[11:05:29.423] [SEVERE ] player 2 placing token on slot 11
[11:05:29.423] [SEVERE ] player 1 placing token on slot 4
[11:05:29.423] [SEVERE ] updating countdown to 59774
[11:05:29.424] [SEVERE ] removing player 2 token from slot 0
[11:05:29.423] [SEVERE ] player 4 placing token on slot 7
[11:05:29.424] [SEVERE ] player 2 placing token on slot 5
[11:05:29.424] [SEVERE ] player 2 placing token on slot 0
[11:05:29.534] [SEVERE ] removing player 1 token from slot 4
[11:05:29.534] [SEVERE ] removing player 2 token from slot 11
[11:05:29.534] [SEVERE ] updating countdown to 59663
[11:05:29.535] [SEVERE ] removing player 1 token from slot 1
[11:05:29.534] [SEVERE ] player 2 placing token on slot 6
[11:05:29.535] [SEVERE ] player 1 placing token on slot 2
[11:05:29.535] [SEVERE ] player 1 placing token on slot 7
[11:05:29.650] [SEVERE ] removing player 1 token from slot 7
[11:05:29.650] [SEVERE ] removing player 2 token from slot 6
[11:05:29.650] [SEVERE ] updating countdown to 59547
[11:05:29.650] [SEVERE ] removing player 3 token from slot 1
[11:05:29.650] [SEVERE ] removing player 4 token from slot 5
[11:05:29.650] [SEVERE ] player 3 placing token on slot 11
[11:05:29.650] [SEVERE ] player 2 placing token on slot 2
[11:05:29.650] [SEVERE ] player 1 placing token on slot 3
[11:05:29.650] [SEVERE ] player 4 placing token on slot 2
[11:05:29.763] [SEVERE ] removing player 2 token from slot 0
[11:05:29.763] [SEVERE ] updating countdown to 59434
[11:05:29.763] [SEVERE ] removing player 4 token from slot 4
[11:05:29.763] [SEVERE ] removing player 1 token from slot 3
[11:05:29.764] [SEVERE ] removing player 4 token from slot 2
[11:05:29.764] [SEVERE ] player 1 placing token on slot 10
[11:05:29.763] [SEVERE ] player 2 placing token on slot 3
[11:05:29.764] [SEVERE ] player 4 placing token on slot 1
[11:05:29.764] [SEVERE ] player 4 placing token on slot 3
[11:05:29.880] [SEVERE ] updating countdown to 59317
[11:05:29.991] [SEVERE ] removing player 4 token from slot 3
[11:05:29.991] [SEVERE ] player 4 placing token on slot 9
[11:05:29.991] [SEVERE ] removing player 2 token from slot 5
[11:05:29.991] [SEVERE ] updating countdown to 59206
[11:05:29.992] [SEVERE ] player 2 placing token on slot 9
[11:05:30.103] [SEVERE ] removing player 2 token from slot 3
[11:05:30.103] [SEVERE ] removing player 3 token from slot 11
[11:05:30.103] [SEVERE ] updating countdown to 59094
[11:05:30.103] [SEVERE ] player 2 placing token on slot 4
[11:05:30.103] [SEVERE ] player 3 placing token on slot 9
[11:05:30.103] [SEVERE ] removing player 1 token from slot 0
[11:05:30.103] [SEVERE ] player 1 placing token on slot 6
[11:05:30.215] [SEVERE ] removing player 3 token from slot 9
[11:05:30.216] [SEVERE ] removing player 1 token from slot 10
[11:05:30.216] [SEVERE ] removing player 4 token from slot 1
[11:05:30.216] [SEVERE ] updating countdown to 58981
[11:05:30.216] [SEVERE ] player 4 placing token on slot 2
[11:05:30.216] [SEVERE ] player 1 placing token on slot 11
[11:05:30.216] [SEVERE ] player 3 placing token on slot 1
[11:05:30.329] [SEVERE ] removing player 2 token from slot 4
[11:05:30.330] [SEVERE ] player 2 placing token on slot 7
[11:05:30.329] [SEVERE ] updating countdown to 58868
[11:05:30.441] [SEVERE ] removing player 2 token from slot 2
[11:05:30.441] [SEVERE ] updating countdown to 58756
[11:05:30.441] [SEVERE ] removing player 4 token from slot 7
[11:05:30.441] [SEVERE ] player 2 placing token on slot 3
[11:05:30.441] [SEVERE ] player 4 placing token on slot 5
[11:05:30.555] [SEVERE ] removing player 4 token from slot 9
[11:05:30.555] [SEVERE ] removing player 3 token from slot 2
[11:05:30.555] [SEVERE ] player 4 placing token on slot 0
[11:05:30.555] [SEVERE ] updating countdown to 58642
[11:05:30.556] [SEVERE ] player 3 placing token on slot 10
[11:05:30.665] [SEVERE ] removing player 4 token from slot 0
[11:05:30.665] [SEVERE ] updating countdown to 58532
[11:05:30.665] [SEVERE ] player 4 placing token on slot 9
[11:05:30.665] [SEVERE ] removing player 2 token from slot 9
[11:05:30.666] [SEVERE ] player 2 placing token on slot 2
[11:05:30.778] [SEVERE ] removing player 3 token from slot 1
[11:05:30.779] [SEVERE ] updating countdown to 58418
[11:05:30.779] [SEVERE ] removing player 2 token from slot 7
[11:05:30.779] [SEVERE ] removing player 1 token from slot 11
[11:05:30.779] [SEVERE ] player 3 placing token on slot 4
[11:05:30.779] [SEVERE ] player 1 placing token on slot 5
[11:05:30.779] [SEVERE ] removing player 2 token from slot 2
[11:05:30.780] [SEVERE ] player 2 placing token on slot 10
[11:05:30.780] [SEVERE ] removing player 2 token from slot 3
[11:05:30.780] [SEVERE ] player 2 placing token on slot 0
[11:05:30.780] [SEVERE ] player 2 placing token on slot 4
[11:05:30.891] [SEVERE ] removing player 1 token from slot 2
[11:05:30.891] [SEVERE ] removing player 3 token from slot 0
[11:05:30.891] [SEVERE ] removing player 2 token from slot 0
[11:05:30.891] [SEVERE ] updating countdown to 58306
[11:05:30.891] [SEVERE ] removing player 2 token from slot 4
[11:05:30.891] [SEVERE ] player 3 placing token on slot 11
[11:05:30.891] [SEVERE ] player 1 placing token on slot 10
[11:05:30.892] [SEVERE ] player 2 placing token on slot 0
[11:05:30.892] [SEVERE ] player 2 placing token on slot 9
[11:05:31.004] [SEVERE ] removing player 3 token from slot 11
[11:05:31.004] [SEVERE ] updating countdown to 58193
[11:05:31.004] [SEVERE ] player 3 placing token on slot 9
[11:05:31.114] [SEVERE ] removing player 1 token from slot 5
[11:05:31.114] [SEVERE ] removing player 2 token from slot 0
[11:05:31.114] [SEVERE ] player 2 placing token on slot 4
[11:05:31.114] [SEVERE ] player 1 placing token on slot 0
[11:05:31.114] [SEVERE ] removing player 3 token from slot 9
[11:05:31.114] [SEVERE ] removing player 4 token from slot 5
[11:05:31.114] [SEVERE ] updating countdown to 58083
[11:05:31.115] [SEVERE ] player 4 placing token on slot 3
[11:05:31.115] [SEVERE ] player 3 placing token on slot 1
[11:05:31.228] [SEVERE ] removing player 1 token from slot 10
[11:05:31.228] [SEVERE ] updating countdown to 57969
[11:05:31.228] [SEVERE ] removing player 4 token from slot 2
[11:05:31.228] [SEVERE ] removing player 3 token from slot 1
[11:05:31.228] [SEVERE ] player 4 placing token on slot 1
[11:05:31.228] [SEVERE ] player 1 placing token on slot 3
[11:05:31.228] [SEVERE ] player 3 placing token on slot 6
[11:05:31.342] [SEVERE ] removing player 4 token from slot 9
[11:05:31.343] [SEVERE ] updating countdown to 57854
[11:05:31.343] [SEVERE ] removing player 2 token from slot 9
[11:05:31.343] [SEVERE ] removing player 3 token from slot 4
[11:05:31.343] [SEVERE ] player 2 placing token on slot 7
[11:05:31.343] [SEVERE ] player 4 placing token on slot 7
[11:05:31.343] [SEVERE ] player 3 placing token on slot 8
[11:05:31.445] [SEVERE ] removing player 1 token from slot 6
[11:05:31.446] [SEVERE ] updating countdown to 57751
[11:05:31.445] [SEVERE ] removing player 3 token from slot 6
[11:05:31.446] [SEVERE ] player 1 placing token on slot 7
[11:05:31.446] [SEVERE ] player 3 placing token on slot 3
[11:05:31.558] [SEVERE ] removing player 2 token from slot 4
[11:05:31.558] [SEVERE ] removing player 4 token from slot 7
[11:05:31.558] [SEVERE ] updating countdown to 57639
[11:05:31.558] [SEVERE ] removing player 3 token from slot 10
[11:05:31.558] [SEVERE ] removing player 1 token from slot 0
[11:05:31.559] [SEVERE ] player 1 placing token on slot 2
[11:05:31.559] [SEVERE ] player 3 placing token on slot 1
[11:05:31.558] [SEVERE ] player 4 placing token on slot 6
[11:05:31.558] [SEVERE ] player 2 placing token on slot 4
[11:05:31.661] [SEVERE ] removing player 1 token from slot 2
[11:05:31.661] [SEVERE ] removing player 3 token from slot 3
[11:05:31.661] [SEVERE ] player 3 placing token on slot 2
[11:05:31.661] [SEVERE ] updating countdown to 57536
[11:05:31.661] [SEVERE ] player 1 placing token on slot 9
[11:05:31.761] [SEVERE ] removing player 4 token from slot 1
[11:05:31.761] [SEVERE ] updating countdown to 57436
[11:05:31.762] [SEVERE ] player 4 placing token on slot 7
[11:05:31.880] [SEVERE ] removing player 1 token from slot 7
[11:05:31.880] [SEVERE ] updating countdown to 57317
[11:05:31.881] [SEVERE ] player 1 placing token on slot 0
[11:05:31.994] [SEVERE ] removing player 3 token from slot 1
[11:05:31.994] [SEVERE ] removing player 1 token from slot 3
[11:05:31.994] [SEVERE ] player 3 placing token on slot 7
[11:05:31.994] [SEVERE ] updating countdown to 57203
[11:05:31.994] [SEVERE ] player 1 placing token on slot 2
[11:05:32.095] [SEVERE ] removing player 2 token from slot 10
[11:05:32.096] [SEVERE ] updating countdown to 57101
[11:05:32.096] [SEVERE ] player 2 placing token on slot 9
[11:05:32.207] [SEVERE ] removing player 4 token from slot 6
[11:05:32.207] [SEVERE ] removing player 4 token from slot 7
[11:05:32.207] [SEVERE ] player 4 placing token on slot 8
[11:05:32.207] [SEVERE ] removing player 4 token from slot 3
[11:05:32.207] [SEVERE ] player 4 placing token on slot 9
[11:05:32.207] [SEVERE ] player 4 placing token on slot 3
[11:05:32.210] [SEVERE ] updating countdown to 56987
[11:05:32.314] [SEVERE ] removing player 2 token from slot 4
[11:05:32.314] [SEVERE ] updating countdown to 56883
[11:05:32.314] [SEVERE ] player 2 placing token on slot 8
[11:05:32.314] [SEVERE ] removing player 3 token from slot 2
[11:05:32.314] [SEVERE ] removing player 1 token from slot 2
[11:05:32.314] [SEVERE ] player 3 placing token on slot 1
[11:05:32.314] [SEVERE ] player 1 placing token on slot 3
[11:05:32.426] [SEVERE ] removing player 3 token from slot 1
[11:05:32.426] [SEVERE ] updating countdown to 56771
[11:05:32.426] [SEVERE ] removing player 4 token from slot 9
[11:05:32.426] [SEVERE ] removing player 1 token from slot 9
[11:05:32.426] [SEVERE ] removing player 4 token from slot 3
[11:05:32.426] [SEVERE ] player 3 placing token on slot 10
[11:05:32.426] [SEVERE ] player 4 placing token on slot 7
[11:05:32.426] [SEVERE ] player 1 placing token on slot 6
[11:05:32.426] [SEVERE ] player 4 placing token on slot 3
[11:05:32.530] [SEVERE ] removing player 3 token from slot 10
[11:05:32.530] [SEVERE ] updating countdown to 56667
[11:05:32.530] [SEVERE ] player 3 placing token on slot 0
[11:05:32.641] [SEVERE ] removing player 1 token from slot 3
[11:05:32.641] [SEVERE ] updating countdown to 56556
[11:05:32.641] [SEVERE ] removing player 3 token from slot 7
[11:05:32.641] [SEVERE ] player 1 placing token on slot 5
[11:05:32.641] [SEVERE ] player 3 placing token on slot 6
[11:05:32.746] [SEVERE ] updating countdown to 56451
[11:05:32.747] [SEVERE ] removing player 1 token from slot 6
[11:05:32.747] [SEVERE ] removing player 4 token from slot 7
[11:05:32.747] [SEVERE ] player 1 placing token on slot 6
[11:05:32.747] [SEVERE ] player 4 placing token on slot 1
[11:05:32.859] [SEVERE ] removing player 3 token from slot 6
[11:05:32.859] [SEVERE ] removing player 1 token from slot 6
[11:05:32.859] [SEVERE ] updating countdown to 56338
[11:05:32.859] [SEVERE ] removing player 2 token from slot 9
[11:05:32.859] [SEVERE ] removing player 3 token from slot 8
[11:05:32.859] [SEVERE ] player 1 placing token on slot 6
[11:05:32.860] [SEVERE ] player 3 placing token on slot 7
[11:05:32.859] [SEVERE ] player 2 placing token on slot 5
[11:05:32.860] [SEVERE ] player 3 placing token on slot 5
[11:05:32.962] [SEVERE ] updating countdown to 56235
[11:05:32.962] [SEVERE ] removing player 1 token from slot 0
[11:05:32.963] [SEVERE ] player 1 placing token on slot 0
[11:05:33.075] [SEVERE ] removing player 1 token from slot 0
[11:05:33.075] [SEVERE ] updating countdown to 56122
[11:05:33.075] [SEVERE ] removing player 3 token from slot 7
[11:05:33.075] [SEVERE ] player 1 placing token on slot 9
[11:05:33.075] [SEVERE ] removing player 4 token from slot 3
[11:05:33.075] [SEVERE ] player 3 placing token on slot 10
[11:05:33.076] [SEVERE ] player 4 placing token on slot 6
[11:05:33.189] [SEVERE ] removing player 3 token from slot 0
[11:05:33.189] [SEVERE ] updating countdown to 56008
[11:05:33.190] [SEVERE ] player 3 placing token on slot 6
[11:05:33.299] [SEVERE ] removing player 2 token from slot 8
[11:05:33.300] [SEVERE ] updating countdown to 55897
[11:05:33.300] [SEVERE ] removing player 3 token from slot 10
[11:05:33.300] [SEVERE ] removing player 1 token from slot 5
[11:05:33.300] [SEVERE ] removing player 3 token from slot 5
[11:05:33.300] [SEVERE ] removing player 2 token from slot 7
[11:05:33.300] [SEVERE ] player 2 placing token on slot 8
[11:05:33.300] [SEVERE ] player 2 placing token on slot 0
[11:05:33.300] [SEVERE ] player 3 placing token on slot 3
[11:05:33.300] [SEVERE ] player 1 placing token on slot 4
[11:05:33.300] [SEVERE ] player 3 placing token on slot 9
[11:05:33.411] [SEVERE ] removing player 1 token from slot 9
[11:05:33.411] [SEVERE ] removing player 3 token from slot 6
[11:05:33.411] [SEVERE ] player 1 placing token on slot 7
[11:05:33.411] [SEVERE ] player 3 placing token on slot 2
[11:05:33.411] [SEVERE ] updating countdown to 55786
[11:05:33.532] [SEVERE ] removing player 1 token from slot 7
[11:05:33.532] [SEVERE ] updating countdown to 55665
[11:05:33.532] [SEVERE ] removing player 3 token from slot 2
[11:05:33.532] [SEVERE ] player 1 placing token on slot 9
[11:05:33.532] [SEVERE ] player 3 placing token on slot 0
[11:05:33.643] [SEVERE ] removing player 4 token from slot 8
[11:05:33.643] [SEVERE ] updating countdown to 55554
[11:05:33.643] [SEVERE ] removing player 1 token from slot 6
[11:05:33.643] [SEVERE ] removing player 2 token from slot 0
[11:05:33.643] [SEVERE ] player 1 placing token on slot 3
[11:05:33.643] [SEVERE ] player 2 placing token on slot 10
[11:05:33.643] [SEVERE ] player 4 placing token on slot 9
[11:05:33.754] [SEVERE ] removing player 1 token from slot 4
[11:05:33.754] [SEVERE ] updating countdown to 55443
[11:05:33.754] [SEVERE ] removing player 3 token from slot 3
[11:05:33.754] [SEVERE ] player 1 placing token on slot 6
[11:05:33.755] [SEVERE ] player 3 placing token on slot 6
[11:05:33.863] [SEVERE ] removing player 2 token from slot 8
[11:05:33.863] [SEVERE ] removing player 1 token from slot 6
[11:05:33.863] [SEVERE ] player 2 placing token on slot 6
[11:05:33.863] [SEVERE ] player 1 placing token on slot 2
[11:05:33.863] [SEVERE ] updating countdown to 55334
[11:05:33.972] [SEVERE ] updating countdown to 55225
[11:05:33.972] [SEVERE ] removing player 4 token from slot 6
[11:05:33.972] [SEVERE ] removing player 2 token from slot 5
[11:05:33.972] [SEVERE ] removing player 4 token from slot 1
[11:05:33.972] [SEVERE ] player 2 placing token on slot 1
[11:05:33.973] [SEVERE ] player 4 placing token on slot 11
[11:05:33.973] [SEVERE ] player 4 placing token on slot 3
[11:05:34.087] [SEVERE ] removing player 1 token from slot 2
[11:05:34.087] [SEVERE ] updating countdown to 55110
[11:05:34.088] [SEVERE ] player 1 placing token on slot 10
[11:05:34.198] [SEVERE ] removing player 1 token from slot 10
[11:05:34.198] [SEVERE ] updating countdown to 54999
[11:05:34.198] [SEVERE ] player 1 placing token on slot 7
[11:05:34.312] [SEVERE ] removing player 2 token from slot 1
[11:05:34.312] [SEVERE ] updating countdown to 54885
[11:05:34.313] [SEVERE ] removing player 2 token from slot 6
[11:05:34.313] [SEVERE ] player 2 placing token on slot 0
[11:05:34.312] [SEVERE ] removing player 4 token from slot 3
[11:05:34.312] [SEVERE ] removing player 3 token from slot 6
[11:05:34.313] [SEVERE ] player 3 placing token on slot 5
[11:05:34.313] [SEVERE ] removing player 4 token from slot 9
[11:05:34.313] [SEVERE ] player 2 placing token on slot 11
[11:05:34.313] [SEVERE ] player 4 placing token on slot 5
[11:05:34.313] [SEVERE ] player 4 placing token on slot 6
[11:05:34.423] [SEVERE ] removing player 1 token from slot 7
[11:05:34.424] [SEVERE ] removing player 3 token from slot 5
[11:05:34.424] [SEVERE ] removing player 2 token from slot 10
[11:05:34.424] [SEVERE ] removing player 2 token from slot 0
[11:05:34.424] [SEVERE ] player 2 placing token on slot 10
[11:05:34.424] [SEVERE ] player 3 placing token on slot 5
[11:05:34.424] [SEVERE ] updating countdown to 54773
[11:05:34.424] [SEVERE ] player 2 placing token on slot 7
[11:05:34.424] [SEVERE ] removing player 1 token from slot 9
[11:05:34.424] [SEVERE ] player 1 placing token on slot 7
[11:05:34.424] [SEVERE ] player 1 placing token on slot 1
[11:05:34.528] [SEVERE ] removing player 3 token from slot 9
[11:05:34.528] [SEVERE ] updating countdown to 54669
[11:05:34.528] [SEVERE ] removing player 2 token from slot 11
[11:05:34.528] [SEVERE ] removing player 1 token from slot 3
[11:05:34.528] [SEVERE ] player 2 placing token on slot 3
[11:05:34.528] [SEVERE ] removing player 3 token from slot 5
[11:05:34.528] [SEVERE ] player 1 placing token on slot 4
[11:05:34.528] [SEVERE ] player 3 placing token on slot 4
[11:05:34.528] [SEVERE ] player 3 placing token on slot 3
[11:05:34.641] [SEVERE ] removing player 3 token from slot 3
[11:05:34.641] [SEVERE ] removing player 1 token from slot 4
[11:05:34.641] [SEVERE ] player 3 placing token on slot 2
[11:05:34.641] [SEVERE ] removing player 1 token from slot 1
[11:05:34.641] [SEVERE ] updating countdown to 54556
[11:05:34.642] [SEVERE ] player 1 placing token on slot 3
[11:05:34.642] [SEVERE ] player 1 placing token on slot 8
[11:05:34.743] [SEVERE ] removing player 2 token from slot 7
[11:05:34.743] [SEVERE ] removing player 1 token from slot 7
[11:05:34.743] [SEVERE ] updating countdown to 54454
[11:05:34.743] [SEVERE ] removing player 4 token from slot 6
[11:05:34.743] [SEVERE ] removing player 3 token from slot 2
[11:05:34.743] [SEVERE ] player 1 placing token on slot 9
[11:05:34.743] [SEVERE ] player 2 placing token on slot 2
[11:05:34.743] [SEVERE ] player 3 placing token on slot 5
[11:05:34.743] [SEVERE ] player 4 placing token on slot 1
[11:05:34.854] [SEVERE ] removing player 1 token from slot 3
[11:05:34.854] [SEVERE ] removing player 3 token from slot 0
[11:05:34.854] [SEVERE ] updating countdown to 54343
[11:05:34.854] [SEVERE ] player 3 placing token on slot 6
[11:05:34.854] [SEVERE ] removing player 1 token from slot 9
[11:05:34.854] [SEVERE ] player 1 placing token on slot 0
[11:05:34.854] [SEVERE ] player 1 placing token on slot 1
[11:05:34.965] [SEVERE ] removing player 2 token from slot 10
[11:05:34.965] [SEVERE ] removing player 1 token from slot 8
[11:05:34.965] [SEVERE ] updating countdown to 54232
[11:05:34.965] [SEVERE ] player 1 placing token on slot 3
[11:05:34.965] [SEVERE ] removing player 3 token from slot 6
[11:05:34.965] [SEVERE ] player 2 placing token on slot 8
[11:05:34.965] [SEVERE ] removing player 3 token from slot 5
[11:05:34.965] [SEVERE ] player 3 placing token on slot 6
[11:05:34.965] [SEVERE ] player 3 placing token on slot 7
[11:05:35.078] [SEVERE ] removing player 1 token from slot 1
[11:05:35.078] [SEVERE ] player 1 placing token on slot 11
[11:05:35.078] [SEVERE ] updating countdown to 54119
[11:05:35.078] [SEVERE ] removing player 2 token from slot 3
[11:05:35.078] [SEVERE ] removing player 3 token from slot 6
[11:05:35.078] [SEVERE ] removing player 2 token from slot 2
[11:05:35.078] [SEVERE ] player 3 placing token on slot 1
[11:05:35.079] [SEVERE ] removing player 2 token from slot 8
[11:05:35.079] [SEVERE ] player 2 placing token on slot 5
[11:05:35.079] [SEVERE ] player 2 placing token on slot 7
[11:05:35.079] [SEVERE ] removing player 2 token from slot 5
[11:05:35.079] [SEVERE ] player 2 placing token on slot 8
[11:05:35.079] [SEVERE ] removing player 2 token from slot 8
[11:05:35.079] [SEVERE ] player 2 placing token on slot 10
[11:05:35.079] [SEVERE ] player 2 placing token on slot 0
[11:05:35.180] [SEVERE ] removing player 3 token from slot 4
[11:05:35.180] [SEVERE ] updating countdown to 54017
[11:05:35.180] [SEVERE ] player 3 placing token on slot 0
[11:05:35.290] [SEVERE ] removing player 1 token from slot 11
[11:05:35.290] [SEVERE ] updating countdown to 53907
[11:05:35.290] [SEVERE ] removing player 3 token from slot 0
[11:05:35.290] [SEVERE ] removing player 2 token from slot 10
[11:05:35.291] [SEVERE ] player 1 placing token on slot 11
[11:05:35.291] [SEVERE ] player 3 placing token on slot 8
[11:05:35.291] [SEVERE ] player 2 placing token on slot 2
[11:05:35.403] [SEVERE ] removing player 1 token from slot 3
[11:05:35.403] [SEVERE ] removing player 3 token from slot 7
[11:05:35.404] [SEVERE ] removing player 1 token from slot 11
[11:05:35.404] [SEVERE ] updating countdown to 53793
[11:05:35.404] [SEVERE ] player 1 placing token on slot 5
[11:05:35.404] [SEVERE ] player 3 placing token on slot 11
[11:05:35.404] [SEVERE ] player 1 placing token on slot 1
[11:05:35.515] [SEVERE ] removing player 2 token from slot 7
[11:05:35.515] [SEVERE ] updating countdown to 53682
[11:05:35.515] [SEVERE ] removing player 1 token from slot 1
[11:05:35.515] [SEVERE ] removing player 4 token from slot 1
[11:05:35.515] [SEVERE ] player 2 placing token on slot 5
[11:05:35.515] [SEVERE ] player 1 placing token on slot 3
[11:05:35.515] [SEVERE ] player 4 placing token on slot 0
[11:05:35.628] [SEVERE ] removing player 3 token from slot 8
[11:05:35.628] [SEVERE ] updating countdown to 53569
[11:05:35.628] [SEVERE ] removing player 3 token from slot 1
[11:05:35.629] [SEVERE ] removing player 3 token from slot 11
[11:05:35.629] [SEVERE ] player 3 placing token on slot 9
[11:05:35.629] [SEVERE ] player 3 placing token on slot 7
[11:05:35.629] [SEVERE ] player 3 placing token on slot 1
[11:05:35.742] [SEVERE ] removing player 4 token from slot 0
[11:05:35.742] [SEVERE ] removing player 3 token from slot 7
[11:05:35.742] [SEVERE ] player 4 placing token on slot 10
[11:05:35.742] [SEVERE ] updating countdown to 53455
[11:05:35.742] [SEVERE ] removing player 2 token from slot 0
[11:05:35.742] [SEVERE ] removing player 3 token from slot 1
[11:05:35.742] [SEVERE ] removing player 2 token from slot 5
[11:05:35.742] [SEVERE ] player 3 placing token on slot 1
[11:05:35.743] [SEVERE ] player 2 placing token on slot 1
[11:05:35.743] [SEVERE ] player 2 placing token on slot 10
[11:05:35.743] [SEVERE ] player 3 placing token on slot 11
[11:05:35.846] [SEVERE ] removing player 1 token from slot 3
[11:05:35.846] [SEVERE ] removing player 2 token from slot 10
[11:05:35.846] [SEVERE ] updating countdown to 53351
[11:05:35.846] [SEVERE ] removing player 4 token from slot 11
[11:05:35.846] [SEVERE ] player 2 placing token on slot 6
[11:05:35.846] [SEVERE ] player 1 placing token on slot 8
[11:05:35.846] [SEVERE ] player 4 placing token on slot 4
[11:05:35.846] [SEVERE ] removing player 3 token from slot 9
[11:05:35.846] [SEVERE ] player 3 placing token on slot 0
[11:05:35.957] [SEVERE ] removing player 2 token from slot 6
[11:05:35.957] [SEVERE ] removing player 4 token from slot 4
[11:05:35.957] [SEVERE ] player 2 placing token on slot 9
[11:05:35.957] [SEVERE ] updating countdown to 53240
[11:05:35.957] [SEVERE ] removing player 3 token from slot 0
[11:05:35.958] [SEVERE ] player 3 placing token on slot 6
[11:05:35.957] [SEVERE ] removing player 4 token from slot 10
[11:05:35.958] [SEVERE ] player 4 placing token on slot 6
[11:05:35.958] [SEVERE ] player 4 placing token on slot 10
[11:05:36.064] [SEVERE ] removing player 2 token from slot 1
[11:05:36.064] [SEVERE ] updating countdown to 53133
[11:05:36.064] [SEVERE ] removing player 4 token from slot 10
[11:05:36.064] [SEVERE ] removing player 1 token from slot 5
[11:05:36.064] [SEVERE ] player 2 placing token on slot 0
[11:05:36.064] [SEVERE ] player 1 placing token on slot 4
[11:05:36.064] [SEVERE ] player 4 placing token on slot 7
[11:05:36.175] [SEVERE ] removing player 3 token from slot 1
[11:05:36.175] [SEVERE ] updating countdown to 53022
[11:05:36.175] [SEVERE ] removing player 1 token from slot 0
[11:05:36.175] [SEVERE ] removing player 4 token from slot 6
[11:05:36.175] [SEVERE ] player 1 placing token on slot 5
[11:05:36.175] [SEVERE ] player 3 placing token on slot 7
[11:05:36.175] [SEVERE ] player 4 placing token on slot 9
[11:05:36.279] [SEVERE ] removing player 3 token from slot 11
[11:05:36.280] [SEVERE ] updating countdown to 52917
[11:05:36.280] [SEVERE ] player 3 placing token on slot 3
[11:05:36.390] [SEVERE ] removing player 4 token from slot 5
[11:05:36.390] [SEVERE ] removing player 3 token from slot 3
[11:05:36.390] [SEVERE ] updating countdown to 52807
[11:05:36.390] [SEVERE ] player 3 placing token on slot 8
[11:05:36.390] [SEVERE ] player 4 placing token on slot 4
[11:05:36.512] [SEVERE ] removing player 4 token from slot 7
[11:05:36.513] [SEVERE ] player 4 placing token on slot 5
[11:05:36.512] [SEVERE ] updating countdown to 52685
[11:05:36.628] [SEVERE ] removing player 1 token from slot 8
[11:05:36.629] [SEVERE ] updating countdown to 52568
[11:05:36.629] [SEVERE ] removing player 4 token from slot 9
[11:05:36.629] [SEVERE ] player 1 placing token on slot 7
[11:05:36.629] [SEVERE ] player 4 placing token on slot 1
[11:05:36.741] [SEVERE ] removing player 2 token from slot 2
[11:05:36.742] [SEVERE ] removing player 1 token from slot 7
[11:05:36.742] [SEVERE ] player 2 placing token on slot 4
[11:05:36.742] [SEVERE ] removing player 4 token from slot 5
[11:05:36.742] [SEVERE ] updating countdown to 52455
[11:05:36.742] [SEVERE ] removing player 1 token from slot 4
[11:05:36.742] [SEVERE ] player 4 placing token on slot 5
[11:05:36.742] [SEVERE ] player 1 placing token on slot 2
[11:05:36.742] [SEVERE ] player 1 placing token on slot 1
[11:05:36.852] [SEVERE ] removing player 2 token from slot 0
[11:05:36.852] [SEVERE ] updating countdown to 52345
[11:05:36.852] [SEVERE ] removing player 3 token from slot 6
[11:05:36.852] [SEVERE ] player 2 placing token on slot 10
[11:05:36.852] [SEVERE ] removing player 3 token from slot 8
[11:05:36.852] [SEVERE ] player 3 placing token on slot 3
[11:05:36.852] [SEVERE ] player 3 placing token on slot 4
[11:05:36.966] [SEVERE ] removing player 4 token from slot 1
[11:05:36.966] [SEVERE ] updating countdown to 52231
[11:05:36.966] [SEVERE ] removing player 1 token from slot 5
[11:05:36.966] [SEVERE ] player 4 placing token on slot 6
[11:05:36.966] [SEVERE ] player 1 placing token on slot 4
[11:05:37.076] [SEVERE ] removing player 2 token from slot 9
[11:05:37.076] [SEVERE ] removing player 3 token from slot 4
[11:05:37.077] [SEVERE ] removing player 1 token from slot 2
[11:05:37.077] [SEVERE ] player 2 placing token on slot 0
[11:05:37.077] [SEVERE ] player 3 placing token on slot 11
[11:05:37.077] [SEVERE ] updating countdown to 52120
[11:05:37.077] [SEVERE ] player 1 placing token on slot 3
[11:05:37.190] [SEVERE ] removing player 4 token from slot 4
[11:05:37.190] [SEVERE ] updating countdown to 52007
[11:05:37.190] [SEVERE ] removing player 4 token from slot 6
[11:05:37.190] [SEVERE ] removing player 2 token from slot 4
[11:05:37.190] [SEVERE ] removing player 4 token from slot 5
[11:05:37.190] [SEVERE ] removing player 2 token from slot 10
[11:05:37.190] [SEVERE ] player 2 placing token on slot 6
[11:05:37.190] [SEVERE ] player 4 placing token on slot 8
[11:05:37.190] [SEVERE ] removing player 2 token from slot 0
[11:05:37.190] [SEVERE ] player 2 placing token on slot 3
[11:05:37.190] [SEVERE ] player 2 placing token on slot 7
[11:05:37.190] [SEVERE ] player 4 placing token on slot 11
[11:05:37.190] [SEVERE ] player 4 placing token on slot 6
[11:05:37.301] [SEVERE ] removing player 3 token from slot 3
[11:05:37.301] [SEVERE ] updating countdown to 51896
[11:05:37.301] [SEVERE ] removing player 1 token from slot 1
[11:05:37.302] [SEVERE ] player 3 placing token on slot 2
[11:05:37.302] [SEVERE ] player 1 placing token on slot 9
[11:05:37.413] [SEVERE ] removing player 1 token from slot 4
[11:05:37.413] [SEVERE ] removing player 2 token from slot 6
[11:05:37.413] [SEVERE ] updating countdown to 51784
[11:05:37.414] [SEVERE ] player 2 placing token on slot 5
[11:05:37.414] [SEVERE ] player 1 placing token on slot 10
[11:05:37.529] [SEVERE ] removing player 3 token from slot 7
[11:05:37.530] [SEVERE ] updating countdown to 51667
[11:05:37.530] [SEVERE ] removing player 4 token from slot 6
[11:05:37.530] [SEVERE ] player 3 placing token on slot 4
[11:05:37.530] [SEVERE ] player 4 placing token on slot 3
[11:05:37.641] [SEVERE ] removing player 2 token from slot 3
[11:05:37.641] [SEVERE ] removing player 3 token from slot 11
[11:05:37.641] [SEVERE ] updating countdown to 51556
[11:05:37.641] [SEVERE ] player 2 placing token on slot 2
[11:05:37.641] [SEVERE ] removing player 4 token from slot 3
[11:05:37.641] [SEVERE ] player 3 placing token on slot 6
[11:05:37.642] [SEVERE ] player 4 placing token on slot 2
[11:05:37.753] [SEVERE ] removing player 3 token from slot 2
[11:05:37.754] [SEVERE ] removing player 4 token from slot 2
[11:05:37.754] [SEVERE ] removing player 1 token from slot 10
[11:05:37.754] [SEVERE ] player 1 placing token on slot 2
[11:05:37.754] [SEVERE ] updating countdown to 51443
[11:05:37.754] [SEVERE ] player 4 placing token on slot 5
[11:05:37.754] [SEVERE ] player 3 placing token on slot 7
[11:05:37.866] [SEVERE ] updating countdown to 51331
[11:05:37.976] [SEVERE ] removing player 4 token from slot 8
[11:05:37.976] [SEVERE ] updating countdown to 51221
[11:05:37.976] [SEVERE ] removing player 3 token from slot 6
[11:05:37.977] [SEVERE ] player 3 placing token on slot 11
[11:05:37.977] [SEVERE ] player 4 placing token on slot 3
[11:05:38.087] [SEVERE ] removing player 1 token from slot 3
[11:05:38.087] [SEVERE ] updating countdown to 51110
[11:05:38.087] [SEVERE ] removing player 2 token from slot 2
[11:05:38.087] [SEVERE ] player 1 placing token on slot 10
[11:05:38.087] [SEVERE ] removing player 2 token from slot 5
[11:05:38.087] [SEVERE ] player 2 placing token on slot 3
[11:05:38.087] [SEVERE ] player 2 placing token on slot 10
[11:05:38.197] [SEVERE ] removing player 1 token from slot 2
[11:05:38.197] [SEVERE ] updating countdown to 51000
[11:05:38.197] [SEVERE ] removing player 4 token from slot 11
[11:05:38.197] [SEVERE ] removing player 3 token from slot 7
[11:05:38.198] [SEVERE ] player 4 placing token on slot 4
[11:05:38.198] [SEVERE ] player 1 placing token on slot 0
[11:05:38.198] [SEVERE ] player 3 placing token on slot 5
[11:05:38.309] [SEVERE ] removing player 3 token from slot 4
[11:05:38.310] [SEVERE ] updating countdown to 50887
[11:05:38.310] [SEVERE ] removing player 1 token from slot 0
[11:05:38.310] [SEVERE ] removing player 4 token from slot 5
[11:05:38.310] [SEVERE ] removing player 1 token from slot 10
[11:05:38.310] [SEVERE ] player 3 placing token on slot 9
[11:05:38.310] [SEVERE ] player 1 placing token on slot 10
[11:05:38.310] [SEVERE ] player 4 placing token on slot 2
[11:05:38.310] [SEVERE ] player 1 placing token on slot 4
[11:05:38.423] [SEVERE ] removing player 1 token from slot 9
[11:05:38.533] [SEVERE ] removing card from slot 11
[11:05:38.650] [SEVERE ] removing card from slot 5
[11:05:38.761] [SEVERE ] removing card from slot 9
[11:05:38.761] [SEVERE ] removing tokens from slot 11
[11:05:38.761] [SEVERE ] removing tokens from slot 5
[11:05:38.761] [SEVERE ] removing tokens from slot 9
[11:05:38.870] [SEVERE ] placing card 54 in slot 5
[11:05:38.974] [SEVERE ] placing card 33 in slot 9
[11:05:39.084] [SEVERE ] placing card 63 in slot 11
[11:05:39.084] [SEVERE ] updating countdown to 60000
[11:05:39.196] [SEVERE ] removing card from slot 11
[11:05:39.305] [SEVERE ] removing card from slot 5
[11:05:39.415] [SEVERE ] removing card from slot 9
[11:05:39.415] [SEVERE ] removing tokens from slot 11
[11:05:39.415] [SEVERE ] removing tokens from slot 5
[11:05:39.415] [SEVERE ] removing tokens from slot 9
[11:05:39.525] [SEVERE ] placing card 34 in slot 5
[11:05:39.635] [SEVERE ] placing card 57 in slot 9
[11:05:39.745] [SEVERE ] placing card 26 in slot 11
[11:05:39.745] [SEVERE ] updating countdown to 60000
[11:05:39.745] [SEVERE ] removing player 3 token from slot 11
[11:05:39.745] [SEVERE ] removing player 3 token from slot 5
[11:05:39.745] [SEVERE ] removing player 3 token from slot 9
[11:05:39.745] [SEVERE ] setting player 3 score to 1
[11:05:39.745] [SEVERE ] player 1 placing token on slot 1
[11:05:39.745] [SEVERE ] removing player 2 token from slot 7
[11:05:39.745] [SEVERE ] updating countdown to 60000
[11:05:39.746] [SEVERE ] player 2 placing token on slot 2
[11:05:39.746] [SEVERE ] player 3 placing token on slot 3
[11:05:39.746] [SEVERE ] player 3 placing token on slot 1
[11:05:39.746] [SEVERE ] player 3 placing token on slot 0
[11:05:39.856] [SEVERE ] removing player 3 token from slot 1
[11:05:39.856] [SEVERE ] updating countdown to 59889
[11:05:39.856] [SEVERE ] player 3 placing token on slot 2
[11:05:39.968] [SEVERE ] removing player 2 token from slot 10
[11:05:39.969] [SEVERE ] updating countdown to 59776
[11:05:39.969] [SEVERE ] removing player 1 token from slot 4
[11:05:39.969] [SEVERE ] removing player 4 token from slot 4
[11:05:39.969] [SEVERE ] player 1 placing token on slot 7
[11:05:39.969] [SEVERE ] removing player 3 token from slot 0
[11:05:39.969] [SEVERE ] player 4 placing token on slot 4
[11:05:39.969] [SEVERE ] removing player 2 token from slot 2
[11:05:39.969] [SEVERE ] player 3 placing token on slot 4
[11:05:39.969] [SEVERE ] player 2 placing token on slot 5
[11:05:39.969] [SEVERE ] player 2 placing token on slot 10
[11:05:40.089] [SEVERE ] updating countdown to 59656
[11:05:40.089] [SEVERE ] removing player 1 token from slot 7
[11:05:40.089] [SEVERE ] removing player 1 token from slot 1
[11:05:40.089] [SEVERE ] player 1 placing token on slot 9
[11:05:40.089] [SEVERE ] player 1 placing token on slot 6
[11:05:40.196] [SEVERE ] updating countdown to 59549
[11:05:40.196] [SEVERE ] removing player 1 token from slot 6
[11:05:40.197] [SEVERE ] player 1 placing token on slot 2
[11:05:40.313] [SEVERE ] removing player 1 token from slot 2
[11:05:40.313] [SEVERE ] removing player 4 token from slot 3
[11:05:40.313] [SEVERE ] updating countdown to 59432
[11:05:40.314] [SEVERE ] player 4 placing token on slot 11
[11:05:40.313] [SEVERE ] player 1 placing token on slot 8
[11:05:40.424] [SEVERE ] updating countdown to 59321
[11:05:40.424] [SEVERE ] removing player 3 token from slot 2
[11:05:40.424] [SEVERE ] removing player 1 token from slot 9
[11:05:40.425] [SEVERE ] player 3 placing token on slot 8
[11:05:40.425] [SEVERE ] removing player 1 token from slot 10
[11:05:40.425] [SEVERE ] player 1 placing token on slot 6
[11:05:40.425] [SEVERE ] player 1 placing token on slot 4
[11:05:40.535] [SEVERE ] removing player 4 token from slot 2
[11:05:40.535] [SEVERE ] updating countdown to 59210
[11:05:40.535] [SEVERE ] player 4 placing token on slot 1
[11:05:40.645] [SEVERE ] removing player 2 token from slot 3
[11:05:40.646] [SEVERE ] player 2 placing token on slot 2
[11:05:40.646] [SEVERE ] updating countdown to 59099
[11:05:40.646] [SEVERE ] removing player 4 token from slot 11
[11:05:40.646] [SEVERE ] player 4 placing token on slot 7
[11:05:40.762] [SEVERE ] removing player 3 token from slot 8
[11:05:40.762] [SEVERE ] updating countdown to 58983
[11:05:40.762] [SEVERE ] removing player 2 token from slot 2
[11:05:40.762] [SEVERE ] removing player 1 token from slot 4
[11:05:40.762] [SEVERE ] player 3 placing token on slot 5
[11:05:40.762] [SEVERE ] player 1 placing token on slot 7
[11:05:40.762] [SEVERE ] removing player 2 token from slot 10
[11:05:40.763] [SEVERE ] player 2 placing token on slot 11
[11:05:40.763] [SEVERE ] player 2 placing token on slot 0
[11:05:40.880] [SEVERE ] removing player 4 token from slot 7
[11:05:40.880] [SEVERE ] removing player 1 token from slot 7
[11:05:40.880] [SEVERE ] removing player 3 token from slot 4
[11:05:40.880] [SEVERE ] updating countdown to 58865
[11:05:40.880] [SEVERE ] player 3 placing token on slot 2
[11:05:40.880] [SEVERE ] player 4 placing token on slot 3
[11:05:40.880] [SEVERE ] player 1 placing token on slot 10
[11:05:40.995] [SEVERE ] removing player 1 token from slot 10
[11:05:40.995] [SEVERE ] removing player 1 token from slot 8
[11:05:40.995] [SEVERE ] player 1 placing token on slot 3
[11:05:40.995] [SEVERE ] removing player 1 token from slot 6
[11:05:40.995] [SEVERE ] updating countdown to 58750
[11:05:40.996] [SEVERE ] player 1 placing token on slot 11
[11:05:40.996] [SEVERE ] player 1 placing token on slot 7
[11:05:40.995] [SEVERE ] removing player 4 token from slot 3
[11:05:40.996] [SEVERE ] removing player 4 token from slot 4
[11:05:40.996] [SEVERE ] player 4 placing token on slot 8
[11:05:40.996] [SEVERE ] player 4 placing token on slot 3
[11:05:41.106] [SEVERE ] removing player 2 token from slot 11
[11:05:41.106] [SEVERE ] removing player 1 token from slot 3
[11:05:41.106] [SEVERE ] player 2 placing token on slot 2
[11:05:41.106] [SEVERE ] player 1 placing token on slot 6
[11:05:41.106] [SEVERE ] updating countdown to 58639
[11:05:41.106] [SEVERE ] removing player 4 token from slot 8
[11:05:41.106] [SEVERE ] player 4 placing token on slot 9
[11:05:41.222] [SEVERE ] updating countdown to 58523
[11:05:41.222] [SEVERE ] removing player 3 token from slot 2
[11:05:41.222] [SEVERE ] removing player 2 token from slot 0
[11:05:41.222] [SEVERE ] player 3 placing token on slot 8
[11:05:41.222] [SEVERE ] player 2 placing token on slot 6
[11:05:41.334] [SEVERE ] removing player 4 token from slot 3
[11:05:41.334] [SEVERE ] updating countdown to 58411
[11:05:41.334] [SEVERE ] player 4 placing token on slot 10
[11:05:41.446] [SEVERE ] removing player 2 token from slot 5
[11:05:41.446] [SEVERE ] removing player 1 token from slot 6
[11:05:41.446] [SEVERE ] updating countdown to 58299
[11:05:41.446] [SEVERE ] player 1 placing token on slot 6
[11:05:41.446] [SEVERE ] player 2 placing token on slot 11
[11:05:41.557] [SEVERE ] removing player 3 token from slot 8
[11:05:41.557] [SEVERE ] updating countdown to 58188
[11:05:41.557] [SEVERE ] removing player 1 token from slot 6
[11:05:41.557] [SEVERE ] removing player 4 token from slot 10
[11:05:41.557] [SEVERE ] removing player 4 token from slot 9
[11:05:41.557] [SEVERE ] removing player 2 token from slot 11
[11:05:41.557] [SEVERE ] player 4 placing token on slot 0
[11:05:41.557] [SEVERE ] player 1 placing token on slot 3
[11:05:41.557] [SEVERE ] player 3 placing token on slot 11
[11:05:41.557] [SEVERE ] player 4 placing token on slot 4
[11:05:41.557] [SEVERE ] player 2 placing token on slot 5
[11:05:41.668] [SEVERE ] removing player 2 token from slot 2
[11:05:41.668] [SEVERE ] updating countdown to 58077
[11:05:41.668] [SEVERE ] player 2 placing token on slot 9
[11:05:41.780] [SEVERE ] removing player 1 token from slot 3
[11:05:41.780] [SEVERE ] removing player 2 token from slot 9
[11:05:41.780] [SEVERE ] player 1 placing token on slot 5
[11:05:41.780] [SEVERE ] player 2 placing token on slot 0
[11:05:41.780] [SEVERE ] removing player 3 token from slot 5
[11:05:41.780] [SEVERE ] player 3 placing token on slot 4
[11:05:41.780] [SEVERE ] updating countdown to 57965
[11:05:41.892] [SEVERE ] removing player 2 token from slot 5
[11:05:41.892] [SEVERE ] updating countdown to 57853
[11:05:41.892] [SEVERE ] removing player 3 token from slot 4
[11:05:41.892] [SEVERE ] removing player 4 token from slot 0
[11:05:41.892] [SEVERE ] player 2 placing token on slot 7
[11:05:41.892] [SEVERE ] removing player 4 token from slot 1
[11:05:41.892] [SEVERE ] removing player 3 token from slot 11
[11:05:41.893] [SEVERE ] player 4 placing token on slot 7
[11:05:41.893] [SEVERE ] player 4 placing token on slot 2
[11:05:41.893] [SEVERE ] player 3 placing token on slot 1
[11:05:41.893] [SEVERE ] player 3 placing token on slot 2
[11:05:42.003] [SEVERE ] removing player 4 token from slot 7
[11:05:42.004] [SEVERE ] removing player 1 token from slot 7
[11:05:42.004] [SEVERE ] updating countdown to 57741
[11:05:42.004] [SEVERE ] player 4 placing token on slot 6
[11:05:42.004] [SEVERE ] removing player 1 token from slot 11
[11:05:42.004] [SEVERE ] player 1 placing token on slot 2
[11:05:42.004] [SEVERE ] player 1 placing token on slot 6
[11:05:42.114] [SEVERE ] removing player 1 token from slot 2
[11:05:42.115] [SEVERE ] removing player 3 token from slot 3
[11:05:42.115] [SEVERE ] updating countdown to 57630
[11:05:42.115] [SEVERE ] player 3 placing token on slot 7
[11:05:42.115] [SEVERE ] removing player 1 token from slot 6
[11:05:42.115] [SEVERE ] player 1 placing token on slot 1
[11:05:42.115] [SEVERE ] player 1 placing token on slot 8
[11:05:42.226] [SEVERE ] removing player 2 token from slot 0
[11:05:42.226] [SEVERE ] updating countdown to 57519
[11:05:42.226] [SEVERE ] player 2 placing token on slot 1
[11:05:42.226] [SEVERE ] removing player 4 token from slot 4
[11:05:42.227] [SEVERE ] player 4 placing token on slot 11
[11:05:42.338] [SEVERE ] removing player 4 token from slot 11
[11:05:42.339] [SEVERE ] removing player 1 token from slot 5
[11:05:42.339] [SEVERE ] player 4 placing token on slot 9
[11:05:42.339] [SEVERE ] player 1 placing token on slot 11
[11:05:42.339] [SEVERE ] updating countdown to 57406
[11:05:42.463] [SEVERE ] removing player 2 token from slot 7
[11:05:42.463] [SEVERE ] updating countdown to 57282
[11:05:42.463] [SEVERE ] player 2 placing token on slot 4
[11:05:42.575] [SEVERE ] removing player 1 token from slot 1
[11:05:42.575] [SEVERE ] updating countdown to 57170
[11:05:42.575] [SEVERE ] removing player 4 token from slot 2
[11:05:42.575] [SEVERE ] player 1 placing token on slot 2
[11:05:42.575] [SEVERE ] player 4 placing token on slot 8
[11:05:42.688] [SEVERE ] removing player 4 token from slot 6
[11:05:42.689] [SEVERE ] player 4 placing token on slot 11
[11:05:42.688] [SEVERE ] updating countdown to 57057
[11:05:42.799] [SEVERE ] removing player 1 token from slot 8
[11:05:42.799] [SEVERE ] updating countdown to 56946
[11:05:42.799] [SEVERE ] removing player 3 token from slot 1
[11:05:42.800] [SEVERE ] player 1 placing token on slot 4
[11:05:42.800] [SEVERE ] player 3 placing token on slot 10
[11:05:42.910] [SEVERE ] removing player 1 token from slot 11
[11:05:42.910] [SEVERE ] updating countdown to 56835
[11:05:42.910] [SEVERE ] removing player 2 token from slot 6
[11:05:42.910] [SEVERE ] player 1 placing token on slot 6
[11:05:42.910] [SEVERE ] player 2 placing token on slot 3
[11:05:43.020] [SEVERE ] updating countdown to 56725
[11:05:43.020] [SEVERE ] removing player 1 token from slot 6
[11:05:43.021] [SEVERE ] removing player 1 token from slot 4
[11:05:43.021] [SEVERE ] player 1 placing token on slot 8
[11:05:43.021] [SEVERE ] player 1 placing token on slot 10
[11:05:43.132] [SEVERE ] removing player 2 token from slot 3
[11:05:43.132] [SEVERE ] updating countdown to 56613
[11:05:43.132] [SEVERE ] player 2 placing token on slot 9
[11:05:43.244] [SEVERE ] removing player 3 token from slot 2
[11:05:43.244] [SEVERE ] updating countdown to 56501
[11:05:43.244] [SEVERE ] removing player 1 token from slot 10
[11:05:43.244] [SEVERE ] player 3 placing token on slot 6
[11:05:43.245] [SEVERE ] player 1 placing token on slot 1
[11:05:43.355] [SEVERE ] removing player 3 token from slot 7
[11:05:43.355] [SEVERE ] removing player 2 token from slot 1
[11:05:43.356] [SEVERE ] updating countdown to 56389
[11:05:43.356] [SEVERE ] removing player 4 token from slot 9
[11:05:43.356] [SEVERE ] player 3 placing token on slot 11
[11:05:43.356] [SEVERE ] player 2 placing token on slot 1
[11:05:43.356] [SEVERE ] removing player 4 token from slot 8
[11:05:43.356] [SEVERE ] player 4 placing token on slot 3
[11:05:43.356] [SEVERE ] player 4 placing token on slot 10
[11:05:43.462] [SEVERE ] removing player 1 token from slot 1
[11:05:43.462] [SEVERE ] updating countdown to 56283
[11:05:43.462] [SEVERE ] player 1 placing token on slot 3
[11:05:43.462] [SEVERE ] removing player 3 token from slot 11
[11:05:43.462] [SEVERE ] player 3 placing token on slot 5
[11:05:43.571] [SEVERE ] removing player 4 token from slot 11
[11:05:43.571] [SEVERE ] removing player 2 token from slot 9
[11:05:43.571] [SEVERE ] updating countdown to 56174
[11:05:43.571] [SEVERE ] player 4 placing token on slot 11
[11:05:43.571] [SEVERE ] removing player 2 token from slot 4
[11:05:43.571] [SEVERE ] player 2 placing token on slot 11
[11:05:43.571] [SEVERE ] player 2 placing token on slot 10
[11:05:43.681] [SEVERE ] removing player 1 token from slot 2
[11:05:43.681] [SEVERE ] removing player 2 token from slot 11
[11:05:43.681] [SEVERE ] updating countdown to 56064
[11:05:43.681] [SEVERE ] player 1 placing token on slot 7
[11:05:43.682] [SEVERE ] player 2 placing token on slot 7
[11:05:43.801] [SEVERE ] removing player 3 token from slot 5
[11:05:43.802] [SEVERE ] updating countdown to 55943
[11:05:43.802] [SEVERE ] removing player 1 token from slot 7
[11:05:43.802] [SEVERE ] player 3 placing token on slot 4
[11:05:43.801] [SEVERE ] removing player 4 token from slot 10
[11:05:43.802] [SEVERE ] removing player 1 token from slot 3
[11:05:43.802] [SEVERE ] player 4 placing token on slot 2
[11:05:43.802] [SEVERE ] player 1 placing token on slot 1
[11:05:43.802] [SEVERE ] removing player 1 token from slot 1
[11:05:43.802] [SEVERE ] player 1 placing token on slot 1
[11:05:43.802] [SEVERE ] removing player 1 token from slot 8
[11:05:43.802] [SEVERE ] player 1 placing token on slot 7
[11:05:43.802] [SEVERE ] removing player 1 token from slot 1
[11:05:43.802] [SEVERE ] player 1 placing token on slot 10
[11:05:43.802] [SEVERE ] player 1 placing token on slot 6
[11:05:43.907] [SEVERE ] updating countdown to 55838
[11:05:43.907] [SEVERE ] removing player 3 token from slot 6
[11:05:43.907] [SEVERE ] player 3 placing token on slot 1
[11:05:44.015] [SEVERE ] removing player 1 token from slot 7
[11:05:44.016] [SEVERE ] updating countdown to 55729
[11:05:44.016] [SEVERE ] removing player 3 token from slot 4
[11:05:44.016] [SEVERE ] player 1 placing token on slot 5
[11:05:44.016] [SEVERE ] player 3 placing token on slot 8
[11:05:44.124] [SEVERE ] removing player 3 token from slot 8
[11:05:44.124] [SEVERE ] updating countdown to 55621
[11:05:44.124] [SEVERE ] player 3 placing token on slot 6
[11:05:44.125] [SEVERE ] removing player 1 token from slot 5
[11:05:44.125] [SEVERE ] player 1 placing token on slot 2
[11:05:44.237] [SEVERE ] removing player 4 token from slot 11
[11:05:44.238] [SEVERE ] updating countdown to 55507
[11:05:44.238] [SEVERE ] removing player 2 token from slot 10
[11:05:44.237] [SEVERE ] removing player 1 token from slot 6
[11:05:44.238] [SEVERE ] player 4 placing token on slot 9
[11:05:44.238] [SEVERE ] player 1 placing token on slot 3
[11:05:44.238] [SEVERE ] player 2 placing token on slot 9
[11:05:44.350] [SEVERE ] removing player 3 token from slot 1
[11:05:44.350] [SEVERE ] removing player 1 token from slot 2
[11:05:44.350] [SEVERE ] updating countdown to 55395
[11:05:44.350] [SEVERE ] removing player 4 token from slot 9
[11:05:44.350] [SEVERE ] player 1 placing token on slot 6
[11:05:44.350] [SEVERE ] player 4 placing token on slot 7
[11:05:44.350] [SEVERE ] player 3 placing token on slot 3
[11:05:44.460] [SEVERE ] removing player 1 token from slot 3
[11:05:44.460] [SEVERE ] removing player 2 token from slot 7
[11:05:44.460] [SEVERE ] updating countdown to 55285
[11:05:44.460] [SEVERE ] player 1 placing token on slot 9
[11:05:44.460] [SEVERE ] player 2 placing token on slot 5
[11:05:44.576] [SEVERE ] removing player 4 token from slot 7
[11:05:44.576] [SEVERE ] removing player 2 token from slot 9
[11:05:44.576] [SEVERE ] updating countdown to 55169
[11:05:44.577] [SEVERE ] removing player 2 token from slot 1
[11:05:44.577] [SEVERE ] player 4 placing token on slot 11
[11:05:44.577] [SEVERE ] player 2 placing token on slot 8
[11:05:44.577] [SEVERE ] player 2 placing token on slot 1
[11:05:44.695] [SEVERE ] removing player 3 token from slot 10
[11:05:44.695] [SEVERE ] player 3 placing token on slot 8
[11:05:44.695] [SEVERE ] removing player 2 token from slot 1
[11:05:44.696] [SEVERE ] removing player 2 token from slot 5
[11:05:44.696] [SEVERE ] player 2 placing token on slot 10
[11:05:44.696] [SEVERE ] player 2 placing token on slot 9
[11:05:44.695] [SEVERE ] updating countdown to 55050
[11:05:44.810] [SEVERE ] removing player 4 token from slot 3
[11:05:44.810] [SEVERE ] removing player 1 token from slot 6
[11:05:44.810] [SEVERE ] updating countdown to 54935
[11:05:44.810] [SEVERE ] player 4 placing token on slot 9
[11:05:44.810] [SEVERE ] player 1 placing token on slot 0
[11:05:44.926] [SEVERE ] removing player 4 token from slot 11
[11:05:44.926] [SEVERE ] removing player 1 token from slot 0
[11:05:44.926] [SEVERE ] removing player 3 token from slot 8
[11:05:44.926] [SEVERE ] updating countdown to 54819
[11:05:44.926] [SEVERE ] removing player 1 token from slot 10
[11:05:44.926] [SEVERE ] removing player 4 token from slot 2
[11:05:44.927] [SEVERE ] player 1 placing token on slot 2
[11:05:44.927] [SEVERE ] player 3 placing token on slot 0
[11:05:44.927] [SEVERE ] player 1 placing token on slot 11
[11:05:44.927] [SEVERE ] player 4 placing token on slot 1
[11:05:44.927] [SEVERE ] player 4 placing token on slot 0
[11:05:45.041] [SEVERE ] updating countdown to 54704
[11:05:45.143] [SEVERE ] removing player 4 token from slot 0
[11:05:45.143] [SEVERE ] player 4 placing token on slot 5
[11:05:45.143] [SEVERE ] updating countdown to 54602
[11:05:45.254] [SEVERE ] removing player 2 token from slot 8
[11:05:45.254] [SEVERE ] updating countdown to 54491
[11:05:45.254] [SEVERE ] player 2 placing token on slot 3
[11:05:45.274] [SEVERE ] exit button pressed
[11:05:45.369] [SEVERE ] updating countdown to 54376
[11:05:45.369] [SEVERE ] updating countdown to 60000
[11:05:45.369] [SEVERE ] removing player 1 token from slot 9
[11:05:45.369] [SEVERE ] removing player 1 token from slot 2
[11:05:45.369] [SEVERE ] removing player 1 token from slot 11
[11:05:45.369] [SEVERE ] removing player 2 token from slot 10
[11:05:45.369] [SEVERE ] removing player 2 token from slot 9
[11:05:45.369] [SEVERE ] removing player 2 token from slot 3
[11:05:45.369] [SEVERE ] removing player 3 token from slot 6
[11:05:45.369] [SEVERE ] removing player 3 token from slot 3
[11:05:45.369] [SEVERE ] removing player 3 token from slot 0
[11:05:45.369] [SEVERE ] removing player 4 token from slot 9
[11:05:45.369] [SEVERE ] removing player 4 token from slot 1
[11:05:45.369] [SEVERE ] removing player 4 token from slot 5
[11:05:45.479] [SEVERE ] removing card from slot 0
[11:05:45.579] [SEVERE ] removing card from slot 1
[11:05:45.690] [SEVERE ] removing card from slot 2
[11:05:45.800] [SEVERE ] removing card from slot 3
[11:05:45.910] [SEVERE ] removing card from slot 4
[11:05:46.021] [SEVERE ] removing card from slot 5
[11:05:46.130] [SEVERE ] removing card from slot 6
[11:05:46.241] [SEVERE ] removing card from slot 7
[11:05:46.352] [SEVERE ] removing card from slot 8
[11:05:46.462] [SEVERE ] removing card from slot 9
[11:05:46.574] [SEVERE ] removing card from slot 10
[11:05:46.683] [SEVERE ] removing card from slot 11
[11:05:46.795] [SEVERE ] placing card 41 in slot 0
[11:05:46.907] [SEVERE ] placing card 73 in slot 1
[11:05:47.017] [SEVERE ] placing card 15 in slot 2
[11:05:47.126] [SEVERE ] placing card 7 in slot 3
[11:05:47.236] [SEVERE ] placing card 74 in slot 4
[11:05:47.347] [SEVERE ] placing card 31 in slot 5
[11:05:47.457] [SEVERE ] placing card 59 in slot 6
[11:05:47.567] [SEVERE ] placing card 4 in slot 7
[11:05:47.677] [SEVERE ] placing card 51 in slot 8
[11:05:47.786] [SEVERE ] placing card 60 in slot 9
[11:05:47.903] [SEVERE ] placing card 18 in slot 10
[11:05:48.013] [SEVERE ] placing card 55 in slot 11
[11:05:48.122] [SEVERE ] removing card from slot 0
[11:05:48.232] [SEVERE ] removing card from slot 1
[11:05:48.346] [SEVERE ] removing card from slot 2
[11:05:48.458] [SEVERE ] removing card from slot 3
[11:05:48.574] [SEVERE ] removing card from slot 4
[11:05:48.684] [SEVERE ] removing card from slot 5
[11:05:48.794] [SEVERE ] removing card from slot 6
[11:05:48.905] [SEVERE ] removing card from slot 7
[11:05:49.015] [SEVERE ] removing card from slot 8
[11:05:49.124] [SEVERE ] removing card from slot 9
[11:05:49.234] [SEVERE ] removing card from slot 10
[11:05:49.349] [SEVERE ] removing card from slot 11
[11:05:49.349] [SEVERE ] announcing winner(s): player 3
[11:05:49.349] [INFO   ] thread dealer terminated.
[11:05:49.349] [SEVERE ] thanks for playing... it was fun!
[11:05:49.349] [INFO   ] thread main terminated.
