[21:24:51.725] [INFO   ] thread main starting.
[21:24:51.730] [SEVERE ] cannot read configuration file config.properties trying from resources.
[21:24:51.733] [SEVERE ] configuration file was loaded from resources directory.
[21:24:52.196] [INFO   ] thread dealer starting.
[21:24:52.318] [SEVERE ] placing card 27 in slot 0
[21:24:52.318] [SEVERE ] player 2 placing token on slot 0
[21:24:52.320] [SEVERE ] removing player 2 token from slot 0
[21:24:52.323] [SEVERE ] player 2 placing token on slot 0
[21:24:52.318] [SEVERE ] player 3 placing token on slot 0
[21:24:52.318] [SEVERE ] player 4 placing token on slot 0
[21:24:52.340] [SEVERE ] removing player 4 token from slot 0
[21:24:52.340] [SEVERE ] player 4 placing token on slot 0
[21:24:52.341] [SEVERE ] removing player 4 token from slot 0
[21:24:52.341] [SEVERE ] player 4 placing token on slot 0
[21:24:52.341] [SEVERE ] removing player 4 token from slot 0
[21:24:52.341] [SEVERE ] player 4 placing token on slot 0
[21:24:52.341] [SEVERE ] removing player 4 token from slot 0
[21:24:52.342] [SEVERE ] player 4 placing token on slot 0
[21:24:52.342] [SEVERE ] removing player 4 token from slot 0
[21:24:52.342] [SEVERE ] player 4 placing token on slot 0
[21:24:52.342] [SEVERE ] removing player 4 token from slot 0
[21:24:52.343] [SEVERE ] player 4 placing token on slot 0
[21:24:52.343] [SEVERE ] removing player 4 token from slot 0
[21:24:52.343] [SEVERE ] player 4 placing token on slot 0
[21:24:52.343] [SEVERE ] removing player 4 token from slot 0
[21:24:52.343] [SEVERE ] player 4 placing token on slot 0
[21:24:52.343] [SEVERE ] removing player 4 token from slot 0
[21:24:52.344] [SEVERE ] player 4 placing token on slot 0
[21:24:52.344] [SEVERE ] removing player 4 token from slot 0
[21:24:52.344] [SEVERE ] player 4 placing token on slot 0
[21:24:52.344] [SEVERE ] removing player 4 token from slot 0
[21:24:52.344] [SEVERE ] player 4 placing token on slot 0
[21:24:52.324] [SEVERE ] removing player 3 token from slot 0
[21:24:52.345] [SEVERE ] player 3 placing token on slot 0
[21:24:52.347] [SEVERE ] removing player 3 token from slot 0
[21:24:52.324] [SEVERE ] removing player 2 token from slot 0
[21:24:52.319] [SEVERE ] player 5 placing token on slot 0
[21:24:52.349] [SEVERE ] player 3 placing token on slot 0
[21:24:52.349] [SEVERE ] player 2 placing token on slot 0
[21:24:52.344] [SEVERE ] removing player 4 token from slot 0
[21:24:52.350] [SEVERE ] removing player 3 token from slot 0
[21:24:52.350] [SEVERE ] removing player 2 token from slot 0
[21:24:52.350] [SEVERE ] player 2 placing token on slot 0
[21:24:52.350] [SEVERE ] removing player 2 token from slot 0
[21:24:52.349] [SEVERE ] removing player 5 token from slot 0
[21:24:52.354] [SEVERE ] player 5 placing token on slot 0
[21:24:52.354] [SEVERE ] player 2 placing token on slot 0
[21:24:52.355] [SEVERE ] removing player 2 token from slot 0
[21:24:52.355] [SEVERE ] player 2 placing token on slot 0
[21:24:52.355] [SEVERE ] removing player 2 token from slot 0
[21:24:52.350] [SEVERE ] player 3 placing token on slot 0
[21:24:52.350] [SEVERE ] player 4 placing token on slot 0
[21:24:52.356] [SEVERE ] removing player 4 token from slot 0
[21:24:52.356] [SEVERE ] player 4 placing token on slot 0
[21:24:52.355] [SEVERE ] player 2 placing token on slot 0
[21:24:52.354] [SEVERE ] removing player 5 token from slot 0
[21:24:52.356] [SEVERE ] removing player 2 token from slot 0
[21:24:52.356] [SEVERE ] removing player 4 token from slot 0
[21:24:52.357] [SEVERE ] player 4 placing token on slot 0
[21:24:52.357] [SEVERE ] removing player 4 token from slot 0
[21:24:52.357] [SEVERE ] player 4 placing token on slot 0
[21:24:52.357] [SEVERE ] removing player 4 token from slot 0
[21:24:52.357] [SEVERE ] player 4 placing token on slot 0
[21:24:52.357] [SEVERE ] removing player 4 token from slot 0
[21:24:52.358] [SEVERE ] player 4 placing token on slot 0
[21:24:52.358] [SEVERE ] removing player 4 token from slot 0
[21:24:52.358] [SEVERE ] player 4 placing token on slot 0
[21:24:52.358] [SEVERE ] removing player 4 token from slot 0
[21:24:52.358] [SEVERE ] player 4 placing token on slot 0
[21:24:52.356] [SEVERE ] removing player 3 token from slot 0
[21:24:52.358] [SEVERE ] removing player 4 token from slot 0
[21:24:52.358] [SEVERE ] player 2 placing token on slot 0
[21:24:52.356] [SEVERE ] player 5 placing token on slot 0
[21:24:52.359] [SEVERE ] removing player 2 token from slot 0
[21:24:52.359] [SEVERE ] player 4 placing token on slot 0
[21:24:52.359] [SEVERE ] player 3 placing token on slot 0
[21:24:52.359] [SEVERE ] removing player 4 token from slot 0
[21:24:52.359] [SEVERE ] player 2 placing token on slot 0
[21:24:52.359] [SEVERE ] removing player 5 token from slot 0
[21:24:52.360] [SEVERE ] removing player 2 token from slot 0
[21:24:52.360] [SEVERE ] player 4 placing token on slot 0
[21:24:52.360] [SEVERE ] removing player 4 token from slot 0
[21:24:52.361] [SEVERE ] player 4 placing token on slot 0
[21:24:52.361] [SEVERE ] removing player 4 token from slot 0
[21:24:52.361] [SEVERE ] player 4 placing token on slot 0
[21:24:52.361] [SEVERE ] removing player 4 token from slot 0
[21:24:52.361] [SEVERE ] player 4 placing token on slot 0
[21:24:52.361] [SEVERE ] removing player 4 token from slot 0
[21:24:52.361] [SEVERE ] player 4 placing token on slot 0
[21:24:52.362] [SEVERE ] removing player 4 token from slot 0
[21:24:52.362] [SEVERE ] player 4 placing token on slot 0
[21:24:52.362] [SEVERE ] removing player 4 token from slot 0
[21:24:52.362] [SEVERE ] player 4 placing token on slot 0
[21:24:52.362] [SEVERE ] removing player 4 token from slot 0
[21:24:52.362] [SEVERE ] player 4 placing token on slot 0
[21:24:52.362] [SEVERE ] removing player 4 token from slot 0
[21:24:52.363] [SEVERE ] player 4 placing token on slot 0
[21:24:52.363] [SEVERE ] removing player 4 token from slot 0
[21:24:52.363] [SEVERE ] player 4 placing token on slot 0
[21:24:52.363] [SEVERE ] removing player 4 token from slot 0
[21:24:52.360] [SEVERE ] removing player 3 token from slot 0
[21:24:52.368] [SEVERE ] player 4 placing token on slot 0
[21:24:52.369] [SEVERE ] removing player 4 token from slot 0
[21:24:52.369] [SEVERE ] player 4 placing token on slot 0
[21:24:52.370] [SEVERE ] removing player 4 token from slot 0
[21:24:52.370] [SEVERE ] player 4 placing token on slot 0
[21:24:52.370] [SEVERE ] removing player 4 token from slot 0
[21:24:52.370] [SEVERE ] player 4 placing token on slot 0
[21:24:52.370] [SEVERE ] removing player 4 token from slot 0
[21:24:52.360] [SEVERE ] player 2 placing token on slot 0
[21:24:52.360] [SEVERE ] player 5 placing token on slot 0
[21:24:52.371] [SEVERE ] removing player 5 token from slot 0
[21:24:52.371] [SEVERE ] player 5 placing token on slot 0
[21:24:52.371] [SEVERE ] removing player 5 token from slot 0
[21:24:52.371] [SEVERE ] removing player 2 token from slot 0
[21:24:52.371] [SEVERE ] player 2 placing token on slot 0
[21:24:52.370] [SEVERE ] player 4 placing token on slot 0
[21:24:52.370] [SEVERE ] player 3 placing token on slot 0
[21:24:52.374] [SEVERE ] removing player 3 token from slot 0
[21:24:52.375] [SEVERE ] player 3 placing token on slot 0
[21:24:52.375] [SEVERE ] removing player 3 token from slot 0
[21:24:52.375] [SEVERE ] player 3 placing token on slot 0
[21:24:52.375] [SEVERE ] removing player 3 token from slot 0
[21:24:52.375] [SEVERE ] player 3 placing token on slot 0
[21:24:52.375] [SEVERE ] removing player 3 token from slot 0
[21:24:52.376] [SEVERE ] player 3 placing token on slot 0
[21:24:52.376] [SEVERE ] removing player 3 token from slot 0
[21:24:52.376] [SEVERE ] player 3 placing token on slot 0
[21:24:52.376] [SEVERE ] removing player 3 token from slot 0
[21:24:52.376] [SEVERE ] player 3 placing token on slot 0
[21:24:52.377] [SEVERE ] removing player 3 token from slot 0
[21:24:52.377] [SEVERE ] player 3 placing token on slot 0
[21:24:52.377] [SEVERE ] removing player 3 token from slot 0
[21:24:52.372] [SEVERE ] removing player 4 token from slot 0
[21:24:52.377] [SEVERE ] player 4 placing token on slot 0
[21:24:52.378] [SEVERE ] removing player 4 token from slot 0
[21:24:52.372] [SEVERE ] removing player 2 token from slot 0
[21:24:52.378] [SEVERE ] player 2 placing token on slot 0
[21:24:52.378] [SEVERE ] removing player 2 token from slot 0
[21:24:52.378] [SEVERE ] player 2 placing token on slot 0
[21:24:52.378] [SEVERE ] removing player 2 token from slot 0
[21:24:52.379] [SEVERE ] player 2 placing token on slot 0
[21:24:52.379] [SEVERE ] removing player 2 token from slot 0
[21:24:52.371] [SEVERE ] player 5 placing token on slot 0
[21:24:52.380] [SEVERE ] removing player 5 token from slot 0
[21:24:52.380] [SEVERE ] player 5 placing token on slot 0
[21:24:52.380] [SEVERE ] removing player 5 token from slot 0
[21:24:52.380] [SEVERE ] player 5 placing token on slot 0
[21:24:52.380] [SEVERE ] removing player 5 token from slot 0
[21:24:52.380] [SEVERE ] player 5 placing token on slot 0
[21:24:52.378] [SEVERE ] player 4 placing token on slot 0
[21:24:52.381] [SEVERE ] removing player 4 token from slot 0
[21:24:52.381] [SEVERE ] player 4 placing token on slot 0
[21:24:52.381] [SEVERE ] removing player 5 token from slot 0
[21:24:52.381] [SEVERE ] player 5 placing token on slot 0
[21:24:52.381] [SEVERE ] removing player 5 token from slot 0
[21:24:52.381] [SEVERE ] player 5 placing token on slot 0
[21:24:52.381] [SEVERE ] removing player 5 token from slot 0
[21:24:52.382] [SEVERE ] player 5 placing token on slot 0
[21:24:52.377] [SEVERE ] player 3 placing token on slot 0
[21:24:52.382] [SEVERE ] removing player 3 token from slot 0
[21:24:52.382] [SEVERE ] removing player 4 token from slot 0
[21:24:52.382] [SEVERE ] player 4 placing token on slot 0
[21:24:52.382] [SEVERE ] removing player 4 token from slot 0
[21:24:52.382] [SEVERE ] player 4 placing token on slot 0
[21:24:52.382] [SEVERE ] removing player 4 token from slot 0
[21:24:52.383] [SEVERE ] player 4 placing token on slot 0
[21:24:52.383] [SEVERE ] removing player 4 token from slot 0
[21:24:52.383] [SEVERE ] player 4 placing token on slot 0
[21:24:52.382] [SEVERE ] removing player 5 token from slot 0
[21:24:52.381] [SEVERE ] player 2 placing token on slot 0
[21:24:52.383] [SEVERE ] removing player 4 token from slot 0
[21:24:52.383] [SEVERE ] player 5 placing token on slot 0
[21:24:52.384] [SEVERE ] removing player 5 token from slot 0
[21:24:52.384] [SEVERE ] player 5 placing token on slot 0
[21:24:52.384] [SEVERE ] removing player 5 token from slot 0
[21:24:52.384] [SEVERE ] player 5 placing token on slot 0
[21:24:52.384] [SEVERE ] removing player 5 token from slot 0
[21:24:52.384] [SEVERE ] player 5 placing token on slot 0
[21:24:52.384] [SEVERE ] removing player 5 token from slot 0
[21:24:52.384] [SEVERE ] player 5 placing token on slot 0
[21:24:52.385] [SEVERE ] removing player 5 token from slot 0
[21:24:52.385] [SEVERE ] player 5 placing token on slot 0
[21:24:52.385] [SEVERE ] removing player 5 token from slot 0
[21:24:52.385] [SEVERE ] player 5 placing token on slot 0
[21:24:52.385] [SEVERE ] removing player 5 token from slot 0
[21:24:52.385] [SEVERE ] player 5 placing token on slot 0
[21:24:52.385] [SEVERE ] removing player 5 token from slot 0
[21:24:52.386] [SEVERE ] player 5 placing token on slot 0
[21:24:52.386] [SEVERE ] removing player 5 token from slot 0
[21:24:52.386] [SEVERE ] player 5 placing token on slot 0
[21:24:52.386] [SEVERE ] removing player 5 token from slot 0
[21:24:52.386] [SEVERE ] player 5 placing token on slot 0
[21:24:52.386] [SEVERE ] removing player 5 token from slot 0
[21:24:52.386] [SEVERE ] player 5 placing token on slot 0
[21:24:52.386] [SEVERE ] removing player 5 token from slot 0
[21:24:52.386] [SEVERE ] player 5 placing token on slot 0
[21:24:52.387] [SEVERE ] removing player 5 token from slot 0
[21:24:52.387] [SEVERE ] player 5 placing token on slot 0
[21:24:52.387] [SEVERE ] removing player 5 token from slot 0
[21:24:52.387] [SEVERE ] player 5 placing token on slot 0
[21:24:52.387] [SEVERE ] removing player 5 token from slot 0
[21:24:52.387] [SEVERE ] player 5 placing token on slot 0
[21:24:52.387] [SEVERE ] removing player 5 token from slot 0
[21:24:52.387] [SEVERE ] player 5 placing token on slot 0
[21:24:52.382] [SEVERE ] player 3 placing token on slot 0
[21:24:52.391] [SEVERE ] removing player 3 token from slot 0
[21:24:52.392] [SEVERE ] player 3 placing token on slot 0
[21:24:52.392] [SEVERE ] removing player 3 token from slot 0
[21:24:52.392] [SEVERE ] player 3 placing token on slot 0
[21:24:52.394] [SEVERE ] removing player 5 token from slot 0
[21:24:52.395] [SEVERE ] removing player 3 token from slot 0
[21:24:52.395] [SEVERE ] player 3 placing token on slot 0
[21:24:52.384] [SEVERE ] player 4 placing token on slot 0
[21:24:52.383] [SEVERE ] removing player 2 token from slot 0
[21:24:52.400] [SEVERE ] player 2 placing token on slot 0
[21:24:52.400] [SEVERE ] removing player 2 token from slot 0
[21:24:52.400] [SEVERE ] player 2 placing token on slot 0
[21:24:52.400] [SEVERE ] removing player 2 token from slot 0
[21:24:52.401] [SEVERE ] player 2 placing token on slot 0
[21:24:52.401] [SEVERE ] removing player 2 token from slot 0
[21:24:52.401] [SEVERE ] player 2 placing token on slot 0
[21:24:52.401] [SEVERE ] removing player 2 token from slot 0
[21:24:52.401] [SEVERE ] player 2 placing token on slot 0
[21:24:52.401] [SEVERE ] removing player 2 token from slot 0
[21:24:52.402] [SEVERE ] player 2 placing token on slot 0
[21:24:52.402] [SEVERE ] removing player 2 token from slot 0
[21:24:52.402] [SEVERE ] player 2 placing token on slot 0
[21:24:52.402] [SEVERE ] removing player 2 token from slot 0
[21:24:52.402] [SEVERE ] player 2 placing token on slot 0
[21:24:52.402] [SEVERE ] removing player 2 token from slot 0
[21:24:52.402] [SEVERE ] player 2 placing token on slot 0
[21:24:52.403] [SEVERE ] removing player 2 token from slot 0
[21:24:52.403] [SEVERE ] player 2 placing token on slot 0
[21:24:52.404] [SEVERE ] removing player 2 token from slot 0
[21:24:52.404] [SEVERE ] player 2 placing token on slot 0
[21:24:52.404] [SEVERE ] removing player 2 token from slot 0
[21:24:52.405] [SEVERE ] player 2 placing token on slot 0
[21:24:52.405] [SEVERE ] removing player 2 token from slot 0
[21:24:52.405] [SEVERE ] player 2 placing token on slot 0
[21:24:52.405] [SEVERE ] removing player 2 token from slot 0
[21:24:52.405] [SEVERE ] player 2 placing token on slot 0
[21:24:52.405] [SEVERE ] removing player 2 token from slot 0
[21:24:52.406] [SEVERE ] player 2 placing token on slot 0
[21:24:52.406] [SEVERE ] removing player 2 token from slot 0
[21:24:52.406] [SEVERE ] player 2 placing token on slot 0
[21:24:52.406] [SEVERE ] removing player 2 token from slot 0
[21:24:52.406] [SEVERE ] player 2 placing token on slot 0
[21:24:52.407] [SEVERE ] removing player 2 token from slot 0
[21:24:52.410] [SEVERE ] player 2 placing token on slot 0
[21:24:52.412] [SEVERE ] removing player 2 token from slot 0
[21:24:52.399] [SEVERE ] removing player 4 token from slot 0
[21:24:52.395] [SEVERE ] removing player 3 token from slot 0
[21:24:52.413] [SEVERE ] player 2 placing token on slot 0
[21:24:52.425] [SEVERE ] player 5 placing token on slot 0
[21:24:52.425] [SEVERE ] player 4 placing token on slot 0
[21:24:52.427] [SEVERE ] removing player 4 token from slot 0
[21:24:52.425] [SEVERE ] placing card 54 in slot 1
[21:24:52.427] [SEVERE ] player 4 placing token on slot 0
[21:24:52.427] [SEVERE ] removing player 5 token from slot 0
[21:24:52.427] [SEVERE ] removing player 4 token from slot 0
[21:24:52.427] [SEVERE ] player 4 placing token on slot 0
[21:24:52.428] [SEVERE ] player 5 placing token on slot 1
[21:24:52.428] [SEVERE ] player 4 placing token on slot 1
[21:24:52.428] [SEVERE ] player 5 placing token on slot 0
[21:24:52.428] [SEVERE ] removing player 4 token from slot 0
[21:24:52.428] [SEVERE ] removing player 5 token from slot 1
[21:24:52.428] [SEVERE ] removing player 4 token from slot 1
[21:24:52.428] [SEVERE ] player 4 placing token on slot 1
[21:24:52.428] [SEVERE ] player 5 placing token on slot 1
[21:24:52.428] [SEVERE ] player 4 placing token on slot 0
[21:24:52.428] [SEVERE ] removing player 4 token from slot 1
[21:24:52.429] [SEVERE ] removing player 5 token from slot 1
[21:24:52.429] [SEVERE ] player 4 placing token on slot 1
[21:24:52.429] [SEVERE ] removing player 4 token from slot 1
[21:24:52.429] [SEVERE ] player 4 placing token on slot 1
[21:24:52.429] [SEVERE ] removing player 4 token from slot 1
[21:24:52.429] [SEVERE ] player 5 placing token on slot 1
[21:24:52.429] [SEVERE ] removing player 4 token from slot 0
[21:24:52.429] [SEVERE ] removing player 5 token from slot 0
[21:24:52.429] [SEVERE ] player 4 placing token on slot 1
[21:24:52.430] [SEVERE ] player 5 placing token on slot 0
[21:24:52.430] [SEVERE ] player 4 placing token on slot 0
[21:24:52.430] [SEVERE ] removing player 5 token from slot 0
[21:24:52.430] [SEVERE ] removing player 4 token from slot 0
[21:24:52.430] [SEVERE ] removing player 5 token from slot 1
[21:24:52.430] [SEVERE ] removing player 4 token from slot 1
[21:24:52.430] [SEVERE ] player 5 placing token on slot 0
[21:24:52.430] [SEVERE ] player 4 placing token on slot 1
[21:24:52.430] [SEVERE ] removing player 5 token from slot 0
[21:24:52.430] [SEVERE ] removing player 4 token from slot 1
[21:24:52.430] [SEVERE ] player 4 placing token on slot 0
[21:24:52.430] [SEVERE ] removing player 4 token from slot 0
[21:24:52.430] [SEVERE ] player 5 placing token on slot 0
[21:24:52.430] [SEVERE ] player 4 placing token on slot 1
[21:24:52.430] [SEVERE ] player 4 placing token on slot 0
[21:24:52.430] [SEVERE ] removing player 4 token from slot 1
[21:24:52.430] [SEVERE ] player 4 placing token on slot 1
[21:24:52.430] [SEVERE ] removing player 4 token from slot 1
[21:24:52.430] [SEVERE ] removing player 5 token from slot 0
[21:24:52.430] [SEVERE ] removing player 4 token from slot 0
[21:24:52.430] [SEVERE ] player 4 placing token on slot 1
[21:24:52.430] [SEVERE ] player 4 placing token on slot 0
[21:24:52.430] [SEVERE ] player 5 placing token on slot 1
[21:24:52.432] [SEVERE ] removing player 4 token from slot 1
[21:24:52.432] [SEVERE ] removing player 5 token from slot 1
[21:24:52.432] [SEVERE ] removing player 4 token from slot 0
[21:24:52.432] [SEVERE ] player 4 placing token on slot 1
[21:24:52.432] [SEVERE ] removing player 4 token from slot 1
[21:24:52.432] [SEVERE ] player 4 placing token on slot 0
[21:24:52.432] [SEVERE ] player 4 placing token on slot 1
[21:24:52.432] [SEVERE ] removing player 4 token from slot 0
[21:24:52.433] [SEVERE ] player 4 placing token on slot 0
[21:24:52.433] [SEVERE ] removing player 4 token from slot 0
[21:24:52.433] [SEVERE ] player 4 placing token on slot 0
[21:24:52.433] [SEVERE ] removing player 4 token from slot 1
[21:24:52.433] [SEVERE ] removing player 4 token from slot 0
[21:24:52.433] [SEVERE ] player 4 placing token on slot 1
[21:24:52.433] [SEVERE ] removing player 4 token from slot 1
[21:24:52.433] [SEVERE ] player 4 placing token on slot 0
[21:24:52.433] [SEVERE ] removing player 4 token from slot 0
[21:24:52.436] [SEVERE ] player 4 placing token on slot 1
[21:24:52.437] [SEVERE ] player 4 placing token on slot 0
[21:24:52.437] [SEVERE ] removing player 4 token from slot 0
[21:24:52.437] [SEVERE ] player 4 placing token on slot 0
[21:24:52.437] [SEVERE ] removing player 4 token from slot 0
[21:24:52.437] [SEVERE ] removing player 4 token from slot 1
[21:24:52.437] [SEVERE ] player 4 placing token on slot 0
[21:24:52.437] [SEVERE ] removing player 4 token from slot 0
[21:24:52.437] [SEVERE ] player 4 placing token on slot 1
[21:24:52.437] [SEVERE ] removing player 4 token from slot 1
[21:24:52.437] [SEVERE ] player 4 placing token on slot 0
[21:24:52.437] [SEVERE ] player 4 placing token on slot 1
[21:24:52.437] [SEVERE ] removing player 4 token from slot 1
[21:24:52.438] [SEVERE ] removing player 4 token from slot 0
[21:24:52.438] [SEVERE ] player 4 placing token on slot 0
[21:24:52.438] [SEVERE ] player 4 placing token on slot 1
[21:24:52.438] [SEVERE ] removing player 4 token from slot 1
[21:24:52.438] [SEVERE ] removing player 4 token from slot 0
[21:24:52.438] [SEVERE ] player 4 placing token on slot 1
[21:24:52.438] [SEVERE ] removing player 4 token from slot 1
[21:24:52.438] [SEVERE ] player 4 placing token on slot 0
[21:24:52.438] [SEVERE ] player 4 placing token on slot 1
[21:24:52.438] [SEVERE ] removing player 4 token from slot 1
[21:24:52.438] [SEVERE ] player 4 placing token on slot 1
[21:24:52.438] [SEVERE ] removing player 4 token from slot 0
[21:24:52.438] [SEVERE ] player 4 placing token on slot 0
[21:24:52.439] [SEVERE ] removing player 4 token from slot 1
[21:24:52.440] [SEVERE ] removing player 4 token from slot 0
[21:24:52.440] [SEVERE ] player 4 placing token on slot 1
[21:24:52.440] [SEVERE ] removing player 4 token from slot 1
[21:24:52.440] [SEVERE ] player 4 placing token on slot 1
[21:24:52.440] [SEVERE ] removing player 4 token from slot 1
[21:24:52.440] [SEVERE ] player 4 placing token on slot 1
[21:24:52.440] [SEVERE ] player 4 placing token on slot 0
[21:24:52.440] [SEVERE ] removing player 4 token from slot 1
[21:24:52.440] [SEVERE ] removing player 4 token from slot 0
[21:24:52.440] [SEVERE ] player 4 placing token on slot 1
[21:24:52.440] [SEVERE ] player 4 placing token on slot 0
[21:24:52.440] [SEVERE ] removing player 4 token from slot 0
[21:24:52.441] [SEVERE ] removing player 4 token from slot 1
[21:24:52.441] [SEVERE ] player 4 placing token on slot 1
[21:24:52.441] [SEVERE ] player 4 placing token on slot 0
[21:24:52.441] [SEVERE ] removing player 4 token from slot 1
[21:24:52.441] [SEVERE ] removing player 4 token from slot 0
[21:24:52.441] [SEVERE ] player 4 placing token on slot 0
[21:24:52.441] [SEVERE ] removing player 4 token from slot 0
[21:24:52.436] [SEVERE ] player 2 placing token on slot 1
[21:24:52.441] [SEVERE ] player 5 placing token on slot 1
[21:24:52.441] [SEVERE ] player 4 placing token on slot 0
[21:24:52.441] [SEVERE ] player 4 placing token on slot 1
[21:24:52.442] [SEVERE ] removing player 4 token from slot 1
[21:24:52.442] [SEVERE ] removing player 4 token from slot 0
[21:24:52.442] [SEVERE ] player 4 placing token on slot 1
[21:24:52.442] [SEVERE ] player 4 placing token on slot 0
[21:24:52.442] [SEVERE ] removing player 4 token from slot 1
[21:24:52.442] [SEVERE ] removing player 4 token from slot 0
[21:24:52.442] [SEVERE ] player 4 placing token on slot 0
[21:24:52.442] [SEVERE ] removing player 4 token from slot 0
[21:24:52.442] [SEVERE ] player 4 placing token on slot 0
[21:24:52.442] [SEVERE ] removing player 4 token from slot 0
[21:24:52.442] [SEVERE ] player 4 placing token on slot 1
[21:24:52.443] [SEVERE ] removing player 4 token from slot 1
[21:24:52.443] [SEVERE ] player 4 placing token on slot 0
[21:24:52.443] [SEVERE ] removing player 4 token from slot 0
[21:24:52.443] [SEVERE ] player 4 placing token on slot 1
[21:24:52.443] [SEVERE ] player 4 placing token on slot 0
[21:24:52.443] [SEVERE ] removing player 4 token from slot 0
[21:24:52.443] [SEVERE ] removing player 4 token from slot 1
[21:24:52.443] [SEVERE ] player 4 placing token on slot 0
[21:24:52.443] [SEVERE ] player 4 placing token on slot 1
[21:24:52.443] [SEVERE ] removing player 4 token from slot 0
[21:24:52.443] [SEVERE ] player 4 placing token on slot 0
[21:24:52.443] [SEVERE ] removing player 4 token from slot 0
[21:24:52.444] [SEVERE ] removing player 4 token from slot 1
[21:24:52.444] [SEVERE ] player 4 placing token on slot 1
[21:24:52.444] [SEVERE ] removing player 4 token from slot 1
[21:24:52.444] [SEVERE ] player 4 placing token on slot 0
[21:24:52.444] [SEVERE ] player 4 placing token on slot 1
[21:24:52.444] [SEVERE ] removing player 4 token from slot 0
[21:24:52.444] [SEVERE ] removing player 4 token from slot 1
[21:24:52.444] [SEVERE ] player 4 placing token on slot 1
[21:24:52.444] [SEVERE ] player 4 placing token on slot 0
[21:24:52.444] [SEVERE ] removing player 4 token from slot 1
[21:24:52.444] [SEVERE ] player 4 placing token on slot 1
[21:24:52.444] [SEVERE ] removing player 4 token from slot 1
[21:24:52.444] [SEVERE ] player 4 placing token on slot 1
[21:24:52.444] [SEVERE ] removing player 4 token from slot 1
[21:24:52.444] [SEVERE ] player 4 placing token on slot 1
[21:24:52.445] [SEVERE ] removing player 4 token from slot 1
[21:24:52.445] [SEVERE ] player 4 placing token on slot 1
[21:24:52.445] [SEVERE ] removing player 4 token from slot 0
[21:24:52.445] [SEVERE ] removing player 4 token from slot 1
[21:24:52.445] [SEVERE ] player 4 placing token on slot 1
[21:24:52.445] [SEVERE ] removing player 4 token from slot 1
[21:24:52.445] [SEVERE ] player 4 placing token on slot 1
[21:24:52.445] [SEVERE ] player 4 placing token on slot 0
[21:24:52.445] [SEVERE ] removing player 4 token from slot 0
[21:24:52.445] [SEVERE ] removing player 4 token from slot 1
[21:24:52.445] [SEVERE ] player 4 placing token on slot 1
[21:24:52.445] [SEVERE ] removing player 4 token from slot 1
[21:24:52.446] [SEVERE ] player 4 placing token on slot 1
[21:24:52.446] [SEVERE ] removing player 4 token from slot 1
[21:24:52.446] [SEVERE ] player 4 placing token on slot 0
[21:24:52.446] [SEVERE ] removing player 4 token from slot 0
[21:24:52.446] [SEVERE ] player 4 placing token on slot 1
[21:24:52.446] [SEVERE ] removing player 4 token from slot 1
[21:24:52.446] [SEVERE ] player 4 placing token on slot 1
[21:24:52.446] [SEVERE ] player 4 placing token on slot 0
[21:24:52.446] [SEVERE ] removing player 4 token from slot 1
[21:24:52.446] [SEVERE ] player 4 placing token on slot 1
[21:24:52.446] [SEVERE ] removing player 4 token from slot 0
[21:24:52.446] [SEVERE ] removing player 4 token from slot 1
[21:24:52.446] [SEVERE ] player 4 placing token on slot 1
[21:24:52.446] [SEVERE ] removing player 4 token from slot 1
[21:24:52.446] [SEVERE ] player 4 placing token on slot 1
[21:24:52.447] [SEVERE ] removing player 4 token from slot 1
[21:24:52.447] [SEVERE ] player 4 placing token on slot 1
[21:24:52.447] [SEVERE ] player 4 placing token on slot 0
[21:24:52.447] [SEVERE ] removing player 4 token from slot 0
[21:24:52.447] [SEVERE ] removing player 4 token from slot 1
[21:24:52.447] [SEVERE ] player 4 placing token on slot 1
[21:24:52.447] [SEVERE ] removing player 4 token from slot 1
[21:24:52.447] [SEVERE ] player 4 placing token on slot 0
[21:24:52.447] [SEVERE ] player 4 placing token on slot 1
[21:24:52.447] [SEVERE ] removing player 4 token from slot 0
[21:24:52.447] [SEVERE ] removing player 4 token from slot 1
[21:24:52.447] [SEVERE ] player 4 placing token on slot 1
[21:24:52.447] [SEVERE ] removing player 4 token from slot 1
[21:24:52.447] [SEVERE ] player 4 placing token on slot 1
[21:24:52.447] [SEVERE ] player 4 placing token on slot 0
[21:24:52.448] [SEVERE ] removing player 4 token from slot 0
[21:24:52.448] [SEVERE ] player 4 placing token on slot 0
[21:24:52.448] [SEVERE ] removing player 4 token from slot 1
[21:24:52.448] [SEVERE ] player 4 placing token on slot 1
[21:24:52.448] [SEVERE ] removing player 4 token from slot 1
[21:24:52.448] [SEVERE ] removing player 4 token from slot 0
[21:24:52.448] [SEVERE ] player 4 placing token on slot 0
[21:24:52.448] [SEVERE ] removing player 4 token from slot 0
[21:24:52.448] [SEVERE ] player 4 placing token on slot 0
[21:24:52.448] [SEVERE ] removing player 4 token from slot 0
[21:24:52.448] [SEVERE ] player 4 placing token on slot 1
[21:24:52.448] [SEVERE ] player 4 placing token on slot 0
[21:24:52.448] [SEVERE ] removing player 4 token from slot 0
[21:24:52.448] [SEVERE ] player 4 placing token on slot 0
[21:24:52.448] [SEVERE ] removing player 4 token from slot 1
[21:24:52.449] [SEVERE ] player 4 placing token on slot 1
[21:24:52.449] [SEVERE ] removing player 4 token from slot 0
[21:24:52.449] [SEVERE ] removing player 4 token from slot 1
[21:24:52.449] [SEVERE ] player 4 placing token on slot 0
[21:24:52.449] [SEVERE ] player 4 placing token on slot 1
[21:24:52.449] [SEVERE ] removing player 4 token from slot 0
[21:24:52.449] [SEVERE ] player 4 placing token on slot 0
[21:24:52.449] [SEVERE ] removing player 4 token from slot 0
[21:24:52.449] [SEVERE ] player 4 placing token on slot 0
[21:24:52.449] [SEVERE ] removing player 4 token from slot 0
[21:24:52.449] [SEVERE ] removing player 4 token from slot 1
[21:24:52.449] [SEVERE ] player 4 placing token on slot 1
[21:24:52.449] [SEVERE ] player 4 placing token on slot 0
[21:24:52.449] [SEVERE ] removing player 4 token from slot 0
[21:24:52.449] [SEVERE ] player 4 placing token on slot 0
[21:24:52.450] [SEVERE ] removing player 4 token from slot 0
[21:24:52.450] [SEVERE ] player 4 placing token on slot 0
[21:24:52.450] [SEVERE ] removing player 4 token from slot 1
[21:24:52.450] [SEVERE ] player 4 placing token on slot 1
[21:24:52.450] [SEVERE ] removing player 4 token from slot 1
[21:24:52.450] [SEVERE ] player 4 placing token on slot 1
[21:24:52.450] [SEVERE ] removing player 4 token from slot 1
[21:24:52.450] [SEVERE ] removing player 4 token from slot 0
[21:24:52.450] [SEVERE ] player 4 placing token on slot 1
[21:24:52.450] [SEVERE ] removing player 4 token from slot 1
[21:24:52.450] [SEVERE ] player 4 placing token on slot 1
[21:24:52.450] [SEVERE ] player 4 placing token on slot 0
[21:24:52.450] [SEVERE ] removing player 4 token from slot 1
[21:24:52.450] [SEVERE ] player 4 placing token on slot 1
[21:24:52.450] [SEVERE ] removing player 4 token from slot 1
[21:24:52.450] [SEVERE ] player 4 placing token on slot 1
[21:24:52.450] [SEVERE ] removing player 4 token from slot 1
[21:24:52.450] [SEVERE ] player 4 placing token on slot 1
[21:24:52.451] [SEVERE ] removing player 4 token from slot 1
[21:24:52.451] [SEVERE ] player 4 placing token on slot 1
[21:24:52.451] [SEVERE ] removing player 4 token from slot 0
[21:24:52.451] [SEVERE ] removing player 4 token from slot 1
[21:24:52.451] [SEVERE ] player 4 placing token on slot 0
[21:24:52.451] [SEVERE ] player 4 placing token on slot 1
[21:24:52.451] [SEVERE ] removing player 4 token from slot 0
[21:24:52.451] [SEVERE ] player 4 placing token on slot 0
[21:24:52.451] [SEVERE ] removing player 4 token from slot 0
[21:24:52.451] [SEVERE ] removing player 4 token from slot 1
[21:24:52.451] [SEVERE ] player 4 placing token on slot 1
[21:24:52.451] [SEVERE ] player 4 placing token on slot 0
[21:24:52.451] [SEVERE ] removing player 4 token from slot 0
[21:24:52.451] [SEVERE ] removing player 4 token from slot 1
[21:24:52.441] [SEVERE ] player 3 placing token on slot 0
[21:24:52.452] [SEVERE ] removing player 5 token from slot 1
[21:24:52.451] [SEVERE ] player 4 placing token on slot 0
[21:24:52.452] [SEVERE ] player 4 placing token on slot 1
[21:24:52.452] [SEVERE ] removing player 4 token from slot 0
[21:24:52.452] [SEVERE ] player 4 placing token on slot 0
[21:24:52.452] [SEVERE ] removing player 4 token from slot 1
[21:24:52.452] [SEVERE ] player 4 placing token on slot 1
[21:24:52.452] [SEVERE ] removing player 4 token from slot 0
[21:24:52.453] [SEVERE ] removing player 4 token from slot 1
[21:24:52.453] [SEVERE ] player 4 placing token on slot 1
[21:24:52.453] [SEVERE ] player 4 placing token on slot 0
[21:24:52.453] [SEVERE ] removing player 4 token from slot 0
[21:24:52.453] [SEVERE ] player 4 placing token on slot 0
[21:24:52.453] [SEVERE ] removing player 4 token from slot 1
[21:24:52.453] [SEVERE ] removing player 4 token from slot 0
[21:24:52.453] [SEVERE ] player 4 placing token on slot 0
[21:24:52.453] [SEVERE ] removing player 4 token from slot 0
[21:24:52.453] [SEVERE ] player 4 placing token on slot 1
[21:24:52.453] [SEVERE ] player 4 placing token on slot 0
[21:24:52.453] [SEVERE ] removing player 4 token from slot 0
[21:24:52.453] [SEVERE ] player 4 placing token on slot 0
[21:24:52.453] [SEVERE ] removing player 4 token from slot 1
[21:24:52.453] [SEVERE ] player 4 placing token on slot 1
[21:24:52.453] [SEVERE ] removing player 4 token from slot 0
[21:24:52.453] [SEVERE ] player 4 placing token on slot 0
[21:24:52.453] [SEVERE ] removing player 4 token from slot 0
[21:24:52.454] [SEVERE ] removing player 4 token from slot 1
[21:24:52.454] [SEVERE ] player 4 placing token on slot 1
[21:24:52.454] [SEVERE ] player 4 placing token on slot 0
[21:24:52.454] [SEVERE ] removing player 4 token from slot 1
[21:24:52.454] [SEVERE ] player 4 placing token on slot 1
[21:24:52.454] [SEVERE ] removing player 3 token from slot 0
[21:24:52.441] [SEVERE ] removing player 2 token from slot 1
[21:24:52.461] [SEVERE ] player 3 placing token on slot 0
[21:24:52.454] [SEVERE ] removing player 4 token from slot 0
[21:24:52.461] [SEVERE ] removing player 3 token from slot 0
[21:24:52.452] [SEVERE ] player 5 placing token on slot 1
[21:24:52.461] [SEVERE ] player 3 placing token on slot 1
[21:24:52.461] [SEVERE ] player 4 placing token on slot 0
[21:24:52.461] [SEVERE ] player 2 placing token on slot 1
[21:24:52.461] [SEVERE ] removing player 4 token from slot 0
[21:24:52.461] [SEVERE ] player 5 placing token on slot 0
[21:24:52.461] [SEVERE ] removing player 4 token from slot 1
[21:24:52.461] [SEVERE ] player 3 placing token on slot 0
[21:24:52.461] [SEVERE ] removing player 2 token from slot 1
[21:24:52.462] [SEVERE ] player 4 placing token on slot 0
[21:24:52.461] [SEVERE ] removing player 5 token from slot 0
[21:24:52.472] [SEVERE ] player 2 placing token on slot 1
[21:24:52.472] [SEVERE ] player 5 placing token on slot 0
[21:24:52.473] [SEVERE ] removing player 5 token from slot 1
[21:24:52.473] [SEVERE ] removing player 5 token from slot 0
[21:24:52.473] [SEVERE ] player 5 placing token on slot 0
[21:24:52.473] [SEVERE ] player 5 placing token on slot 1
[21:24:52.473] [SEVERE ] removing player 5 token from slot 0
[21:24:52.473] [SEVERE ] player 5 placing token on slot 0
[21:24:52.473] [SEVERE ] removing player 5 token from slot 0
[21:24:52.473] [SEVERE ] removing player 5 token from slot 1
[21:24:52.473] [SEVERE ] player 5 placing token on slot 1
[21:24:52.473] [SEVERE ] player 5 placing token on slot 0
[21:24:52.473] [SEVERE ] removing player 5 token from slot 0
[21:24:52.473] [SEVERE ] removing player 5 token from slot 1
[21:24:52.473] [SEVERE ] player 5 placing token on slot 0
[21:24:52.473] [SEVERE ] removing player 5 token from slot 0
[21:24:52.474] [SEVERE ] player 5 placing token on slot 0
[21:24:52.474] [SEVERE ] removing player 5 token from slot 0
[21:24:52.474] [SEVERE ] player 5 placing token on slot 0
[21:24:52.474] [SEVERE ] player 5 placing token on slot 1
[21:24:52.474] [SEVERE ] removing player 5 token from slot 1
[21:24:52.474] [SEVERE ] player 5 placing token on slot 1
[21:24:52.474] [SEVERE ] removing player 5 token from slot 0
[21:24:52.474] [SEVERE ] removing player 5 token from slot 1
[21:24:52.474] [SEVERE ] player 5 placing token on slot 1
[21:24:52.474] [SEVERE ] removing player 5 token from slot 1
[21:24:52.474] [SEVERE ] player 5 placing token on slot 0
[21:24:52.474] [SEVERE ] player 5 placing token on slot 1
[21:24:52.474] [SEVERE ] removing player 5 token from slot 1
[21:24:52.474] [SEVERE ] removing player 5 token from slot 0
[21:24:52.474] [SEVERE ] player 5 placing token on slot 0
[21:24:52.474] [SEVERE ] removing player 5 token from slot 0
[21:24:52.474] [SEVERE ] player 5 placing token on slot 1
[21:24:52.474] [SEVERE ] removing player 5 token from slot 1
[21:24:52.474] [SEVERE ] player 5 placing token on slot 0
[21:24:52.474] [SEVERE ] player 5 placing token on slot 1
[21:24:52.475] [SEVERE ] removing player 5 token from slot 0
[21:24:52.475] [SEVERE ] player 5 placing token on slot 0
[21:24:52.475] [SEVERE ] removing player 5 token from slot 1
[21:24:52.475] [SEVERE ] player 5 placing token on slot 1
[21:24:52.475] [SEVERE ] removing player 5 token from slot 0
[21:24:52.475] [SEVERE ] removing player 5 token from slot 1
[21:24:52.475] [SEVERE ] player 5 placing token on slot 0
[21:24:52.475] [SEVERE ] player 5 placing token on slot 1
[21:24:52.475] [SEVERE ] removing player 5 token from slot 1
[21:24:52.475] [SEVERE ] player 5 placing token on slot 1
[21:24:52.475] [SEVERE ] removing player 5 token from slot 0
[21:24:52.475] [SEVERE ] removing player 5 token from slot 1
[21:24:52.475] [SEVERE ] player 5 placing token on slot 1
[21:24:52.475] [SEVERE ] removing player 5 token from slot 1
[21:24:52.475] [SEVERE ] player 5 placing token on slot 1
[21:24:52.475] [SEVERE ] removing player 5 token from slot 1
[21:24:52.475] [SEVERE ] player 5 placing token on slot 1
[21:24:52.475] [SEVERE ] player 5 placing token on slot 0
[21:24:52.475] [SEVERE ] removing player 5 token from slot 0
[21:24:52.475] [SEVERE ] player 5 placing token on slot 0
[21:24:52.476] [SEVERE ] removing player 5 token from slot 0
[21:24:52.476] [SEVERE ] removing player 5 token from slot 1
[21:24:52.476] [SEVERE ] player 5 placing token on slot 0
[21:24:52.476] [SEVERE ] removing player 5 token from slot 0
[21:24:52.476] [SEVERE ] player 5 placing token on slot 1
[21:24:52.476] [SEVERE ] removing player 5 token from slot 1
[21:24:52.476] [SEVERE ] player 5 placing token on slot 0
[21:24:52.476] [SEVERE ] removing player 5 token from slot 0
[21:24:52.476] [SEVERE ] player 5 placing token on slot 0
[21:24:52.476] [SEVERE ] player 5 placing token on slot 1
[21:24:52.476] [SEVERE ] removing player 5 token from slot 0
[21:24:52.476] [SEVERE ] player 5 placing token on slot 0
[21:24:52.476] [SEVERE ] removing player 5 token from slot 0
[21:24:52.476] [SEVERE ] removing player 5 token from slot 1
[21:24:52.476] [SEVERE ] player 5 placing token on slot 0
[21:24:52.476] [SEVERE ] removing player 5 token from slot 0
[21:24:52.476] [SEVERE ] player 5 placing token on slot 1
[21:24:52.477] [SEVERE ] player 5 placing token on slot 0
[21:24:52.477] [SEVERE ] removing player 5 token from slot 0
[21:24:52.477] [SEVERE ] removing player 5 token from slot 1
[21:24:52.477] [SEVERE ] player 5 placing token on slot 0
[21:24:52.477] [SEVERE ] player 5 placing token on slot 1
[21:24:52.477] [SEVERE ] removing player 5 token from slot 0
[21:24:52.477] [SEVERE ] removing player 5 token from slot 1
[21:24:52.477] [SEVERE ] player 5 placing token on slot 1
[21:24:52.477] [SEVERE ] player 5 placing token on slot 0
[21:24:52.477] [SEVERE ] removing player 5 token from slot 1
[21:24:52.477] [SEVERE ] player 5 placing token on slot 1
[21:24:52.477] [SEVERE ] removing player 5 token from slot 0
[21:24:52.477] [SEVERE ] removing player 5 token from slot 1
[21:24:52.477] [SEVERE ] player 5 placing token on slot 1
[21:24:52.477] [SEVERE ] player 5 placing token on slot 0
[21:24:52.477] [SEVERE ] removing player 5 token from slot 1
[21:24:52.477] [SEVERE ] player 5 placing token on slot 1
[21:24:52.477] [SEVERE ] removing player 5 token from slot 0
[21:24:52.477] [SEVERE ] removing player 5 token from slot 1
[21:24:52.477] [SEVERE ] player 5 placing token on slot 1
[21:24:52.477] [SEVERE ] removing player 5 token from slot 1
[21:24:52.477] [SEVERE ] player 5 placing token on slot 1
[21:24:52.478] [SEVERE ] player 5 placing token on slot 0
[21:24:52.478] [SEVERE ] removing player 5 token from slot 1
[21:24:52.478] [SEVERE ] removing player 5 token from slot 0
[21:24:52.478] [SEVERE ] player 5 placing token on slot 1
[21:24:52.478] [SEVERE ] player 5 placing token on slot 0
[21:24:52.478] [SEVERE ] removing player 5 token from slot 1
[21:24:52.478] [SEVERE ] player 5 placing token on slot 1
[21:24:52.478] [SEVERE ] removing player 5 token from slot 1
[21:24:52.478] [SEVERE ] player 5 placing token on slot 1
[21:24:52.478] [SEVERE ] removing player 5 token from slot 0
[21:24:52.478] [SEVERE ] removing player 5 token from slot 1
[21:24:52.478] [SEVERE ] player 5 placing token on slot 0
[21:24:52.478] [SEVERE ] player 5 placing token on slot 1
[21:24:52.478] [SEVERE ] removing player 5 token from slot 0
[21:24:52.478] [SEVERE ] player 5 placing token on slot 0
[21:24:52.478] [SEVERE ] removing player 5 token from slot 1
[21:24:52.478] [SEVERE ] removing player 5 token from slot 0
[21:24:52.478] [SEVERE ] player 5 placing token on slot 0
[21:24:52.478] [SEVERE ] player 5 placing token on slot 1
[21:24:52.478] [SEVERE ] removing player 5 token from slot 0
[21:24:52.479] [SEVERE ] player 5 placing token on slot 0
[21:24:52.479] [SEVERE ] removing player 5 token from slot 0
[21:24:52.479] [SEVERE ] removing player 5 token from slot 1
[21:24:52.479] [SEVERE ] player 5 placing token on slot 1
[21:24:52.479] [SEVERE ] removing player 5 token from slot 1
[21:24:52.479] [SEVERE ] player 5 placing token on slot 0
[21:24:52.479] [SEVERE ] player 5 placing token on slot 1
[21:24:52.479] [SEVERE ] removing player 5 token from slot 0
[21:24:52.479] [SEVERE ] player 5 placing token on slot 0
[21:24:52.479] [SEVERE ] removing player 5 token from slot 1
[21:24:52.479] [SEVERE ] player 5 placing token on slot 1
[21:24:52.479] [SEVERE ] removing player 5 token from slot 1
[21:24:52.479] [SEVERE ] removing player 5 token from slot 0
[21:24:52.479] [SEVERE ] player 5 placing token on slot 0
[21:24:52.479] [SEVERE ] player 5 placing token on slot 1
[21:24:52.479] [SEVERE ] removing player 5 token from slot 1
[21:24:52.479] [SEVERE ] removing player 5 token from slot 0
[21:24:52.479] [SEVERE ] player 5 placing token on slot 1
[21:24:52.479] [SEVERE ] player 5 placing token on slot 0
[21:24:52.480] [SEVERE ] removing player 5 token from slot 1
[21:24:52.480] [SEVERE ] removing player 5 token from slot 0
[21:24:52.480] [SEVERE ] player 5 placing token on slot 1
[21:24:52.480] [SEVERE ] player 5 placing token on slot 0
[21:24:52.480] [SEVERE ] removing player 5 token from slot 0
[21:24:52.480] [SEVERE ] removing player 5 token from slot 1
[21:24:52.480] [SEVERE ] player 5 placing token on slot 0
[21:24:52.480] [SEVERE ] removing player 5 token from slot 0
[21:24:52.480] [SEVERE ] player 5 placing token on slot 1
[21:24:52.480] [SEVERE ] player 5 placing token on slot 0
[21:24:52.480] [SEVERE ] removing player 5 token from slot 1
[21:24:52.480] [SEVERE ] player 5 placing token on slot 1
[21:24:52.480] [SEVERE ] removing player 5 token from slot 1
[21:24:52.480] [SEVERE ] removing player 5 token from slot 0
[21:24:52.480] [SEVERE ] player 5 placing token on slot 1
[21:24:52.481] [SEVERE ] removing player 5 token from slot 1
[21:24:52.481] [SEVERE ] player 5 placing token on slot 1
[21:24:52.481] [SEVERE ] player 5 placing token on slot 0
[21:24:52.481] [SEVERE ] removing player 5 token from slot 0
[21:24:52.481] [SEVERE ] removing player 5 token from slot 1
[21:24:52.481] [SEVERE ] player 5 placing token on slot 1
[21:24:52.481] [SEVERE ] player 5 placing token on slot 0
[21:24:52.481] [SEVERE ] removing player 5 token from slot 0
[21:24:52.481] [SEVERE ] removing player 5 token from slot 1
[21:24:52.481] [SEVERE ] player 5 placing token on slot 1
[21:24:52.481] [SEVERE ] removing player 5 token from slot 1
[21:24:52.481] [SEVERE ] player 5 placing token on slot 1
[21:24:52.481] [SEVERE ] removing player 5 token from slot 1
[21:24:52.481] [SEVERE ] player 5 placing token on slot 1
[21:24:52.481] [SEVERE ] removing player 5 token from slot 1
[21:24:52.481] [SEVERE ] player 5 placing token on slot 1
[21:24:52.481] [SEVERE ] player 5 placing token on slot 0
[21:24:52.482] [SEVERE ] removing player 5 token from slot 0
[21:24:52.482] [SEVERE ] removing player 5 token from slot 1
[21:24:52.482] [SEVERE ] player 5 placing token on slot 1
[21:24:52.482] [SEVERE ] player 5 placing token on slot 0
[21:24:52.482] [SEVERE ] removing player 5 token from slot 1
[21:24:52.482] [SEVERE ] player 5 placing token on slot 1
[21:24:52.482] [SEVERE ] removing player 5 token from slot 1
[21:24:52.482] [SEVERE ] removing player 5 token from slot 0
[21:24:52.482] [SEVERE ] player 5 placing token on slot 1
[21:24:52.482] [SEVERE ] removing player 5 token from slot 1
[21:24:52.483] [SEVERE ] player 5 placing token on slot 0
[21:24:52.483] [SEVERE ] player 5 placing token on slot 1
[21:24:52.483] [SEVERE ] removing player 5 token from slot 1
[21:24:52.483] [SEVERE ] player 5 placing token on slot 1
[21:24:52.483] [SEVERE ] removing player 5 token from slot 1
[21:24:52.483] [SEVERE ] player 5 placing token on slot 1
[21:24:52.483] [SEVERE ] removing player 5 token from slot 1
[21:24:52.483] [SEVERE ] removing player 5 token from slot 0
[21:24:52.483] [SEVERE ] player 5 placing token on slot 1
[21:24:52.483] [SEVERE ] removing player 5 token from slot 1
[21:24:52.483] [SEVERE ] player 5 placing token on slot 0
[21:24:52.483] [SEVERE ] player 5 placing token on slot 1
[21:24:52.483] [SEVERE ] removing player 5 token from slot 1
[21:24:52.483] [SEVERE ] removing player 5 token from slot 0
[21:24:52.483] [SEVERE ] player 5 placing token on slot 1
[21:24:52.484] [SEVERE ] player 5 placing token on slot 0
[21:24:52.484] [SEVERE ] removing player 5 token from slot 1
[21:24:52.484] [SEVERE ] removing player 5 token from slot 0
[21:24:52.484] [SEVERE ] player 5 placing token on slot 0
[21:24:52.484] [SEVERE ] removing player 5 token from slot 0
[21:24:52.484] [SEVERE ] player 5 placing token on slot 0
[21:24:52.484] [SEVERE ] removing player 5 token from slot 0
[21:24:52.484] [SEVERE ] player 5 placing token on slot 0
[21:24:52.484] [SEVERE ] player 5 placing token on slot 1
[21:24:52.484] [SEVERE ] removing player 5 token from slot 0
[21:24:52.484] [SEVERE ] player 5 placing token on slot 0
[21:24:52.484] [SEVERE ] removing player 5 token from slot 0
[21:24:52.484] [SEVERE ] player 5 placing token on slot 0
[21:24:52.484] [SEVERE ] removing player 5 token from slot 0
[21:24:52.484] [SEVERE ] removing player 5 token from slot 1
[21:24:52.484] [SEVERE ] player 5 placing token on slot 1
[21:24:52.485] [SEVERE ] player 5 placing token on slot 0
[21:24:52.485] [SEVERE ] removing player 5 token from slot 1
[21:24:52.485] [SEVERE ] removing player 5 token from slot 0
[21:24:52.485] [SEVERE ] player 5 placing token on slot 0
[21:24:52.485] [SEVERE ] player 5 placing token on slot 1
[21:24:52.485] [SEVERE ] removing player 5 token from slot 0
[21:24:52.486] [SEVERE ] removing player 5 token from slot 1
[21:24:52.486] [SEVERE ] player 5 placing token on slot 0
[21:24:52.487] [SEVERE ] player 5 placing token on slot 1
[21:24:52.487] [SEVERE ] removing player 5 token from slot 0
[21:24:52.487] [SEVERE ] player 5 placing token on slot 0
[21:24:52.487] [SEVERE ] removing player 5 token from slot 0
[21:24:52.487] [SEVERE ] player 5 placing token on slot 0
[21:24:52.487] [SEVERE ] removing player 5 token from slot 1
[21:24:52.487] [SEVERE ] removing player 5 token from slot 0
[21:24:52.487] [SEVERE ] player 5 placing token on slot 0
[21:24:52.487] [SEVERE ] removing player 5 token from slot 0
[21:24:52.487] [SEVERE ] player 5 placing token on slot 1
[21:24:52.487] [SEVERE ] player 5 placing token on slot 0
[21:24:52.487] [SEVERE ] removing player 5 token from slot 1
[21:24:52.487] [SEVERE ] removing player 5 token from slot 0
[21:24:52.487] [SEVERE ] player 5 placing token on slot 0
[21:24:52.487] [SEVERE ] player 5 placing token on slot 1
[21:24:52.487] [SEVERE ] removing player 5 token from slot 1
[21:24:52.487] [SEVERE ] player 5 placing token on slot 1
[21:24:52.487] [SEVERE ] removing player 5 token from slot 0
[21:24:52.488] [SEVERE ] player 5 placing token on slot 0
[21:24:52.488] [SEVERE ] removing player 5 token from slot 0
[21:24:52.488] [SEVERE ] player 5 placing token on slot 0
[21:24:52.488] [SEVERE ] removing player 5 token from slot 0
[21:24:52.488] [SEVERE ] removing player 5 token from slot 1
[21:24:52.488] [SEVERE ] player 5 placing token on slot 0
[21:24:52.488] [SEVERE ] removing player 5 token from slot 0
[21:24:52.488] [SEVERE ] player 5 placing token on slot 1
[21:24:52.488] [SEVERE ] player 5 placing token on slot 0
[21:24:52.488] [SEVERE ] removing player 5 token from slot 0
[21:24:52.488] [SEVERE ] removing player 5 token from slot 1
[21:24:52.488] [SEVERE ] player 5 placing token on slot 1
[21:24:52.489] [SEVERE ] player 5 placing token on slot 0
[21:24:52.489] [SEVERE ] removing player 5 token from slot 1
[21:24:52.489] [SEVERE ] player 5 placing token on slot 1
[21:24:52.489] [SEVERE ] removing player 5 token from slot 1
[21:24:52.489] [SEVERE ] player 5 placing token on slot 1
[21:24:52.489] [SEVERE ] removing player 5 token from slot 1
[21:24:52.489] [SEVERE ] player 5 placing token on slot 1
[21:24:52.489] [SEVERE ] removing player 5 token from slot 1
[21:24:52.489] [SEVERE ] player 5 placing token on slot 1
[21:24:52.490] [SEVERE ] removing player 5 token from slot 1
[21:24:52.490] [SEVERE ] player 5 placing token on slot 1
[21:24:52.490] [SEVERE ] removing player 5 token from slot 1
[21:24:52.490] [SEVERE ] player 5 placing token on slot 1
[21:24:52.490] [SEVERE ] removing player 5 token from slot 1
[21:24:52.490] [SEVERE ] removing player 5 token from slot 0
[21:24:52.491] [SEVERE ] player 5 placing token on slot 1
[21:24:52.491] [SEVERE ] player 5 placing token on slot 0
[21:24:52.491] [SEVERE ] removing player 5 token from slot 1
[21:24:52.491] [SEVERE ] player 5 placing token on slot 1
[21:24:52.491] [SEVERE ] removing player 5 token from slot 0
[21:24:52.491] [SEVERE ] removing player 5 token from slot 1
[21:24:52.491] [SEVERE ] player 5 placing token on slot 1
[21:24:52.491] [SEVERE ] player 5 placing token on slot 0
[21:24:52.491] [SEVERE ] removing player 5 token from slot 0
[21:24:52.491] [SEVERE ] removing player 5 token from slot 1
[21:24:52.492] [SEVERE ] player 5 placing token on slot 1
[21:24:52.492] [SEVERE ] player 5 placing token on slot 0
[21:24:52.492] [SEVERE ] removing player 5 token from slot 1
[21:24:52.492] [SEVERE ] removing player 5 token from slot 0
[21:24:52.492] [SEVERE ] player 5 placing token on slot 0
[21:24:52.492] [SEVERE ] player 5 placing token on slot 1
[21:24:52.492] [SEVERE ] removing player 5 token from slot 1
[21:24:52.492] [SEVERE ] removing player 5 token from slot 0
[21:24:52.492] [SEVERE ] player 5 placing token on slot 1
[21:24:52.492] [SEVERE ] player 5 placing token on slot 0
[21:24:52.492] [SEVERE ] removing player 5 token from slot 0
[21:24:52.492] [SEVERE ] removing player 5 token from slot 1
[21:24:52.492] [SEVERE ] player 5 placing token on slot 0
[21:24:52.492] [SEVERE ] removing player 5 token from slot 0
[21:24:52.492] [SEVERE ] player 5 placing token on slot 1
[21:24:52.492] [SEVERE ] removing player 5 token from slot 1
[21:24:52.492] [SEVERE ] player 5 placing token on slot 0
[21:24:52.492] [SEVERE ] removing player 5 token from slot 0
[21:24:52.492] [SEVERE ] player 5 placing token on slot 1
[21:24:52.493] [SEVERE ] removing player 5 token from slot 1
[21:24:52.493] [SEVERE ] player 5 placing token on slot 1
[21:24:52.493] [SEVERE ] removing player 5 token from slot 1
[21:24:52.493] [SEVERE ] player 5 placing token on slot 0
[21:24:52.493] [SEVERE ] removing player 5 token from slot 0
[21:24:52.495] [SEVERE ] removing player 3 token from slot 1
[21:24:52.497] [SEVERE ] player 4 placing token on slot 1
[21:24:52.497] [SEVERE ] removing player 4 token from slot 0
[21:24:52.497] [SEVERE ] removing player 4 token from slot 1
[21:24:52.497] [SEVERE ] player 4 placing token on slot 0
[21:24:52.497] [SEVERE ] removing player 4 token from slot 0
[21:24:52.497] [SEVERE ] player 4 placing token on slot 1
[21:24:52.497] [SEVERE ] player 4 placing token on slot 0
[21:24:52.497] [SEVERE ] removing player 4 token from slot 1
[21:24:52.497] [SEVERE ] removing player 4 token from slot 0
[21:24:52.497] [SEVERE ] player 4 placing token on slot 0
[21:24:52.497] [SEVERE ] player 4 placing token on slot 1
[21:24:52.497] [SEVERE ] removing player 4 token from slot 0
[21:24:52.497] [SEVERE ] player 4 placing token on slot 0
[21:24:52.497] [SEVERE ] removing player 4 token from slot 0
[21:24:52.497] [SEVERE ] removing player 4 token from slot 1
[21:24:52.497] [SEVERE ] player 4 placing token on slot 0
[21:24:52.497] [SEVERE ] player 4 placing token on slot 1
[21:24:52.497] [SEVERE ] removing player 4 token from slot 0
[21:24:52.497] [SEVERE ] player 4 placing token on slot 0
[21:24:52.497] [SEVERE ] removing player 4 token from slot 0
[21:24:52.497] [SEVERE ] removing player 4 token from slot 1
[21:24:52.497] [SEVERE ] player 4 placing token on slot 1
[21:24:52.497] [SEVERE ] removing player 4 token from slot 1
[21:24:52.498] [SEVERE ] player 4 placing token on slot 1
[21:24:52.498] [SEVERE ] removing player 4 token from slot 1
[21:24:52.498] [SEVERE ] player 4 placing token on slot 0
[21:24:52.498] [SEVERE ] removing player 4 token from slot 0
[21:24:52.498] [SEVERE ] player 4 placing token on slot 1
[21:24:52.498] [SEVERE ] removing player 4 token from slot 1
[21:24:52.498] [SEVERE ] player 4 placing token on slot 0
[21:24:52.498] [SEVERE ] removing player 4 token from slot 0
[21:24:52.498] [SEVERE ] player 4 placing token on slot 1
[21:24:52.498] [SEVERE ] player 4 placing token on slot 0
[21:24:52.498] [SEVERE ] removing player 4 token from slot 0
[21:24:52.498] [SEVERE ] removing player 4 token from slot 1
[21:24:52.498] [SEVERE ] player 4 placing token on slot 1
[21:24:52.498] [SEVERE ] removing player 4 token from slot 1
[21:24:52.498] [SEVERE ] player 4 placing token on slot 0
[21:24:52.498] [SEVERE ] removing player 4 token from slot 0
[21:24:52.498] [SEVERE ] player 4 placing token on slot 1
[21:24:52.499] [SEVERE ] removing player 4 token from slot 1
[21:24:52.495] [SEVERE ] removing player 2 token from slot 0
[21:24:52.499] [SEVERE ] player 4 placing token on slot 0
[21:24:52.503] [SEVERE ] removing player 4 token from slot 0
[21:24:52.503] [SEVERE ] player 4 placing token on slot 1
[21:24:52.495] [SEVERE ] player 5 placing token on slot 0
[21:24:52.503] [SEVERE ] removing player 5 token from slot 0
[21:24:52.503] [SEVERE ] player 5 placing token on slot 1
[21:24:52.503] [SEVERE ] removing player 4 token from slot 1
[21:24:52.503] [SEVERE ] removing player 5 token from slot 1
[21:24:52.503] [SEVERE ] player 5 placing token on slot 0
[21:24:52.503] [SEVERE ] removing player 5 token from slot 0
[21:24:52.503] [SEVERE ] player 5 placing token on slot 1
[21:24:52.503] [SEVERE ] player 5 placing token on slot 0
[21:24:52.503] [SEVERE ] removing player 5 token from slot 0
[21:24:52.503] [SEVERE ] removing player 5 token from slot 1
[21:24:52.503] [SEVERE ] player 5 placing token on slot 1
[21:24:52.503] [SEVERE ] player 5 placing token on slot 0
[21:24:52.503] [SEVERE ] removing player 5 token from slot 0
[21:24:52.503] [SEVERE ] player 5 placing token on slot 0
[21:24:52.503] [SEVERE ] removing player 5 token from slot 1
[21:24:52.503] [SEVERE ] player 5 placing token on slot 1
[21:24:52.504] [SEVERE ] removing player 5 token from slot 0
[21:24:52.504] [SEVERE ] player 5 placing token on slot 0
[21:24:52.504] [SEVERE ] removing player 5 token from slot 1
[21:24:52.504] [SEVERE ] removing player 5 token from slot 0
[21:24:52.504] [SEVERE ] player 5 placing token on slot 0
[21:24:52.504] [SEVERE ] player 5 placing token on slot 1
[21:24:52.504] [SEVERE ] removing player 5 token from slot 1
[21:24:52.504] [SEVERE ] player 5 placing token on slot 1
[21:24:52.504] [SEVERE ] removing player 5 token from slot 1
[21:24:52.504] [SEVERE ] player 5 placing token on slot 1
[21:24:52.504] [SEVERE ] removing player 5 token from slot 0
[21:24:52.504] [SEVERE ] removing player 5 token from slot 1
[21:24:52.504] [SEVERE ] player 5 placing token on slot 1
[21:24:52.504] [SEVERE ] player 5 placing token on slot 0
[21:24:52.504] [SEVERE ] removing player 5 token from slot 0
[21:24:52.504] [SEVERE ] player 5 placing token on slot 0
[21:24:52.504] [SEVERE ] removing player 5 token from slot 0
[21:24:52.504] [SEVERE ] removing player 5 token from slot 1
[21:24:52.504] [SEVERE ] player 5 placing token on slot 0
[21:24:52.504] [SEVERE ] player 5 placing token on slot 1
[21:24:52.504] [SEVERE ] removing player 5 token from slot 1
[21:24:52.504] [SEVERE ] player 5 placing token on slot 1
[21:24:52.504] [SEVERE ] removing player 5 token from slot 1
[21:24:52.504] [SEVERE ] removing player 5 token from slot 0
[21:24:52.504] [SEVERE ] player 5 placing token on slot 1
[21:24:52.504] [SEVERE ] removing player 5 token from slot 1
[21:24:52.504] [SEVERE ] player 5 placing token on slot 1
[21:24:52.504] [SEVERE ] removing player 5 token from slot 1
[21:24:52.504] [SEVERE ] player 5 placing token on slot 1
[21:24:52.505] [SEVERE ] player 5 placing token on slot 0
[21:24:52.505] [SEVERE ] removing player 5 token from slot 0
[21:24:52.505] [SEVERE ] player 5 placing token on slot 0
[21:24:52.505] [SEVERE ] removing player 5 token from slot 1
[21:24:52.503] [SEVERE ] player 4 placing token on slot 0
[21:24:52.505] [SEVERE ] player 4 placing token on slot 1
[21:24:52.505] [SEVERE ] removing player 4 token from slot 0
[21:24:52.505] [SEVERE ] player 4 placing token on slot 0
[21:24:52.505] [SEVERE ] removing player 4 token from slot 1
[21:24:52.505] [SEVERE ] removing player 4 token from slot 0
[21:24:52.505] [SEVERE ] player 4 placing token on slot 0
[21:24:52.505] [SEVERE ] removing player 4 token from slot 0
[21:24:52.505] [SEVERE ] player 4 placing token on slot 1
[21:24:52.505] [SEVERE ] removing player 5 token from slot 0
[21:24:52.505] [SEVERE ] player 5 placing token on slot 0
[21:24:52.506] [SEVERE ] player 5 placing token on slot 1
[21:24:52.506] [SEVERE ] removing player 5 token from slot 0
[21:24:52.506] [SEVERE ] removing player 5 token from slot 1
[21:24:52.506] [SEVERE ] player 5 placing token on slot 0
[21:24:52.506] [SEVERE ] player 5 placing token on slot 1
[21:24:52.506] [SEVERE ] removing player 5 token from slot 1
[21:24:52.506] [SEVERE ] player 5 placing token on slot 1
[21:24:52.506] [SEVERE ] removing player 5 token from slot 0
[21:24:52.506] [SEVERE ] removing player 5 token from slot 1
[21:24:52.506] [SEVERE ] player 5 placing token on slot 1
[21:24:52.506] [SEVERE ] removing player 5 token from slot 1
[21:24:52.506] [SEVERE ] player 5 placing token on slot 1
[21:24:52.506] [SEVERE ] player 5 placing token on slot 0
[21:24:52.506] [SEVERE ] removing player 5 token from slot 0
[21:24:52.506] [SEVERE ] player 5 placing token on slot 0
[21:24:52.506] [SEVERE ] removing player 5 token from slot 1
[21:24:52.506] [SEVERE ] player 5 placing token on slot 1
[21:24:52.506] [SEVERE ] removing player 5 token from slot 0
[21:24:52.506] [SEVERE ] removing player 5 token from slot 1
[21:24:52.506] [SEVERE ] player 5 placing token on slot 1
[21:24:52.506] [SEVERE ] player 5 placing token on slot 0
[21:24:52.506] [SEVERE ] removing player 5 token from slot 0
[21:24:52.506] [SEVERE ] player 5 placing token on slot 0
[21:24:52.506] [SEVERE ] removing player 5 token from slot 0
[21:24:52.506] [SEVERE ] removing player 5 token from slot 1
[21:24:52.507] [SEVERE ] player 5 placing token on slot 0
[21:24:52.507] [SEVERE ] player 5 placing token on slot 1
[21:24:52.507] [SEVERE ] removing player 5 token from slot 0
[21:24:52.507] [SEVERE ] removing player 5 token from slot 1
[21:24:52.507] [SEVERE ] player 5 placing token on slot 0
[21:24:52.507] [SEVERE ] removing player 5 token from slot 0
[21:24:52.507] [SEVERE ] player 5 placing token on slot 1
[21:24:52.507] [SEVERE ] player 5 placing token on slot 0
[21:24:52.507] [SEVERE ] removing player 5 token from slot 0
[21:24:52.507] [SEVERE ] player 5 placing token on slot 0
[21:24:52.507] [SEVERE ] removing player 5 token from slot 1
[21:24:52.507] [SEVERE ] player 5 placing token on slot 1
[21:24:52.507] [SEVERE ] removing player 5 token from slot 1
[21:24:52.507] [SEVERE ] removing player 5 token from slot 0
[21:24:52.507] [SEVERE ] player 5 placing token on slot 0
[21:24:52.507] [SEVERE ] removing player 5 token from slot 0
[21:24:52.507] [SEVERE ] player 5 placing token on slot 1
[21:24:52.507] [SEVERE ] player 5 placing token on slot 0
[21:24:52.507] [SEVERE ] removing player 5 token from slot 0
[21:24:52.507] [SEVERE ] removing player 5 token from slot 1
[21:24:52.507] [SEVERE ] player 5 placing token on slot 1
[21:24:52.507] [SEVERE ] player 5 placing token on slot 0
[21:24:52.507] [SEVERE ] removing player 5 token from slot 0
[21:24:52.508] [SEVERE ] removing player 5 token from slot 1
[21:24:52.508] [SEVERE ] player 5 placing token on slot 1
[21:24:52.508] [SEVERE ] removing player 5 token from slot 1
[21:24:52.508] [SEVERE ] player 5 placing token on slot 0
[21:24:52.508] [SEVERE ] removing player 5 token from slot 0
[21:24:52.508] [SEVERE ] player 5 placing token on slot 0
[21:24:52.508] [SEVERE ] removing player 5 token from slot 0
[21:24:52.508] [SEVERE ] player 5 placing token on slot 1
[21:24:52.508] [SEVERE ] player 5 placing token on slot 0
[21:24:52.508] [SEVERE ] removing player 5 token from slot 1
[21:24:52.508] [SEVERE ] removing player 5 token from slot 0
[21:24:52.508] [SEVERE ] player 5 placing token on slot 1
[21:24:52.508] [SEVERE ] player 5 placing token on slot 0
[21:24:52.508] [SEVERE ] removing player 5 token from slot 1
[21:24:52.508] [SEVERE ] player 5 placing token on slot 1
[21:24:52.508] [SEVERE ] removing player 5 token from slot 1
[21:24:52.508] [SEVERE ] player 5 placing token on slot 1
[21:24:52.508] [SEVERE ] removing player 5 token from slot 1
[21:24:52.508] [SEVERE ] removing player 5 token from slot 0
[21:24:52.508] [SEVERE ] player 5 placing token on slot 1
[21:24:52.508] [SEVERE ] removing player 5 token from slot 1
[21:24:52.508] [SEVERE ] player 5 placing token on slot 1
[21:24:52.508] [SEVERE ] removing player 5 token from slot 1
[21:24:52.508] [SEVERE ] player 5 placing token on slot 0
[21:24:52.508] [SEVERE ] player 5 placing token on slot 1
[21:24:52.508] [SEVERE ] removing player 5 token from slot 0
[21:24:52.509] [SEVERE ] player 5 placing token on slot 0
[21:24:52.509] [SEVERE ] removing player 5 token from slot 0
[21:24:52.509] [SEVERE ] removing player 5 token from slot 1
[21:24:52.509] [SEVERE ] player 5 placing token on slot 0
[21:24:52.509] [SEVERE ] removing player 5 token from slot 0
[21:24:52.509] [SEVERE ] player 5 placing token on slot 0
[21:24:52.509] [SEVERE ] removing player 5 token from slot 0
[21:24:52.509] [SEVERE ] player 5 placing token on slot 0
[21:24:52.509] [SEVERE ] player 5 placing token on slot 1
[21:24:52.509] [SEVERE ] removing player 5 token from slot 1
[21:24:52.509] [SEVERE ] player 5 placing token on slot 1
[21:24:52.509] [SEVERE ] removing player 5 token from slot 1
[21:24:52.509] [SEVERE ] removing player 5 token from slot 0
[21:24:52.509] [SEVERE ] player 5 placing token on slot 1
[21:24:52.509] [SEVERE ] removing player 5 token from slot 1
[21:24:52.509] [SEVERE ] player 5 placing token on slot 1
[21:24:52.509] [SEVERE ] removing player 5 token from slot 1
[21:24:52.509] [SEVERE ] player 5 placing token on slot 1
[21:24:52.509] [SEVERE ] player 5 placing token on slot 0
[21:24:52.509] [SEVERE ] removing player 5 token from slot 0
[21:24:52.509] [SEVERE ] player 5 placing token on slot 0
[21:24:52.509] [SEVERE ] removing player 5 token from slot 0
[21:24:52.510] [SEVERE ] removing player 5 token from slot 1
[21:24:52.510] [SEVERE ] player 5 placing token on slot 1
[21:24:52.510] [SEVERE ] player 5 placing token on slot 0
[21:24:52.510] [SEVERE ] removing player 5 token from slot 0
[21:24:52.510] [SEVERE ] player 5 placing token on slot 0
[21:24:52.510] [SEVERE ] removing player 5 token from slot 1
[21:24:52.510] [SEVERE ] removing player 5 token from slot 0
[21:24:52.510] [SEVERE ] player 5 placing token on slot 1
[21:24:52.510] [SEVERE ] player 5 placing token on slot 0
[21:24:52.510] [SEVERE ] removing player 5 token from slot 0
[21:24:52.510] [SEVERE ] player 5 placing token on slot 0
[21:24:52.510] [SEVERE ] removing player 5 token from slot 0
[21:24:52.510] [SEVERE ] removing player 5 token from slot 1
[21:24:52.510] [SEVERE ] player 5 placing token on slot 1
[21:24:52.510] [SEVERE ] removing player 5 token from slot 1
[21:24:52.510] [SEVERE ] player 5 placing token on slot 0
[21:24:52.510] [SEVERE ] player 5 placing token on slot 1
[21:24:52.510] [SEVERE ] removing player 5 token from slot 0
[21:24:52.510] [SEVERE ] removing player 5 token from slot 1
[21:24:52.511] [SEVERE ] player 5 placing token on slot 1
[21:24:52.511] [SEVERE ] player 5 placing token on slot 0
[21:24:52.511] [SEVERE ] removing player 5 token from slot 0
[21:24:52.511] [SEVERE ] player 5 placing token on slot 0
[21:24:52.511] [SEVERE ] removing player 5 token from slot 0
[21:24:52.511] [SEVERE ] player 5 placing token on slot 0
[21:24:52.511] [SEVERE ] removing player 5 token from slot 0
[21:24:52.511] [SEVERE ] player 5 placing token on slot 0
[21:24:52.511] [SEVERE ] removing player 5 token from slot 1
[21:24:52.511] [SEVERE ] removing player 5 token from slot 0
[21:24:52.511] [SEVERE ] player 5 placing token on slot 0
[21:24:52.511] [SEVERE ] player 5 placing token on slot 1
[21:24:52.511] [SEVERE ] removing player 5 token from slot 1
[21:24:52.504] [SEVERE ] removing player 2 token from slot 1
[21:24:52.511] [SEVERE ] player 5 placing token on slot 1
[21:24:52.505] [SEVERE ] player 4 placing token on slot 0
[21:24:52.511] [SEVERE ] removing player 5 token from slot 1
[21:24:52.511] [SEVERE ] removing player 3 token from slot 0
[21:24:52.512] [SEVERE ] player 3 placing token on slot 0
[21:24:52.511] [SEVERE ] player 2 placing token on slot 0
[21:24:52.511] [SEVERE ] removing player 5 token from slot 0
[21:24:52.511] [SEVERE ] removing player 4 token from slot 1
[21:24:52.517] [SEVERE ] player 5 placing token on slot 1
[21:24:52.517] [SEVERE ] removing player 4 token from slot 0
[21:24:52.517] [SEVERE ] removing player 5 token from slot 1
[21:24:52.517] [SEVERE ] removing player 3 token from slot 0
[21:24:52.517] [SEVERE ] removing player 2 token from slot 0
[21:24:52.517] [SEVERE ] player 3 placing token on slot 0
[21:24:52.517] [SEVERE ] player 5 placing token on slot 1
[21:24:52.517] [SEVERE ] player 4 placing token on slot 1
[21:24:52.517] [SEVERE ] player 5 placing token on slot 0
[21:24:52.517] [SEVERE ] removing player 5 token from slot 0
[21:24:52.517] [SEVERE ] removing player 5 token from slot 1
[21:24:52.517] [SEVERE ] player 5 placing token on slot 1
[21:24:52.517] [SEVERE ] removing player 5 token from slot 1
[21:24:52.517] [SEVERE ] player 5 placing token on slot 1
[21:24:52.517] [SEVERE ] removing player 5 token from slot 1
[21:24:52.517] [SEVERE ] player 5 placing token on slot 0
[21:24:52.517] [SEVERE ] player 5 placing token on slot 1
[21:24:52.517] [SEVERE ] removing player 5 token from slot 0
[21:24:52.517] [SEVERE ] removing player 5 token from slot 1
[21:24:52.517] [SEVERE ] player 5 placing token on slot 1
[21:24:52.517] [SEVERE ] removing player 5 token from slot 1
[21:24:52.517] [SEVERE ] player 5 placing token on slot 1
[21:24:52.518] [SEVERE ] removing player 5 token from slot 1
[21:24:52.518] [SEVERE ] player 5 placing token on slot 0
[21:24:52.518] [SEVERE ] removing player 5 token from slot 0
[21:24:52.518] [SEVERE ] player 5 placing token on slot 0
[21:24:52.518] [SEVERE ] player 5 placing token on slot 1
[21:24:52.518] [SEVERE ] removing player 5 token from slot 0
[21:24:52.518] [SEVERE ] player 5 placing token on slot 0
[21:24:52.518] [SEVERE ] removing player 5 token from slot 0
[21:24:52.518] [SEVERE ] player 5 placing token on slot 0
[21:24:52.518] [SEVERE ] removing player 5 token from slot 1
[21:24:52.518] [SEVERE ] removing player 5 token from slot 0
[21:24:52.518] [SEVERE ] player 5 placing token on slot 0
[21:24:52.518] [SEVERE ] removing player 5 token from slot 0
[21:24:52.518] [SEVERE ] player 5 placing token on slot 1
[21:24:52.518] [SEVERE ] removing player 5 token from slot 1
[21:24:52.518] [SEVERE ] player 5 placing token on slot 0
[21:24:52.518] [SEVERE ] player 5 placing token on slot 1
[21:24:52.518] [SEVERE ] removing player 5 token from slot 1
[21:24:52.518] [SEVERE ] player 5 placing token on slot 1
[21:24:52.518] [SEVERE ] removing player 5 token from slot 1
[21:24:52.518] [SEVERE ] player 5 placing token on slot 1
[21:24:52.519] [SEVERE ] removing player 5 token from slot 1
[21:24:52.519] [SEVERE ] player 5 placing token on slot 1
[21:24:52.519] [SEVERE ] removing player 5 token from slot 1
[21:24:52.519] [SEVERE ] player 5 placing token on slot 1
[21:24:52.519] [SEVERE ] removing player 5 token from slot 1
[21:24:52.519] [SEVERE ] removing player 5 token from slot 0
[21:24:52.519] [SEVERE ] player 5 placing token on slot 0
[21:24:52.519] [SEVERE ] player 5 placing token on slot 1
[21:24:52.519] [SEVERE ] removing player 5 token from slot 1
[21:24:52.519] [SEVERE ] removing player 5 token from slot 0
[21:24:52.519] [SEVERE ] player 5 placing token on slot 0
[21:24:52.517] [SEVERE ] removing player 3 token from slot 0
[21:24:52.517] [SEVERE ] player 2 placing token on slot 0
[21:24:52.519] [SEVERE ] player 5 placing token on slot 1
[21:24:52.517] [SEVERE ] player 4 placing token on slot 0
[21:24:52.524] [SEVERE ] removing player 4 token from slot 0
[21:24:52.524] [SEVERE ] removing player 5 token from slot 1
[21:24:52.524] [SEVERE ] player 4 placing token on slot 0
[21:24:52.524] [SEVERE ] removing player 4 token from slot 0
[21:24:52.524] [SEVERE ] player 4 placing token on slot 0
[21:24:52.524] [SEVERE ] removing player 5 token from slot 0
[21:24:52.524] [SEVERE ] player 5 placing token on slot 0
[21:24:52.524] [SEVERE ] player 5 placing token on slot 1
[21:24:52.524] [SEVERE ] removing player 5 token from slot 1
[21:24:52.524] [SEVERE ] removing player 5 token from slot 0
[21:24:52.524] [SEVERE ] player 5 placing token on slot 0
[21:24:52.525] [SEVERE ] removing player 5 token from slot 0
[21:24:52.524] [SEVERE ] removing player 4 token from slot 1
[21:24:52.525] [SEVERE ] player 5 placing token on slot 0
[21:24:52.525] [SEVERE ] player 5 placing token on slot 1
[21:24:52.525] [SEVERE ] removing player 5 token from slot 0
[21:24:52.525] [SEVERE ] player 5 placing token on slot 0
[21:24:52.525] [SEVERE ] removing player 5 token from slot 1
[21:24:52.525] [SEVERE ] removing player 5 token from slot 0
[21:24:52.525] [SEVERE ] removing player 4 token from slot 0
[21:24:52.525] [SEVERE ] player 5 placing token on slot 1
[21:24:52.525] [SEVERE ] player 5 placing token on slot 0
[21:24:52.525] [SEVERE ] removing player 5 token from slot 0
[21:24:52.525] [SEVERE ] removing player 5 token from slot 1
[21:24:52.525] [SEVERE ] player 5 placing token on slot 1
[21:24:52.525] [SEVERE ] player 5 placing token on slot 0
[21:24:52.525] [SEVERE ] removing player 5 token from slot 1
[21:24:52.525] [SEVERE ] removing player 5 token from slot 0
[21:24:52.525] [SEVERE ] player 5 placing token on slot 1
[21:24:52.525] [SEVERE ] removing player 5 token from slot 1
[21:24:52.525] [SEVERE ] player 5 placing token on slot 0
[21:24:52.525] [SEVERE ] player 5 placing token on slot 1
[21:24:52.525] [SEVERE ] removing player 5 token from slot 1
[21:24:52.525] [SEVERE ] player 5 placing token on slot 1
[21:24:52.525] [SEVERE ] removing player 5 token from slot 0
[21:24:52.525] [SEVERE ] removing player 5 token from slot 1
[21:24:52.525] [SEVERE ] player 5 placing token on slot 0
[21:24:52.525] [SEVERE ] player 5 placing token on slot 1
[21:24:52.525] [SEVERE ] removing player 5 token from slot 1
[21:24:52.525] [SEVERE ] removing player 5 token from slot 0
[21:24:52.525] [SEVERE ] player 5 placing token on slot 0
[21:24:52.525] [SEVERE ] removing player 5 token from slot 0
[21:24:52.525] [SEVERE ] player 5 placing token on slot 0
[21:24:52.526] [SEVERE ] player 5 placing token on slot 1
[21:24:52.526] [SEVERE ] removing player 5 token from slot 0
[21:24:52.526] [SEVERE ] player 5 placing token on slot 0
[21:24:52.526] [SEVERE ] removing player 5 token from slot 0
[21:24:52.526] [SEVERE ] removing player 5 token from slot 1
[21:24:52.526] [SEVERE ] player 5 placing token on slot 0
[21:24:52.526] [SEVERE ] removing player 5 token from slot 0
[21:24:52.526] [SEVERE ] player 5 placing token on slot 0
[21:24:52.526] [SEVERE ] player 5 placing token on slot 1
[21:24:52.526] [SEVERE ] removing player 5 token from slot 0
[21:24:52.526] [SEVERE ] player 5 placing token on slot 0
[21:24:52.526] [SEVERE ] removing player 5 token from slot 1
[21:24:52.526] [SEVERE ] removing player 5 token from slot 0
[21:24:52.526] [SEVERE ] player 5 placing token on slot 0
[21:24:52.526] [SEVERE ] removing player 5 token from slot 0
[21:24:52.526] [SEVERE ] player 5 placing token on slot 0
[21:24:52.526] [SEVERE ] player 5 placing token on slot 1
[21:24:52.526] [SEVERE ] removing player 5 token from slot 1
[21:24:52.526] [SEVERE ] removing player 5 token from slot 0
[21:24:52.526] [SEVERE ] player 5 placing token on slot 1
[21:24:52.527] [SEVERE ] removing player 5 token from slot 1
[21:24:52.527] [SEVERE ] player 5 placing token on slot 1
[21:24:52.527] [SEVERE ] player 5 placing token on slot 0
[21:24:52.527] [SEVERE ] removing player 5 token from slot 0
[21:24:52.527] [SEVERE ] removing player 5 token from slot 1
[21:24:52.527] [SEVERE ] player 5 placing token on slot 0
[21:24:52.527] [SEVERE ] player 5 placing token on slot 1
[21:24:52.526] [SEVERE ] player 4 placing token on slot 0
[21:24:52.527] [SEVERE ] removing player 4 token from slot 0
[21:24:52.527] [SEVERE ] player 4 placing token on slot 0
[21:24:52.527] [SEVERE ] removing player 4 token from slot 0
[21:24:52.527] [SEVERE ] player 4 placing token on slot 1
[21:24:52.527] [SEVERE ] player 4 placing token on slot 0
[21:24:52.527] [SEVERE ] removing player 4 token from slot 1
[21:24:52.527] [SEVERE ] removing player 4 token from slot 0
[21:24:52.527] [SEVERE ] player 4 placing token on slot 1
[21:24:52.527] [SEVERE ] removing player 4 token from slot 1
[21:24:52.527] [SEVERE ] player 4 placing token on slot 1
[21:24:52.527] [SEVERE ] player 4 placing token on slot 0
[21:24:52.527] [SEVERE ] removing player 4 token from slot 1
[21:24:52.527] [SEVERE ] removing player 4 token from slot 0
[21:24:52.527] [SEVERE ] player 4 placing token on slot 1
[21:24:52.527] [SEVERE ] player 4 placing token on slot 0
[21:24:52.527] [SEVERE ] removing player 4 token from slot 0
[21:24:52.527] [SEVERE ] player 4 placing token on slot 0
[21:24:52.527] [SEVERE ] removing player 4 token from slot 0
[21:24:52.528] [SEVERE ] player 4 placing token on slot 0
[21:24:52.528] [SEVERE ] removing player 4 token from slot 1
[21:24:52.528] [SEVERE ] removing player 4 token from slot 0
[21:24:52.528] [SEVERE ] player 4 placing token on slot 0
[21:24:52.527] [SEVERE ] removing player 5 token from slot 1
[21:24:52.528] [SEVERE ] removing player 4 token from slot 0
[21:24:52.528] [SEVERE ] player 4 placing token on slot 1
[21:24:52.528] [SEVERE ] removing player 4 token from slot 1
[21:24:52.528] [SEVERE ] player 3 placing token on slot 1
[21:24:52.528] [SEVERE ] player 2 placing token on slot 1
[21:24:52.528] [SEVERE ] removing player 5 token from slot 0
[21:24:52.528] [SEVERE ] player 5 placing token on slot 0
[21:24:52.528] [SEVERE ] removing player 5 token from slot 0
[21:24:52.528] [SEVERE ] player 5 placing token on slot 0
[21:24:52.528] [SEVERE ] removing player 5 token from slot 0
[21:24:52.528] [SEVERE ] player 4 placing token on slot 1
[21:24:52.528] [SEVERE ] player 5 placing token on slot 0
[21:24:52.528] [SEVERE ] removing player 5 token from slot 0
[21:24:52.528] [SEVERE ] player 4 placing token on slot 0
[21:24:52.529] [SEVERE ] removing player 4 token from slot 0
[21:24:52.529] [SEVERE ] removing player 4 token from slot 1
[21:24:52.529] [SEVERE ] player 4 placing token on slot 1
[21:24:52.528] [SEVERE ] player 3 placing token on slot 0
[21:24:52.528] [SEVERE ] removing player 2 token from slot 0
[21:24:52.529] [SEVERE ] player 5 placing token on slot 1
[21:24:52.534] [SEVERE ] removing player 5 token from slot 1
[21:24:52.529] [SEVERE ] player 4 placing token on slot 0
[21:24:52.534] [SEVERE ] removing player 4 token from slot 1
[21:24:52.534] [SEVERE ] player 4 placing token on slot 1
[21:24:52.534] [SEVERE ] removing player 4 token from slot 0
[21:24:52.534] [SEVERE ] removing player 4 token from slot 1
[21:24:52.534] [SEVERE ] player 4 placing token on slot 1
[21:24:52.534] [SEVERE ] removing player 4 token from slot 1
[21:24:52.534] [SEVERE ] player 4 placing token on slot 0
[21:24:52.534] [SEVERE ] player 4 placing token on slot 1
[21:24:52.534] [SEVERE ] removing player 4 token from slot 1
[21:24:52.534] [SEVERE ] player 4 placing token on slot 1
[21:24:52.534] [SEVERE ] removing player 4 token from slot 0
[21:24:52.534] [SEVERE ] player 4 placing token on slot 0
[21:24:52.534] [SEVERE ] removing player 4 token from slot 1
[21:24:52.534] [SEVERE ] removing player 4 token from slot 0
[21:24:52.535] [SEVERE ] player 4 placing token on slot 1
[21:24:52.534] [SEVERE ] player 5 placing token on slot 1
[21:24:52.535] [SEVERE ] placing card 3 in slot 2
[21:24:52.535] [SEVERE ] player 4 placing token on slot 0
[21:24:52.535] [SEVERE ] removing player 4 token from slot 1
[21:24:52.535] [SEVERE ] player 5 placing token on slot 2
[21:24:52.535] [SEVERE ] removing player 5 token from slot 1
[21:24:52.535] [SEVERE ] player 5 placing token on slot 0
[21:24:52.535] [SEVERE ] player 5 placing token on slot 1
[21:24:52.535] [SEVERE ] removing player 4 token from slot 0
[21:24:52.535] [SEVERE ] player 4 placing token on slot 1
[21:24:52.536] [SEVERE ] player 4 placing token on slot 0
[21:24:52.536] [SEVERE ] removing player 4 token from slot 0
[21:24:52.536] [SEVERE ] player 4 placing token on slot 0
[21:24:52.536] [SEVERE ] removing player 4 token from slot 0
[21:24:52.536] [SEVERE ] player 4 placing token on slot 2
[21:24:52.536] [SEVERE ] removing player 4 token from slot 2
[21:24:52.536] [SEVERE ] player 4 placing token on slot 2
[21:24:52.536] [SEVERE ] removing player 4 token from slot 2
[21:24:52.536] [SEVERE ] player 4 placing token on slot 2
[21:24:52.536] [SEVERE ] removing player 4 token from slot 2
[21:24:52.536] [SEVERE ] removing player 4 token from slot 1
[21:24:52.536] [SEVERE ] player 4 placing token on slot 0
[21:24:52.536] [SEVERE ] removing player 4 token from slot 0
[21:24:52.537] [SEVERE ] player 4 placing token on slot 1
[21:24:52.537] [SEVERE ] removing player 4 token from slot 1
[21:24:52.537] [SEVERE ] player 4 placing token on slot 0
[21:24:52.537] [SEVERE ] player 4 placing token on slot 2
[21:24:52.537] [SEVERE ] player 4 placing token on slot 1
[21:24:52.545] [SEVERE ] removing player 2 token from slot 1
[21:24:52.548] [SEVERE ] player 2 placing token on slot 1
[21:24:52.549] [SEVERE ] removing player 2 token from slot 1
[21:24:52.549] [SEVERE ] player 2 placing token on slot 0
[21:24:52.549] [SEVERE ] player 2 placing token on slot 1
[21:24:52.550] [SEVERE ] removing player 2 token from slot 1
[21:24:52.550] [SEVERE ] player 2 placing token on slot 2
[21:24:52.550] [SEVERE ] removing player 2 token from slot 2
[21:24:52.550] [SEVERE ] player 3 placing token on slot 2
[21:24:52.550] [SEVERE ] player 2 placing token on slot 1
[21:24:52.550] [SEVERE ] removing player 2 token from slot 0
[21:24:52.551] [SEVERE ] player 2 placing token on slot 0
[21:24:52.552] [SEVERE ] removing player 2 token from slot 1
[21:24:52.554] [SEVERE ] removing player 2 token from slot 0
[21:24:52.558] [SEVERE ] player 2 placing token on slot 1
[21:24:52.558] [SEVERE ] removing player 2 token from slot 1
[21:24:52.559] [SEVERE ] player 2 placing token on slot 0
[21:24:52.559] [SEVERE ] player 2 placing token on slot 2
[21:24:52.559] [SEVERE ] player 2 placing token on slot 1
[21:24:52.644] [SEVERE ] placing card 22 in slot 3
[21:24:52.754] [SEVERE ] placing card 35 in slot 4
[21:24:52.865] [SEVERE ] placing card 68 in slot 5
[21:24:52.973] [SEVERE ] placing card 36 in slot 6
[21:24:53.084] [SEVERE ] placing card 65 in slot 7
[21:24:53.196] [SEVERE ] placing card 38 in slot 8
[21:24:53.307] [SEVERE ] placing card 16 in slot 9
[21:24:53.418] [SEVERE ] placing card 58 in slot 10
[21:24:53.527] [SEVERE ] placing card 32 in slot 11
