[10:58:10.604] [INFO   ] thread main starting.
[10:58:10.604] [SEVERE ] cannot read configuration file config.properties trying from resources.
[10:58:10.620] [SEVERE ] configuration file was loaded from resources directory.
[10:58:11.160] [INFO   ] thread dealer starting.
[10:58:11.271] [SEVERE ] placing card 11 in slot 0
[10:58:11.271] [SEVERE ] player 2 placing token on slot 0
[10:58:11.271] [SEVERE ] player 3 placing token on slot 0
[10:58:11.271] [SEVERE ] player 4 placing token on slot 0
[10:58:11.272] [SEVERE ] removing player 3 token from slot 0
[10:58:11.273] [SEVERE ] player 1 placing token on slot 0
[10:58:11.273] [SEVERE ] removing player 2 token from slot 0
[10:58:11.273] [SEVERE ] player 3 placing token on slot 0
[10:58:11.273] [SEVERE ] removing player 4 token from slot 0
[10:58:11.277] [SEVERE ] player 2 placing token on slot 0
[10:58:11.277] [SEVERE ] removing player 2 token from slot 0
[10:58:11.277] [SEVERE ] player 2 placing token on slot 0
[10:58:11.278] [SEVERE ] removing player 2 token from slot 0
[10:58:11.276] [SEVERE ] removing player 1 token from slot 0
[10:58:11.278] [SEVERE ] player 2 placing token on slot 0
[10:58:11.277] [SEVERE ] removing player 3 token from slot 0
[10:58:11.277] [SEVERE ] player 4 placing token on slot 0
[10:58:11.278] [SEVERE ] removing player 4 token from slot 0
[10:58:11.279] [SEVERE ] player 4 placing token on slot 0
[10:58:11.279] [SEVERE ] player 3 placing token on slot 0
[10:58:11.280] [SEVERE ] removing player 3 token from slot 0
[10:58:11.280] [SEVERE ] player 3 placing token on slot 0
[10:58:11.280] [SEVERE ] removing player 3 token from slot 0
[10:58:11.280] [SEVERE ] player 3 placing token on slot 0
[10:58:11.280] [SEVERE ] removing player 3 token from slot 0
[10:58:11.280] [SEVERE ] player 3 placing token on slot 0
[10:58:11.281] [SEVERE ] removing player 3 token from slot 0
[10:58:11.281] [SEVERE ] player 3 placing token on slot 0
[10:58:11.278] [SEVERE ] player 1 placing token on slot 0
[10:58:11.281] [SEVERE ] removing player 3 token from slot 0
[10:58:11.279] [SEVERE ] removing player 2 token from slot 0
[10:58:11.279] [SEVERE ] removing player 4 token from slot 0
[10:58:11.282] [SEVERE ] player 2 placing token on slot 0
[10:58:11.282] [SEVERE ] player 3 placing token on slot 0
[10:58:11.282] [SEVERE ] removing player 3 token from slot 0
[10:58:11.282] [SEVERE ] player 3 placing token on slot 0
[10:58:11.282] [SEVERE ] removing player 3 token from slot 0
[10:58:11.282] [SEVERE ] player 3 placing token on slot 0
[10:58:11.282] [SEVERE ] removing player 3 token from slot 0
[10:58:11.282] [SEVERE ] player 3 placing token on slot 0
[10:58:11.285] [SEVERE ] removing player 3 token from slot 0
[10:58:11.285] [SEVERE ] player 3 placing token on slot 0
[10:58:11.287] [SEVERE ] removing player 3 token from slot 0
[10:58:11.287] [SEVERE ] player 3 placing token on slot 0
[10:58:11.281] [SEVERE ] removing player 1 token from slot 0
[10:58:11.282] [SEVERE ] removing player 2 token from slot 0
[10:58:11.287] [SEVERE ] player 1 placing token on slot 0
[10:58:11.289] [SEVERE ] removing player 1 token from slot 0
[10:58:11.289] [SEVERE ] player 1 placing token on slot 0
[10:58:11.289] [SEVERE ] removing player 1 token from slot 0
[10:58:11.289] [SEVERE ] player 1 placing token on slot 0
[10:58:11.289] [SEVERE ] player 2 placing token on slot 0
[10:58:11.289] [SEVERE ] removing player 1 token from slot 0
[10:58:11.293] [SEVERE ] removing player 3 token from slot 0
[10:58:11.295] [SEVERE ] player 3 placing token on slot 0
[10:58:11.295] [SEVERE ] removing player 3 token from slot 0
[10:58:11.295] [SEVERE ] player 3 placing token on slot 0
[10:58:11.295] [SEVERE ] removing player 3 token from slot 0
[10:58:11.296] [SEVERE ] player 3 placing token on slot 0
[10:58:11.296] [SEVERE ] removing player 3 token from slot 0
[10:58:11.297] [SEVERE ] player 3 placing token on slot 0
[10:58:11.297] [SEVERE ] removing player 3 token from slot 0
[10:58:11.297] [SEVERE ] player 4 placing token on slot 0
[10:58:11.298] [SEVERE ] removing player 4 token from slot 0
[10:58:11.298] [SEVERE ] player 4 placing token on slot 0
[10:58:11.298] [SEVERE ] removing player 4 token from slot 0
[10:58:11.298] [SEVERE ] player 4 placing token on slot 0
[10:58:11.298] [SEVERE ] removing player 4 token from slot 0
[10:58:11.298] [SEVERE ] player 4 placing token on slot 0
[10:58:11.299] [SEVERE ] removing player 4 token from slot 0
[10:58:11.299] [SEVERE ] player 4 placing token on slot 0
[10:58:11.299] [SEVERE ] removing player 4 token from slot 0
[10:58:11.299] [SEVERE ] player 3 placing token on slot 0
[10:58:11.299] [SEVERE ] player 4 placing token on slot 0
[10:58:11.300] [SEVERE ] removing player 3 token from slot 0
[10:58:11.300] [SEVERE ] removing player 4 token from slot 0
[10:58:11.300] [SEVERE ] player 3 placing token on slot 0
[10:58:11.300] [SEVERE ] removing player 3 token from slot 0
[10:58:11.300] [SEVERE ] player 3 placing token on slot 0
[10:58:11.300] [SEVERE ] removing player 3 token from slot 0
[10:58:11.301] [SEVERE ] player 3 placing token on slot 0
[10:58:11.301] [SEVERE ] removing player 3 token from slot 0
[10:58:11.303] [SEVERE ] player 3 placing token on slot 0
[10:58:11.303] [SEVERE ] player 4 placing token on slot 0
[10:58:11.303] [SEVERE ] removing player 3 token from slot 0
[10:58:11.303] [SEVERE ] player 3 placing token on slot 0
[10:58:11.303] [SEVERE ] removing player 3 token from slot 0
[10:58:11.308] [SEVERE ] player 3 placing token on slot 0
[10:58:11.309] [SEVERE ] removing player 3 token from slot 0
[10:58:11.309] [SEVERE ] player 3 placing token on slot 0
[10:58:11.309] [SEVERE ] removing player 3 token from slot 0
[10:58:11.310] [SEVERE ] player 3 placing token on slot 0
[10:58:11.310] [SEVERE ] removing player 3 token from slot 0
[10:58:11.310] [SEVERE ] player 3 placing token on slot 0
[10:58:11.311] [SEVERE ] removing player 3 token from slot 0
[10:58:11.311] [SEVERE ] player 3 placing token on slot 0
[10:58:11.311] [SEVERE ] removing player 3 token from slot 0
[10:58:11.314] [SEVERE ] player 3 placing token on slot 0
[10:58:11.314] [SEVERE ] removing player 3 token from slot 0
[10:58:11.315] [SEVERE ] player 3 placing token on slot 0
[10:58:11.323] [SEVERE ] player 1 placing token on slot 0
[10:58:11.323] [SEVERE ] removing player 1 token from slot 0
[10:58:11.323] [SEVERE ] player 1 placing token on slot 0
[10:58:11.326] [SEVERE ] removing player 1 token from slot 0
[10:58:11.326] [SEVERE ] player 1 placing token on slot 0
[10:58:11.326] [SEVERE ] removing player 1 token from slot 0
[10:58:11.328] [SEVERE ] removing player 4 token from slot 0
[10:58:11.328] [SEVERE ] player 1 placing token on slot 0
[10:58:11.328] [SEVERE ] player 4 placing token on slot 0
[10:58:11.328] [SEVERE ] removing player 4 token from slot 0
[10:58:11.328] [SEVERE ] player 4 placing token on slot 0
[10:58:11.328] [SEVERE ] removing player 4 token from slot 0
[10:58:11.328] [SEVERE ] player 4 placing token on slot 0
[10:58:11.328] [SEVERE ] removing player 4 token from slot 0
[10:58:11.328] [SEVERE ] removing player 1 token from slot 0
[10:58:11.357] [SEVERE ] removing player 3 token from slot 0
[10:58:11.357] [SEVERE ] player 1 placing token on slot 0
[10:58:11.357] [SEVERE ] player 4 placing token on slot 0
[10:58:11.357] [SEVERE ] removing player 4 token from slot 0
[10:58:11.358] [SEVERE ] player 3 placing token on slot 0
[10:58:11.357] [SEVERE ] removing player 1 token from slot 0
[10:58:11.358] [SEVERE ] removing player 3 token from slot 0
[10:58:11.358] [SEVERE ] player 4 placing token on slot 0
[10:58:11.358] [SEVERE ] player 3 placing token on slot 0
[10:58:11.358] [SEVERE ] player 1 placing token on slot 0
[10:58:11.358] [SEVERE ] removing player 4 token from slot 0
[10:58:11.358] [SEVERE ] player 4 placing token on slot 0
[10:58:11.359] [SEVERE ] removing player 4 token from slot 0
[10:58:11.359] [SEVERE ] player 4 placing token on slot 0
[10:58:11.359] [SEVERE ] removing player 4 token from slot 0
[10:58:11.359] [SEVERE ] player 4 placing token on slot 0
[10:58:11.359] [SEVERE ] removing player 4 token from slot 0
[10:58:11.359] [SEVERE ] player 4 placing token on slot 0
[10:58:11.359] [SEVERE ] removing player 4 token from slot 0
[10:58:11.359] [SEVERE ] player 4 placing token on slot 0
[10:58:11.361] [SEVERE ] removing player 4 token from slot 0
[10:58:11.361] [SEVERE ] removing player 1 token from slot 0
[10:58:11.361] [SEVERE ] removing player 3 token from slot 0
[10:58:11.361] [SEVERE ] removing player 2 token from slot 0
[10:58:11.361] [SEVERE ] player 1 placing token on slot 0
[10:58:11.361] [SEVERE ] player 3 placing token on slot 0
[10:58:11.361] [SEVERE ] player 4 placing token on slot 0
[10:58:11.361] [SEVERE ] player 2 placing token on slot 0
[10:58:11.362] [SEVERE ] removing player 3 token from slot 0
[10:58:11.362] [SEVERE ] removing player 2 token from slot 0
[10:58:11.362] [SEVERE ] removing player 4 token from slot 0
[10:58:11.362] [SEVERE ] removing player 1 token from slot 0
[10:58:11.362] [SEVERE ] player 2 placing token on slot 0
[10:58:11.362] [SEVERE ] player 3 placing token on slot 0
[10:58:11.362] [SEVERE ] player 1 placing token on slot 0
[10:58:11.362] [SEVERE ] player 4 placing token on slot 0
[10:58:11.364] [SEVERE ] removing player 2 token from slot 0
[10:58:11.364] [SEVERE ] removing player 1 token from slot 0
[10:58:11.364] [SEVERE ] removing player 4 token from slot 0
[10:58:11.364] [SEVERE ] removing player 3 token from slot 0
[10:58:11.365] [SEVERE ] player 4 placing token on slot 0
[10:58:11.365] [SEVERE ] removing player 4 token from slot 0
[10:58:11.365] [SEVERE ] player 4 placing token on slot 0
[10:58:11.365] [SEVERE ] removing player 4 token from slot 0
[10:58:11.365] [SEVERE ] player 4 placing token on slot 0
[10:58:11.365] [SEVERE ] removing player 4 token from slot 0
[10:58:11.364] [SEVERE ] player 1 placing token on slot 0
[10:58:11.364] [SEVERE ] player 2 placing token on slot 0
[10:58:11.365] [SEVERE ] removing player 1 token from slot 0
[10:58:11.365] [SEVERE ] player 4 placing token on slot 0
[10:58:11.365] [SEVERE ] player 3 placing token on slot 0
[10:58:11.365] [SEVERE ] removing player 4 token from slot 0
[10:58:11.365] [SEVERE ] player 1 placing token on slot 0
[10:58:11.365] [SEVERE ] removing player 2 token from slot 0
[10:58:11.366] [SEVERE ] player 4 placing token on slot 0
[10:58:11.365] [SEVERE ] removing player 3 token from slot 0
[10:58:11.367] [SEVERE ] removing player 4 token from slot 0
[10:58:11.367] [SEVERE ] removing player 1 token from slot 0
[10:58:11.366] [SEVERE ] player 2 placing token on slot 0
[10:58:11.367] [SEVERE ] player 1 placing token on slot 0
[10:58:11.367] [SEVERE ] player 4 placing token on slot 0
[10:58:11.367] [SEVERE ] removing player 4 token from slot 0
[10:58:11.372] [SEVERE ] placing card 71 in slot 1
[10:58:11.375] [SEVERE ] player 3 placing token on slot 1
[10:58:11.376] [SEVERE ] player 3 placing token on slot 0
[10:58:11.376] [SEVERE ] removing player 3 token from slot 1
[10:58:11.376] [SEVERE ] player 3 placing token on slot 1
[10:58:11.376] [SEVERE ] removing player 3 token from slot 1
[10:58:11.376] [SEVERE ] player 3 placing token on slot 1
[10:58:11.376] [SEVERE ] removing player 3 token from slot 1
[10:58:11.376] [SEVERE ] player 3 placing token on slot 1
[10:58:11.376] [SEVERE ] removing player 3 token from slot 1
[10:58:11.376] [SEVERE ] player 3 placing token on slot 1
[10:58:11.376] [SEVERE ] removing player 3 token from slot 1
[10:58:11.376] [SEVERE ] player 1 placing token on slot 1
[10:58:11.378] [SEVERE ] player 4 placing token on slot 0
[10:58:11.378] [SEVERE ] player 4 placing token on slot 1
[10:58:11.378] [SEVERE ] removing player 4 token from slot 0
[10:58:11.378] [SEVERE ] player 4 placing token on slot 0
[10:58:11.378] [SEVERE ] removing player 4 token from slot 1
[10:58:11.378] [SEVERE ] removing player 4 token from slot 0
[10:58:11.378] [SEVERE ] player 4 placing token on slot 1
[10:58:11.380] [SEVERE ] removing player 2 token from slot 0
[10:58:11.380] [SEVERE ] player 3 placing token on slot 1
[10:58:11.380] [SEVERE ] removing player 4 token from slot 1
[10:58:11.380] [SEVERE ] removing player 1 token from slot 0
[10:58:11.380] [SEVERE ] player 4 placing token on slot 0
[10:58:11.380] [SEVERE ] player 2 placing token on slot 0
[10:58:11.380] [SEVERE ] removing player 3 token from slot 1
[10:58:11.380] [SEVERE ] removing player 1 token from slot 1
[10:58:11.381] [SEVERE ] removing player 4 token from slot 0
[10:58:11.381] [SEVERE ] player 3 placing token on slot 1
[10:58:11.382] [SEVERE ] player 4 placing token on slot 0
[10:58:11.381] [SEVERE ] player 1 placing token on slot 1
[10:58:11.382] [SEVERE ] removing player 3 token from slot 0
[10:58:11.382] [SEVERE ] player 4 placing token on slot 1
[10:58:11.386] [SEVERE ] removing player 3 token from slot 1
[10:58:11.387] [SEVERE ] removing player 4 token from slot 0
[10:58:11.387] [SEVERE ] removing player 4 token from slot 1
[10:58:11.387] [SEVERE ] player 3 placing token on slot 1
[10:58:11.387] [SEVERE ] player 3 placing token on slot 0
[10:58:11.417] [SEVERE ] removing player 2 token from slot 0
[10:58:11.417] [SEVERE ] player 1 placing token on slot 0
[10:58:11.417] [SEVERE ] removing player 3 token from slot 0
[10:58:11.417] [SEVERE ] player 4 placing token on slot 0
[10:58:11.418] [SEVERE ] removing player 3 token from slot 1
[10:58:11.418] [SEVERE ] player 3 placing token on slot 0
[10:58:11.418] [SEVERE ] removing player 3 token from slot 0
[10:58:11.418] [SEVERE ] player 3 placing token on slot 0
[10:58:11.418] [SEVERE ] player 3 placing token on slot 1
[10:58:11.418] [SEVERE ] removing player 3 token from slot 0
[10:58:11.418] [SEVERE ] removing player 3 token from slot 1
[10:58:11.418] [SEVERE ] player 3 placing token on slot 1
[10:58:11.418] [SEVERE ] player 3 placing token on slot 0
[10:58:11.418] [SEVERE ] removing player 3 token from slot 0
[10:58:11.418] [SEVERE ] player 3 placing token on slot 0
[10:58:11.418] [SEVERE ] removing player 3 token from slot 0
[10:58:11.418] [SEVERE ] removing player 1 token from slot 0
[10:58:11.426] [SEVERE ] player 3 placing token on slot 0
[10:58:11.427] [SEVERE ] removing player 3 token from slot 0
[10:58:11.427] [SEVERE ] player 3 placing token on slot 0
[10:58:11.427] [SEVERE ] removing player 3 token from slot 0
[10:58:11.428] [SEVERE ] player 3 placing token on slot 0
[10:58:11.428] [SEVERE ] removing player 3 token from slot 1
[10:58:11.428] [SEVERE ] player 3 placing token on slot 1
[10:58:11.428] [SEVERE ] removing player 3 token from slot 1
[10:58:11.428] [SEVERE ] removing player 3 token from slot 0
[10:58:11.428] [SEVERE ] player 3 placing token on slot 0
[10:58:11.428] [SEVERE ] player 3 placing token on slot 1
[10:58:11.428] [SEVERE ] removing player 3 token from slot 0
[10:58:11.428] [SEVERE ] removing player 3 token from slot 1
[10:58:11.428] [SEVERE ] player 3 placing token on slot 0
[10:58:11.428] [SEVERE ] removing player 3 token from slot 0
[10:58:11.428] [SEVERE ] player 3 placing token on slot 1
[10:58:11.428] [SEVERE ] removing player 3 token from slot 1
[10:58:11.428] [SEVERE ] player 3 placing token on slot 0
[10:58:11.429] [SEVERE ] removing player 3 token from slot 0
[10:58:11.429] [SEVERE ] player 3 placing token on slot 0
[10:58:11.429] [SEVERE ] player 3 placing token on slot 1
[10:58:11.429] [SEVERE ] removing player 3 token from slot 0
[10:58:11.429] [SEVERE ] removing player 3 token from slot 1
[10:58:11.429] [SEVERE ] player 3 placing token on slot 1
[10:58:11.429] [SEVERE ] removing player 3 token from slot 1
[10:58:11.429] [SEVERE ] player 3 placing token on slot 0
[10:58:11.467] [SEVERE ] player 2 placing token on slot 0
[10:58:11.467] [SEVERE ] player 1 placing token on slot 0
[10:58:11.467] [SEVERE ] player 3 placing token on slot 1
[10:58:11.469] [SEVERE ] removing player 3 token from slot 0
[10:58:11.469] [SEVERE ] removing player 3 token from slot 1
[10:58:11.469] [SEVERE ] player 3 placing token on slot 0
[10:58:11.469] [SEVERE ] removing player 3 token from slot 0
[10:58:11.469] [SEVERE ] player 3 placing token on slot 0
[10:58:11.469] [SEVERE ] player 3 placing token on slot 1
[10:58:11.469] [SEVERE ] removing player 3 token from slot 0
[10:58:11.469] [SEVERE ] player 3 placing token on slot 0
[10:58:11.469] [SEVERE ] removing player 3 token from slot 0
[10:58:11.469] [SEVERE ] player 3 placing token on slot 0
[10:58:11.469] [SEVERE ] removing player 3 token from slot 1
[10:58:11.469] [SEVERE ] removing player 3 token from slot 0
[10:58:11.469] [SEVERE ] player 3 placing token on slot 0
[10:58:11.469] [SEVERE ] removing player 3 token from slot 0
[10:58:11.469] [SEVERE ] player 3 placing token on slot 0
[10:58:11.473] [SEVERE ] placing card 62 in slot 2
[10:58:11.481] [SEVERE ] removing player 3 token from slot 0
[10:58:11.481] [SEVERE ] player 4 placing token on slot 1
[10:58:11.481] [SEVERE ] removing player 2 token from slot 0
[10:58:11.481] [SEVERE ] removing player 1 token from slot 1
[10:58:11.481] [SEVERE ] player 2 placing token on slot 2
[10:58:11.481] [SEVERE ] player 3 placing token on slot 2
[10:58:11.481] [SEVERE ] removing player 4 token from slot 0
[10:58:11.481] [SEVERE ] player 1 placing token on slot 2
[10:58:11.481] [SEVERE ] player 4 placing token on slot 2
[10:58:11.484] [SEVERE ] player 3 placing token on slot 0
[10:58:11.484] [SEVERE ] removing player 3 token from slot 2
[10:58:11.484] [SEVERE ] removing player 3 token from slot 0
[10:58:11.484] [SEVERE ] player 3 placing token on slot 0
[10:58:11.484] [SEVERE ] removing player 3 token from slot 0
[10:58:11.484] [SEVERE ] player 3 placing token on slot 1
[10:58:11.484] [SEVERE ] removing player 3 token from slot 1
[10:58:11.484] [SEVERE ] player 3 placing token on slot 1
[10:58:11.484] [SEVERE ] player 3 placing token on slot 0
[10:58:11.484] [SEVERE ] player 3 placing token on slot 2
[10:58:11.486] [SEVERE ] removing player 1 token from slot 0
[10:58:11.488] [SEVERE ] removing player 1 token from slot 2
[10:58:11.488] [SEVERE ] player 1 placing token on slot 2
[10:58:11.488] [SEVERE ] player 1 placing token on slot 0
[10:58:11.498] [SEVERE ] removing player 1 token from slot 2
[10:58:11.502] [SEVERE ] removing player 2 token from slot 2
[10:58:11.503] [SEVERE ] player 2 placing token on slot 0
[10:58:11.503] [SEVERE ] player 2 placing token on slot 2
[10:58:11.585] [SEVERE ] placing card 51 in slot 3
[10:58:11.627] [SEVERE ] removing player 1 token from slot 0
[10:58:11.627] [SEVERE ] player 2 placing token on slot 1
[10:58:11.627] [SEVERE ] player 4 placing token on slot 3
[10:58:11.628] [SEVERE ] player 1 placing token on slot 1
[10:58:11.628] [SEVERE ] player 1 placing token on slot 2
[10:58:11.628] [SEVERE ] player 1 placing token on slot 0
[10:58:11.693] [SEVERE ] placing card 75 in slot 4
[10:58:11.810] [SEVERE ] placing card 7 in slot 5
[10:58:11.926] [SEVERE ] placing card 48 in slot 6
[10:58:12.038] [SEVERE ] placing card 39 in slot 7
[10:58:12.149] [SEVERE ] placing card 21 in slot 8
[10:58:12.250] [SEVERE ] placing card 80 in slot 9
[10:58:12.360] [SEVERE ] placing card 9 in slot 10
[10:58:12.471] [SEVERE ] placing card 52 in slot 11
[10:58:12.581] [SEVERE ] updating countdown to 59890
[10:58:12.581] [SEVERE ] removing player 2 token from slot 2
[10:58:12.581] [SEVERE ] removing player 2 token from slot 1
[10:58:12.582] [SEVERE ] player 2 placing token on slot 4
[10:58:12.582] [SEVERE ] player 2 placing token on slot 1
[10:58:12.697] [SEVERE ] removing player 2 token from slot 4
[10:58:12.697] [SEVERE ] removing player 3 token from slot 1
[10:58:12.697] [SEVERE ] player 2 placing token on slot 11
[10:58:12.697] [SEVERE ] updating countdown to 59774
[10:58:12.697] [SEVERE ] player 3 placing token on slot 11
[10:58:12.811] [SEVERE ] removing player 1 token from slot 0
[10:58:12.811] [SEVERE ] removing player 4 token from slot 2
[10:58:12.811] [SEVERE ] updating countdown to 59660
[10:58:12.811] [SEVERE ] player 1 placing token on slot 6
[10:58:12.812] [SEVERE ] removing player 4 token from slot 3
[10:58:12.812] [SEVERE ] player 4 placing token on slot 7
[10:58:12.812] [SEVERE ] player 4 placing token on slot 5
[10:58:12.926] [SEVERE ] updating countdown to 59545
[10:58:13.040] [SEVERE ] removing player 4 token from slot 1
[10:58:13.040] [SEVERE ] updating countdown to 59431
[10:58:13.040] [SEVERE ] removing player 3 token from slot 11
[10:58:13.040] [SEVERE ] removing player 4 token from slot 7
[10:58:13.040] [SEVERE ] player 3 placing token on slot 1
[10:58:13.040] [SEVERE ] removing player 4 token from slot 5
[10:58:13.041] [SEVERE ] player 4 placing token on slot 10
[10:58:13.041] [SEVERE ] player 4 placing token on slot 6
[10:58:13.041] [SEVERE ] player 4 placing token on slot 0
[10:58:13.151] [SEVERE ] removing player 1 token from slot 1
[10:58:13.151] [SEVERE ] removing player 4 token from slot 6
[10:58:13.151] [SEVERE ] player 4 placing token on slot 2
[10:58:13.151] [SEVERE ] removing player 3 token from slot 0
[10:58:13.151] [SEVERE ] removing player 3 token from slot 2
[10:58:13.151] [SEVERE ] player 3 placing token on slot 6
[10:58:13.151] [SEVERE ] player 3 placing token on slot 9
[10:58:13.151] [SEVERE ] updating countdown to 59320
[10:58:13.151] [SEVERE ] player 1 placing token on slot 9
[10:58:13.153] [SEVERE ] removing player 2 token from slot 1
[10:58:13.153] [SEVERE ] player 2 placing token on slot 3
[10:58:13.265] [SEVERE ] removing player 1 token from slot 6
[10:58:13.265] [SEVERE ] updating countdown to 59206
[10:58:13.265] [SEVERE ] player 1 placing token on slot 1
[10:58:13.484] [SEVERE ] removing card from slot 2
[10:58:13.585] [SEVERE ] removing card from slot 9
[10:58:13.695] [SEVERE ] removing card from slot 1
[10:58:13.695] [SEVERE ] removing tokens from slot 2
[10:58:13.695] [SEVERE ] removing tokens from slot 9
[10:58:13.695] [SEVERE ] removing tokens from slot 1
[10:58:13.805] [SEVERE ] placing card 53 in slot 1
[10:58:13.915] [SEVERE ] placing card 78 in slot 2
[10:58:14.025] [SEVERE ] placing card 41 in slot 9
[10:58:14.025] [SEVERE ] updating countdown to 60000
[10:58:14.026] [SEVERE ] removing player 1 token from slot 2
[10:58:14.026] [SEVERE ] removing player 1 token from slot 9
[10:58:14.026] [SEVERE ] removing player 1 token from slot 1
[10:58:14.026] [SEVERE ] removing player 3 token from slot 9
[10:58:14.026] [SEVERE ] removing player 3 token from slot 1
[10:58:14.026] [SEVERE ] removing player 4 token from slot 2
[10:58:14.026] [SEVERE ] setting player 1 score to 1
[10:58:14.026] [SEVERE ] player 4 placing token on slot 2
[10:58:14.027] [SEVERE ] player 3 placing token on slot 3
[10:58:14.027] [SEVERE ] player 3 placing token on slot 1
[10:58:14.027] [SEVERE ] updating countdown to 59999
[10:58:14.026] [SEVERE ] player 1 placing token on slot 9
[10:58:14.027] [SEVERE ] removing player 1 token from slot 9
[10:58:14.027] [SEVERE ] player 1 placing token on slot 7
[10:58:14.027] [SEVERE ] player 1 placing token on slot 0
[10:58:14.027] [SEVERE ] player 1 placing token on slot 5
[10:58:14.130] [SEVERE ] removing player 4 token from slot 2
[10:58:14.130] [SEVERE ] updating countdown to 59896
[10:58:14.130] [SEVERE ] player 4 placing token on slot 7
[10:58:14.130] [SEVERE ] removing player 2 token from slot 11
[10:58:14.130] [SEVERE ] player 2 placing token on slot 6
[10:58:14.246] [SEVERE ] removing player 3 token from slot 6
[10:58:14.246] [SEVERE ] removing player 1 token from slot 7
[10:58:14.246] [SEVERE ] updating countdown to 59780
[10:58:14.246] [SEVERE ] player 1 placing token on slot 10
[10:58:14.246] [SEVERE ] removing player 3 token from slot 3
[10:58:14.247] [SEVERE ] player 3 placing token on slot 7
[10:58:14.247] [SEVERE ] player 3 placing token on slot 9
[10:58:14.359] [SEVERE ] removing player 2 token from slot 6
[10:58:14.360] [SEVERE ] updating countdown to 59666
[10:58:14.359] [SEVERE ] removing player 3 token from slot 1
[10:58:14.360] [SEVERE ] player 2 placing token on slot 2
[10:58:14.360] [SEVERE ] player 3 placing token on slot 6
[10:58:14.471] [SEVERE ] removing player 1 token from slot 0
[10:58:14.471] [SEVERE ] updating countdown to 59555
[10:58:14.472] [SEVERE ] removing player 1 token from slot 10
[10:58:14.474] [SEVERE ] player 1 placing token on slot 4
[10:58:14.474] [SEVERE ] player 1 placing token on slot 10
[10:58:14.587] [SEVERE ] removing player 2 token from slot 0
[10:58:14.587] [SEVERE ] removing player 1 token from slot 4
[10:58:14.587] [SEVERE ] player 2 placing token on slot 6
[10:58:14.587] [SEVERE ] updating countdown to 59439
[10:58:14.587] [SEVERE ] player 1 placing token on slot 11
[10:58:14.588] [SEVERE ] removing player 3 token from slot 7
[10:58:14.588] [SEVERE ] player 3 placing token on slot 7
[10:58:14.699] [SEVERE ] removing player 2 token from slot 2
[10:58:14.699] [SEVERE ] updating countdown to 59327
[10:58:14.699] [SEVERE ] player 2 placing token on slot 4
[10:58:14.809] [SEVERE ] removing player 1 token from slot 10
[10:58:14.809] [SEVERE ] removing player 2 token from slot 3
[10:58:14.809] [SEVERE ] updating countdown to 59217
[10:58:14.810] [SEVERE ] player 2 placing token on slot 10
[10:58:14.810] [SEVERE ] player 1 placing token on slot 7
[10:58:14.921] [SEVERE ] removing player 4 token from slot 7
[10:58:14.921] [SEVERE ] removing player 2 token from slot 10
[10:58:14.921] [SEVERE ] updating countdown to 59105
[10:58:14.921] [SEVERE ] player 2 placing token on slot 1
[10:58:14.921] [SEVERE ] removing player 1 token from slot 5
[10:58:14.921] [SEVERE ] player 4 placing token on slot 5
[10:58:14.922] [SEVERE ] player 1 placing token on slot 6
[10:58:15.035] [SEVERE ] removing player 3 token from slot 6
[10:58:15.035] [SEVERE ] updating countdown to 58991
[10:58:15.035] [SEVERE ] player 3 placing token on slot 10
[10:58:15.150] [SEVERE ] removing player 2 token from slot 1
[10:58:15.150] [SEVERE ] updating countdown to 58876
[10:58:15.150] [SEVERE ] removing player 3 token from slot 10
[10:58:15.150] [SEVERE ] player 2 placing token on slot 3
[10:58:15.150] [SEVERE ] player 3 placing token on slot 1
[10:58:15.265] [SEVERE ] removing player 2 token from slot 3
[10:58:15.265] [SEVERE ] removing player 1 token from slot 7
[10:58:15.265] [SEVERE ] player 2 placing token on slot 11
[10:58:15.265] [SEVERE ] removing player 3 token from slot 7
[10:58:15.265] [SEVERE ] updating countdown to 58761
[10:58:15.265] [SEVERE ] player 3 placing token on slot 2
[10:58:15.265] [SEVERE ] player 1 placing token on slot 3
[10:58:15.381] [SEVERE ] removing player 1 token from slot 6
[10:58:15.381] [SEVERE ] updating countdown to 58645
[10:58:15.381] [SEVERE ] player 1 placing token on slot 9
[10:58:15.485] [SEVERE ] removing player 2 token from slot 4
[10:58:15.485] [SEVERE ] removing player 3 token from slot 9
[10:58:15.485] [SEVERE ] player 2 placing token on slot 8
[10:58:15.485] [SEVERE ] updating countdown to 58541
[10:58:15.485] [SEVERE ] player 3 placing token on slot 8
[10:58:15.612] [SEVERE ] removing player 4 token from slot 0
[10:58:15.612] [SEVERE ] removing player 2 token from slot 8
[10:58:15.612] [SEVERE ] updating countdown to 58414
[10:58:15.613] [SEVERE ] player 2 placing token on slot 3
[10:58:15.613] [SEVERE ] player 4 placing token on slot 3
[10:58:15.723] [SEVERE ] removing player 1 token from slot 9
[10:58:15.723] [SEVERE ] removing player 4 token from slot 3
[10:58:15.723] [SEVERE ] updating countdown to 58303
[10:58:15.724] [SEVERE ] player 4 placing token on slot 9
[10:58:15.724] [SEVERE ] removing player 1 token from slot 3
[10:58:15.724] [SEVERE ] removing player 1 token from slot 11
[10:58:15.724] [SEVERE ] player 1 placing token on slot 6
[10:58:15.724] [SEVERE ] player 1 placing token on slot 7
[10:58:15.724] [SEVERE ] removing player 1 token from slot 6
[10:58:15.724] [SEVERE ] player 1 placing token on slot 11
[10:58:15.724] [SEVERE ] player 1 placing token on slot 4
[10:58:15.835] [SEVERE ] removing player 3 token from slot 8
[10:58:15.835] [SEVERE ] updating countdown to 58191
[10:58:15.835] [SEVERE ] removing player 1 token from slot 7
[10:58:15.835] [SEVERE ] player 3 placing token on slot 3
[10:58:15.836] [SEVERE ] removing player 1 token from slot 4
[10:58:15.836] [SEVERE ] player 1 placing token on slot 6
[10:58:15.836] [SEVERE ] removing player 1 token from slot 11
[10:58:15.836] [SEVERE ] player 1 placing token on slot 4
[10:58:15.836] [SEVERE ] player 1 placing token on slot 9
[10:58:15.952] [SEVERE ] removing player 4 token from slot 10
[10:58:15.952] [SEVERE ] removing player 1 token from slot 4
[10:58:15.952] [SEVERE ] player 1 placing token on slot 0
[10:58:15.952] [SEVERE ] updating countdown to 58074
[10:58:15.952] [SEVERE ] player 4 placing token on slot 4
[10:58:16.067] [SEVERE ] removing player 3 token from slot 2
[10:58:16.067] [SEVERE ] removing player 2 token from slot 11
[10:58:16.067] [SEVERE ] updating countdown to 57959
[10:58:16.067] [SEVERE ] removing player 1 token from slot 6
[10:58:16.068] [SEVERE ] player 1 placing token on slot 8
[10:58:16.067] [SEVERE ] removing player 2 token from slot 3
[10:58:16.068] [SEVERE ] player 2 placing token on slot 11
[10:58:16.068] [SEVERE ] player 2 placing token on slot 1
[10:58:16.067] [SEVERE ] player 3 placing token on slot 8
[10:58:16.168] [SEVERE ] removing player 1 token from slot 8
[10:58:16.168] [SEVERE ] removing player 3 token from slot 8
[10:58:16.168] [SEVERE ] updating countdown to 57858
[10:58:16.168] [SEVERE ] removing player 4 token from slot 4
[10:58:16.168] [SEVERE ] player 3 placing token on slot 6
[10:58:16.168] [SEVERE ] removing player 1 token from slot 9
[10:58:16.168] [SEVERE ] player 4 placing token on slot 6
[10:58:16.169] [SEVERE ] player 1 placing token on slot 3
[10:58:16.169] [SEVERE ] player 1 placing token on slot 4
[10:58:16.282] [SEVERE ] removing player 3 token from slot 1
[10:58:16.282] [SEVERE ] updating countdown to 57744
[10:58:16.282] [SEVERE ] removing player 2 token from slot 11
[10:58:16.283] [SEVERE ] player 3 placing token on slot 2
[10:58:16.283] [SEVERE ] removing player 2 token from slot 1
[10:58:16.283] [SEVERE ] player 2 placing token on slot 4
[10:58:16.283] [SEVERE ] player 2 placing token on slot 3
[10:58:16.384] [SEVERE ] removing player 4 token from slot 6
[10:58:16.384] [SEVERE ] updating countdown to 57642
[10:58:16.384] [SEVERE ] removing player 2 token from slot 4
[10:58:16.385] [SEVERE ] player 2 placing token on slot 11
[10:58:16.384] [SEVERE ] removing player 3 token from slot 2
[10:58:16.384] [SEVERE ] removing player 1 token from slot 3
[10:58:16.385] [SEVERE ] player 3 placing token on slot 5
[10:58:16.385] [SEVERE ] player 4 placing token on slot 4
[10:58:16.386] [SEVERE ] removing player 1 token from slot 0
[10:58:16.386] [SEVERE ] player 1 placing token on slot 8
[10:58:16.386] [SEVERE ] player 1 placing token on slot 11
[10:58:16.500] [SEVERE ] removing player 3 token from slot 5
[10:58:16.500] [SEVERE ] updating countdown to 57526
[10:58:16.500] [SEVERE ] player 3 placing token on slot 10
[10:58:16.616] [SEVERE ] removing player 1 token from slot 11
[10:58:16.616] [SEVERE ] updating countdown to 57410
[10:58:16.616] [SEVERE ] removing player 4 token from slot 5
[10:58:16.616] [SEVERE ] player 1 placing token on slot 0
[10:58:16.617] [SEVERE ] removing player 4 token from slot 9
[10:58:16.617] [SEVERE ] player 4 placing token on slot 2
[10:58:16.617] [SEVERE ] player 4 placing token on slot 3
[10:58:16.727] [SEVERE ] removing player 4 token from slot 3
[10:58:16.727] [SEVERE ] updating countdown to 57299
[10:58:16.727] [SEVERE ] player 4 placing token on slot 8
[10:58:16.839] [SEVERE ] removing player 4 token from slot 8
[10:58:16.839] [SEVERE ] updating countdown to 57187
[10:58:16.839] [SEVERE ] removing player 1 token from slot 0
[10:58:16.840] [SEVERE ] player 4 placing token on slot 0
[10:58:16.840] [SEVERE ] removing player 1 token from slot 8
[10:58:16.840] [SEVERE ] player 1 placing token on slot 2
[10:58:16.840] [SEVERE ] player 1 placing token on slot 10
[10:58:16.951] [SEVERE ] removing player 2 token from slot 3
[10:58:16.951] [SEVERE ] removing player 3 token from slot 6
[10:58:16.951] [SEVERE ] updating countdown to 57075
[10:58:16.951] [SEVERE ] removing player 4 token from slot 4
[10:58:16.951] [SEVERE ] removing player 3 token from slot 10
[10:58:16.951] [SEVERE ] player 2 placing token on slot 7
[10:58:16.951] [SEVERE ] player 3 placing token on slot 6
[10:58:16.951] [SEVERE ] player 4 placing token on slot 6
[10:58:16.951] [SEVERE ] player 3 placing token on slot 11
[10:58:17.067] [SEVERE ] removing player 2 token from slot 7
[10:58:17.067] [SEVERE ] updating countdown to 56959
[10:58:17.067] [SEVERE ] removing player 1 token from slot 10
[10:58:17.068] [SEVERE ] player 2 placing token on slot 2
[10:58:17.068] [SEVERE ] player 1 placing token on slot 5
[10:58:17.181] [SEVERE ] removing player 4 token from slot 0
[10:58:17.181] [SEVERE ] removing player 3 token from slot 11
[10:58:17.181] [SEVERE ] player 4 placing token on slot 10
[10:58:17.181] [SEVERE ] updating countdown to 56845
[10:58:17.181] [SEVERE ] player 3 placing token on slot 9
[10:58:17.288] [SEVERE ] removing player 1 token from slot 4
[10:58:17.288] [SEVERE ] updating countdown to 56738
[10:58:17.290] [SEVERE ] player 1 placing token on slot 11
[10:58:17.401] [SEVERE ] removing player 4 token from slot 6
[10:58:17.401] [SEVERE ] updating countdown to 56625
[10:58:17.401] [SEVERE ] player 4 placing token on slot 7
[10:58:17.515] [SEVERE ] removing player 3 token from slot 9
[10:58:17.515] [SEVERE ] updating countdown to 56511
[10:58:17.515] [SEVERE ] removing player 1 token from slot 11
[10:58:17.515] [SEVERE ] player 3 placing token on slot 10
[10:58:17.515] [SEVERE ] player 1 placing token on slot 10
[10:58:17.625] [SEVERE ] removing player 4 token from slot 10
[10:58:17.625] [SEVERE ] removing player 1 token from slot 5
[10:58:17.625] [SEVERE ] removing player 3 token from slot 6
[10:58:17.625] [SEVERE ] updating countdown to 56401
[10:58:17.626] [SEVERE ] removing player 3 token from slot 3
[10:58:17.626] [SEVERE ] player 1 placing token on slot 6
[10:58:17.625] [SEVERE ] player 4 placing token on slot 5
[10:58:17.626] [SEVERE ] player 3 placing token on slot 1
[10:58:17.626] [SEVERE ] player 3 placing token on slot 5
[10:58:17.747] [SEVERE ] removing player 1 token from slot 6
[10:58:17.747] [SEVERE ] updating countdown to 56279
[10:58:17.747] [SEVERE ] removing player 4 token from slot 7
[10:58:17.747] [SEVERE ] player 1 placing token on slot 5
[10:58:17.747] [SEVERE ] player 4 placing token on slot 0
[10:58:17.858] [SEVERE ] removing player 1 token from slot 10
[10:58:17.858] [SEVERE ] removing player 4 token from slot 5
[10:58:17.858] [SEVERE ] updating countdown to 56168
[10:58:17.859] [SEVERE ] player 4 placing token on slot 10
[10:58:17.859] [SEVERE ] player 1 placing token on slot 10
[10:58:17.973] [SEVERE ] updating countdown to 56054
[10:58:18.084] [SEVERE ] updating countdown to 55942
[10:58:18.084] [SEVERE ] removing player 1 token from slot 10
[10:58:18.084] [SEVERE ] player 1 placing token on slot 9
[10:58:18.195] [SEVERE ] updating countdown to 55831
[10:58:18.308] [SEVERE ] updating countdown to 55718
[10:58:18.308] [SEVERE ] removing player 1 token from slot 2
[10:58:18.309] [SEVERE ] player 1 placing token on slot 1
[10:58:18.409] [SEVERE ] removing player 4 token from slot 2
[10:58:18.409] [SEVERE ] updating countdown to 55617
[10:58:18.409] [SEVERE ] removing player 1 token from slot 5
[10:58:18.409] [SEVERE ] player 4 placing token on slot 1
[10:58:18.410] [SEVERE ] player 1 placing token on slot 4
[10:58:18.520] [SEVERE ] removing player 4 token from slot 1
[10:58:18.520] [SEVERE ] updating countdown to 55506
[10:58:18.520] [SEVERE ] removing player 1 token from slot 9
[10:58:18.520] [SEVERE ] player 4 placing token on slot 2
[10:58:18.520] [SEVERE ] player 1 placing token on slot 7
[10:58:18.634] [SEVERE ] removing player 3 token from slot 10
[10:58:18.634] [SEVERE ] updating countdown to 55392
[10:58:18.634] [SEVERE ] removing player 1 token from slot 4
[10:58:18.635] [SEVERE ] player 3 placing token on slot 10
[10:58:18.635] [SEVERE ] player 1 placing token on slot 4
[10:58:18.746] [SEVERE ] updating countdown to 55280
[10:58:18.858] [SEVERE ] removing player 3 token from slot 10
[10:58:18.858] [SEVERE ] updating countdown to 55168
[10:58:18.858] [SEVERE ] player 3 placing token on slot 0
[10:58:18.970] [SEVERE ] removing player 4 token from slot 2
[10:58:18.970] [SEVERE ] updating countdown to 55056
[10:58:18.970] [SEVERE ] removing player 3 token from slot 0
[10:58:18.970] [SEVERE ] removing player 1 token from slot 7
[10:58:18.970] [SEVERE ] player 3 placing token on slot 4
[10:58:18.970] [SEVERE ] removing player 4 token from slot 0
[10:58:18.970] [SEVERE ] player 1 placing token on slot 2
[10:58:18.970] [SEVERE ] player 4 placing token on slot 4
[10:58:18.971] [SEVERE ] player 4 placing token on slot 0
[10:58:19.085] [SEVERE ] removing player 4 token from slot 4
[10:58:19.085] [SEVERE ] updating countdown to 54941
[10:58:19.086] [SEVERE ] player 4 placing token on slot 9
[10:58:19.196] [SEVERE ] updating countdown to 54830
[10:58:19.196] [SEVERE ] removing player 1 token from slot 4
[10:58:19.197] [SEVERE ] player 1 placing token on slot 7
[10:58:19.308] [SEVERE ] removing player 4 token from slot 9
[10:58:19.308] [SEVERE ] removing player 1 token from slot 2
[10:58:19.308] [SEVERE ] updating countdown to 54718
[10:58:19.309] [SEVERE ] player 4 placing token on slot 9
[10:58:19.309] [SEVERE ] player 1 placing token on slot 4
[10:58:19.419] [SEVERE ] removing player 3 token from slot 5
[10:58:19.419] [SEVERE ] removing player 4 token from slot 10
[10:58:19.419] [SEVERE ] removing player 1 token from slot 1
[10:58:19.420] [SEVERE ] player 4 placing token on slot 10
[10:58:19.420] [SEVERE ] player 1 placing token on slot 6
[10:58:19.419] [SEVERE ] updating countdown to 54607
[10:58:19.419] [SEVERE ] player 3 placing token on slot 3
[10:58:19.531] [SEVERE ] updating countdown to 54495
[10:58:19.531] [SEVERE ] removing player 1 token from slot 6
[10:58:19.531] [SEVERE ] removing player 4 token from slot 0
[10:58:19.532] [SEVERE ] player 4 placing token on slot 7
[10:58:19.532] [SEVERE ] removing player 1 token from slot 7
[10:58:19.532] [SEVERE ] player 1 placing token on slot 7
[10:58:19.532] [SEVERE ] player 1 placing token on slot 6
[10:58:19.642] [SEVERE ] updating countdown to 54384
[10:58:19.754] [SEVERE ] removing player 4 token from slot 9
[10:58:19.754] [SEVERE ] updating countdown to 54272
[10:58:19.754] [SEVERE ] removing player 3 token from slot 4
[10:58:19.755] [SEVERE ] player 4 placing token on slot 9
[10:58:19.755] [SEVERE ] player 3 placing token on slot 4
[10:58:19.867] [SEVERE ] removing player 3 token from slot 4
[10:58:19.867] [SEVERE ] removing player 4 token from slot 9
[10:58:19.867] [SEVERE ] updating countdown to 54159
[10:58:19.868] [SEVERE ] player 3 placing token on slot 5
[10:58:19.868] [SEVERE ] player 4 placing token on slot 3
[10:58:19.968] [SEVERE ] removing player 1 token from slot 6
[10:58:19.969] [SEVERE ] updating countdown to 54057
[10:58:19.969] [SEVERE ] removing player 3 token from slot 1
[10:58:19.969] [SEVERE ] player 1 placing token on slot 5
[10:58:19.969] [SEVERE ] player 3 placing token on slot 8
[10:58:20.072] [SEVERE ] removing player 4 token from slot 3
[10:58:20.072] [SEVERE ] updating countdown to 53954
[10:58:20.072] [SEVERE ] removing player 1 token from slot 5
[10:58:20.072] [SEVERE ] player 4 placing token on slot 5
[10:58:20.072] [SEVERE ] player 1 placing token on slot 1
[10:58:20.184] [SEVERE ] updating countdown to 53842
[10:58:20.299] [SEVERE ] removing player 4 token from slot 7
[10:58:20.299] [SEVERE ] updating countdown to 53727
[10:58:20.299] [SEVERE ] removing player 3 token from slot 8
[10:58:20.299] [SEVERE ] player 4 placing token on slot 1
[10:58:20.299] [SEVERE ] removing player 1 token from slot 4
[10:58:20.299] [SEVERE ] player 3 placing token on slot 4
[10:58:20.299] [SEVERE ] player 1 placing token on slot 6
[10:58:20.413] [SEVERE ] removing player 4 token from slot 10
[10:58:20.413] [SEVERE ] updating countdown to 53613
[10:58:20.413] [SEVERE ] removing player 4 token from slot 5
[10:58:20.413] [SEVERE ] player 4 placing token on slot 4
[10:58:20.413] [SEVERE ] player 4 placing token on slot 7
[10:58:20.523] [SEVERE ] removing player 3 token from slot 5
[10:58:20.523] [SEVERE ] updating countdown to 53503
[10:58:20.524] [SEVERE ] player 3 placing token on slot 6
[10:58:20.636] [SEVERE ] removing player 1 token from slot 1
[10:58:20.636] [SEVERE ] updating countdown to 53390
[10:58:20.636] [SEVERE ] removing player 4 token from slot 1
[10:58:20.636] [SEVERE ] player 1 placing token on slot 5
[10:58:20.636] [SEVERE ] removing player 4 token from slot 7
[10:58:20.636] [SEVERE ] player 4 placing token on slot 10
[10:58:20.636] [SEVERE ] player 4 placing token on slot 7
[10:58:20.747] [SEVERE ] removing player 3 token from slot 4
[10:58:20.747] [SEVERE ] updating countdown to 53279
[10:58:20.747] [SEVERE ] player 3 placing token on slot 9
[10:58:20.859] [SEVERE ] updating countdown to 53167
[10:58:20.859] [SEVERE ] removing player 4 token from slot 4
[10:58:20.859] [SEVERE ] player 4 placing token on slot 5
[10:58:20.968] [SEVERE ] removing player 1 token from slot 7
[10:58:20.968] [SEVERE ] updating countdown to 53058
[10:58:20.969] [SEVERE ] player 1 placing token on slot 1
[10:58:21.083] [SEVERE ] removing player 4 token from slot 10
[10:58:21.083] [SEVERE ] updating countdown to 52943
[10:58:21.083] [SEVERE ] removing player 3 token from slot 9
[10:58:21.084] [SEVERE ] player 4 placing token on slot 6
[10:58:21.084] [SEVERE ] player 3 placing token on slot 0
[10:58:21.198] [SEVERE ] removing player 1 token from slot 5
[10:58:21.198] [SEVERE ] updating countdown to 52828
[10:58:21.198] [SEVERE ] removing player 4 token from slot 7
[10:58:21.198] [SEVERE ] removing player 1 token from slot 6
[10:58:21.198] [SEVERE ] player 4 placing token on slot 8
[10:58:21.198] [SEVERE ] player 1 placing token on slot 11
[10:58:21.198] [SEVERE ] player 1 placing token on slot 3
[10:58:21.308] [SEVERE ] removing player 3 token from slot 6
[10:58:21.309] [SEVERE ] player 3 placing token on slot 9
[10:58:21.416] [SEVERE ] removing card from slot 1
[10:58:21.531] [SEVERE ] removing card from slot 11
[10:58:21.640] [SEVERE ] removing card from slot 3
[10:58:21.640] [SEVERE ] removing tokens from slot 1
[10:58:21.640] [SEVERE ] removing tokens from slot 11
[10:58:21.640] [SEVERE ] removing tokens from slot 3
[10:58:21.750] [SEVERE ] placing card 47 in slot 1
[10:58:21.860] [SEVERE ] placing card 26 in slot 3
[10:58:21.971] [SEVERE ] placing card 60 in slot 11
[10:58:21.971] [SEVERE ] updating countdown to 60000
[10:58:21.971] [SEVERE ] removing player 1 token from slot 1
[10:58:21.971] [SEVERE ] removing player 1 token from slot 11
[10:58:21.971] [SEVERE ] removing player 1 token from slot 3
[10:58:21.971] [SEVERE ] removing player 2 token from slot 11
[10:58:21.971] [SEVERE ] removing player 3 token from slot 3
[10:58:21.971] [SEVERE ] setting player 1 score to 2
[10:58:21.971] [SEVERE ] player 1 placing token on slot 1
[10:58:21.972] [SEVERE ] player 1 placing token on slot 10
[10:58:21.972] [SEVERE ] player 3 placing token on slot 3
[10:58:21.971] [SEVERE ] updating countdown to 60000
[10:58:21.972] [SEVERE ] player 1 placing token on slot 3
[10:58:22.073] [SEVERE ] removing player 4 token from slot 8
[10:58:22.073] [SEVERE ] updating countdown to 59898
[10:58:22.074] [SEVERE ] player 4 placing token on slot 9
[10:58:22.183] [SEVERE ] removing player 3 token from slot 0
[10:58:22.183] [SEVERE ] updating countdown to 59788
[10:58:22.184] [SEVERE ] player 3 placing token on slot 5
[10:58:22.295] [SEVERE ] updating countdown to 59676
[10:58:22.400] [SEVERE ] updating countdown to 59571
[10:58:22.400] [SEVERE ] removing player 4 token from slot 5
[10:58:22.400] [SEVERE ] player 4 placing token on slot 4
[10:58:22.511] [SEVERE ] updating countdown to 59460
[10:58:22.621] [SEVERE ] removing player 3 token from slot 5
[10:58:22.621] [SEVERE ] removing player 1 token from slot 1
[10:58:22.621] [SEVERE ] updating countdown to 59350
[10:58:22.621] [SEVERE ] player 1 placing token on slot 11
[10:58:22.621] [SEVERE ] removing player 4 token from slot 9
[10:58:22.621] [SEVERE ] player 3 placing token on slot 8
[10:58:22.622] [SEVERE ] player 4 placing token on slot 10
[10:58:22.732] [SEVERE ] removing player 1 token from slot 11
[10:58:22.732] [SEVERE ] updating countdown to 59239
[10:58:22.732] [SEVERE ] player 1 placing token on slot 9
[10:58:22.842] [SEVERE ] removing player 3 token from slot 3
[10:58:22.842] [SEVERE ] updating countdown to 59129
[10:58:22.842] [SEVERE ] removing player 4 token from slot 10
[10:58:22.842] [SEVERE ] removing player 3 token from slot 9
[10:58:22.842] [SEVERE ] player 4 placing token on slot 10
[10:58:22.842] [SEVERE ] player 3 placing token on slot 2
[10:58:22.842] [SEVERE ] player 3 placing token on slot 7
[10:58:22.953] [SEVERE ] updating countdown to 59018
[10:58:22.953] [SEVERE ] removing player 1 token from slot 3
[10:58:22.953] [SEVERE ] player 1 placing token on slot 4
[10:58:23.065] [SEVERE ] removing player 3 token from slot 8
[10:58:23.065] [SEVERE ] updating countdown to 58906
[10:58:23.065] [SEVERE ] removing player 1 token from slot 10
[10:58:23.065] [SEVERE ] removing player 4 token from slot 4
[10:58:23.065] [SEVERE ] player 1 placing token on slot 0
[10:58:23.065] [SEVERE ] player 3 placing token on slot 11
[10:58:23.065] [SEVERE ] player 4 placing token on slot 9
[10:58:23.168] [SEVERE ] removing player 1 token from slot 9
[10:58:23.168] [SEVERE ] updating countdown to 58803
[10:58:23.168] [SEVERE ] player 1 placing token on slot 11
[10:58:23.279] [SEVERE ] removing player 1 token from slot 0
[10:58:23.279] [SEVERE ] updating countdown to 58692
[10:58:23.279] [SEVERE ] player 1 placing token on slot 7
[10:58:23.385] [SEVERE ] removing player 4 token from slot 9
[10:58:23.385] [SEVERE ] removing player 3 token from slot 2
[10:58:23.385] [SEVERE ] updating countdown to 58586
[10:58:23.385] [SEVERE ] player 4 placing token on slot 8
[10:58:23.385] [SEVERE ] player 3 placing token on slot 6
[10:58:23.498] [SEVERE ] removing player 3 token from slot 7
[10:58:23.498] [SEVERE ] updating countdown to 58473
[10:58:23.498] [SEVERE ] player 3 placing token on slot 0
[10:58:23.608] [SEVERE ] removing player 1 token from slot 7
[10:58:23.608] [SEVERE ] updating countdown to 58363
[10:58:23.608] [SEVERE ] removing player 3 token from slot 6
[10:58:23.609] [SEVERE ] player 1 placing token on slot 7
[10:58:23.609] [SEVERE ] player 3 placing token on slot 10
[10:58:23.719] [SEVERE ] removing player 1 token from slot 11
[10:58:23.719] [SEVERE ] removing player 4 token from slot 8
[10:58:23.719] [SEVERE ] updating countdown to 58252
[10:58:23.719] [SEVERE ] player 4 placing token on slot 1
[10:58:23.719] [SEVERE ] player 1 placing token on slot 3
[10:58:23.833] [SEVERE ] removing player 1 token from slot 4
[10:58:23.833] [SEVERE ] updating countdown to 58138
[10:58:23.833] [SEVERE ] player 1 placing token on slot 8
[10:58:23.936] [SEVERE ] updating countdown to 58035
[10:58:24.048] [SEVERE ] removing player 1 token from slot 3
[10:58:24.048] [SEVERE ] updating countdown to 57923
[10:58:24.048] [SEVERE ] player 1 placing token on slot 1
[10:58:24.158] [SEVERE ] removing player 3 token from slot 10
[10:58:24.158] [SEVERE ] updating countdown to 57813
[10:58:24.158] [SEVERE ] player 3 placing token on slot 1
[10:58:24.269] [SEVERE ] removing player 1 token from slot 7
[10:58:24.270] [SEVERE ] updating countdown to 57701
[10:58:24.270] [SEVERE ] removing player 3 token from slot 0
[10:58:24.270] [SEVERE ] player 1 placing token on slot 11
[10:58:24.270] [SEVERE ] player 3 placing token on slot 7
[10:58:24.383] [SEVERE ] updating countdown to 57588
[10:58:24.383] [SEVERE ] removing player 3 token from slot 7
[10:58:24.383] [SEVERE ] player 3 placing token on slot 10
[10:58:24.384] [SEVERE ] removing player 1 token from slot 1
[10:58:24.384] [SEVERE ] player 1 placing token on slot 3
[10:58:24.484] [SEVERE ] removing player 4 token from slot 10
[10:58:24.484] [SEVERE ] removing player 1 token from slot 11
[10:58:24.484] [SEVERE ] updating countdown to 57487
[10:58:24.484] [SEVERE ] player 4 placing token on slot 11
[10:58:24.484] [SEVERE ] player 1 placing token on slot 5
[10:58:24.595] [SEVERE ] updating countdown to 57376
[10:58:24.708] [SEVERE ] removing player 3 token from slot 11
[10:58:24.709] [SEVERE ] removing player 4 token from slot 6
[10:58:24.708] [SEVERE ] updating countdown to 57263
[10:58:24.709] [SEVERE ] player 4 placing token on slot 6
[10:58:24.709] [SEVERE ] player 3 placing token on slot 7
[10:58:24.819] [SEVERE ] removing player 1 token from slot 5
[10:58:24.819] [SEVERE ] removing player 3 token from slot 10
[10:58:24.819] [SEVERE ] updating countdown to 57152
[10:58:24.820] [SEVERE ] removing player 3 token from slot 1
[10:58:24.820] [SEVERE ] player 1 placing token on slot 9
[10:58:24.820] [SEVERE ] player 3 placing token on slot 6
[10:58:24.820] [SEVERE ] player 3 placing token on slot 5
[10:58:24.932] [SEVERE ] updating countdown to 57039
[10:58:24.932] [SEVERE ] removing player 4 token from slot 1
[10:58:24.933] [SEVERE ] player 4 placing token on slot 7
[10:58:25.043] [SEVERE ] removing player 3 token from slot 6
[10:58:25.044] [SEVERE ] updating countdown to 56927
[10:58:25.044] [SEVERE ] player 3 placing token on slot 4
[10:58:25.155] [SEVERE ] removing player 4 token from slot 6
[10:58:25.155] [SEVERE ] updating countdown to 56816
[10:58:25.156] [SEVERE ] player 4 placing token on slot 0
[10:58:25.265] [SEVERE ] removing player 4 token from slot 11
[10:58:25.265] [SEVERE ] updating countdown to 56706
[10:58:25.265] [SEVERE ] removing player 1 token from slot 8
[10:58:25.266] [SEVERE ] player 4 placing token on slot 8
[10:58:25.266] [SEVERE ] player 1 placing token on slot 1
[10:58:25.376] [SEVERE ] removing player 4 token from slot 0
[10:58:25.376] [SEVERE ] updating countdown to 56595
[10:58:25.376] [SEVERE ] player 4 placing token on slot 4
[10:58:25.486] [SEVERE ] updating countdown to 56485
[10:58:25.600] [SEVERE ] removing player 1 token from slot 1
[10:58:25.600] [SEVERE ] updating countdown to 56371
[10:58:25.600] [SEVERE ] removing player 3 token from slot 5
[10:58:25.600] [SEVERE ] player 1 placing token on slot 0
[10:58:25.600] [SEVERE ] player 3 placing token on slot 0
[10:58:25.715] [SEVERE ] removing player 1 token from slot 9
[10:58:25.715] [SEVERE ] updating countdown to 56256
[10:58:25.716] [SEVERE ] player 1 placing token on slot 9
[10:58:25.827] [SEVERE ] updating countdown to 56144
[10:58:25.827] [SEVERE ] removing player 4 token from slot 8
[10:58:25.827] [SEVERE ] player 4 placing token on slot 2
[10:58:25.937] [SEVERE ] updating countdown to 56034
[10:58:26.050] [SEVERE ] removing player 3 token from slot 0
[10:58:26.051] [SEVERE ] updating countdown to 55920
[10:58:26.051] [SEVERE ] removing player 1 token from slot 0
[10:58:26.051] [SEVERE ] removing player 4 token from slot 4
[10:58:26.051] [SEVERE ] player 1 placing token on slot 8
[10:58:26.051] [SEVERE ] player 3 placing token on slot 8
[10:58:26.051] [SEVERE ] player 4 placing token on slot 5
[10:58:26.163] [SEVERE ] removing player 4 token from slot 5
[10:58:26.163] [SEVERE ] updating countdown to 55808
[10:58:26.163] [SEVERE ] player 4 placing token on slot 0
[10:58:26.268] [SEVERE ] removing player 3 token from slot 8
[10:58:26.268] [SEVERE ] updating countdown to 55703
[10:58:26.269] [SEVERE ] player 3 placing token on slot 9
[10:58:26.382] [SEVERE ] updating countdown to 55589
[10:58:26.487] [SEVERE ] updating countdown to 55485
[10:58:26.487] [SEVERE ] removing player 1 token from slot 9
[10:58:26.487] [SEVERE ] player 1 placing token on slot 0
[10:58:26.597] [SEVERE ] updating countdown to 55374
[10:58:26.597] [SEVERE ] removing player 3 token from slot 9
[10:58:26.597] [SEVERE ] player 3 placing token on slot 3
[10:58:26.701] [SEVERE ] updating countdown to 55270
[10:58:26.701] [SEVERE ] removing player 1 token from slot 8
[10:58:26.702] [SEVERE ] player 1 placing token on slot 2
[10:58:26.818] [SEVERE ] removing player 3 token from slot 4
[10:58:26.818] [SEVERE ] updating countdown to 55153
[10:58:26.819] [SEVERE ] player 3 placing token on slot 2
[10:58:26.934] [SEVERE ] removing player 1 token from slot 3
[10:58:26.934] [SEVERE ] updating countdown to 55037
[10:58:26.934] [SEVERE ] removing player 4 token from slot 0
[10:58:26.934] [SEVERE ] removing player 3 token from slot 3
[10:58:26.934] [SEVERE ] removing player 4 token from slot 2
[10:58:26.934] [SEVERE ] player 1 placing token on slot 6
[10:58:26.934] [SEVERE ] removing player 4 token from slot 7
[10:58:26.934] [SEVERE ] player 3 placing token on slot 9
[10:58:26.934] [SEVERE ] player 4 placing token on slot 10
[10:58:26.934] [SEVERE ] player 4 placing token on slot 8
[10:58:26.934] [SEVERE ] player 4 placing token on slot 1
[10:58:27.045] [SEVERE ] updating countdown to 54926
[10:58:27.045] [SEVERE ] removing player 3 token from slot 2
[10:58:27.046] [SEVERE ] player 3 placing token on slot 6
[10:58:27.157] [SEVERE ] updating countdown to 54814
[10:58:27.157] [SEVERE ] removing player 1 token from slot 2
[10:58:27.158] [SEVERE ] player 1 placing token on slot 4
[10:58:27.268] [SEVERE ] removing player 3 token from slot 6
[10:58:27.268] [SEVERE ] updating countdown to 54703
[10:58:27.269] [SEVERE ] player 3 placing token on slot 6
[10:58:27.381] [SEVERE ] removing player 4 token from slot 8
[10:58:27.381] [SEVERE ] removing player 3 token from slot 9
[10:58:27.381] [SEVERE ] player 4 placing token on slot 7
[10:58:27.381] [SEVERE ] updating countdown to 54590
[10:58:27.381] [SEVERE ] player 3 placing token on slot 1
[10:58:27.493] [SEVERE ] removing player 4 token from slot 1
[10:58:27.493] [SEVERE ] removing player 3 token from slot 1
[10:58:27.493] [SEVERE ] updating countdown to 54478
[10:58:27.493] [SEVERE ] player 3 placing token on slot 0
[10:58:27.493] [SEVERE ] player 4 placing token on slot 3
[10:58:27.606] [SEVERE ] removing player 3 token from slot 0
[10:58:27.606] [SEVERE ] updating countdown to 54365
[10:58:27.606] [SEVERE ] removing player 4 token from slot 10
[10:58:27.606] [SEVERE ] player 3 placing token on slot 9
[10:58:27.606] [SEVERE ] removing player 4 token from slot 7
[10:58:27.606] [SEVERE ] player 4 placing token on slot 9
[10:58:27.606] [SEVERE ] player 4 placing token on slot 1
[10:58:27.717] [SEVERE ] removing player 1 token from slot 0
[10:58:27.717] [SEVERE ] updating countdown to 54254
[10:58:27.717] [SEVERE ] player 1 placing token on slot 9
[10:58:27.827] [SEVERE ] updating countdown to 54144
[10:58:27.939] [SEVERE ] updating countdown to 54032
[10:58:28.052] [SEVERE ] updating countdown to 53919
[10:58:28.164] [SEVERE ] removing player 4 token from slot 1
[10:58:28.164] [SEVERE ] updating countdown to 53807
[10:58:28.164] [SEVERE ] removing player 3 token from slot 6
[10:58:28.165] [SEVERE ] removing player 4 token from slot 9
[10:58:28.165] [SEVERE ] player 4 placing token on slot 0
[10:58:28.165] [SEVERE ] player 3 placing token on slot 3
[10:58:28.165] [SEVERE ] removing player 4 token from slot 0
[10:58:28.165] [SEVERE ] player 4 placing token on slot 11
[10:58:28.165] [SEVERE ] player 4 placing token on slot 0
[10:58:28.267] [SEVERE ] removing player 3 token from slot 3
[10:58:28.267] [SEVERE ] updating countdown to 53704
[10:58:28.267] [SEVERE ] removing player 1 token from slot 6
[10:58:28.268] [SEVERE ] player 3 placing token on slot 1
[10:58:28.268] [SEVERE ] player 1 placing token on slot 1
[10:58:28.380] [SEVERE ] removing player 4 token from slot 0
[10:58:28.380] [SEVERE ] updating countdown to 53591
[10:58:28.380] [SEVERE ] removing player 3 token from slot 7
[10:58:28.380] [SEVERE ] removing player 4 token from slot 11
[10:58:28.380] [SEVERE ] player 3 placing token on slot 7
[10:58:28.380] [SEVERE ] player 4 placing token on slot 7
[10:58:28.380] [SEVERE ] player 4 placing token on slot 11
[10:58:28.484] [SEVERE ] updating countdown to 53487
[10:58:28.596] [SEVERE ] removing player 4 token from slot 7
[10:58:28.596] [SEVERE ] updating countdown to 53375
[10:58:28.597] [SEVERE ] player 4 placing token on slot 10
[10:58:28.707] [SEVERE ] updating countdown to 53264
[10:58:28.707] [SEVERE ] removing player 4 token from slot 10
[10:58:28.707] [SEVERE ] player 4 placing token on slot 5
[10:58:28.817] [SEVERE ] removing player 4 token from slot 11
[10:58:28.817] [SEVERE ] updating countdown to 53154
[10:58:28.817] [SEVERE ] removing player 3 token from slot 7
[10:58:28.818] [SEVERE ] player 4 placing token on slot 11
[10:58:28.818] [SEVERE ] player 3 placing token on slot 11
[10:58:28.918] [SEVERE ] updating countdown to 53053
[10:58:28.918] [SEVERE ] removing player 1 token from slot 4
[10:58:28.919] [SEVERE ] player 1 placing token on slot 0
[10:58:29.030] [SEVERE ] removing player 4 token from slot 11
[10:58:29.030] [SEVERE ] updating countdown to 52941
[10:58:29.030] [SEVERE ] removing player 3 token from slot 11
[10:58:29.030] [SEVERE ] player 4 placing token on slot 7
[10:58:29.030] [SEVERE ] player 3 placing token on slot 4
[10:58:29.134] [SEVERE ] removing player 1 token from slot 9
[10:58:29.134] [SEVERE ] updating countdown to 52837
[10:58:29.135] [SEVERE ] removing player 3 token from slot 9
[10:58:29.135] [SEVERE ] player 3 placing token on slot 5
[10:58:29.134] [SEVERE ] player 1 placing token on slot 2
[10:58:29.246] [SEVERE ] updating countdown to 52725
[10:58:29.246] [SEVERE ] removing player 4 token from slot 7
[10:58:29.246] [SEVERE ] player 4 placing token on slot 11
[10:58:29.357] [SEVERE ] updating countdown to 52614
[10:58:29.469] [SEVERE ] removing player 3 token from slot 5
[10:58:29.470] [SEVERE ] updating countdown to 52501
[10:58:29.470] [SEVERE ] removing player 3 token from slot 1
[10:58:29.470] [SEVERE ] player 3 placing token on slot 11
[10:58:29.470] [SEVERE ] player 3 placing token on slot 8
[10:58:29.583] [SEVERE ] updating countdown to 52388
[10:58:29.694] [SEVERE ] removing player 3 token from slot 4
[10:58:29.694] [SEVERE ] updating countdown to 52277
[10:58:29.694] [SEVERE ] player 3 placing token on slot 7
[10:58:29.799] [SEVERE ] updating countdown to 52172
[10:58:29.799] [SEVERE ] removing player 4 token from slot 3
[10:58:29.799] [SEVERE ] player 4 placing token on slot 1
[10:58:29.909] [SEVERE ] removing player 3 token from slot 11
[10:58:29.909] [SEVERE ] updating countdown to 52062
[10:58:29.909] [SEVERE ] player 3 placing token on slot 2
[10:58:30.023] [SEVERE ] updating countdown to 51948
[10:58:30.023] [SEVERE ] removing player 3 token from slot 8
[10:58:30.023] [SEVERE ] removing player 3 token from slot 2
[10:58:30.023] [SEVERE ] player 3 placing token on slot 5
[10:58:30.023] [SEVERE ] player 3 placing token on slot 6
[10:58:30.133] [SEVERE ] updating countdown to 51838
[10:58:30.236] [SEVERE ] removing player 4 token from slot 5
[10:58:30.236] [SEVERE ] updating countdown to 51735
[10:58:30.236] [SEVERE ] removing player 4 token from slot 1
[10:58:30.236] [SEVERE ] player 4 placing token on slot 10
[10:58:30.236] [SEVERE ] player 4 placing token on slot 2
[10:58:30.352] [SEVERE ] removing player 4 token from slot 11
[10:58:30.352] [SEVERE ] updating countdown to 51619
[10:58:30.352] [SEVERE ] removing player 4 token from slot 10
[10:58:30.352] [SEVERE ] player 4 placing token on slot 1
[10:58:30.352] [SEVERE ] removing player 4 token from slot 2
[10:58:30.352] [SEVERE ] player 4 placing token on slot 0
[10:58:30.352] [SEVERE ] player 4 placing token on slot 7
[10:58:30.455] [SEVERE ] removing player 1 token from slot 2
[10:58:30.455] [SEVERE ] updating countdown to 51516
[10:58:30.455] [SEVERE ] removing player 1 token from slot 0
[10:58:30.455] [SEVERE ] player 1 placing token on slot 4
[10:58:30.455] [SEVERE ] player 1 placing token on slot 5
[10:58:30.455] [SEVERE ] removing player 4 token from slot 1
[10:58:30.455] [SEVERE ] removing player 4 token from slot 0
[10:58:30.455] [SEVERE ] player 4 placing token on slot 9
[10:58:30.455] [SEVERE ] player 4 placing token on slot 10
[10:58:30.568] [SEVERE ] updating countdown to 51403
[10:58:30.568] [SEVERE ] removing player 4 token from slot 7
[10:58:30.568] [SEVERE ] player 4 placing token on slot 2
[10:58:30.685] [SEVERE ] removing player 3 token from slot 5
[10:58:30.685] [SEVERE ] updating countdown to 51286
[10:58:30.685] [SEVERE ] player 3 placing token on slot 1
[10:58:30.800] [SEVERE ] removing player 1 token from slot 4
[10:58:30.800] [SEVERE ] updating countdown to 51171
[10:58:30.800] [SEVERE ] player 1 placing token on slot 3
[10:58:30.918] [SEVERE ] updating countdown to 51053
[10:58:31.025] [SEVERE ] updating countdown to 50946
[10:58:31.145] [SEVERE ] removing player 3 token from slot 7
[10:58:31.145] [SEVERE ] updating countdown to 50826
[10:58:31.145] [SEVERE ] removing player 4 token from slot 10
[10:58:31.145] [SEVERE ] player 3 placing token on slot 11
[10:58:31.145] [SEVERE ] player 4 placing token on slot 1
[10:58:31.268] [SEVERE ] updating countdown to 50703
[10:58:31.382] [SEVERE ] removing player 3 token from slot 1
[10:58:31.382] [SEVERE ] updating countdown to 50589
[10:58:31.382] [SEVERE ] player 3 placing token on slot 2
[10:58:31.382] [SEVERE ] removing player 4 token from slot 2
[10:58:31.383] [SEVERE ] removing player 4 token from slot 9
[10:58:31.383] [SEVERE ] player 4 placing token on slot 7
[10:58:31.383] [SEVERE ] player 4 placing token on slot 3
[10:58:31.494] [SEVERE ] updating countdown to 50477
[10:58:31.494] [SEVERE ] removing player 3 token from slot 11
[10:58:31.495] [SEVERE ] player 3 placing token on slot 4
[10:58:31.599] [SEVERE ] removing player 3 token from slot 6
[10:58:31.600] [SEVERE ] updating countdown to 50372
[10:58:31.600] [SEVERE ] removing player 3 token from slot 2
[10:58:31.600] [SEVERE ] player 3 placing token on slot 5
[10:58:31.600] [SEVERE ] player 3 placing token on slot 10
[10:58:31.715] [SEVERE ] removing player 3 token from slot 4
[10:58:31.715] [SEVERE ] removing player 4 token from slot 3
[10:58:31.715] [SEVERE ] player 4 placing token on slot 6
[10:58:31.715] [SEVERE ] updating countdown to 50256
[10:58:31.715] [SEVERE ] player 3 placing token on slot 11
[10:58:31.817] [SEVERE ] removing player 1 token from slot 3
[10:58:31.817] [SEVERE ] removing player 3 token from slot 5
[10:58:31.817] [SEVERE ] updating countdown to 50154
[10:58:31.818] [SEVERE ] player 3 placing token on slot 0
[10:58:31.818] [SEVERE ] player 1 placing token on slot 7
[10:58:31.930] [SEVERE ] updating countdown to 50041
[10:58:31.930] [SEVERE ] removing player 4 token from slot 7
[10:58:31.930] [SEVERE ] player 4 placing token on slot 11
[10:58:32.032] [SEVERE ] removing player 1 token from slot 5
[10:58:32.032] [SEVERE ] updating countdown to 49939
[10:58:32.033] [SEVERE ] player 1 placing token on slot 9
[10:58:32.146] [SEVERE ] removing player 3 token from slot 0
[10:58:32.146] [SEVERE ] updating countdown to 49825
[10:58:32.146] [SEVERE ] removing player 4 token from slot 1
[10:58:32.146] [SEVERE ] player 3 placing token on slot 7
[10:58:32.146] [SEVERE ] player 4 placing token on slot 0
[10:58:32.250] [SEVERE ] removing player 3 token from slot 10
[10:58:32.250] [SEVERE ] updating countdown to 49721
[10:58:32.251] [SEVERE ] player 3 placing token on slot 6
[10:58:32.362] [SEVERE ] removing player 1 token from slot 1
[10:58:32.363] [SEVERE ] updating countdown to 49609
[10:58:32.362] [SEVERE ] removing player 4 token from slot 0
[10:58:32.363] [SEVERE ] removing player 4 token from slot 11
[10:58:32.363] [SEVERE ] player 4 placing token on slot 7
[10:58:32.363] [SEVERE ] player 1 placing token on slot 0
[10:58:32.363] [SEVERE ] player 4 placing token on slot 4
[10:58:32.380] [SEVERE ] exit button pressed
[10:58:32.475] [SEVERE ] updating countdown to 49496
[10:58:32.475] [SEVERE ] updating countdown to 60000
[10:58:32.475] [SEVERE ] removing player 1 token from slot 7
[10:58:32.475] [SEVERE ] removing player 1 token from slot 9
[10:58:32.475] [SEVERE ] removing player 1 token from slot 0
[10:58:32.475] [SEVERE ] removing player 2 token from slot 6
[10:58:32.475] [SEVERE ] removing player 2 token from slot 2
[10:58:32.475] [SEVERE ] removing player 3 token from slot 11
[10:58:32.475] [SEVERE ] removing player 3 token from slot 7
[10:58:32.475] [SEVERE ] removing player 3 token from slot 6
[10:58:32.475] [SEVERE ] removing player 4 token from slot 6
[10:58:32.475] [SEVERE ] removing player 4 token from slot 7
[10:58:32.475] [SEVERE ] removing player 4 token from slot 4
[10:58:32.585] [SEVERE ] removing card from slot 0
[10:58:32.700] [SEVERE ] removing card from slot 1
[10:58:32.810] [SEVERE ] removing card from slot 2
[10:58:32.919] [SEVERE ] removing card from slot 3
[10:58:33.029] [SEVERE ] removing card from slot 4
[10:58:33.138] [SEVERE ] removing card from slot 5
[10:58:33.248] [SEVERE ] removing card from slot 6
[10:58:33.361] [SEVERE ] removing card from slot 7
[10:58:33.470] [SEVERE ] removing card from slot 8
[10:58:33.581] [SEVERE ] removing card from slot 9
[10:58:33.691] [SEVERE ] removing card from slot 10
[10:58:33.800] [SEVERE ] removing card from slot 11
[10:58:33.910] [SEVERE ] placing card 49 in slot 0
[10:58:34.022] [SEVERE ] placing card 54 in slot 1
[10:58:34.132] [SEVERE ] placing card 72 in slot 2
[10:58:34.241] [SEVERE ] placing card 30 in slot 3
[10:58:34.350] [SEVERE ] placing card 13 in slot 4
[10:58:34.460] [SEVERE ] placing card 76 in slot 5
[10:58:34.570] [SEVERE ] placing card 56 in slot 6
[10:58:34.681] [SEVERE ] placing card 8 in slot 7
[10:58:34.791] [SEVERE ] placing card 64 in slot 8
[10:58:34.900] [SEVERE ] placing card 65 in slot 9
[10:58:35.001] [SEVERE ] placing card 55 in slot 10
[10:58:35.107] [SEVERE ] placing card 32 in slot 11
[10:58:35.221] [SEVERE ] removing card from slot 0
[10:58:35.335] [SEVERE ] removing card from slot 1
[10:58:35.442] [SEVERE ] removing card from slot 2
[10:58:35.552] [SEVERE ] removing card from slot 3
[10:58:35.666] [SEVERE ] removing card from slot 4
[10:58:35.773] [SEVERE ] removing card from slot 5
[10:58:35.874] [SEVERE ] removing card from slot 6
[10:58:35.984] [SEVERE ] removing card from slot 7
[10:58:36.086] [SEVERE ] removing card from slot 8
[10:58:36.195] [SEVERE ] removing card from slot 9
[10:58:36.305] [SEVERE ] removing card from slot 10
[10:58:36.414] [SEVERE ] removing card from slot 11
[10:58:36.414] [SEVERE ] announcing winner(s): player 1
[10:58:36.414] [INFO   ] thread dealer terminated.
[10:58:36.414] [SEVERE ] thanks for playing... it was fun!
[10:58:36.414] [INFO   ] thread main terminated.
