[21:24:12.285] [INFO   ] thread main starting.
[21:24:12.290] [SEVERE ] cannot read configuration file config.properties trying from resources.
[21:24:12.292] [SEVERE ] configuration file was loaded from resources directory.
[21:24:12.762] [INFO   ] thread dealer starting.
[21:24:12.876] [SEVERE ] placing card 53 in slot 0
[21:24:12.876] [SEVERE ] player 5 placing token on slot 0
[21:24:12.876] [SEVERE ] player 2 placing token on slot 0
[21:24:12.876] [SEVERE ] player 4 placing token on slot 0
[21:24:12.877] [SEVERE ] removing player 4 token from slot 0
[21:24:12.877] [SEVERE ] player 4 placing token on slot 0
[21:24:12.883] [SEVERE ] removing player 4 token from slot 0
[21:24:12.883] [SEVERE ] player 4 placing token on slot 0
[21:24:12.876] [SEVERE ] player 3 placing token on slot 0
[21:24:12.884] [SEVERE ] removing player 4 token from slot 0
[21:24:12.878] [SEVERE ] removing player 5 token from slot 0
[21:24:12.877] [SEVERE ] removing player 2 token from slot 0
[21:24:12.887] [SEVERE ] player 5 placing token on slot 0
[21:24:12.887] [SEVERE ] player 4 placing token on slot 0
[21:24:12.887] [SEVERE ] removing player 4 token from slot 0
[21:24:12.887] [SEVERE ] player 4 placing token on slot 0
[21:24:12.888] [SEVERE ] removing player 4 token from slot 0
[21:24:12.889] [SEVERE ] player 4 placing token on slot 0
[21:24:12.886] [SEVERE ] removing player 3 token from slot 0
[21:24:12.887] [SEVERE ] removing player 5 token from slot 0
[21:24:12.890] [SEVERE ] removing player 4 token from slot 0
[21:24:12.890] [SEVERE ] player 4 placing token on slot 0
[21:24:12.890] [SEVERE ] removing player 4 token from slot 0
[21:24:12.890] [SEVERE ] player 4 placing token on slot 0
[21:24:12.891] [SEVERE ] removing player 4 token from slot 0
[21:24:12.891] [SEVERE ] player 4 placing token on slot 0
[21:24:12.891] [SEVERE ] removing player 4 token from slot 0
[21:24:12.891] [SEVERE ] player 4 placing token on slot 0
[21:24:12.891] [SEVERE ] removing player 4 token from slot 0
[21:24:12.892] [SEVERE ] player 4 placing token on slot 0
[21:24:12.892] [SEVERE ] removing player 4 token from slot 0
[21:24:12.893] [SEVERE ] player 4 placing token on slot 0
[21:24:12.894] [SEVERE ] removing player 4 token from slot 0
[21:24:12.894] [SEVERE ] player 4 placing token on slot 0
[21:24:12.894] [SEVERE ] removing player 4 token from slot 0
[21:24:12.894] [SEVERE ] player 4 placing token on slot 0
[21:24:12.894] [SEVERE ] removing player 4 token from slot 0
[21:24:12.895] [SEVERE ] player 4 placing token on slot 0
[21:24:12.895] [SEVERE ] removing player 4 token from slot 0
[21:24:12.895] [SEVERE ] player 4 placing token on slot 0
[21:24:12.895] [SEVERE ] removing player 4 token from slot 0
[21:24:12.895] [SEVERE ] player 4 placing token on slot 0
[21:24:12.895] [SEVERE ] removing player 4 token from slot 0
[21:24:12.887] [SEVERE ] player 2 placing token on slot 0
[21:24:12.897] [SEVERE ] removing player 2 token from slot 0
[21:24:12.897] [SEVERE ] player 2 placing token on slot 0
[21:24:12.897] [SEVERE ] removing player 2 token from slot 0
[21:24:12.890] [SEVERE ] player 5 placing token on slot 0
[21:24:12.890] [SEVERE ] player 3 placing token on slot 0
[21:24:12.898] [SEVERE ] removing player 5 token from slot 0
[21:24:12.898] [SEVERE ] player 2 placing token on slot 0
[21:24:12.898] [SEVERE ] player 4 placing token on slot 0
[21:24:12.899] [SEVERE ] removing player 2 token from slot 0
[21:24:12.899] [SEVERE ] player 5 placing token on slot 0
[21:24:12.898] [SEVERE ] removing player 3 token from slot 0
[21:24:12.900] [SEVERE ] removing player 5 token from slot 0
[21:24:12.900] [SEVERE ] player 2 placing token on slot 0
[21:24:12.900] [SEVERE ] removing player 4 token from slot 0
[21:24:12.900] [SEVERE ] removing player 2 token from slot 0
[21:24:12.900] [SEVERE ] player 5 placing token on slot 0
[21:24:12.900] [SEVERE ] player 3 placing token on slot 0
[21:24:12.901] [SEVERE ] removing player 5 token from slot 0
[21:24:12.901] [SEVERE ] player 2 placing token on slot 0
[21:24:12.900] [SEVERE ] player 4 placing token on slot 0
[21:24:12.901] [SEVERE ] removing player 2 token from slot 0
[21:24:12.901] [SEVERE ] player 5 placing token on slot 0
[21:24:12.901] [SEVERE ] removing player 3 token from slot 0
[21:24:12.901] [SEVERE ] removing player 5 token from slot 0
[21:24:12.901] [SEVERE ] player 2 placing token on slot 0
[21:24:12.901] [SEVERE ] removing player 4 token from slot 0
[21:24:12.903] [SEVERE ] removing player 2 token from slot 0
[21:24:12.903] [SEVERE ] player 5 placing token on slot 0
[21:24:12.903] [SEVERE ] player 3 placing token on slot 0
[21:24:12.904] [SEVERE ] removing player 5 token from slot 0
[21:24:12.904] [SEVERE ] player 5 placing token on slot 0
[21:24:12.903] [SEVERE ] player 2 placing token on slot 0
[21:24:12.903] [SEVERE ] player 4 placing token on slot 0
[21:24:12.904] [SEVERE ] removing player 5 token from slot 0
[21:24:12.904] [SEVERE ] player 5 placing token on slot 0
[21:24:12.905] [SEVERE ] removing player 5 token from slot 0
[21:24:12.904] [SEVERE ] removing player 3 token from slot 0
[21:24:12.905] [SEVERE ] player 3 placing token on slot 0
[21:24:12.905] [SEVERE ] removing player 3 token from slot 0
[21:24:12.905] [SEVERE ] player 3 placing token on slot 0
[21:24:12.905] [SEVERE ] removing player 3 token from slot 0
[21:24:12.905] [SEVERE ] player 3 placing token on slot 0
[21:24:12.906] [SEVERE ] removing player 3 token from slot 0
[21:24:12.906] [SEVERE ] player 3 placing token on slot 0
[21:24:12.906] [SEVERE ] removing player 3 token from slot 0
[21:24:12.906] [SEVERE ] player 3 placing token on slot 0
[21:24:12.906] [SEVERE ] removing player 3 token from slot 0
[21:24:12.905] [SEVERE ] removing player 2 token from slot 0
[21:24:12.905] [SEVERE ] player 5 placing token on slot 0
[21:24:12.904] [SEVERE ] removing player 4 token from slot 0
[21:24:12.907] [SEVERE ] player 3 placing token on slot 0
[21:24:12.907] [SEVERE ] removing player 3 token from slot 0
[21:24:12.907] [SEVERE ] player 3 placing token on slot 0
[21:24:12.907] [SEVERE ] removing player 3 token from slot 0
[21:24:12.907] [SEVERE ] player 3 placing token on slot 0
[21:24:12.907] [SEVERE ] removing player 3 token from slot 0
[21:24:12.908] [SEVERE ] player 3 placing token on slot 0
[21:24:12.908] [SEVERE ] removing player 3 token from slot 0
[21:24:12.908] [SEVERE ] player 3 placing token on slot 0
[21:24:12.908] [SEVERE ] removing player 3 token from slot 0
[21:24:12.908] [SEVERE ] player 3 placing token on slot 0
[21:24:12.908] [SEVERE ] removing player 3 token from slot 0
[21:24:12.908] [SEVERE ] player 3 placing token on slot 0
[21:24:12.909] [SEVERE ] removing player 3 token from slot 0
[21:24:12.909] [SEVERE ] player 3 placing token on slot 0
[21:24:12.909] [SEVERE ] removing player 3 token from slot 0
[21:24:12.909] [SEVERE ] player 3 placing token on slot 0
[21:24:12.909] [SEVERE ] removing player 3 token from slot 0
[21:24:12.909] [SEVERE ] player 3 placing token on slot 0
[21:24:12.909] [SEVERE ] removing player 3 token from slot 0
[21:24:12.910] [SEVERE ] player 3 placing token on slot 0
[21:24:12.910] [SEVERE ] removing player 3 token from slot 0
[21:24:12.910] [SEVERE ] player 3 placing token on slot 0
[21:24:12.910] [SEVERE ] removing player 3 token from slot 0
[21:24:12.910] [SEVERE ] player 3 placing token on slot 0
[21:24:12.910] [SEVERE ] removing player 3 token from slot 0
[21:24:12.907] [SEVERE ] player 2 placing token on slot 0
[21:24:12.907] [SEVERE ] removing player 5 token from slot 0
[21:24:12.914] [SEVERE ] player 5 placing token on slot 0
[21:24:12.914] [SEVERE ] removing player 5 token from slot 0
[21:24:12.914] [SEVERE ] player 5 placing token on slot 0
[21:24:12.914] [SEVERE ] removing player 5 token from slot 0
[21:24:12.914] [SEVERE ] player 5 placing token on slot 0
[21:24:12.913] [SEVERE ] removing player 2 token from slot 0
[21:24:12.914] [SEVERE ] player 2 placing token on slot 0
[21:24:12.915] [SEVERE ] removing player 2 token from slot 0
[21:24:12.915] [SEVERE ] player 2 placing token on slot 0
[21:24:12.912] [SEVERE ] player 3 placing token on slot 0
[21:24:12.910] [SEVERE ] player 4 placing token on slot 0
[21:24:12.915] [SEVERE ] removing player 4 token from slot 0
[21:24:12.915] [SEVERE ] removing player 3 token from slot 0
[21:24:12.916] [SEVERE ] player 3 placing token on slot 0
[21:24:12.916] [SEVERE ] removing player 3 token from slot 0
[21:24:12.916] [SEVERE ] player 3 placing token on slot 0
[21:24:12.916] [SEVERE ] removing player 3 token from slot 0
[21:24:12.917] [SEVERE ] player 3 placing token on slot 0
[21:24:12.917] [SEVERE ] removing player 3 token from slot 0
[21:24:12.917] [SEVERE ] player 3 placing token on slot 0
[21:24:12.917] [SEVERE ] removing player 3 token from slot 0
[21:24:12.915] [SEVERE ] removing player 2 token from slot 0
[21:24:12.914] [SEVERE ] removing player 5 token from slot 0
[21:24:12.918] [SEVERE ] player 2 placing token on slot 0
[21:24:12.918] [SEVERE ] removing player 2 token from slot 0
[21:24:12.918] [SEVERE ] player 2 placing token on slot 0
[21:24:12.918] [SEVERE ] removing player 2 token from slot 0
[21:24:12.918] [SEVERE ] player 2 placing token on slot 0
[21:24:12.918] [SEVERE ] removing player 2 token from slot 0
[21:24:12.919] [SEVERE ] player 2 placing token on slot 0
[21:24:12.919] [SEVERE ] removing player 2 token from slot 0
[21:24:12.919] [SEVERE ] player 2 placing token on slot 0
[21:24:12.919] [SEVERE ] removing player 2 token from slot 0
[21:24:12.918] [SEVERE ] player 3 placing token on slot 0
[21:24:12.915] [SEVERE ] player 4 placing token on slot 0
[21:24:12.920] [SEVERE ] removing player 3 token from slot 0
[21:24:12.920] [SEVERE ] player 3 placing token on slot 0
[21:24:12.920] [SEVERE ] removing player 3 token from slot 0
[21:24:12.920] [SEVERE ] player 3 placing token on slot 0
[21:24:12.920] [SEVERE ] removing player 3 token from slot 0
[21:24:12.920] [SEVERE ] player 3 placing token on slot 0
[21:24:12.920] [SEVERE ] removing player 3 token from slot 0
[21:24:12.919] [SEVERE ] player 2 placing token on slot 0
[21:24:12.918] [SEVERE ] player 5 placing token on slot 0
[21:24:12.921] [SEVERE ] removing player 2 token from slot 0
[21:24:12.921] [SEVERE ] player 2 placing token on slot 0
[21:24:12.921] [SEVERE ] removing player 2 token from slot 0
[21:24:12.921] [SEVERE ] player 2 placing token on slot 0
[21:24:12.921] [SEVERE ] removing player 2 token from slot 0
[21:24:12.921] [SEVERE ] player 3 placing token on slot 0
[21:24:12.920] [SEVERE ] removing player 4 token from slot 0
[21:24:12.922] [SEVERE ] removing player 3 token from slot 0
[21:24:12.922] [SEVERE ] player 3 placing token on slot 0
[21:24:12.921] [SEVERE ] player 2 placing token on slot 0
[21:24:12.921] [SEVERE ] removing player 5 token from slot 0
[21:24:12.922] [SEVERE ] removing player 2 token from slot 0
[21:24:12.922] [SEVERE ] player 2 placing token on slot 0
[21:24:12.922] [SEVERE ] removing player 2 token from slot 0
[21:24:12.922] [SEVERE ] player 2 placing token on slot 0
[21:24:12.923] [SEVERE ] removing player 2 token from slot 0
[21:24:12.923] [SEVERE ] player 2 placing token on slot 0
[21:24:12.923] [SEVERE ] removing player 2 token from slot 0
[21:24:12.923] [SEVERE ] player 2 placing token on slot 0
[21:24:12.923] [SEVERE ] removing player 2 token from slot 0
[21:24:12.923] [SEVERE ] player 2 placing token on slot 0
[21:24:12.923] [SEVERE ] removing player 2 token from slot 0
[21:24:12.924] [SEVERE ] player 2 placing token on slot 0
[21:24:12.924] [SEVERE ] removing player 2 token from slot 0
[21:24:12.924] [SEVERE ] player 2 placing token on slot 0
[21:24:12.924] [SEVERE ] removing player 2 token from slot 0
[21:24:12.924] [SEVERE ] player 2 placing token on slot 0
[21:24:12.925] [SEVERE ] removing player 2 token from slot 0
[21:24:12.925] [SEVERE ] player 2 placing token on slot 0
[21:24:12.925] [SEVERE ] removing player 2 token from slot 0
[21:24:12.925] [SEVERE ] player 2 placing token on slot 0
[21:24:12.925] [SEVERE ] removing player 2 token from slot 0
[21:24:12.925] [SEVERE ] player 2 placing token on slot 0
[21:24:12.925] [SEVERE ] removing player 2 token from slot 0
[21:24:12.925] [SEVERE ] player 2 placing token on slot 0
[21:24:12.926] [SEVERE ] removing player 2 token from slot 0
[21:24:12.926] [SEVERE ] player 2 placing token on slot 0
[21:24:12.926] [SEVERE ] removing player 2 token from slot 0
[21:24:12.922] [SEVERE ] removing player 3 token from slot 0
[21:24:12.927] [SEVERE ] player 3 placing token on slot 0
[21:24:12.927] [SEVERE ] removing player 3 token from slot 0
[21:24:12.922] [SEVERE ] player 4 placing token on slot 0
[21:24:12.931] [SEVERE ] player 3 placing token on slot 0
[21:24:12.927] [SEVERE ] player 2 placing token on slot 0
[21:24:12.933] [SEVERE ] removing player 2 token from slot 0
[21:24:12.933] [SEVERE ] player 2 placing token on slot 0
[21:24:12.933] [SEVERE ] removing player 4 token from slot 0
[21:24:12.933] [SEVERE ] player 4 placing token on slot 0
[21:24:12.934] [SEVERE ] removing player 4 token from slot 0
[21:24:12.934] [SEVERE ] player 4 placing token on slot 0
[21:24:12.934] [SEVERE ] removing player 4 token from slot 0
[21:24:12.934] [SEVERE ] player 4 placing token on slot 0
[21:24:12.934] [SEVERE ] removing player 4 token from slot 0
[21:24:12.934] [SEVERE ] player 4 placing token on slot 0
[21:24:12.934] [SEVERE ] removing player 4 token from slot 0
[21:24:12.934] [SEVERE ] player 4 placing token on slot 0
[21:24:12.934] [SEVERE ] removing player 4 token from slot 0
[21:24:12.934] [SEVERE ] player 4 placing token on slot 0
[21:24:12.935] [SEVERE ] removing player 4 token from slot 0
[21:24:12.935] [SEVERE ] player 4 placing token on slot 0
[21:24:12.935] [SEVERE ] removing player 4 token from slot 0
[21:24:12.935] [SEVERE ] player 4 placing token on slot 0
[21:24:12.935] [SEVERE ] removing player 4 token from slot 0
[21:24:12.935] [SEVERE ] player 4 placing token on slot 0
[21:24:12.935] [SEVERE ] removing player 4 token from slot 0
[21:24:12.935] [SEVERE ] player 4 placing token on slot 0
[21:24:12.935] [SEVERE ] removing player 4 token from slot 0
[21:24:12.935] [SEVERE ] player 4 placing token on slot 0
[21:24:12.936] [SEVERE ] removing player 4 token from slot 0
[21:24:12.936] [SEVERE ] player 4 placing token on slot 0
[21:24:12.936] [SEVERE ] removing player 4 token from slot 0
[21:24:12.936] [SEVERE ] player 4 placing token on slot 0
[21:24:12.936] [SEVERE ] removing player 4 token from slot 0
[21:24:12.936] [SEVERE ] player 4 placing token on slot 0
[21:24:12.936] [SEVERE ] removing player 4 token from slot 0
[21:24:12.936] [SEVERE ] player 4 placing token on slot 0
[21:24:12.936] [SEVERE ] removing player 4 token from slot 0
[21:24:12.936] [SEVERE ] player 4 placing token on slot 0
[21:24:12.936] [SEVERE ] removing player 4 token from slot 0
[21:24:12.937] [SEVERE ] player 4 placing token on slot 0
[21:24:12.937] [SEVERE ] removing player 4 token from slot 0
[21:24:12.937] [SEVERE ] player 4 placing token on slot 0
[21:24:12.937] [SEVERE ] removing player 4 token from slot 0
[21:24:12.937] [SEVERE ] player 4 placing token on slot 0
[21:24:12.937] [SEVERE ] removing player 4 token from slot 0
[21:24:12.937] [SEVERE ] player 4 placing token on slot 0
[21:24:12.937] [SEVERE ] removing player 4 token from slot 0
[21:24:12.937] [SEVERE ] player 4 placing token on slot 0
[21:24:12.937] [SEVERE ] removing player 4 token from slot 0
[21:24:12.938] [SEVERE ] player 4 placing token on slot 0
[21:24:12.938] [SEVERE ] removing player 4 token from slot 0
[21:24:12.938] [SEVERE ] player 4 placing token on slot 0
[21:24:12.938] [SEVERE ] removing player 4 token from slot 0
[21:24:12.938] [SEVERE ] player 4 placing token on slot 0
[21:24:12.938] [SEVERE ] removing player 4 token from slot 0
[21:24:12.938] [SEVERE ] player 4 placing token on slot 0
[21:24:12.938] [SEVERE ] removing player 4 token from slot 0
[21:24:12.938] [SEVERE ] player 4 placing token on slot 0
[21:24:12.938] [SEVERE ] removing player 4 token from slot 0
[21:24:12.938] [SEVERE ] player 4 placing token on slot 0
[21:24:12.938] [SEVERE ] removing player 4 token from slot 0
[21:24:12.939] [SEVERE ] removing player 2 token from slot 0
[21:24:12.939] [SEVERE ] player 2 placing token on slot 0
[21:24:12.939] [SEVERE ] removing player 2 token from slot 0
[21:24:12.939] [SEVERE ] player 2 placing token on slot 0
[21:24:12.939] [SEVERE ] removing player 2 token from slot 0
[21:24:12.939] [SEVERE ] player 4 placing token on slot 0
[21:24:12.940] [SEVERE ] removing player 4 token from slot 0
[21:24:12.940] [SEVERE ] player 4 placing token on slot 0
[21:24:12.940] [SEVERE ] removing player 4 token from slot 0
[21:24:12.940] [SEVERE ] player 4 placing token on slot 0
[21:24:12.940] [SEVERE ] removing player 4 token from slot 0
[21:24:12.940] [SEVERE ] player 4 placing token on slot 0
[21:24:12.940] [SEVERE ] removing player 4 token from slot 0
[21:24:12.940] [SEVERE ] player 4 placing token on slot 0
[21:24:12.941] [SEVERE ] removing player 4 token from slot 0
[21:24:12.941] [SEVERE ] player 4 placing token on slot 0
[21:24:12.941] [SEVERE ] removing player 4 token from slot 0
[21:24:12.941] [SEVERE ] player 4 placing token on slot 0
[21:24:12.941] [SEVERE ] removing player 4 token from slot 0
[21:24:12.941] [SEVERE ] player 4 placing token on slot 0
[21:24:12.941] [SEVERE ] removing player 4 token from slot 0
[21:24:12.941] [SEVERE ] player 4 placing token on slot 0
[21:24:12.942] [SEVERE ] removing player 4 token from slot 0
[21:24:12.922] [SEVERE ] player 5 placing token on slot 0
[21:24:12.943] [SEVERE ] removing player 5 token from slot 0
[21:24:12.943] [SEVERE ] player 5 placing token on slot 0
[21:24:12.943] [SEVERE ] player 2 placing token on slot 0
[21:24:12.943] [SEVERE ] removing player 2 token from slot 0
[21:24:12.942] [SEVERE ] player 4 placing token on slot 0
[21:24:12.943] [SEVERE ] removing player 4 token from slot 0
[21:24:12.944] [SEVERE ] player 4 placing token on slot 0
[21:24:12.944] [SEVERE ] removing player 4 token from slot 0
[21:24:12.944] [SEVERE ] player 4 placing token on slot 0
[21:24:12.944] [SEVERE ] removing player 4 token from slot 0
[21:24:12.944] [SEVERE ] player 4 placing token on slot 0
[21:24:12.944] [SEVERE ] removing player 4 token from slot 0
[21:24:12.944] [SEVERE ] player 4 placing token on slot 0
[21:24:12.944] [SEVERE ] removing player 4 token from slot 0
[21:24:12.944] [SEVERE ] player 2 placing token on slot 0
[21:24:12.945] [SEVERE ] removing player 2 token from slot 0
[21:24:12.945] [SEVERE ] player 2 placing token on slot 0
[21:24:12.945] [SEVERE ] removing player 2 token from slot 0
[21:24:12.945] [SEVERE ] player 2 placing token on slot 0
[21:24:12.945] [SEVERE ] removing player 2 token from slot 0
[21:24:12.945] [SEVERE ] player 2 placing token on slot 0
[21:24:12.945] [SEVERE ] removing player 2 token from slot 0
[21:24:12.945] [SEVERE ] player 2 placing token on slot 0
[21:24:12.945] [SEVERE ] removing player 2 token from slot 0
[21:24:12.945] [SEVERE ] player 2 placing token on slot 0
[21:24:12.949] [SEVERE ] removing player 2 token from slot 0
[21:24:12.949] [SEVERE ] player 2 placing token on slot 0
[21:24:12.949] [SEVERE ] removing player 2 token from slot 0
[21:24:12.949] [SEVERE ] player 2 placing token on slot 0
[21:24:12.949] [SEVERE ] removing player 2 token from slot 0
[21:24:12.949] [SEVERE ] player 2 placing token on slot 0
[21:24:12.949] [SEVERE ] removing player 2 token from slot 0
[21:24:12.949] [SEVERE ] player 2 placing token on slot 0
[21:24:12.951] [SEVERE ] removing player 2 token from slot 0
[21:24:12.951] [SEVERE ] player 2 placing token on slot 0
[21:24:12.952] [SEVERE ] removing player 2 token from slot 0
[21:24:12.933] [SEVERE ] removing player 3 token from slot 0
[21:24:12.953] [SEVERE ] player 3 placing token on slot 0
[21:24:12.953] [SEVERE ] removing player 3 token from slot 0
[21:24:12.947] [SEVERE ] removing player 5 token from slot 0
[21:24:12.953] [SEVERE ] player 5 placing token on slot 0
[21:24:12.953] [SEVERE ] removing player 5 token from slot 0
[21:24:12.953] [SEVERE ] player 5 placing token on slot 0
[21:24:12.953] [SEVERE ] removing player 5 token from slot 0
[21:24:12.954] [SEVERE ] player 5 placing token on slot 0
[21:24:12.954] [SEVERE ] player 3 placing token on slot 0
[21:24:12.955] [SEVERE ] removing player 3 token from slot 0
[21:24:12.954] [SEVERE ] player 4 placing token on slot 0
[21:24:12.956] [SEVERE ] removing player 4 token from slot 0
[21:24:12.957] [SEVERE ] player 4 placing token on slot 0
[21:24:12.957] [SEVERE ] removing player 4 token from slot 0
[21:24:12.957] [SEVERE ] player 4 placing token on slot 0
[21:24:12.957] [SEVERE ] removing player 4 token from slot 0
[21:24:12.958] [SEVERE ] player 4 placing token on slot 0
[21:24:12.958] [SEVERE ] removing player 4 token from slot 0
[21:24:12.958] [SEVERE ] player 4 placing token on slot 0
[21:24:12.958] [SEVERE ] removing player 4 token from slot 0
[21:24:12.958] [SEVERE ] player 4 placing token on slot 0
[21:24:12.958] [SEVERE ] removing player 4 token from slot 0
[21:24:12.958] [SEVERE ] player 4 placing token on slot 0
[21:24:12.959] [SEVERE ] removing player 4 token from slot 0
[21:24:12.959] [SEVERE ] player 4 placing token on slot 0
[21:24:12.959] [SEVERE ] removing player 4 token from slot 0
[21:24:12.959] [SEVERE ] player 4 placing token on slot 0
[21:24:12.959] [SEVERE ] removing player 4 token from slot 0
[21:24:12.959] [SEVERE ] player 2 placing token on slot 0
[21:24:12.959] [SEVERE ] removing player 2 token from slot 0
[21:24:12.957] [SEVERE ] removing player 5 token from slot 0
[21:24:12.959] [SEVERE ] player 5 placing token on slot 0
[21:24:12.959] [SEVERE ] removing player 5 token from slot 0
[21:24:12.959] [SEVERE ] player 5 placing token on slot 0
[21:24:12.960] [SEVERE ] removing player 5 token from slot 0
[21:24:12.960] [SEVERE ] player 5 placing token on slot 0
[21:24:12.960] [SEVERE ] removing player 5 token from slot 0
[21:24:12.960] [SEVERE ] player 5 placing token on slot 0
[21:24:12.960] [SEVERE ] removing player 5 token from slot 0
[21:24:12.960] [SEVERE ] player 5 placing token on slot 0
[21:24:12.960] [SEVERE ] removing player 5 token from slot 0
[21:24:12.960] [SEVERE ] player 5 placing token on slot 0
[21:24:12.960] [SEVERE ] removing player 5 token from slot 0
[21:24:12.960] [SEVERE ] player 5 placing token on slot 0
[21:24:12.956] [SEVERE ] player 3 placing token on slot 0
[21:24:12.962] [SEVERE ] removing player 3 token from slot 0
[21:24:12.964] [SEVERE ] player 2 placing token on slot 0
[21:24:12.966] [SEVERE ] removing player 2 token from slot 0
[21:24:12.967] [SEVERE ] player 2 placing token on slot 0
[21:24:12.966] [SEVERE ] player 4 placing token on slot 0
[21:24:12.968] [SEVERE ] removing player 4 token from slot 0
[21:24:12.968] [SEVERE ] player 4 placing token on slot 0
[21:24:12.968] [SEVERE ] removing player 4 token from slot 0
[21:24:12.970] [SEVERE ] removing player 2 token from slot 0
[21:24:12.971] [SEVERE ] player 2 placing token on slot 0
[21:24:12.971] [SEVERE ] removing player 2 token from slot 0
[21:24:12.971] [SEVERE ] player 2 placing token on slot 0
[21:24:12.971] [SEVERE ] removing player 2 token from slot 0
[21:24:12.971] [SEVERE ] player 2 placing token on slot 0
[21:24:12.971] [SEVERE ] removing player 2 token from slot 0
[21:24:12.971] [SEVERE ] player 2 placing token on slot 0
[21:24:12.971] [SEVERE ] removing player 2 token from slot 0
[21:24:12.972] [SEVERE ] player 2 placing token on slot 0
[21:24:12.972] [SEVERE ] removing player 2 token from slot 0
[21:24:12.972] [SEVERE ] player 2 placing token on slot 0
[21:24:12.972] [SEVERE ] removing player 2 token from slot 0
[21:24:12.972] [SEVERE ] player 2 placing token on slot 0
[21:24:12.972] [SEVERE ] removing player 2 token from slot 0
[21:24:12.972] [SEVERE ] player 2 placing token on slot 0
[21:24:12.972] [SEVERE ] removing player 2 token from slot 0
[21:24:12.972] [SEVERE ] player 2 placing token on slot 0
[21:24:12.972] [SEVERE ] removing player 2 token from slot 0
[21:24:12.972] [SEVERE ] player 2 placing token on slot 0
[21:24:12.972] [SEVERE ] removing player 2 token from slot 0
[21:24:12.972] [SEVERE ] player 2 placing token on slot 0
[21:24:12.972] [SEVERE ] removing player 2 token from slot 0
[21:24:12.973] [SEVERE ] player 2 placing token on slot 0
[21:24:12.973] [SEVERE ] removing player 2 token from slot 0
[21:24:12.973] [SEVERE ] player 2 placing token on slot 0
[21:24:12.973] [SEVERE ] removing player 2 token from slot 0
[21:24:12.973] [SEVERE ] player 2 placing token on slot 0
[21:24:12.973] [SEVERE ] removing player 2 token from slot 0
[21:24:12.973] [SEVERE ] player 2 placing token on slot 0
[21:24:12.974] [SEVERE ] removing player 2 token from slot 0
[21:24:12.974] [SEVERE ] player 2 placing token on slot 0
[21:24:12.974] [SEVERE ] removing player 2 token from slot 0
[21:24:12.975] [SEVERE ] player 2 placing token on slot 0
[21:24:12.975] [SEVERE ] removing player 2 token from slot 0
[21:24:12.975] [SEVERE ] player 2 placing token on slot 0
[21:24:12.975] [SEVERE ] removing player 2 token from slot 0
[21:24:12.976] [SEVERE ] player 2 placing token on slot 0
[21:24:12.976] [SEVERE ] removing player 2 token from slot 0
[21:24:12.976] [SEVERE ] player 2 placing token on slot 0
[21:24:12.966] [SEVERE ] player 3 placing token on slot 0
[21:24:12.978] [SEVERE ] placing card 68 in slot 1
[21:24:12.973] [SEVERE ] player 4 placing token on slot 0
[21:24:12.983] [SEVERE ] player 4 placing token on slot 1
[21:24:12.983] [SEVERE ] removing player 4 token from slot 1
[21:24:12.983] [SEVERE ] removing player 4 token from slot 0
[21:24:12.973] [SEVERE ] removing player 5 token from slot 0
[21:24:12.984] [SEVERE ] player 5 placing token on slot 0
[21:24:12.989] [SEVERE ] player 5 placing token on slot 1
[21:24:12.990] [SEVERE ] removing player 5 token from slot 1
[21:24:12.990] [SEVERE ] removing player 5 token from slot 0
[21:24:12.990] [SEVERE ] player 5 placing token on slot 0
[21:24:12.990] [SEVERE ] removing player 5 token from slot 0
[21:24:12.990] [SEVERE ] player 5 placing token on slot 0
[21:24:12.990] [SEVERE ] removing player 5 token from slot 0
[21:24:12.990] [SEVERE ] player 5 placing token on slot 0
[21:24:12.990] [SEVERE ] player 5 placing token on slot 1
[21:24:12.992] [SEVERE ] removing player 5 token from slot 0
[21:24:12.992] [SEVERE ] removing player 2 token from slot 0
[21:24:12.984] [SEVERE ] player 4 placing token on slot 0
[21:24:12.983] [SEVERE ] player 3 placing token on slot 1
[21:24:13.009] [SEVERE ] removing player 3 token from slot 0
[21:24:13.006] [SEVERE ] player 4 placing token on slot 1
[21:24:12.998] [SEVERE ] player 2 placing token on slot 1
[21:24:13.009] [SEVERE ] removing player 4 token from slot 1
[21:24:13.014] [SEVERE ] player 4 placing token on slot 1
[21:24:13.014] [SEVERE ] removing player 4 token from slot 0
[21:24:13.014] [SEVERE ] removing player 4 token from slot 1
[21:24:13.016] [SEVERE ] player 4 placing token on slot 1
[21:24:13.009] [SEVERE ] player 3 placing token on slot 0
[21:24:13.009] [SEVERE ] player 5 placing token on slot 0
[21:24:13.017] [SEVERE ] removing player 5 token from slot 0
[21:24:13.017] [SEVERE ] removing player 5 token from slot 1
[21:24:13.017] [SEVERE ] removing player 3 token from slot 1
[21:24:13.016] [SEVERE ] player 4 placing token on slot 0
[21:24:13.022] [SEVERE ] removing player 3 token from slot 0
[21:24:13.022] [SEVERE ] removing player 4 token from slot 0
[21:24:13.022] [SEVERE ] removing player 4 token from slot 1
[21:24:13.023] [SEVERE ] player 4 placing token on slot 1
[21:24:13.016] [SEVERE ] player 2 placing token on slot 0
[21:24:13.025] [SEVERE ] player 5 placing token on slot 1
[21:24:13.026] [SEVERE ] removing player 5 token from slot 1
[21:24:13.026] [SEVERE ] removing player 2 token from slot 1
[21:24:13.027] [SEVERE ] player 2 placing token on slot 1
[21:24:13.027] [SEVERE ] removing player 2 token from slot 1
[21:24:13.024] [SEVERE ] player 4 placing token on slot 0
[21:24:13.027] [SEVERE ] removing player 4 token from slot 0
[21:24:13.027] [SEVERE ] removing player 2 token from slot 0
[21:24:13.027] [SEVERE ] player 4 placing token on slot 0
[21:24:13.029] [SEVERE ] removing player 4 token from slot 1
[21:24:13.027] [SEVERE ] player 5 placing token on slot 0
[21:24:13.031] [SEVERE ] player 4 placing token on slot 1
[21:24:13.032] [SEVERE ] removing player 4 token from slot 1
[21:24:13.032] [SEVERE ] removing player 4 token from slot 0
[21:24:13.032] [SEVERE ] player 4 placing token on slot 0
[21:24:13.034] [SEVERE ] removing player 4 token from slot 0
[21:24:13.035] [SEVERE ] player 4 placing token on slot 0
[21:24:13.035] [SEVERE ] player 4 placing token on slot 1
[21:24:13.035] [SEVERE ] removing player 4 token from slot 1
[21:24:13.035] [SEVERE ] player 4 placing token on slot 1
[21:24:13.035] [SEVERE ] removing player 4 token from slot 1
[21:24:13.035] [SEVERE ] removing player 4 token from slot 0
[21:24:13.035] [SEVERE ] player 4 placing token on slot 0
[21:24:13.035] [SEVERE ] player 4 placing token on slot 1
[21:24:13.035] [SEVERE ] removing player 4 token from slot 0
[21:24:13.035] [SEVERE ] removing player 4 token from slot 1
[21:24:13.036] [SEVERE ] player 5 placing token on slot 1
[21:24:13.036] [SEVERE ] removing player 5 token from slot 0
[21:24:13.036] [SEVERE ] removing player 5 token from slot 1
[21:24:13.036] [SEVERE ] player 5 placing token on slot 0
[21:24:13.036] [SEVERE ] removing player 5 token from slot 0
[21:24:13.036] [SEVERE ] player 5 placing token on slot 0
[21:24:13.036] [SEVERE ] player 5 placing token on slot 1
[21:24:13.036] [SEVERE ] removing player 5 token from slot 0
[21:24:13.036] [SEVERE ] player 5 placing token on slot 0
[21:24:13.036] [SEVERE ] removing player 5 token from slot 0
[21:24:13.036] [SEVERE ] player 5 placing token on slot 0
[21:24:13.037] [SEVERE ] removing player 5 token from slot 0
[21:24:13.037] [SEVERE ] removing player 5 token from slot 1
[21:24:13.037] [SEVERE ] player 5 placing token on slot 1
[21:24:13.037] [SEVERE ] player 5 placing token on slot 0
[21:24:13.037] [SEVERE ] removing player 5 token from slot 0
[21:24:13.037] [SEVERE ] removing player 5 token from slot 1
[21:24:13.037] [SEVERE ] player 5 placing token on slot 1
[21:24:13.037] [SEVERE ] player 3 placing token on slot 0
[21:24:13.037] [SEVERE ] removing player 5 token from slot 1
[21:24:13.039] [SEVERE ] player 3 placing token on slot 1
[21:24:13.039] [SEVERE ] player 5 placing token on slot 0
[21:24:13.040] [SEVERE ] removing player 5 token from slot 0
[21:24:13.040] [SEVERE ] player 5 placing token on slot 1
[21:24:13.040] [SEVERE ] removing player 5 token from slot 1
[21:24:13.039] [SEVERE ] removing player 3 token from slot 0
[21:24:13.047] [SEVERE ] player 5 placing token on slot 1
[21:24:13.048] [SEVERE ] player 5 placing token on slot 0
[21:24:13.049] [SEVERE ] removing player 5 token from slot 0
[21:24:13.049] [SEVERE ] player 5 placing token on slot 0
[21:24:13.050] [SEVERE ] removing player 5 token from slot 0
[21:24:13.048] [SEVERE ] player 3 placing token on slot 0
[21:24:13.050] [SEVERE ] removing player 5 token from slot 1
[21:24:13.051] [SEVERE ] player 5 placing token on slot 1
[21:24:13.050] [SEVERE ] removing player 3 token from slot 1
[21:24:13.051] [SEVERE ] player 3 placing token on slot 1
[21:24:13.053] [SEVERE ] removing player 3 token from slot 1
[21:24:13.054] [SEVERE ] player 5 placing token on slot 0
[21:24:13.054] [SEVERE ] removing player 5 token from slot 1
[21:24:13.054] [SEVERE ] removing player 3 token from slot 0
[21:24:13.054] [SEVERE ] removing player 5 token from slot 0
[21:24:13.056] [SEVERE ] player 3 placing token on slot 1
[21:24:13.057] [SEVERE ] removing player 3 token from slot 1
[21:24:13.057] [SEVERE ] player 3 placing token on slot 1
[21:24:13.057] [SEVERE ] removing player 3 token from slot 1
[21:24:13.058] [SEVERE ] player 3 placing token on slot 0
[21:24:13.058] [SEVERE ] removing player 3 token from slot 0
[21:24:13.058] [SEVERE ] player 3 placing token on slot 0
[21:24:13.058] [SEVERE ] removing player 3 token from slot 0
[21:24:13.060] [SEVERE ] player 3 placing token on slot 0
[21:24:13.060] [SEVERE ] player 3 placing token on slot 1
[21:24:13.061] [SEVERE ] removing player 3 token from slot 0
[21:24:13.061] [SEVERE ] removing player 3 token from slot 1
[21:24:13.061] [SEVERE ] player 3 placing token on slot 1
[21:24:13.061] [SEVERE ] player 3 placing token on slot 0
[21:24:13.061] [SEVERE ] removing player 3 token from slot 1
[21:24:13.061] [SEVERE ] player 3 placing token on slot 1
[21:24:13.054] [SEVERE ] player 2 placing token on slot 1
[21:24:13.064] [SEVERE ] removing player 2 token from slot 1
[21:24:13.062] [SEVERE ] removing player 3 token from slot 1
[21:24:13.064] [SEVERE ] player 3 placing token on slot 1
[21:24:13.059] [SEVERE ] player 5 placing token on slot 1
[21:24:13.064] [SEVERE ] removing player 3 token from slot 1
[21:24:13.064] [SEVERE ] player 4 placing token on slot 1
[21:24:13.065] [SEVERE ] removing player 4 token from slot 1
[21:24:13.064] [SEVERE ] player 2 placing token on slot 1
[21:24:13.066] [SEVERE ] removing player 2 token from slot 1
[21:24:13.066] [SEVERE ] player 2 placing token on slot 0
[21:24:13.067] [SEVERE ] removing player 2 token from slot 0
[21:24:13.067] [SEVERE ] player 2 placing token on slot 0
[21:24:13.067] [SEVERE ] removing player 2 token from slot 0
[21:24:13.067] [SEVERE ] player 2 placing token on slot 0
[21:24:13.067] [SEVERE ] player 2 placing token on slot 1
[21:24:13.067] [SEVERE ] removing player 2 token from slot 1
[21:24:13.067] [SEVERE ] removing player 2 token from slot 0
[21:24:13.067] [SEVERE ] player 2 placing token on slot 1
[21:24:13.067] [SEVERE ] removing player 2 token from slot 1
[21:24:13.067] [SEVERE ] player 2 placing token on slot 1
[21:24:13.067] [SEVERE ] player 2 placing token on slot 0
[21:24:13.067] [SEVERE ] removing player 2 token from slot 1
[21:24:13.067] [SEVERE ] removing player 2 token from slot 0
[21:24:13.067] [SEVERE ] player 2 placing token on slot 1
[21:24:13.067] [SEVERE ] removing player 2 token from slot 1
[21:24:13.067] [SEVERE ] player 2 placing token on slot 1
[21:24:13.067] [SEVERE ] player 2 placing token on slot 0
[21:24:13.067] [SEVERE ] removing player 2 token from slot 1
[21:24:13.067] [SEVERE ] removing player 2 token from slot 0
[21:24:13.068] [SEVERE ] player 2 placing token on slot 1
[21:24:13.068] [SEVERE ] removing player 2 token from slot 1
[21:24:13.068] [SEVERE ] player 2 placing token on slot 1
[21:24:13.068] [SEVERE ] player 2 placing token on slot 0
[21:24:13.068] [SEVERE ] removing player 2 token from slot 0
[21:24:13.068] [SEVERE ] player 2 placing token on slot 0
[21:24:13.068] [SEVERE ] removing player 2 token from slot 0
[21:24:13.068] [SEVERE ] removing player 2 token from slot 1
[21:24:13.068] [SEVERE ] player 2 placing token on slot 0
[21:24:13.068] [SEVERE ] removing player 2 token from slot 0
[21:24:13.068] [SEVERE ] player 2 placing token on slot 0
[21:24:13.068] [SEVERE ] player 2 placing token on slot 1
[21:24:13.068] [SEVERE ] removing player 2 token from slot 0
[21:24:13.068] [SEVERE ] removing player 2 token from slot 1
[21:24:13.068] [SEVERE ] player 2 placing token on slot 0
[21:24:13.068] [SEVERE ] player 2 placing token on slot 1
[21:24:13.068] [SEVERE ] removing player 2 token from slot 0
[21:24:13.068] [SEVERE ] removing player 2 token from slot 1
[21:24:13.068] [SEVERE ] player 2 placing token on slot 1
[21:24:13.068] [SEVERE ] player 2 placing token on slot 0
[21:24:13.068] [SEVERE ] removing player 2 token from slot 1
[21:24:13.068] [SEVERE ] player 2 placing token on slot 1
[21:24:13.068] [SEVERE ] removing player 2 token from slot 0
[21:24:13.068] [SEVERE ] player 2 placing token on slot 0
[21:24:13.068] [SEVERE ] removing player 2 token from slot 1
[21:24:13.068] [SEVERE ] player 2 placing token on slot 1
[21:24:13.069] [SEVERE ] removing player 2 token from slot 1
[21:24:13.069] [SEVERE ] removing player 2 token from slot 0
[21:24:13.069] [SEVERE ] player 2 placing token on slot 1
[21:24:13.069] [SEVERE ] player 2 placing token on slot 0
[21:24:13.069] [SEVERE ] removing player 2 token from slot 1
[21:24:13.069] [SEVERE ] removing player 2 token from slot 0
[21:24:13.069] [SEVERE ] player 2 placing token on slot 0
[21:24:13.069] [SEVERE ] player 2 placing token on slot 1
[21:24:13.069] [SEVERE ] removing player 2 token from slot 0
[21:24:13.069] [SEVERE ] removing player 2 token from slot 1
[21:24:13.069] [SEVERE ] player 2 placing token on slot 0
[21:24:13.069] [SEVERE ] removing player 2 token from slot 0
[21:24:13.069] [SEVERE ] player 2 placing token on slot 1
[21:24:13.069] [SEVERE ] removing player 2 token from slot 1
[21:24:13.069] [SEVERE ] player 2 placing token on slot 0
[21:24:13.069] [SEVERE ] removing player 2 token from slot 0
[21:24:13.069] [SEVERE ] player 2 placing token on slot 0
[21:24:13.065] [SEVERE ] player 3 placing token on slot 1
[21:24:13.070] [SEVERE ] removing player 3 token from slot 1
[21:24:13.064] [SEVERE ] removing player 5 token from slot 1
[21:24:13.070] [SEVERE ] player 5 placing token on slot 0
[21:24:13.070] [SEVERE ] player 3 placing token on slot 1
[21:24:13.070] [SEVERE ] removing player 3 token from slot 0
[21:24:13.070] [SEVERE ] removing player 3 token from slot 1
[21:24:13.070] [SEVERE ] player 3 placing token on slot 1
[21:24:13.070] [SEVERE ] removing player 3 token from slot 1
[21:24:13.070] [SEVERE ] player 3 placing token on slot 0
[21:24:13.070] [SEVERE ] removing player 3 token from slot 0
[21:24:13.070] [SEVERE ] player 3 placing token on slot 1
[21:24:13.070] [SEVERE ] player 3 placing token on slot 0
[21:24:13.070] [SEVERE ] removing player 3 token from slot 1
[21:24:13.070] [SEVERE ] player 3 placing token on slot 1
[21:24:13.070] [SEVERE ] removing player 3 token from slot 1
[21:24:13.070] [SEVERE ] removing player 3 token from slot 0
[21:24:13.070] [SEVERE ] player 3 placing token on slot 1
[21:24:13.070] [SEVERE ] player 3 placing token on slot 0
[21:24:13.071] [SEVERE ] removing player 3 token from slot 1
[21:24:13.071] [SEVERE ] removing player 3 token from slot 0
[21:24:13.071] [SEVERE ] player 3 placing token on slot 0
[21:24:13.071] [SEVERE ] removing player 3 token from slot 0
[21:24:13.071] [SEVERE ] player 3 placing token on slot 1
[21:24:13.071] [SEVERE ] removing player 3 token from slot 1
[21:24:13.071] [SEVERE ] player 3 placing token on slot 0
[21:24:13.071] [SEVERE ] player 3 placing token on slot 1
[21:24:13.071] [SEVERE ] removing player 3 token from slot 1
[21:24:13.071] [SEVERE ] removing player 3 token from slot 0
[21:24:13.072] [SEVERE ] player 3 placing token on slot 1
[21:24:13.072] [SEVERE ] player 3 placing token on slot 0
[21:24:13.072] [SEVERE ] removing player 3 token from slot 1
[21:24:13.072] [SEVERE ] removing player 3 token from slot 0
[21:24:13.072] [SEVERE ] player 3 placing token on slot 0
[21:24:13.072] [SEVERE ] player 3 placing token on slot 1
[21:24:13.072] [SEVERE ] removing player 3 token from slot 1
[21:24:13.072] [SEVERE ] removing player 3 token from slot 0
[21:24:13.072] [SEVERE ] player 3 placing token on slot 0
[21:24:13.072] [SEVERE ] player 3 placing token on slot 1
[21:24:13.072] [SEVERE ] removing player 3 token from slot 1
[21:24:13.072] [SEVERE ] removing player 3 token from slot 0
[21:24:13.072] [SEVERE ] player 3 placing token on slot 1
[21:24:13.072] [SEVERE ] removing player 3 token from slot 1
[21:24:13.072] [SEVERE ] player 3 placing token on slot 1
[21:24:13.072] [SEVERE ] removing player 3 token from slot 1
[21:24:13.072] [SEVERE ] player 3 placing token on slot 0
[21:24:13.072] [SEVERE ] removing player 3 token from slot 0
[21:24:13.072] [SEVERE ] player 3 placing token on slot 1
[21:24:13.069] [SEVERE ] player 2 placing token on slot 1
[21:24:13.074] [SEVERE ] removing player 2 token from slot 0
[21:24:13.074] [SEVERE ] removing player 2 token from slot 1
[21:24:13.074] [SEVERE ] player 2 placing token on slot 0
[21:24:13.074] [SEVERE ] player 2 placing token on slot 1
[21:24:13.074] [SEVERE ] removing player 2 token from slot 1
[21:24:13.074] [SEVERE ] player 2 placing token on slot 1
[21:24:13.074] [SEVERE ] removing player 2 token from slot 1
[21:24:13.074] [SEVERE ] player 2 placing token on slot 1
[21:24:13.074] [SEVERE ] removing player 2 token from slot 0
[21:24:13.075] [SEVERE ] removing player 2 token from slot 1
[21:24:13.075] [SEVERE ] player 2 placing token on slot 0
[21:24:13.075] [SEVERE ] player 2 placing token on slot 1
[21:24:13.075] [SEVERE ] removing player 2 token from slot 1
[21:24:13.075] [SEVERE ] removing player 2 token from slot 0
[21:24:13.074] [SEVERE ] removing player 3 token from slot 1
[21:24:13.070] [SEVERE ] removing player 5 token from slot 0
[21:24:13.075] [SEVERE ] player 3 placing token on slot 1
[21:24:13.076] [SEVERE ] player 3 placing token on slot 0
[21:24:13.076] [SEVERE ] removing player 3 token from slot 0
[21:24:13.076] [SEVERE ] player 3 placing token on slot 0
[21:24:13.076] [SEVERE ] removing player 3 token from slot 0
[21:24:13.076] [SEVERE ] player 3 placing token on slot 0
[21:24:13.076] [SEVERE ] removing player 3 token from slot 0
[21:24:13.076] [SEVERE ] player 3 placing token on slot 0
[21:24:13.076] [SEVERE ] removing player 3 token from slot 0
[21:24:13.076] [SEVERE ] removing player 3 token from slot 1
[21:24:13.076] [SEVERE ] player 3 placing token on slot 0
[21:24:13.076] [SEVERE ] player 3 placing token on slot 1
[21:24:13.075] [SEVERE ] player 4 placing token on slot 0
[21:24:13.085] [SEVERE ] removing player 3 token from slot 1
[21:24:13.085] [SEVERE ] player 3 placing token on slot 1
[21:24:13.075] [SEVERE ] player 2 placing token on slot 1
[21:24:13.075] [SEVERE ] player 5 placing token on slot 1
[21:24:13.086] [SEVERE ] removing player 4 token from slot 0
[21:24:13.086] [SEVERE ] removing player 2 token from slot 1
[21:24:13.086] [SEVERE ] removing player 3 token from slot 0
[21:24:13.086] [SEVERE ] player 4 placing token on slot 0
[21:24:13.086] [SEVERE ] player 5 placing token on slot 0
[21:24:13.086] [SEVERE ] player 4 placing token on slot 1
[21:24:13.086] [SEVERE ] removing player 4 token from slot 0
[21:24:13.086] [SEVERE ] player 3 placing token on slot 0
[21:24:13.088] [SEVERE ] removing player 3 token from slot 0
[21:24:13.088] [SEVERE ] removing player 3 token from slot 1
[21:24:13.088] [SEVERE ] player 3 placing token on slot 1
[21:24:13.088] [SEVERE ] player 3 placing token on slot 0
[21:24:13.088] [SEVERE ] removing player 3 token from slot 0
[21:24:13.089] [SEVERE ] player 3 placing token on slot 0
[21:24:13.089] [SEVERE ] removing player 3 token from slot 0
[21:24:13.086] [SEVERE ] player 2 placing token on slot 0
[21:24:13.089] [SEVERE ] player 3 placing token on slot 0
[21:24:13.089] [SEVERE ] removing player 4 token from slot 1
[21:24:13.090] [SEVERE ] player 4 placing token on slot 1
[21:24:13.090] [SEVERE ] player 4 placing token on slot 0
[21:24:13.090] [SEVERE ] removing player 4 token from slot 1
[21:24:13.086] [SEVERE ] removing player 5 token from slot 1
[21:24:13.090] [SEVERE ] player 4 placing token on slot 1
[21:24:13.089] [SEVERE ] removing player 3 token from slot 0
[21:24:13.092] [SEVERE ] removing player 3 token from slot 1
[21:24:13.089] [SEVERE ] player 2 placing token on slot 1
[21:24:13.090] [SEVERE ] removing player 4 token from slot 1
[21:24:13.093] [SEVERE ] removing player 4 token from slot 0
[21:24:13.090] [SEVERE ] removing player 5 token from slot 0
[21:24:13.094] [SEVERE ] player 5 placing token on slot 0
[21:24:13.094] [SEVERE ] removing player 5 token from slot 0
[21:24:13.095] [SEVERE ] player 3 placing token on slot 0
[21:24:13.096] [SEVERE ] player 5 placing token on slot 1
[21:24:13.096] [SEVERE ] placing card 4 in slot 2
[21:24:13.097] [SEVERE ] removing player 3 token from slot 0
[21:24:13.097] [SEVERE ] player 3 placing token on slot 2
[21:24:13.097] [SEVERE ] player 3 placing token on slot 1
[21:24:13.097] [SEVERE ] player 3 placing token on slot 0
[21:24:13.093] [SEVERE ] removing player 2 token from slot 1
[21:24:13.102] [SEVERE ] player 2 placing token on slot 2
[21:24:13.102] [SEVERE ] player 4 placing token on slot 0
[21:24:13.102] [SEVERE ] removing player 4 token from slot 0
[21:24:13.103] [SEVERE ] player 4 placing token on slot 2
[21:24:13.103] [SEVERE ] player 5 placing token on slot 0
[21:24:13.103] [SEVERE ] removing player 5 token from slot 1
[21:24:13.103] [SEVERE ] player 5 placing token on slot 1
[21:24:13.103] [SEVERE ] removing player 5 token from slot 0
[21:24:13.103] [SEVERE ] player 5 placing token on slot 2
[21:24:13.103] [SEVERE ] player 5 placing token on slot 0
[21:24:13.103] [SEVERE ] player 4 placing token on slot 1
[21:24:13.103] [SEVERE ] player 2 placing token on slot 1
[21:24:13.104] [SEVERE ] removing player 4 token from slot 1
[21:24:13.106] [SEVERE ] player 4 placing token on slot 0
[21:24:13.106] [SEVERE ] removing player 4 token from slot 0
[21:24:13.106] [SEVERE ] player 4 placing token on slot 1
[21:24:13.107] [SEVERE ] removing player 4 token from slot 1
[21:24:13.109] [SEVERE ] player 4 placing token on slot 0
[21:24:13.110] [SEVERE ] removing player 4 token from slot 2
[21:24:13.110] [SEVERE ] player 4 placing token on slot 2
[21:24:13.110] [SEVERE ] removing player 4 token from slot 2
[21:24:13.110] [SEVERE ] player 4 placing token on slot 2
[21:24:13.110] [SEVERE ] removing player 4 token from slot 2
[21:24:13.110] [SEVERE ] player 4 placing token on slot 2
[21:24:13.115] [SEVERE ] removing player 4 token from slot 0
[21:24:13.117] [SEVERE ] removing player 4 token from slot 2
[21:24:13.117] [SEVERE ] player 4 placing token on slot 0
[21:24:13.117] [SEVERE ] player 4 placing token on slot 1
[21:24:13.118] [SEVERE ] removing player 4 token from slot 1
[21:24:13.118] [SEVERE ] player 4 placing token on slot 2
[21:24:13.118] [SEVERE ] removing player 4 token from slot 2
[21:24:13.118] [SEVERE ] player 4 placing token on slot 2
[21:24:13.118] [SEVERE ] player 4 placing token on slot 1
[21:24:13.205] [SEVERE ] placing card 42 in slot 3
[21:24:13.316] [SEVERE ] placing card 73 in slot 4
[21:24:13.427] [SEVERE ] placing card 31 in slot 5
[21:24:13.536] [SEVERE ] placing card 67 in slot 6
[21:24:13.646] [SEVERE ] placing card 18 in slot 7
[21:24:13.755] [SEVERE ] placing card 52 in slot 8
[21:24:13.865] [SEVERE ] placing card 48 in slot 9
[21:24:13.976] [SEVERE ] placing card 32 in slot 10
[21:24:14.086] [SEVERE ] placing card 34 in slot 11
[21:24:14.102] [SEVERE ] setting player 3 freeze to -1671823451102
[21:24:14.117] [SEVERE ] setting player 5 freeze to -1671823451117
[21:24:14.132] [SEVERE ] setting player 2 freeze to -1671823451132
[21:24:14.148] [SEVERE ] setting player 4 freeze to -1671823451148
[21:24:16.086] [SEVERE ] updating countdown to 1000
[21:24:17.090] [SEVERE ] updating countdown to 3000
[21:24:17.090] [SEVERE ] removing player 2 token from slot 0
[21:24:17.090] [SEVERE ] removing player 2 token from slot 2
[21:24:17.090] [SEVERE ] removing player 2 token from slot 1
[21:24:17.090] [SEVERE ] removing player 3 token from slot 2
[21:24:17.090] [SEVERE ] removing player 3 token from slot 1
[21:24:17.090] [SEVERE ] removing player 3 token from slot 0
[21:24:17.090] [SEVERE ] removing player 4 token from slot 0
[21:24:17.090] [SEVERE ] removing player 4 token from slot 2
[21:24:17.090] [SEVERE ] removing player 4 token from slot 1
[21:24:17.090] [SEVERE ] removing player 5 token from slot 1
[21:24:17.090] [SEVERE ] removing player 5 token from slot 2
[21:24:17.090] [SEVERE ] removing player 5 token from slot 0
[21:24:17.106] [SEVERE ] removing player 3 token from slot 1
[21:24:17.138] [SEVERE ] removing player 2 token from slot 6
[21:24:17.200] [SEVERE ] removing card from slot 0
[21:24:17.309] [SEVERE ] removing card from slot 1
[21:24:17.420] [SEVERE ] removing card from slot 2
[21:24:17.531] [SEVERE ] removing card from slot 3
[21:24:17.639] [SEVERE ] removing card from slot 4
[21:24:17.751] [SEVERE ] removing card from slot 5
[21:24:17.861] [SEVERE ] removing card from slot 6
[21:24:17.973] [SEVERE ] removing card from slot 7
[21:24:18.085] [SEVERE ] removing card from slot 8
[21:24:18.195] [SEVERE ] removing card from slot 9
[21:24:18.306] [SEVERE ] removing card from slot 10
[21:24:18.419] [SEVERE ] removing card from slot 11
[21:24:18.529] [SEVERE ] placing card 33 in slot 0
[21:24:18.641] [SEVERE ] placing card 27 in slot 1
[21:24:18.752] [SEVERE ] placing card 37 in slot 2
[21:24:18.864] [SEVERE ] placing card 69 in slot 3
[21:24:18.975] [SEVERE ] placing card 12 in slot 4
[21:24:19.086] [SEVERE ] placing card 66 in slot 5
[21:24:19.198] [SEVERE ] placing card 3 in slot 6
[21:24:19.309] [SEVERE ] placing card 2 in slot 7
[21:24:19.416] [SEVERE ] placing card 60 in slot 8
[21:24:19.528] [SEVERE ] placing card 19 in slot 9
[21:24:19.639] [SEVERE ] placing card 80 in slot 10
[21:24:19.749] [SEVERE ] placing card 17 in slot 11
[21:24:19.765] [SEVERE ] player 3 placing token on slot 2
[21:24:19.765] [SEVERE ] player 3 placing token on slot 4
[21:24:19.765] [SEVERE ] player 3 placing token on slot 9
[21:24:19.781] [SEVERE ] player 5 placing token on slot 3
[21:24:19.781] [SEVERE ] player 5 placing token on slot 0
[21:24:19.781] [SEVERE ] player 5 placing token on slot 6
[21:24:19.797] [SEVERE ] player 2 placing token on slot 10
[21:24:19.797] [SEVERE ] player 2 placing token on slot 4
[21:24:19.797] [SEVERE ] player 2 placing token on slot 8
[21:24:19.812] [SEVERE ] player 4 placing token on slot 10
[21:24:19.812] [SEVERE ] player 4 placing token on slot 9
[21:24:19.812] [SEVERE ] player 4 placing token on slot 4
[21:24:19.828] [SEVERE ] setting player 3 freeze to -1671823456828
[21:24:19.844] [SEVERE ] setting player 5 freeze to -1671823456844
[21:24:19.860] [SEVERE ] setting player 2 freeze to -1671823456860
[21:24:19.876] [SEVERE ] setting player 4 freeze to -1671823456876
[21:24:21.750] [SEVERE ] updating countdown to 1000
[21:24:22.759] [SEVERE ] updating countdown to 3000
[21:24:22.759] [SEVERE ] removing player 2 token from slot 10
[21:24:22.759] [SEVERE ] removing player 2 token from slot 4
[21:24:22.760] [SEVERE ] removing player 2 token from slot 8
[21:24:22.760] [SEVERE ] removing player 3 token from slot 2
[21:24:22.760] [SEVERE ] removing player 3 token from slot 4
[21:24:22.760] [SEVERE ] removing player 3 token from slot 9
[21:24:22.760] [SEVERE ] removing player 4 token from slot 10
[21:24:22.760] [SEVERE ] removing player 4 token from slot 9
[21:24:22.760] [SEVERE ] removing player 4 token from slot 4
[21:24:22.760] [SEVERE ] removing player 5 token from slot 3
[21:24:22.760] [SEVERE ] removing player 5 token from slot 0
[21:24:22.760] [SEVERE ] removing player 5 token from slot 6
[21:24:22.868] [SEVERE ] removing card from slot 0
[21:24:22.977] [SEVERE ] removing card from slot 1
[21:24:23.088] [SEVERE ] removing card from slot 2
[21:24:23.199] [SEVERE ] removing card from slot 3
[21:24:23.310] [SEVERE ] removing card from slot 4
[21:24:23.419] [SEVERE ] removing card from slot 5
[21:24:23.529] [SEVERE ] removing card from slot 6
[21:24:23.639] [SEVERE ] removing card from slot 7
[21:24:23.750] [SEVERE ] removing card from slot 8
[21:24:23.860] [SEVERE ] removing card from slot 9
[21:24:23.971] [SEVERE ] removing card from slot 10
[21:24:24.082] [SEVERE ] removing card from slot 11
[21:24:24.192] [SEVERE ] placing card 61 in slot 0
