[21:20:56.762] [INFO   ] thread main starting.
[21:20:56.766] [SEVERE ] cannot read configuration file config.properties trying from resources.
[21:20:56.772] [SEVERE ] configuration file was loaded from resources directory.
[21:20:57.284] [INFO   ] thread dealer starting.
[21:20:57.401] [SEVERE ] placing card 27 in slot 0
[21:20:57.401] [SEVERE ] player 5 placing token on slot 0
[21:20:57.402] [SEVERE ] removing player 5 token from slot 0
[21:20:57.403] [SEVERE ] player 4 placing token on slot 0
[21:20:57.403] [SEVERE ] player 2 placing token on slot 0
[21:20:57.405] [SEVERE ] removing player 2 token from slot 0
[21:20:57.403] [SEVERE ] player 3 placing token on slot 0
[21:20:57.418] [SEVERE ] removing player 3 token from slot 0
[21:20:57.419] [SEVERE ] player 3 placing token on slot 0
[21:20:57.419] [SEVERE ] removing player 3 token from slot 0
[21:20:57.419] [SEVERE ] player 3 placing token on slot 0
[21:20:57.403] [SEVERE ] player 5 placing token on slot 0
[21:20:57.420] [SEVERE ] removing player 5 token from slot 0
[21:20:57.420] [SEVERE ] removing player 3 token from slot 0
[21:20:57.403] [SEVERE ] removing player 4 token from slot 0
[21:20:57.421] [SEVERE ] player 4 placing token on slot 0
[21:20:57.421] [SEVERE ] removing player 4 token from slot 0
[21:20:57.421] [SEVERE ] player 3 placing token on slot 0
[21:20:57.422] [SEVERE ] removing player 3 token from slot 0
[21:20:57.422] [SEVERE ] player 3 placing token on slot 0
[21:20:57.419] [SEVERE ] player 2 placing token on slot 0
[21:20:57.422] [SEVERE ] removing player 3 token from slot 0
[21:20:57.421] [SEVERE ] player 4 placing token on slot 0
[21:20:57.423] [SEVERE ] removing player 4 token from slot 0
[21:20:57.421] [SEVERE ] player 5 placing token on slot 0
[21:20:57.422] [SEVERE ] player 3 placing token on slot 0
[21:20:57.422] [SEVERE ] removing player 2 token from slot 0
[21:20:57.437] [SEVERE ] player 4 placing token on slot 0
[21:20:57.440] [SEVERE ] removing player 4 token from slot 0
[21:20:57.440] [SEVERE ] player 4 placing token on slot 0
[21:20:57.436] [SEVERE ] removing player 5 token from slot 0
[21:20:57.441] [SEVERE ] player 5 placing token on slot 0
[21:20:57.441] [SEVERE ] removing player 4 token from slot 0
[21:20:57.443] [SEVERE ] removing player 3 token from slot 0
[21:20:57.443] [SEVERE ] removing player 5 token from slot 0
[21:20:57.444] [SEVERE ] player 5 placing token on slot 0
[21:20:57.445] [SEVERE ] removing player 5 token from slot 0
[21:20:57.445] [SEVERE ] player 5 placing token on slot 0
[21:20:57.446] [SEVERE ] removing player 5 token from slot 0
[21:20:57.446] [SEVERE ] player 5 placing token on slot 0
[21:20:57.446] [SEVERE ] removing player 5 token from slot 0
[21:20:57.446] [SEVERE ] player 5 placing token on slot 0
[21:20:57.446] [SEVERE ] removing player 5 token from slot 0
[21:20:57.447] [SEVERE ] player 5 placing token on slot 0
[21:20:57.447] [SEVERE ] removing player 5 token from slot 0
[21:20:57.447] [SEVERE ] player 5 placing token on slot 0
[21:20:57.447] [SEVERE ] removing player 5 token from slot 0
[21:20:57.447] [SEVERE ] player 5 placing token on slot 0
[21:20:57.447] [SEVERE ] removing player 5 token from slot 0
[21:20:57.447] [SEVERE ] player 5 placing token on slot 0
[21:20:57.448] [SEVERE ] removing player 5 token from slot 0
[21:20:57.448] [SEVERE ] player 5 placing token on slot 0
[21:20:57.448] [SEVERE ] removing player 5 token from slot 0
[21:20:57.449] [SEVERE ] player 5 placing token on slot 0
[21:20:57.449] [SEVERE ] removing player 5 token from slot 0
[21:20:57.449] [SEVERE ] player 5 placing token on slot 0
[21:20:57.449] [SEVERE ] removing player 5 token from slot 0
[21:20:57.449] [SEVERE ] player 5 placing token on slot 0
[21:20:57.449] [SEVERE ] removing player 5 token from slot 0
[21:20:57.449] [SEVERE ] player 5 placing token on slot 0
[21:20:57.450] [SEVERE ] removing player 5 token from slot 0
[21:20:57.450] [SEVERE ] player 5 placing token on slot 0
[21:20:57.450] [SEVERE ] removing player 5 token from slot 0
[21:20:57.450] [SEVERE ] player 5 placing token on slot 0
[21:20:57.450] [SEVERE ] removing player 5 token from slot 0
[21:20:57.451] [SEVERE ] player 5 placing token on slot 0
[21:20:57.451] [SEVERE ] removing player 5 token from slot 0
[21:20:57.451] [SEVERE ] player 5 placing token on slot 0
[21:20:57.440] [SEVERE ] player 2 placing token on slot 0
[21:20:57.451] [SEVERE ] removing player 5 token from slot 0
[21:20:57.444] [SEVERE ] player 4 placing token on slot 0
[21:20:57.452] [SEVERE ] removing player 4 token from slot 0
[21:20:57.444] [SEVERE ] player 3 placing token on slot 0
[21:20:57.452] [SEVERE ] player 4 placing token on slot 0
[21:20:57.452] [SEVERE ] player 5 placing token on slot 0
[21:20:57.453] [SEVERE ] removing player 5 token from slot 0
[21:20:57.453] [SEVERE ] player 5 placing token on slot 0
[21:20:57.451] [SEVERE ] removing player 2 token from slot 0
[21:20:57.453] [SEVERE ] removing player 5 token from slot 0
[21:20:57.453] [SEVERE ] removing player 4 token from slot 0
[21:20:57.453] [SEVERE ] player 4 placing token on slot 0
[21:20:57.452] [SEVERE ] removing player 3 token from slot 0
[21:20:57.453] [SEVERE ] removing player 4 token from slot 0
[21:20:57.453] [SEVERE ] player 5 placing token on slot 0
[21:20:57.453] [SEVERE ] player 2 placing token on slot 0
[21:20:57.454] [SEVERE ] removing player 5 token from slot 0
[21:20:57.454] [SEVERE ] player 4 placing token on slot 0
[21:20:57.454] [SEVERE ] player 3 placing token on slot 0
[21:20:57.455] [SEVERE ] removing player 4 token from slot 0
[21:20:57.454] [SEVERE ] player 5 placing token on slot 0
[21:20:57.454] [SEVERE ] removing player 2 token from slot 0
[21:20:57.455] [SEVERE ] removing player 5 token from slot 0
[21:20:57.455] [SEVERE ] player 4 placing token on slot 0
[21:20:57.455] [SEVERE ] removing player 3 token from slot 0
[21:20:57.455] [SEVERE ] removing player 4 token from slot 0
[21:20:57.456] [SEVERE ] player 4 placing token on slot 0
[21:20:57.455] [SEVERE ] player 5 placing token on slot 0
[21:20:57.456] [SEVERE ] removing player 5 token from slot 0
[21:20:57.455] [SEVERE ] player 2 placing token on slot 0
[21:20:57.456] [SEVERE ] player 5 placing token on slot 0
[21:20:57.456] [SEVERE ] removing player 4 token from slot 0
[21:20:57.456] [SEVERE ] player 4 placing token on slot 0
[21:20:57.457] [SEVERE ] removing player 4 token from slot 0
[21:20:57.457] [SEVERE ] player 4 placing token on slot 0
[21:20:57.457] [SEVERE ] removing player 4 token from slot 0
[21:20:57.457] [SEVERE ] player 4 placing token on slot 0
[21:20:57.455] [SEVERE ] player 3 placing token on slot 0
[21:20:57.456] [SEVERE ] removing player 5 token from slot 0
[21:20:57.458] [SEVERE ] player 5 placing token on slot 0
[21:20:57.458] [SEVERE ] removing player 5 token from slot 0
[21:20:57.458] [SEVERE ] player 5 placing token on slot 0
[21:20:57.458] [SEVERE ] removing player 5 token from slot 0
[21:20:57.458] [SEVERE ] player 5 placing token on slot 0
[21:20:57.458] [SEVERE ] removing player 5 token from slot 0
[21:20:57.459] [SEVERE ] player 5 placing token on slot 0
[21:20:57.459] [SEVERE ] removing player 5 token from slot 0
[21:20:57.459] [SEVERE ] player 5 placing token on slot 0
[21:20:57.459] [SEVERE ] removing player 5 token from slot 0
[21:20:57.459] [SEVERE ] player 5 placing token on slot 0
[21:20:57.459] [SEVERE ] removing player 5 token from slot 0
[21:20:57.460] [SEVERE ] player 5 placing token on slot 0
[21:20:57.460] [SEVERE ] removing player 5 token from slot 0
[21:20:57.460] [SEVERE ] player 5 placing token on slot 0
[21:20:57.460] [SEVERE ] removing player 5 token from slot 0
[21:20:57.460] [SEVERE ] player 5 placing token on slot 0
[21:20:57.460] [SEVERE ] removing player 5 token from slot 0
[21:20:57.460] [SEVERE ] player 5 placing token on slot 0
[21:20:57.460] [SEVERE ] removing player 5 token from slot 0
[21:20:57.461] [SEVERE ] player 5 placing token on slot 0
[21:20:57.461] [SEVERE ] removing player 5 token from slot 0
[21:20:57.461] [SEVERE ] player 5 placing token on slot 0
[21:20:57.461] [SEVERE ] removing player 5 token from slot 0
[21:20:57.461] [SEVERE ] player 5 placing token on slot 0
[21:20:57.461] [SEVERE ] removing player 5 token from slot 0
[21:20:57.462] [SEVERE ] player 5 placing token on slot 0
[21:20:57.462] [SEVERE ] removing player 5 token from slot 0
[21:20:57.462] [SEVERE ] player 5 placing token on slot 0
[21:20:57.462] [SEVERE ] removing player 5 token from slot 0
[21:20:57.462] [SEVERE ] player 5 placing token on slot 0
[21:20:57.462] [SEVERE ] removing player 5 token from slot 0
[21:20:57.462] [SEVERE ] player 5 placing token on slot 0
[21:20:57.463] [SEVERE ] removing player 5 token from slot 0
[21:20:57.463] [SEVERE ] player 5 placing token on slot 0
[21:20:57.463] [SEVERE ] removing player 5 token from slot 0
[21:20:57.463] [SEVERE ] player 5 placing token on slot 0
[21:20:57.463] [SEVERE ] removing player 5 token from slot 0
[21:20:57.456] [SEVERE ] removing player 2 token from slot 0
[21:20:57.464] [SEVERE ] player 5 placing token on slot 0
[21:20:57.464] [SEVERE ] player 2 placing token on slot 0
[21:20:57.464] [SEVERE ] removing player 2 token from slot 0
[21:20:57.465] [SEVERE ] player 2 placing token on slot 0
[21:20:57.465] [SEVERE ] removing player 2 token from slot 0
[21:20:57.465] [SEVERE ] player 2 placing token on slot 0
[21:20:57.459] [SEVERE ] removing player 3 token from slot 0
[21:20:57.457] [SEVERE ] removing player 4 token from slot 0
[21:20:57.469] [SEVERE ] player 4 placing token on slot 0
[21:20:57.469] [SEVERE ] removing player 4 token from slot 0
[21:20:57.469] [SEVERE ] player 4 placing token on slot 0
[21:20:57.469] [SEVERE ] removing player 4 token from slot 0
[21:20:57.469] [SEVERE ] player 4 placing token on slot 0
[21:20:57.469] [SEVERE ] removing player 4 token from slot 0
[21:20:57.470] [SEVERE ] player 4 placing token on slot 0
[21:20:57.470] [SEVERE ] removing player 4 token from slot 0
[21:20:57.470] [SEVERE ] player 4 placing token on slot 0
[21:20:57.470] [SEVERE ] removing player 4 token from slot 0
[21:20:57.470] [SEVERE ] player 4 placing token on slot 0
[21:20:57.470] [SEVERE ] removing player 4 token from slot 0
[21:20:57.470] [SEVERE ] player 4 placing token on slot 0
[21:20:57.470] [SEVERE ] removing player 4 token from slot 0
[21:20:57.471] [SEVERE ] player 4 placing token on slot 0
[21:20:57.471] [SEVERE ] removing player 4 token from slot 0
[21:20:57.471] [SEVERE ] player 4 placing token on slot 0
[21:20:57.468] [SEVERE ] player 3 placing token on slot 0
[21:20:57.471] [SEVERE ] removing player 3 token from slot 0
[21:20:57.471] [SEVERE ] player 3 placing token on slot 0
[21:20:57.471] [SEVERE ] removing player 3 token from slot 0
[21:20:57.472] [SEVERE ] player 3 placing token on slot 0
[21:20:57.472] [SEVERE ] removing player 3 token from slot 0
[21:20:57.472] [SEVERE ] player 3 placing token on slot 0
[21:20:57.468] [SEVERE ] removing player 2 token from slot 0
[21:20:57.464] [SEVERE ] removing player 5 token from slot 0
[21:20:57.471] [SEVERE ] removing player 4 token from slot 0
[21:20:57.473] [SEVERE ] player 5 placing token on slot 0
[21:20:57.473] [SEVERE ] player 4 placing token on slot 0
[21:20:57.473] [SEVERE ] removing player 4 token from slot 0
[21:20:57.474] [SEVERE ] player 4 placing token on slot 0
[21:20:57.474] [SEVERE ] removing player 4 token from slot 0
[21:20:57.475] [SEVERE ] player 4 placing token on slot 0
[21:20:57.473] [SEVERE ] player 2 placing token on slot 0
[21:20:57.475] [SEVERE ] removing player 4 token from slot 0
[21:20:57.473] [SEVERE ] removing player 5 token from slot 0
[21:20:57.477] [SEVERE ] player 4 placing token on slot 0
[21:20:57.477] [SEVERE ] removing player 4 token from slot 0
[21:20:57.478] [SEVERE ] player 4 placing token on slot 0
[21:20:57.478] [SEVERE ] removing player 4 token from slot 0
[21:20:57.478] [SEVERE ] removing player 3 token from slot 0
[21:20:57.478] [SEVERE ] player 3 placing token on slot 0
[21:20:57.478] [SEVERE ] removing player 3 token from slot 0
[21:20:57.478] [SEVERE ] player 3 placing token on slot 0
[21:20:57.479] [SEVERE ] removing player 3 token from slot 0
[21:20:57.481] [SEVERE ] player 3 placing token on slot 0
[21:20:57.482] [SEVERE ] removing player 3 token from slot 0
[21:20:57.482] [SEVERE ] player 3 placing token on slot 0
[21:20:57.482] [SEVERE ] removing player 3 token from slot 0
[21:20:57.483] [SEVERE ] player 3 placing token on slot 0
[21:20:57.484] [SEVERE ] removing player 3 token from slot 0
[21:20:57.484] [SEVERE ] player 3 placing token on slot 0
[21:20:57.485] [SEVERE ] removing player 3 token from slot 0
[21:20:57.477] [SEVERE ] removing player 2 token from slot 0
[21:20:57.490] [SEVERE ] player 2 placing token on slot 0
[21:20:57.490] [SEVERE ] removing player 2 token from slot 0
[21:20:57.491] [SEVERE ] player 2 placing token on slot 0
[21:20:57.488] [SEVERE ] player 3 placing token on slot 0
[21:20:57.482] [SEVERE ] player 4 placing token on slot 0
[21:20:57.477] [SEVERE ] player 5 placing token on slot 0
[21:20:57.492] [SEVERE ] removing player 5 token from slot 0
[21:20:57.492] [SEVERE ] player 5 placing token on slot 0
[21:20:57.492] [SEVERE ] removing player 4 token from slot 0
[21:20:57.492] [SEVERE ] removing player 3 token from slot 0
[21:20:57.493] [SEVERE ] player 3 placing token on slot 0
[21:20:57.493] [SEVERE ] removing player 5 token from slot 0
[21:20:57.493] [SEVERE ] removing player 3 token from slot 0
[21:20:57.493] [SEVERE ] player 5 placing token on slot 0
[21:20:57.493] [SEVERE ] removing player 5 token from slot 0
[21:20:57.492] [SEVERE ] removing player 2 token from slot 0
[21:20:57.493] [SEVERE ] player 5 placing token on slot 0
[21:20:57.493] [SEVERE ] player 4 placing token on slot 0
[21:20:57.494] [SEVERE ] player 2 placing token on slot 0
[21:20:57.493] [SEVERE ] player 3 placing token on slot 0
[21:20:57.494] [SEVERE ] removing player 5 token from slot 0
[21:20:57.495] [SEVERE ] player 5 placing token on slot 0
[21:20:57.494] [SEVERE ] removing player 4 token from slot 0
[21:20:57.495] [SEVERE ] player 4 placing token on slot 0
[21:20:57.495] [SEVERE ] removing player 4 token from slot 0
[21:20:57.495] [SEVERE ] removing player 5 token from slot 0
[21:20:57.495] [SEVERE ] player 4 placing token on slot 0
[21:20:57.496] [SEVERE ] removing player 4 token from slot 0
[21:20:57.496] [SEVERE ] player 4 placing token on slot 0
[21:20:57.496] [SEVERE ] removing player 4 token from slot 0
[21:20:57.496] [SEVERE ] player 4 placing token on slot 0
[21:20:57.496] [SEVERE ] removing player 4 token from slot 0
[21:20:57.496] [SEVERE ] player 4 placing token on slot 0
[21:20:57.496] [SEVERE ] removing player 4 token from slot 0
[21:20:57.496] [SEVERE ] player 4 placing token on slot 0
[21:20:57.496] [SEVERE ] player 5 placing token on slot 0
[21:20:57.497] [SEVERE ] removing player 5 token from slot 0
[21:20:57.497] [SEVERE ] player 5 placing token on slot 0
[21:20:57.497] [SEVERE ] removing player 5 token from slot 0
[21:20:57.497] [SEVERE ] player 5 placing token on slot 0
[21:20:57.497] [SEVERE ] removing player 5 token from slot 0
[21:20:57.497] [SEVERE ] player 5 placing token on slot 0
[21:20:57.497] [SEVERE ] removing player 5 token from slot 0
[21:20:57.497] [SEVERE ] player 5 placing token on slot 0
[21:20:57.497] [SEVERE ] removing player 5 token from slot 0
[21:20:57.497] [SEVERE ] player 5 placing token on slot 0
[21:20:57.498] [SEVERE ] removing player 5 token from slot 0
[21:20:57.498] [SEVERE ] player 5 placing token on slot 0
[21:20:57.498] [SEVERE ] removing player 5 token from slot 0
[21:20:57.498] [SEVERE ] player 5 placing token on slot 0
[21:20:57.498] [SEVERE ] removing player 5 token from slot 0
[21:20:57.498] [SEVERE ] player 5 placing token on slot 0
[21:20:57.498] [SEVERE ] removing player 5 token from slot 0
[21:20:57.499] [SEVERE ] player 5 placing token on slot 0
[21:20:57.499] [SEVERE ] removing player 5 token from slot 0
[21:20:57.499] [SEVERE ] player 5 placing token on slot 0
[21:20:57.499] [SEVERE ] removing player 5 token from slot 0
[21:20:57.499] [SEVERE ] player 5 placing token on slot 0
[21:20:57.499] [SEVERE ] removing player 5 token from slot 0
[21:20:57.499] [SEVERE ] player 5 placing token on slot 0
[21:20:57.499] [SEVERE ] removing player 5 token from slot 0
[21:20:57.500] [SEVERE ] player 5 placing token on slot 0
[21:20:57.500] [SEVERE ] removing player 5 token from slot 0
[21:20:57.500] [SEVERE ] player 5 placing token on slot 0
[21:20:57.500] [SEVERE ] removing player 5 token from slot 0
[21:20:57.500] [SEVERE ] player 5 placing token on slot 0
[21:20:57.500] [SEVERE ] removing player 5 token from slot 0
[21:20:57.500] [SEVERE ] player 5 placing token on slot 0
[21:20:57.500] [SEVERE ] removing player 5 token from slot 0
[21:20:57.500] [SEVERE ] player 5 placing token on slot 0
[21:20:57.500] [SEVERE ] removing player 5 token from slot 0
[21:20:57.500] [SEVERE ] player 5 placing token on slot 0
[21:20:57.501] [SEVERE ] removing player 5 token from slot 0
[21:20:57.501] [SEVERE ] player 5 placing token on slot 0
[21:20:57.501] [SEVERE ] removing player 5 token from slot 0
[21:20:57.501] [SEVERE ] player 5 placing token on slot 0
[21:20:57.501] [SEVERE ] removing player 5 token from slot 0
[21:20:57.501] [SEVERE ] player 5 placing token on slot 0
[21:20:57.501] [SEVERE ] removing player 5 token from slot 0
[21:20:57.501] [SEVERE ] player 5 placing token on slot 0
[21:20:57.501] [SEVERE ] removing player 5 token from slot 0
[21:20:57.501] [SEVERE ] player 5 placing token on slot 0
[21:20:57.502] [SEVERE ] removing player 5 token from slot 0
[21:20:57.502] [SEVERE ] player 5 placing token on slot 0
[21:20:57.502] [SEVERE ] removing player 5 token from slot 0
[21:20:57.502] [SEVERE ] player 5 placing token on slot 0
[21:20:57.502] [SEVERE ] removing player 5 token from slot 0
[21:20:57.502] [SEVERE ] player 5 placing token on slot 0
[21:20:57.502] [SEVERE ] removing player 5 token from slot 0
[21:20:57.502] [SEVERE ] player 5 placing token on slot 0
[21:20:57.502] [SEVERE ] removing player 5 token from slot 0
[21:20:57.503] [SEVERE ] player 5 placing token on slot 0
[21:20:57.503] [SEVERE ] removing player 5 token from slot 0
[21:20:57.503] [SEVERE ] player 5 placing token on slot 0
[21:20:57.503] [SEVERE ] removing player 5 token from slot 0
[21:20:57.503] [SEVERE ] player 5 placing token on slot 0
[21:20:57.503] [SEVERE ] removing player 5 token from slot 0
[21:20:57.503] [SEVERE ] player 5 placing token on slot 0
[21:20:57.503] [SEVERE ] removing player 5 token from slot 0
[21:20:57.503] [SEVERE ] player 5 placing token on slot 0
[21:20:57.503] [SEVERE ] removing player 5 token from slot 0
[21:20:57.503] [SEVERE ] player 5 placing token on slot 0
[21:20:57.503] [SEVERE ] removing player 5 token from slot 0
[21:20:57.503] [SEVERE ] player 5 placing token on slot 0
[21:20:57.504] [SEVERE ] removing player 5 token from slot 0
[21:20:57.504] [SEVERE ] player 5 placing token on slot 0
[21:20:57.504] [SEVERE ] removing player 5 token from slot 0
[21:20:57.504] [SEVERE ] player 5 placing token on slot 0
[21:20:57.504] [SEVERE ] removing player 5 token from slot 0
[21:20:57.504] [SEVERE ] player 5 placing token on slot 0
[21:20:57.504] [SEVERE ] removing player 5 token from slot 0
[21:20:57.504] [SEVERE ] player 5 placing token on slot 0
[21:20:57.504] [SEVERE ] removing player 5 token from slot 0
[21:20:57.504] [SEVERE ] player 5 placing token on slot 0
[21:20:57.505] [SEVERE ] removing player 5 token from slot 0
[21:20:57.505] [SEVERE ] player 5 placing token on slot 0
[21:20:57.505] [SEVERE ] removing player 5 token from slot 0
[21:20:57.505] [SEVERE ] player 5 placing token on slot 0
[21:20:57.505] [SEVERE ] removing player 5 token from slot 0
[21:20:57.505] [SEVERE ] player 5 placing token on slot 0
[21:20:57.505] [SEVERE ] removing player 5 token from slot 0
[21:20:57.505] [SEVERE ] player 5 placing token on slot 0
[21:20:57.505] [SEVERE ] removing player 5 token from slot 0
[21:20:57.505] [SEVERE ] player 5 placing token on slot 0
[21:20:57.505] [SEVERE ] removing player 5 token from slot 0
[21:20:57.506] [SEVERE ] player 5 placing token on slot 0
[21:20:57.506] [SEVERE ] removing player 5 token from slot 0
[21:20:57.506] [SEVERE ] player 5 placing token on slot 0
[21:20:57.506] [SEVERE ] removing player 5 token from slot 0
[21:20:57.506] [SEVERE ] player 5 placing token on slot 0
[21:20:57.506] [SEVERE ] removing player 5 token from slot 0
[21:20:57.506] [SEVERE ] player 5 placing token on slot 0
[21:20:57.506] [SEVERE ] removing player 5 token from slot 0
[21:20:57.506] [SEVERE ] player 5 placing token on slot 0
[21:20:57.506] [SEVERE ] removing player 5 token from slot 0
[21:20:57.506] [SEVERE ] player 5 placing token on slot 0
[21:20:57.506] [SEVERE ] removing player 5 token from slot 0
[21:20:57.507] [SEVERE ] player 5 placing token on slot 0
[21:20:57.507] [SEVERE ] removing player 5 token from slot 0
[21:20:57.507] [SEVERE ] player 5 placing token on slot 0
[21:20:57.507] [SEVERE ] removing player 5 token from slot 0
[21:20:57.508] [SEVERE ] player 5 placing token on slot 0
[21:20:57.495] [SEVERE ] removing player 3 token from slot 0
[21:20:57.515] [SEVERE ] placing card 68 in slot 1
[21:20:57.518] [SEVERE ] player 5 placing token on slot 1
[21:20:57.518] [SEVERE ] removing player 5 token from slot 0
[21:20:57.518] [SEVERE ] player 5 placing token on slot 0
[21:20:57.518] [SEVERE ] removing player 5 token from slot 1
[21:20:57.519] [SEVERE ] player 5 placing token on slot 1
[21:20:57.519] [SEVERE ] removing player 5 token from slot 0
[21:20:57.519] [SEVERE ] player 5 placing token on slot 0
[21:20:57.519] [SEVERE ] removing player 5 token from slot 0
[21:20:57.519] [SEVERE ] player 5 placing token on slot 0
[21:20:57.519] [SEVERE ] removing player 5 token from slot 1
[21:20:57.519] [SEVERE ] removing player 5 token from slot 0
[21:20:57.519] [SEVERE ] player 5 placing token on slot 0
[21:20:57.519] [SEVERE ] removing player 5 token from slot 0
[21:20:57.519] [SEVERE ] player 5 placing token on slot 0
[21:20:57.520] [SEVERE ] player 5 placing token on slot 1
[21:20:57.520] [SEVERE ] removing player 5 token from slot 1
[21:20:57.520] [SEVERE ] removing player 5 token from slot 0
[21:20:57.520] [SEVERE ] player 5 placing token on slot 1
[21:20:57.520] [SEVERE ] player 5 placing token on slot 0
[21:20:57.520] [SEVERE ] removing player 5 token from slot 1
[21:20:57.520] [SEVERE ] removing player 5 token from slot 0
[21:20:57.520] [SEVERE ] player 5 placing token on slot 0
[21:20:57.520] [SEVERE ] player 5 placing token on slot 1
[21:20:57.521] [SEVERE ] removing player 5 token from slot 0
[21:20:57.521] [SEVERE ] removing player 5 token from slot 1
[21:20:57.521] [SEVERE ] player 5 placing token on slot 1
[21:20:57.521] [SEVERE ] player 5 placing token on slot 0
[21:20:57.521] [SEVERE ] removing player 5 token from slot 0
[21:20:57.521] [SEVERE ] removing player 5 token from slot 1
[21:20:57.521] [SEVERE ] player 5 placing token on slot 0
[21:20:57.521] [SEVERE ] player 5 placing token on slot 1
[21:20:57.524] [SEVERE ] removing player 5 token from slot 0
[21:20:57.511] [SEVERE ] removing player 2 token from slot 0
[21:20:57.497] [SEVERE ] removing player 4 token from slot 0
[21:20:57.524] [SEVERE ] player 4 placing token on slot 1
[21:20:57.526] [SEVERE ] removing player 4 token from slot 1
[21:20:57.524] [SEVERE ] player 2 placing token on slot 1
[21:20:57.549] [SEVERE ] player 2 placing token on slot 0
[21:20:57.549] [SEVERE ] player 4 placing token on slot 1
[21:20:57.524] [SEVERE ] player 5 placing token on slot 0
[21:20:57.516] [SEVERE ] player 3 placing token on slot 0
[21:20:57.559] [SEVERE ] player 3 placing token on slot 1
[21:20:57.559] [SEVERE ] removing player 5 token from slot 1
[21:20:57.551] [SEVERE ] removing player 2 token from slot 1
[21:20:57.560] [SEVERE ] player 5 placing token on slot 1
[21:20:57.559] [SEVERE ] removing player 3 token from slot 1
[21:20:57.565] [SEVERE ] player 3 placing token on slot 1
[21:20:57.567] [SEVERE ] removing player 3 token from slot 1
[21:20:57.569] [SEVERE ] removing player 5 token from slot 0
[21:20:57.559] [SEVERE ] player 4 placing token on slot 0
[21:20:57.560] [SEVERE ] removing player 2 token from slot 0
[21:20:57.571] [SEVERE ] removing player 3 token from slot 0
[21:20:57.571] [SEVERE ] removing player 4 token from slot 0
[21:20:57.572] [SEVERE ] player 2 placing token on slot 0
[21:20:57.572] [SEVERE ] player 3 placing token on slot 0
[21:20:57.571] [SEVERE ] player 5 placing token on slot 0
[21:20:57.586] [SEVERE ] removing player 3 token from slot 0
[21:20:57.586] [SEVERE ] removing player 2 token from slot 0
[21:20:57.586] [SEVERE ] removing player 4 token from slot 1
[21:20:57.587] [SEVERE ] player 2 placing token on slot 1
[21:20:57.588] [SEVERE ] removing player 5 token from slot 1
[21:20:57.590] [SEVERE ] player 3 placing token on slot 0
[21:20:57.592] [SEVERE ] player 4 placing token on slot 0
[21:20:57.593] [SEVERE ] player 2 placing token on slot 0
[21:20:57.594] [SEVERE ] player 3 placing token on slot 1
[21:20:57.594] [SEVERE ] removing player 3 token from slot 1
[21:20:57.595] [SEVERE ] removing player 4 token from slot 0
[21:20:57.595] [SEVERE ] removing player 2 token from slot 0
[21:20:57.595] [SEVERE ] player 2 placing token on slot 0
[21:20:57.595] [SEVERE ] player 3 placing token on slot 1
[21:20:57.598] [SEVERE ] removing player 5 token from slot 0
[21:20:57.595] [SEVERE ] player 4 placing token on slot 0
[21:20:57.599] [SEVERE ] removing player 3 token from slot 0
[21:20:57.600] [SEVERE ] removing player 3 token from slot 1
[21:20:57.601] [SEVERE ] player 3 placing token on slot 0
[21:20:57.601] [SEVERE ] player 3 placing token on slot 1
[21:20:57.602] [SEVERE ] removing player 4 token from slot 0
[21:20:57.603] [SEVERE ] removing player 3 token from slot 1
[21:20:57.604] [SEVERE ] player 5 placing token on slot 1
[21:20:57.604] [SEVERE ] player 4 placing token on slot 0
[21:20:57.604] [SEVERE ] removing player 5 token from slot 1
[21:20:57.604] [SEVERE ] removing player 4 token from slot 0
[21:20:57.604] [SEVERE ] removing player 2 token from slot 0
[21:20:57.604] [SEVERE ] player 4 placing token on slot 1
[21:20:57.604] [SEVERE ] player 5 placing token on slot 1
[21:20:57.604] [SEVERE ] removing player 4 token from slot 1
[21:20:57.605] [SEVERE ] player 4 placing token on slot 0
[21:20:57.606] [SEVERE ] player 4 placing token on slot 1
[21:20:57.606] [SEVERE ] removing player 5 token from slot 1
[21:20:57.606] [SEVERE ] removing player 4 token from slot 1
[21:20:57.606] [SEVERE ] player 5 placing token on slot 1
[21:20:57.606] [SEVERE ] removing player 4 token from slot 0
[21:20:57.606] [SEVERE ] player 5 placing token on slot 0
[21:20:57.606] [SEVERE ] player 4 placing token on slot 0
[21:20:57.606] [SEVERE ] removing player 5 token from slot 0
[21:20:57.607] [SEVERE ] player 5 placing token on slot 0
[21:20:57.607] [SEVERE ] removing player 5 token from slot 0
[21:20:57.607] [SEVERE ] player 5 placing token on slot 0
[21:20:57.607] [SEVERE ] removing player 5 token from slot 1
[21:20:57.607] [SEVERE ] player 5 placing token on slot 1
[21:20:57.607] [SEVERE ] removing player 5 token from slot 1
[21:20:57.607] [SEVERE ] removing player 5 token from slot 0
[21:20:57.607] [SEVERE ] player 5 placing token on slot 0
[21:20:57.607] [SEVERE ] player 5 placing token on slot 1
[21:20:57.607] [SEVERE ] removing player 5 token from slot 1
[21:20:57.607] [SEVERE ] player 5 placing token on slot 1
[21:20:57.607] [SEVERE ] removing player 5 token from slot 1
[21:20:57.608] [SEVERE ] removing player 5 token from slot 0
[21:20:57.608] [SEVERE ] player 5 placing token on slot 0
[21:20:57.609] [SEVERE ] player 5 placing token on slot 1
[21:20:57.609] [SEVERE ] removing player 5 token from slot 0
[21:20:57.609] [SEVERE ] removing player 5 token from slot 1
[21:20:57.609] [SEVERE ] player 5 placing token on slot 0
[21:20:57.609] [SEVERE ] player 5 placing token on slot 1
[21:20:57.609] [SEVERE ] removing player 5 token from slot 0
[21:20:57.609] [SEVERE ] player 5 placing token on slot 0
[21:20:57.609] [SEVERE ] removing player 5 token from slot 1
[21:20:57.609] [SEVERE ] removing player 5 token from slot 0
[21:20:57.609] [SEVERE ] player 5 placing token on slot 1
[21:20:57.609] [SEVERE ] player 5 placing token on slot 0
[21:20:57.609] [SEVERE ] removing player 5 token from slot 0
[21:20:57.609] [SEVERE ] removing player 5 token from slot 1
[21:20:57.609] [SEVERE ] player 5 placing token on slot 0
[21:20:57.610] [SEVERE ] removing player 5 token from slot 0
[21:20:57.610] [SEVERE ] player 5 placing token on slot 0
[21:20:57.610] [SEVERE ] removing player 5 token from slot 0
[21:20:57.610] [SEVERE ] player 5 placing token on slot 0
[21:20:57.610] [SEVERE ] removing player 5 token from slot 0
[21:20:57.610] [SEVERE ] player 5 placing token on slot 0
[21:20:57.610] [SEVERE ] player 5 placing token on slot 1
[21:20:57.610] [SEVERE ] removing player 5 token from slot 1
[21:20:57.610] [SEVERE ] removing player 5 token from slot 0
[21:20:57.610] [SEVERE ] player 5 placing token on slot 0
[21:20:57.610] [SEVERE ] player 5 placing token on slot 1
[21:20:57.610] [SEVERE ] removing player 5 token from slot 0
[21:20:57.611] [SEVERE ] player 5 placing token on slot 0
[21:20:57.611] [SEVERE ] player 4 placing token on slot 1
[21:20:57.611] [SEVERE ] removing player 5 token from slot 1
[21:20:57.611] [SEVERE ] removing player 4 token from slot 0
[21:20:57.611] [SEVERE ] player 5 placing token on slot 1
[21:20:57.611] [SEVERE ] removing player 5 token from slot 0
[21:20:57.611] [SEVERE ] removing player 5 token from slot 1
[21:20:57.611] [SEVERE ] player 5 placing token on slot 0
[21:20:57.611] [SEVERE ] player 5 placing token on slot 1
[21:20:57.611] [SEVERE ] removing player 5 token from slot 0
[21:20:57.611] [SEVERE ] removing player 5 token from slot 1
[21:20:57.611] [SEVERE ] player 5 placing token on slot 0
[21:20:57.611] [SEVERE ] removing player 5 token from slot 0
[21:20:57.612] [SEVERE ] player 5 placing token on slot 0
[21:20:57.612] [SEVERE ] player 5 placing token on slot 1
[21:20:57.612] [SEVERE ] removing player 5 token from slot 0
[21:20:57.612] [SEVERE ] player 4 placing token on slot 0
[21:20:57.612] [SEVERE ] removing player 4 token from slot 1
[21:20:57.612] [SEVERE ] player 5 placing token on slot 0
[21:20:57.612] [SEVERE ] removing player 4 token from slot 0
[21:20:57.612] [SEVERE ] removing player 5 token from slot 1
[21:20:57.612] [SEVERE ] player 4 placing token on slot 1
[21:20:57.612] [SEVERE ] player 5 placing token on slot 1
[21:20:57.612] [SEVERE ] player 4 placing token on slot 0
[21:20:57.615] [SEVERE ] removing player 4 token from slot 0
[21:20:57.616] [SEVERE ] removing player 4 token from slot 1
[21:20:57.616] [SEVERE ] player 4 placing token on slot 0
[21:20:57.616] [SEVERE ] player 4 placing token on slot 1
[21:20:57.612] [SEVERE ] player 3 placing token on slot 1
[21:20:57.620] [SEVERE ] placing card 30 in slot 2
[21:20:57.612] [SEVERE ] removing player 5 token from slot 0
[21:20:57.621] [SEVERE ] removing player 5 token from slot 1
[21:20:57.621] [SEVERE ] player 5 placing token on slot 2
[21:20:57.621] [SEVERE ] player 5 placing token on slot 0
[21:20:57.621] [SEVERE ] removing player 5 token from slot 0
[21:20:57.621] [SEVERE ] player 5 placing token on slot 1
[21:20:57.621] [SEVERE ] removing player 5 token from slot 2
[21:20:57.621] [SEVERE ] player 5 placing token on slot 0
[21:20:57.621] [SEVERE ] removing player 5 token from slot 0
[21:20:57.621] [SEVERE ] player 5 placing token on slot 0
[21:20:57.622] [SEVERE ] removing player 5 token from slot 0
[21:20:57.622] [SEVERE ] player 5 placing token on slot 0
[21:20:57.622] [SEVERE ] player 5 placing token on slot 2
[21:20:57.622] [SEVERE ] removing player 3 token from slot 0
[21:20:57.624] [SEVERE ] removing player 3 token from slot 1
[21:20:57.625] [SEVERE ] player 3 placing token on slot 1
[21:20:57.625] [SEVERE ] removing player 3 token from slot 1
[21:20:57.625] [SEVERE ] player 3 placing token on slot 0
[21:20:57.625] [SEVERE ] player 3 placing token on slot 2
[21:20:57.625] [SEVERE ] player 3 placing token on slot 1
[21:20:57.626] [SEVERE ] removing player 4 token from slot 0
[21:20:57.626] [SEVERE ] player 4 placing token on slot 2
[21:20:57.626] [SEVERE ] removing player 4 token from slot 2
[21:20:57.626] [SEVERE ] player 4 placing token on slot 2
[21:20:57.626] [SEVERE ] removing player 2 token from slot 1
[21:20:57.626] [SEVERE ] removing player 4 token from slot 2
[21:20:57.626] [SEVERE ] removing player 4 token from slot 1
[21:20:57.626] [SEVERE ] player 2 placing token on slot 1
[21:20:57.626] [SEVERE ] player 4 placing token on slot 0
[21:20:57.627] [SEVERE ] player 4 placing token on slot 2
[21:20:57.628] [SEVERE ] removing player 4 token from slot 0
[21:20:57.628] [SEVERE ] player 4 placing token on slot 1
[21:20:57.629] [SEVERE ] removing player 4 token from slot 2
[21:20:57.629] [SEVERE ] player 4 placing token on slot 2
[21:20:57.627] [SEVERE ] player 2 placing token on slot 2
[21:20:57.629] [SEVERE ] player 4 placing token on slot 0
[21:20:57.633] [SEVERE ] removing player 2 token from slot 1
[21:20:57.635] [SEVERE ] player 2 placing token on slot 0
[21:20:57.636] [SEVERE ] player 2 placing token on slot 1
[21:20:57.732] [SEVERE ] placing card 39 in slot 3
[21:20:57.844] [SEVERE ] placing card 41 in slot 4
[21:20:57.953] [SEVERE ] placing card 59 in slot 5
[21:20:58.061] [SEVERE ] placing card 29 in slot 6
[21:20:58.171] [SEVERE ] placing card 3 in slot 7
[21:20:58.375] [SEVERE ] placing card 14 in slot 8
[21:20:58.484] [SEVERE ] placing card 8 in slot 9
[21:20:58.593] [SEVERE ] placing card 77 in slot 10
[21:20:58.702] [SEVERE ] placing card 66 in slot 11
[21:20:58.718] [SEVERE ] setting player 5 freeze to 3000
[21:20:58.734] [SEVERE ] setting player 3 freeze to 3000
[21:20:58.749] [SEVERE ] setting player 4 freeze to 3000
[21:20:58.765] [SEVERE ] setting player 2 freeze to 3000
[21:21:01.714] [SEVERE ] updating countdown to 3000
[21:21:01.714] [SEVERE ] removing player 2 token from slot 2
[21:21:01.714] [SEVERE ] removing player 2 token from slot 0
[21:21:01.714] [SEVERE ] removing player 2 token from slot 1
[21:21:01.714] [SEVERE ] removing player 3 token from slot 0
[21:21:01.714] [SEVERE ] removing player 3 token from slot 2
[21:21:01.714] [SEVERE ] removing player 3 token from slot 1
[21:21:01.714] [SEVERE ] removing player 4 token from slot 1
[21:21:01.715] [SEVERE ] removing player 4 token from slot 2
[21:21:01.715] [SEVERE ] removing player 4 token from slot 0
[21:21:01.715] [SEVERE ] removing player 5 token from slot 1
[21:21:01.715] [SEVERE ] removing player 5 token from slot 0
[21:21:01.715] [SEVERE ] removing player 5 token from slot 2
[21:21:01.730] [SEVERE ] removing player 5 token from slot 6
[21:21:01.730] [SEVERE ] removing player 5 token from slot 10
[21:21:01.745] [SEVERE ] removing player 3 token from slot 7
[21:21:01.761] [SEVERE ] removing player 4 token from slot 4
[21:21:01.777] [SEVERE ] removing player 2 token from slot 0
[21:21:01.825] [SEVERE ] removing card from slot 0
[21:21:01.936] [SEVERE ] removing card from slot 1
[21:21:02.048] [SEVERE ] removing card from slot 2
[21:21:02.159] [SEVERE ] removing card from slot 3
[21:21:02.271] [SEVERE ] removing card from slot 4
[21:21:02.382] [SEVERE ] removing card from slot 5
[21:21:02.494] [SEVERE ] removing card from slot 6
[21:21:02.605] [SEVERE ] removing card from slot 7
[21:21:02.717] [SEVERE ] removing card from slot 8
[21:21:02.828] [SEVERE ] removing card from slot 9
[21:21:02.940] [SEVERE ] removing card from slot 10
[21:21:03.051] [SEVERE ] removing card from slot 11
[21:21:03.158] [SEVERE ] placing card 38 in slot 0
[21:21:03.269] [SEVERE ] placing card 17 in slot 1
[21:21:03.378] [SEVERE ] placing card 58 in slot 2
[21:21:03.487] [SEVERE ] placing card 20 in slot 3
[21:21:03.596] [SEVERE ] placing card 74 in slot 4
[21:21:03.705] [SEVERE ] placing card 25 in slot 5
[21:21:03.816] [SEVERE ] placing card 75 in slot 6
[21:21:03.928] [SEVERE ] placing card 2 in slot 7
[21:21:04.039] [SEVERE ] placing card 12 in slot 8
[21:21:04.149] [SEVERE ] placing card 11 in slot 9
[21:21:04.260] [SEVERE ] placing card 10 in slot 10
[21:21:04.372] [SEVERE ] placing card 45 in slot 11
[21:21:04.388] [SEVERE ] player 5 placing token on slot 6
[21:21:04.388] [SEVERE ] removing player 5 token from slot 6
[21:21:04.388] [SEVERE ] player 5 placing token on slot 2
[21:21:04.388] [SEVERE ] player 5 placing token on slot 9
[21:21:04.388] [SEVERE ] player 5 placing token on slot 6
[21:21:04.406] [SEVERE ] player 3 placing token on slot 5
[21:21:04.406] [SEVERE ] player 3 placing token on slot 11
[21:21:04.406] [SEVERE ] player 3 placing token on slot 8
[21:21:04.419] [SEVERE ] player 4 placing token on slot 5
[21:21:04.419] [SEVERE ] player 4 placing token on slot 6
[21:21:04.419] [SEVERE ] player 4 placing token on slot 3
[21:21:04.435] [SEVERE ] player 2 placing token on slot 2
[21:21:04.435] [SEVERE ] player 2 placing token on slot 9
[21:21:04.435] [SEVERE ] player 2 placing token on slot 5
[21:21:04.451] [SEVERE ] setting player 5 freeze to 3000
[21:21:04.467] [SEVERE ] setting player 3 freeze to 3000
[21:21:04.483] [SEVERE ] setting player 4 freeze to 3000
[21:21:04.498] [SEVERE ] setting player 2 freeze to 3000
