[17:50:38.321] [INFO   ] thread main starting.
[17:50:38.326] [SEVERE ] cannot read configuration file config.properties trying from resources.
[17:50:38.328] [SEVERE ] configuration file was loaded from resources directory.
[17:50:38.829] [INFO   ] thread dealer starting.
[17:50:38.948] [SEVERE ] placing card 9 in slot 0
[17:50:38.948] [SEVERE ] player 5 placing token on slot 0
[17:50:38.948] [SEVERE ] player 3 placing token on slot 0
[17:50:38.948] [SEVERE ] player 4 placing token on slot 0
[17:50:38.950] [SEVERE ] removing player 5 token from slot 0
[17:50:38.950] [SEVERE ] player 5 placing token on slot 0
[17:50:38.952] [SEVERE ] removing player 5 token from slot 0
[17:50:38.952] [SEVERE ] player 5 placing token on slot 0
[17:50:38.953] [SEVERE ] removing player 5 token from slot 0
[17:50:38.953] [SEVERE ] player 5 placing token on slot 0
[17:50:38.953] [SEVERE ] removing player 5 token from slot 0
[17:50:38.954] [SEVERE ] player 5 placing token on slot 0
[17:50:38.954] [SEVERE ] removing player 5 token from slot 0
[17:50:38.954] [SEVERE ] player 5 placing token on slot 0
[17:50:38.955] [SEVERE ] removing player 5 token from slot 0
[17:50:38.955] [SEVERE ] player 5 placing token on slot 0
[17:50:38.955] [SEVERE ] removing player 5 token from slot 0
[17:50:38.955] [SEVERE ] player 5 placing token on slot 0
[17:50:38.955] [SEVERE ] removing player 5 token from slot 0
[17:50:38.955] [SEVERE ] player 5 placing token on slot 0
[17:50:38.956] [SEVERE ] removing player 5 token from slot 0
[17:50:38.956] [SEVERE ] player 5 placing token on slot 0
[17:50:38.956] [SEVERE ] removing player 5 token from slot 0
[17:50:38.956] [SEVERE ] player 5 placing token on slot 0
[17:50:38.957] [SEVERE ] removing player 5 token from slot 0
[17:50:38.957] [SEVERE ] player 5 placing token on slot 0
[17:50:38.957] [SEVERE ] removing player 5 token from slot 0
[17:50:38.957] [SEVERE ] player 5 placing token on slot 0
[17:50:38.958] [SEVERE ] removing player 5 token from slot 0
[17:50:38.958] [SEVERE ] player 5 placing token on slot 0
[17:50:38.960] [SEVERE ] removing player 5 token from slot 0
[17:50:38.960] [SEVERE ] player 5 placing token on slot 0
[17:50:38.960] [SEVERE ] removing player 5 token from slot 0
[17:50:38.960] [SEVERE ] player 5 placing token on slot 0
[17:50:38.960] [SEVERE ] removing player 5 token from slot 0
[17:50:38.961] [SEVERE ] player 5 placing token on slot 0
[17:50:38.961] [SEVERE ] removing player 5 token from slot 0
[17:50:38.961] [SEVERE ] player 5 placing token on slot 0
[17:50:38.961] [SEVERE ] removing player 5 token from slot 0
[17:50:38.962] [SEVERE ] player 5 placing token on slot 0
[17:50:38.962] [SEVERE ] removing player 5 token from slot 0
[17:50:38.962] [SEVERE ] player 5 placing token on slot 0
[17:50:38.962] [SEVERE ] removing player 5 token from slot 0
[17:50:38.963] [SEVERE ] player 5 placing token on slot 0
[17:50:38.963] [SEVERE ] removing player 5 token from slot 0
[17:50:38.963] [SEVERE ] player 5 placing token on slot 0
[17:50:38.963] [SEVERE ] removing player 5 token from slot 0
[17:50:38.963] [SEVERE ] player 5 placing token on slot 0
[17:50:38.964] [SEVERE ] removing player 5 token from slot 0
[17:50:38.964] [SEVERE ] player 5 placing token on slot 0
[17:50:38.964] [SEVERE ] removing player 5 token from slot 0
[17:50:38.964] [SEVERE ] player 5 placing token on slot 0
[17:50:38.964] [SEVERE ] removing player 5 token from slot 0
[17:50:38.965] [SEVERE ] player 5 placing token on slot 0
[17:50:38.965] [SEVERE ] removing player 5 token from slot 0
[17:50:38.965] [SEVERE ] player 5 placing token on slot 0
[17:50:38.965] [SEVERE ] removing player 5 token from slot 0
[17:50:38.966] [SEVERE ] player 5 placing token on slot 0
[17:50:38.966] [SEVERE ] removing player 5 token from slot 0
[17:50:38.966] [SEVERE ] player 5 placing token on slot 0
[17:50:38.966] [SEVERE ] removing player 5 token from slot 0
[17:50:38.966] [SEVERE ] player 5 placing token on slot 0
[17:50:38.967] [SEVERE ] removing player 5 token from slot 0
[17:50:38.967] [SEVERE ] player 5 placing token on slot 0
[17:50:38.967] [SEVERE ] removing player 5 token from slot 0
[17:50:38.967] [SEVERE ] player 5 placing token on slot 0
[17:50:38.967] [SEVERE ] removing player 5 token from slot 0
[17:50:38.967] [SEVERE ] player 5 placing token on slot 0
[17:50:38.967] [SEVERE ] removing player 5 token from slot 0
[17:50:38.968] [SEVERE ] player 5 placing token on slot 0
[17:50:38.968] [SEVERE ] removing player 5 token from slot 0
[17:50:38.968] [SEVERE ] player 5 placing token on slot 0
[17:50:38.968] [SEVERE ] removing player 5 token from slot 0
[17:50:38.968] [SEVERE ] player 5 placing token on slot 0
[17:50:38.969] [SEVERE ] removing player 5 token from slot 0
[17:50:38.969] [SEVERE ] player 5 placing token on slot 0
[17:50:38.969] [SEVERE ] removing player 5 token from slot 0
[17:50:38.969] [SEVERE ] player 5 placing token on slot 0
[17:50:38.970] [SEVERE ] removing player 5 token from slot 0
[17:50:38.970] [SEVERE ] player 5 placing token on slot 0
[17:50:38.970] [SEVERE ] removing player 5 token from slot 0
[17:50:38.970] [SEVERE ] player 5 placing token on slot 0
[17:50:38.970] [SEVERE ] removing player 5 token from slot 0
[17:50:38.970] [SEVERE ] player 5 placing token on slot 0
[17:50:38.971] [SEVERE ] removing player 5 token from slot 0
[17:50:38.971] [SEVERE ] player 5 placing token on slot 0
[17:50:38.971] [SEVERE ] removing player 5 token from slot 0
[17:50:38.971] [SEVERE ] player 5 placing token on slot 0
[17:50:38.971] [SEVERE ] removing player 5 token from slot 0
[17:50:38.971] [SEVERE ] player 5 placing token on slot 0
[17:50:38.972] [SEVERE ] removing player 5 token from slot 0
[17:50:38.972] [SEVERE ] player 5 placing token on slot 0
[17:50:38.972] [SEVERE ] removing player 5 token from slot 0
[17:50:38.973] [SEVERE ] player 5 placing token on slot 0
[17:50:38.973] [SEVERE ] removing player 5 token from slot 0
[17:50:38.973] [SEVERE ] player 5 placing token on slot 0
[17:50:38.973] [SEVERE ] removing player 5 token from slot 0
[17:50:38.973] [SEVERE ] player 5 placing token on slot 0
[17:50:38.974] [SEVERE ] removing player 5 token from slot 0
[17:50:38.974] [SEVERE ] player 5 placing token on slot 0
[17:50:38.948] [SEVERE ] player 2 placing token on slot 0
[17:50:38.974] [SEVERE ] removing player 5 token from slot 0
[17:50:38.976] [SEVERE ] player 5 placing token on slot 0
[17:50:38.976] [SEVERE ] removing player 5 token from slot 0
[17:50:38.976] [SEVERE ] player 5 placing token on slot 0
[17:50:38.977] [SEVERE ] removing player 5 token from slot 0
[17:50:38.977] [SEVERE ] player 5 placing token on slot 0
[17:50:38.977] [SEVERE ] removing player 5 token from slot 0
[17:50:38.977] [SEVERE ] player 5 placing token on slot 0
[17:50:38.978] [SEVERE ] removing player 5 token from slot 0
[17:50:38.978] [SEVERE ] player 5 placing token on slot 0
[17:50:38.978] [SEVERE ] removing player 5 token from slot 0
[17:50:38.978] [SEVERE ] player 5 placing token on slot 0
[17:50:38.978] [SEVERE ] removing player 5 token from slot 0
[17:50:38.979] [SEVERE ] player 5 placing token on slot 0
[17:50:38.979] [SEVERE ] removing player 5 token from slot 0
[17:50:38.979] [SEVERE ] player 5 placing token on slot 0
[17:50:38.979] [SEVERE ] removing player 5 token from slot 0
[17:50:38.979] [SEVERE ] player 5 placing token on slot 0
[17:50:38.979] [SEVERE ] removing player 2 token from slot 0
[17:50:38.981] [SEVERE ] player 2 placing token on slot 0
[17:50:38.981] [SEVERE ] removing player 2 token from slot 0
[17:50:38.982] [SEVERE ] player 2 placing token on slot 0
[17:50:38.982] [SEVERE ] removing player 2 token from slot 0
[17:50:38.982] [SEVERE ] player 2 placing token on slot 0
[17:50:38.982] [SEVERE ] removing player 2 token from slot 0
[17:50:38.982] [SEVERE ] player 2 placing token on slot 0
[17:50:38.983] [SEVERE ] removing player 2 token from slot 0
[17:50:38.950] [SEVERE ] removing player 3 token from slot 0
[17:50:38.984] [SEVERE ] player 2 placing token on slot 0
[17:50:38.950] [SEVERE ] removing player 4 token from slot 0
[17:50:38.985] [SEVERE ] player 4 placing token on slot 0
[17:50:38.985] [SEVERE ] removing player 4 token from slot 0
[17:50:38.985] [SEVERE ] player 4 placing token on slot 0
[17:50:38.985] [SEVERE ] removing player 2 token from slot 0
[17:50:38.985] [SEVERE ] player 2 placing token on slot 0
[17:50:38.984] [SEVERE ] player 3 placing token on slot 0
[17:50:38.979] [SEVERE ] removing player 5 token from slot 0
[17:50:38.986] [SEVERE ] player 5 placing token on slot 0
[17:50:38.986] [SEVERE ] removing player 5 token from slot 0
[17:50:38.986] [SEVERE ] player 5 placing token on slot 0
[17:50:38.986] [SEVERE ] removing player 5 token from slot 0
[17:50:38.987] [SEVERE ] player 5 placing token on slot 0
[17:50:38.987] [SEVERE ] removing player 5 token from slot 0
[17:50:38.987] [SEVERE ] player 5 placing token on slot 0
[17:50:38.987] [SEVERE ] removing player 5 token from slot 0
[17:50:38.987] [SEVERE ] player 5 placing token on slot 0
[17:50:38.987] [SEVERE ] removing player 5 token from slot 0
[17:50:38.987] [SEVERE ] player 5 placing token on slot 0
[17:50:38.987] [SEVERE ] removing player 5 token from slot 0
[17:50:38.988] [SEVERE ] player 5 placing token on slot 0
[17:50:38.988] [SEVERE ] removing player 5 token from slot 0
[17:50:38.988] [SEVERE ] player 5 placing token on slot 0
[17:50:38.988] [SEVERE ] removing player 5 token from slot 0
[17:50:38.988] [SEVERE ] player 5 placing token on slot 0
[17:50:38.988] [SEVERE ] removing player 5 token from slot 0
[17:50:38.988] [SEVERE ] player 5 placing token on slot 0
[17:50:38.989] [SEVERE ] removing player 5 token from slot 0
[17:50:38.989] [SEVERE ] player 5 placing token on slot 0
[17:50:38.986] [SEVERE ] removing player 2 token from slot 0
[17:50:38.989] [SEVERE ] player 2 placing token on slot 0
[17:50:38.989] [SEVERE ] removing player 2 token from slot 0
[17:50:38.989] [SEVERE ] player 2 placing token on slot 0
[17:50:38.990] [SEVERE ] removing player 2 token from slot 0
[17:50:38.990] [SEVERE ] player 2 placing token on slot 0
[17:50:38.990] [SEVERE ] removing player 2 token from slot 0
[17:50:38.990] [SEVERE ] player 2 placing token on slot 0
[17:50:38.990] [SEVERE ] removing player 2 token from slot 0
[17:50:38.990] [SEVERE ] player 2 placing token on slot 0
[17:50:38.991] [SEVERE ] removing player 2 token from slot 0
[17:50:38.991] [SEVERE ] player 2 placing token on slot 0
[17:50:38.991] [SEVERE ] removing player 2 token from slot 0
[17:50:38.991] [SEVERE ] player 2 placing token on slot 0
[17:50:38.991] [SEVERE ] removing player 2 token from slot 0
[17:50:38.991] [SEVERE ] player 2 placing token on slot 0
[17:50:38.991] [SEVERE ] removing player 2 token from slot 0
[17:50:38.991] [SEVERE ] player 2 placing token on slot 0
[17:50:38.992] [SEVERE ] removing player 2 token from slot 0
[17:50:38.992] [SEVERE ] player 2 placing token on slot 0
[17:50:38.992] [SEVERE ] removing player 2 token from slot 0
[17:50:38.992] [SEVERE ] player 2 placing token on slot 0
[17:50:38.992] [SEVERE ] removing player 2 token from slot 0
[17:50:38.993] [SEVERE ] player 2 placing token on slot 0
[17:50:38.993] [SEVERE ] removing player 2 token from slot 0
[17:50:38.993] [SEVERE ] player 2 placing token on slot 0
[17:50:38.993] [SEVERE ] removing player 2 token from slot 0
[17:50:38.993] [SEVERE ] player 2 placing token on slot 0
[17:50:38.996] [SEVERE ] removing player 2 token from slot 0
[17:50:38.996] [SEVERE ] player 2 placing token on slot 0
[17:50:38.996] [SEVERE ] removing player 2 token from slot 0
[17:50:38.996] [SEVERE ] player 2 placing token on slot 0
[17:50:38.996] [SEVERE ] removing player 2 token from slot 0
[17:50:38.996] [SEVERE ] player 2 placing token on slot 0
[17:50:38.996] [SEVERE ] removing player 2 token from slot 0
[17:50:38.996] [SEVERE ] player 2 placing token on slot 0
[17:50:38.997] [SEVERE ] removing player 2 token from slot 0
[17:50:38.997] [SEVERE ] player 2 placing token on slot 0
[17:50:38.997] [SEVERE ] removing player 2 token from slot 0
[17:50:38.997] [SEVERE ] player 2 placing token on slot 0
[17:50:38.997] [SEVERE ] removing player 2 token from slot 0
[17:50:38.997] [SEVERE ] player 2 placing token on slot 0
[17:50:38.997] [SEVERE ] removing player 2 token from slot 0
[17:50:38.997] [SEVERE ] player 2 placing token on slot 0
[17:50:38.997] [SEVERE ] removing player 2 token from slot 0
[17:50:38.986] [SEVERE ] removing player 3 token from slot 0
[17:50:38.985] [SEVERE ] removing player 4 token from slot 0
[17:50:38.998] [SEVERE ] player 3 placing token on slot 0
[17:50:38.998] [SEVERE ] removing player 3 token from slot 0
[17:50:38.998] [SEVERE ] player 3 placing token on slot 0
[17:50:38.998] [SEVERE ] removing player 3 token from slot 0
[17:50:38.999] [SEVERE ] player 3 placing token on slot 0
[17:50:39.000] [SEVERE ] removing player 3 token from slot 0
[17:50:39.000] [SEVERE ] player 3 placing token on slot 0
[17:50:39.000] [SEVERE ] removing player 3 token from slot 0
[17:50:39.000] [SEVERE ] player 3 placing token on slot 0
[17:50:39.000] [SEVERE ] removing player 3 token from slot 0
[17:50:39.000] [SEVERE ] player 3 placing token on slot 0
[17:50:39.000] [SEVERE ] removing player 3 token from slot 0
[17:50:39.000] [SEVERE ] player 3 placing token on slot 0
[17:50:39.000] [SEVERE ] removing player 3 token from slot 0
[17:50:39.001] [SEVERE ] player 3 placing token on slot 0
[17:50:39.001] [SEVERE ] removing player 3 token from slot 0
[17:50:38.998] [SEVERE ] player 2 placing token on slot 0
[17:50:38.989] [SEVERE ] removing player 5 token from slot 0
[17:50:39.002] [SEVERE ] player 3 placing token on slot 0
[17:50:39.002] [SEVERE ] removing player 3 token from slot 0
[17:50:39.002] [SEVERE ] player 3 placing token on slot 0
[17:50:39.002] [SEVERE ] removing player 3 token from slot 0
[17:50:39.002] [SEVERE ] player 3 placing token on slot 0
[17:50:39.002] [SEVERE ] removing player 3 token from slot 0
[17:50:39.003] [SEVERE ] player 3 placing token on slot 0
[17:50:39.002] [SEVERE ] removing player 2 token from slot 0
[17:50:39.005] [SEVERE ] player 2 placing token on slot 0
[17:50:39.005] [SEVERE ] removing player 2 token from slot 0
[17:50:38.998] [SEVERE ] player 4 placing token on slot 0
[17:50:39.008] [SEVERE ] removing player 4 token from slot 0
[17:50:39.008] [SEVERE ] player 4 placing token on slot 0
[17:50:39.008] [SEVERE ] player 2 placing token on slot 0
[17:50:39.010] [SEVERE ] removing player 2 token from slot 0
[17:50:39.002] [SEVERE ] player 5 placing token on slot 0
[17:50:39.011] [SEVERE ] removing player 5 token from slot 0
[17:50:39.011] [SEVERE ] player 2 placing token on slot 0
[17:50:39.008] [SEVERE ] removing player 4 token from slot 0
[17:50:39.013] [SEVERE ] removing player 3 token from slot 0
[17:50:39.013] [SEVERE ] removing player 2 token from slot 0
[17:50:39.013] [SEVERE ] player 2 placing token on slot 0
[17:50:39.014] [SEVERE ] player 3 placing token on slot 0
[17:50:39.015] [SEVERE ] removing player 3 token from slot 0
[17:50:39.015] [SEVERE ] player 3 placing token on slot 0
[17:50:39.016] [SEVERE ] removing player 3 token from slot 0
[17:50:39.019] [SEVERE ] player 4 placing token on slot 0
[17:50:39.020] [SEVERE ] removing player 4 token from slot 0
[17:50:39.020] [SEVERE ] player 4 placing token on slot 0
[17:50:39.021] [SEVERE ] removing player 4 token from slot 0
[17:50:39.012] [SEVERE ] player 5 placing token on slot 0
[17:50:39.022] [SEVERE ] player 3 placing token on slot 0
[17:50:39.025] [SEVERE ] removing player 3 token from slot 0
[17:50:39.025] [SEVERE ] player 4 placing token on slot 0
[17:50:39.025] [SEVERE ] removing player 4 token from slot 0
[17:50:39.026] [SEVERE ] player 4 placing token on slot 0
[17:50:39.026] [SEVERE ] removing player 4 token from slot 0
[17:50:39.026] [SEVERE ] player 3 placing token on slot 0
[17:50:39.026] [SEVERE ] player 4 placing token on slot 0
[17:50:39.026] [SEVERE ] removing player 4 token from slot 0
[17:50:39.026] [SEVERE ] removing player 3 token from slot 0
[17:50:39.026] [SEVERE ] player 3 placing token on slot 0
[17:50:39.026] [SEVERE ] player 4 placing token on slot 0
[17:50:39.028] [SEVERE ] removing player 3 token from slot 0
[17:50:39.028] [SEVERE ] player 3 placing token on slot 0
[17:50:39.028] [SEVERE ] removing player 3 token from slot 0
[17:50:39.028] [SEVERE ] removing player 2 token from slot 0
[17:50:39.029] [SEVERE ] player 2 placing token on slot 0
[17:50:39.029] [SEVERE ] removing player 2 token from slot 0
[17:50:39.028] [SEVERE ] removing player 4 token from slot 0
[17:50:39.029] [SEVERE ] player 4 placing token on slot 0
[17:50:39.032] [SEVERE ] player 2 placing token on slot 0
[17:50:39.033] [SEVERE ] removing player 4 token from slot 0
[17:50:39.034] [SEVERE ] player 4 placing token on slot 0
[17:50:39.034] [SEVERE ] removing player 4 token from slot 0
[17:50:39.034] [SEVERE ] player 4 placing token on slot 0
[17:50:39.034] [SEVERE ] removing player 4 token from slot 0
[17:50:39.034] [SEVERE ] player 4 placing token on slot 0
[17:50:39.034] [SEVERE ] removing player 2 token from slot 0
[17:50:39.034] [SEVERE ] removing player 4 token from slot 0
[17:50:39.034] [SEVERE ] player 4 placing token on slot 0
[17:50:39.034] [SEVERE ] removing player 4 token from slot 0
[17:50:39.035] [SEVERE ] player 4 placing token on slot 0
[17:50:39.035] [SEVERE ] removing player 4 token from slot 0
[17:50:39.035] [SEVERE ] player 4 placing token on slot 0
[17:50:39.035] [SEVERE ] removing player 4 token from slot 0
[17:50:39.042] [SEVERE ] player 3 placing token on slot 0
[17:50:39.045] [SEVERE ] removing player 3 token from slot 0
[17:50:39.045] [SEVERE ] player 3 placing token on slot 0
[17:50:39.035] [SEVERE ] player 2 placing token on slot 0
[17:50:39.046] [SEVERE ] removing player 2 token from slot 0
[17:50:39.045] [SEVERE ] player 4 placing token on slot 0
[17:50:39.046] [SEVERE ] removing player 4 token from slot 0
[17:50:39.046] [SEVERE ] removing player 3 token from slot 0
[17:50:39.046] [SEVERE ] player 2 placing token on slot 0
[17:50:39.059] [SEVERE ] player 3 placing token on slot 0
[17:50:39.059] [SEVERE ] removing player 2 token from slot 0
[17:50:39.059] [SEVERE ] removing player 3 token from slot 0
[17:50:39.060] [SEVERE ] player 2 placing token on slot 0
[17:50:39.061] [SEVERE ] removing player 2 token from slot 0
[17:50:39.061] [SEVERE ] player 2 placing token on slot 0
[17:50:39.069] [SEVERE ] placing card 79 in slot 1
[17:50:39.070] [SEVERE ] player 2 placing token on slot 1
[17:50:39.073] [SEVERE ] removing player 2 token from slot 1
[17:50:39.073] [SEVERE ] player 2 placing token on slot 1
[17:50:39.074] [SEVERE ] removing player 2 token from slot 0
[17:50:39.074] [SEVERE ] player 2 placing token on slot 0
[17:50:39.074] [SEVERE ] removing player 2 token from slot 1
[17:50:39.074] [SEVERE ] player 5 placing token on slot 1
[17:50:39.080] [SEVERE ] player 3 placing token on slot 0
[17:50:39.080] [SEVERE ] removing player 5 token from slot 1
[17:50:39.080] [SEVERE ] removing player 5 token from slot 0
[17:50:39.080] [SEVERE ] player 3 placing token on slot 1
[17:50:39.080] [SEVERE ] removing player 3 token from slot 1
[17:50:39.081] [SEVERE ] removing player 2 token from slot 0
[17:50:39.081] [SEVERE ] player 2 placing token on slot 0
[17:50:39.081] [SEVERE ] player 2 placing token on slot 1
[17:50:39.081] [SEVERE ] removing player 2 token from slot 1
[17:50:39.081] [SEVERE ] player 2 placing token on slot 1
[17:50:39.081] [SEVERE ] removing player 2 token from slot 1
[17:50:39.081] [SEVERE ] player 5 placing token on slot 0
[17:50:39.081] [SEVERE ] removing player 3 token from slot 0
[17:50:39.081] [SEVERE ] removing player 5 token from slot 0
[17:50:39.081] [SEVERE ] player 4 placing token on slot 0
[17:50:39.081] [SEVERE ] removing player 2 token from slot 0
[17:50:39.083] [SEVERE ] player 5 placing token on slot 0
[17:50:39.084] [SEVERE ] removing player 5 token from slot 0
[17:50:39.084] [SEVERE ] player 5 placing token on slot 1
[17:50:39.084] [SEVERE ] removing player 5 token from slot 1
[17:50:39.084] [SEVERE ] player 5 placing token on slot 0
[17:50:39.084] [SEVERE ] player 5 placing token on slot 1
[17:50:39.084] [SEVERE ] removing player 5 token from slot 1
[17:50:39.084] [SEVERE ] removing player 5 token from slot 0
[17:50:39.084] [SEVERE ] player 5 placing token on slot 0
[17:50:39.084] [SEVERE ] player 5 placing token on slot 1
[17:50:39.084] [SEVERE ] removing player 5 token from slot 1
[17:50:39.084] [SEVERE ] removing player 5 token from slot 0
[17:50:39.084] [SEVERE ] player 5 placing token on slot 1
[17:50:39.084] [SEVERE ] removing player 5 token from slot 1
[17:50:39.085] [SEVERE ] player 5 placing token on slot 0
[17:50:39.085] [SEVERE ] removing player 5 token from slot 0
[17:50:39.085] [SEVERE ] player 5 placing token on slot 1
[17:50:39.085] [SEVERE ] player 5 placing token on slot 0
[17:50:39.085] [SEVERE ] removing player 5 token from slot 1
[17:50:39.085] [SEVERE ] removing player 5 token from slot 0
[17:50:39.085] [SEVERE ] player 5 placing token on slot 1
[17:50:39.085] [SEVERE ] player 5 placing token on slot 0
[17:50:39.085] [SEVERE ] removing player 5 token from slot 0
[17:50:39.085] [SEVERE ] removing player 5 token from slot 1
[17:50:39.085] [SEVERE ] player 5 placing token on slot 0
[17:50:39.085] [SEVERE ] removing player 5 token from slot 0
[17:50:39.085] [SEVERE ] player 5 placing token on slot 0
[17:50:39.085] [SEVERE ] removing player 5 token from slot 0
[17:50:39.086] [SEVERE ] player 5 placing token on slot 0
[17:50:39.086] [SEVERE ] player 5 placing token on slot 1
[17:50:39.086] [SEVERE ] removing player 5 token from slot 0
[17:50:39.086] [SEVERE ] player 5 placing token on slot 0
[17:50:39.086] [SEVERE ] removing player 5 token from slot 0
[17:50:39.086] [SEVERE ] removing player 5 token from slot 1
[17:50:39.086] [SEVERE ] player 5 placing token on slot 1
[17:50:39.086] [SEVERE ] player 5 placing token on slot 0
[17:50:39.086] [SEVERE ] removing player 5 token from slot 1
[17:50:39.086] [SEVERE ] player 5 placing token on slot 1
[17:50:39.086] [SEVERE ] removing player 5 token from slot 0
[17:50:39.083] [SEVERE ] player 3 placing token on slot 1
[17:50:39.090] [SEVERE ] player 2 placing token on slot 0
[17:50:39.084] [SEVERE ] player 4 placing token on slot 1
[17:50:39.103] [SEVERE ] removing player 4 token from slot 1
[17:50:39.103] [SEVERE ] removing player 4 token from slot 0
[17:50:39.103] [SEVERE ] player 2 placing token on slot 1
[17:50:39.105] [SEVERE ] removing player 2 token from slot 0
[17:50:39.106] [SEVERE ] removing player 2 token from slot 1
[17:50:39.107] [SEVERE ] player 2 placing token on slot 1
[17:50:39.108] [SEVERE ] removing player 2 token from slot 1
[17:50:39.108] [SEVERE ] player 2 placing token on slot 0
[17:50:39.108] [SEVERE ] player 2 placing token on slot 1
[17:50:39.108] [SEVERE ] removing player 2 token from slot 1
[17:50:39.108] [SEVERE ] removing player 2 token from slot 0
[17:50:39.109] [SEVERE ] player 2 placing token on slot 1
[17:50:39.109] [SEVERE ] player 2 placing token on slot 0
[17:50:39.109] [SEVERE ] removing player 2 token from slot 0
[17:50:39.109] [SEVERE ] removing player 2 token from slot 1
[17:50:39.109] [SEVERE ] player 2 placing token on slot 0
[17:50:39.109] [SEVERE ] player 2 placing token on slot 1
[17:50:39.109] [SEVERE ] removing player 2 token from slot 1
[17:50:39.109] [SEVERE ] removing player 2 token from slot 0
[17:50:39.109] [SEVERE ] player 2 placing token on slot 1
[17:50:39.109] [SEVERE ] player 2 placing token on slot 0
[17:50:39.109] [SEVERE ] removing player 2 token from slot 1
[17:50:39.109] [SEVERE ] removing player 2 token from slot 0
[17:50:39.109] [SEVERE ] player 2 placing token on slot 1
[17:50:39.109] [SEVERE ] removing player 2 token from slot 1
[17:50:39.109] [SEVERE ] player 2 placing token on slot 0
[17:50:39.109] [SEVERE ] removing player 2 token from slot 0
[17:50:39.110] [SEVERE ] player 2 placing token on slot 1
[17:50:39.110] [SEVERE ] player 2 placing token on slot 0
[17:50:39.110] [SEVERE ] removing player 2 token from slot 0
[17:50:39.110] [SEVERE ] player 2 placing token on slot 0
[17:50:39.110] [SEVERE ] removing player 2 token from slot 0
[17:50:39.110] [SEVERE ] removing player 2 token from slot 1
[17:50:39.110] [SEVERE ] player 2 placing token on slot 1
[17:50:39.110] [SEVERE ] removing player 2 token from slot 1
[17:50:39.110] [SEVERE ] player 2 placing token on slot 1
[17:50:39.110] [SEVERE ] player 2 placing token on slot 0
[17:50:39.110] [SEVERE ] removing player 2 token from slot 0
[17:50:39.110] [SEVERE ] removing player 2 token from slot 1
[17:50:39.110] [SEVERE ] player 2 placing token on slot 0
[17:50:39.100] [SEVERE ] player 3 placing token on slot 0
[17:50:39.111] [SEVERE ] removing player 3 token from slot 1
[17:50:39.110] [SEVERE ] player 2 placing token on slot 1
[17:50:39.110] [SEVERE ] player 4 placing token on slot 0
[17:50:39.110] [SEVERE ] removing player 5 token from slot 1
[17:50:39.123] [SEVERE ] player 5 placing token on slot 1
[17:50:39.123] [SEVERE ] removing player 4 token from slot 0
[17:50:39.111] [SEVERE ] removing player 2 token from slot 0
[17:50:39.111] [SEVERE ] player 3 placing token on slot 1
[17:50:39.127] [SEVERE ] removing player 3 token from slot 0
[17:50:39.127] [SEVERE ] player 3 placing token on slot 0
[17:50:39.127] [SEVERE ] removing player 2 token from slot 1
[17:50:39.127] [SEVERE ] player 4 placing token on slot 0
[17:50:39.127] [SEVERE ] removing player 5 token from slot 1
[17:50:39.127] [SEVERE ] removing player 3 token from slot 1
[17:50:39.127] [SEVERE ] player 5 placing token on slot 0
[17:50:39.127] [SEVERE ] removing player 5 token from slot 0
[17:50:39.128] [SEVERE ] player 5 placing token on slot 1
[17:50:39.127] [SEVERE ] player 4 placing token on slot 1
[17:50:39.127] [SEVERE ] player 2 placing token on slot 0
[17:50:39.128] [SEVERE ] removing player 2 token from slot 0
[17:50:39.128] [SEVERE ] player 2 placing token on slot 0
[17:50:39.128] [SEVERE ] removing player 2 token from slot 0
[17:50:39.131] [SEVERE ] player 2 placing token on slot 0
[17:50:39.127] [SEVERE ] removing player 3 token from slot 0
[17:50:39.128] [SEVERE ] player 5 placing token on slot 0
[17:50:39.132] [SEVERE ] removing player 5 token from slot 0
[17:50:39.132] [SEVERE ] removing player 5 token from slot 1
[17:50:39.133] [SEVERE ] player 3 placing token on slot 1
[17:50:39.133] [SEVERE ] player 3 placing token on slot 0
[17:50:39.134] [SEVERE ] player 5 placing token on slot 0
[17:50:39.135] [SEVERE ] removing player 3 token from slot 0
[17:50:39.131] [SEVERE ] player 2 placing token on slot 1
[17:50:39.136] [SEVERE ] removing player 2 token from slot 1
[17:50:39.136] [SEVERE ] player 5 placing token on slot 1
[17:50:39.136] [SEVERE ] removing player 5 token from slot 1
[17:50:39.136] [SEVERE ] removing player 2 token from slot 0
[17:50:39.136] [SEVERE ] removing player 5 token from slot 0
[17:50:39.138] [SEVERE ] player 5 placing token on slot 0
[17:50:39.138] [SEVERE ] removing player 5 token from slot 0
[17:50:39.138] [SEVERE ] player 5 placing token on slot 1
[17:50:39.138] [SEVERE ] removing player 5 token from slot 1
[17:50:39.138] [SEVERE ] player 5 placing token on slot 0
[17:50:39.138] [SEVERE ] player 3 placing token on slot 0
[17:50:39.138] [SEVERE ] removing player 3 token from slot 1
[17:50:39.139] [SEVERE ] removing player 3 token from slot 0
[17:50:39.139] [SEVERE ] player 3 placing token on slot 1
[17:50:39.139] [SEVERE ] removing player 3 token from slot 1
[17:50:39.139] [SEVERE ] player 3 placing token on slot 1
[17:50:39.139] [SEVERE ] removing player 3 token from slot 1
[17:50:39.136] [SEVERE ] player 2 placing token on slot 1
[17:50:39.143] [SEVERE ] removing player 2 token from slot 1
[17:50:39.145] [SEVERE ] player 2 placing token on slot 1
[17:50:39.145] [SEVERE ] removing player 2 token from slot 1
[17:50:39.139] [SEVERE ] removing player 5 token from slot 0
[17:50:39.146] [SEVERE ] player 5 placing token on slot 0
[17:50:39.146] [SEVERE ] player 2 placing token on slot 1
[17:50:39.146] [SEVERE ] removing player 2 token from slot 1
[17:50:39.146] [SEVERE ] player 5 placing token on slot 1
[17:50:39.148] [SEVERE ] player 3 placing token on slot 0
[17:50:39.148] [SEVERE ] player 3 placing token on slot 1
[17:50:39.150] [SEVERE ] removing player 5 token from slot 1
[17:50:39.150] [SEVERE ] removing player 5 token from slot 0
[17:50:39.150] [SEVERE ] player 5 placing token on slot 1
[17:50:39.151] [SEVERE ] removing player 3 token from slot 0
[17:50:39.146] [SEVERE ] player 2 placing token on slot 1
[17:50:39.152] [SEVERE ] removing player 2 token from slot 1
[17:50:39.152] [SEVERE ] removing player 4 token from slot 1
[17:50:39.152] [SEVERE ] player 5 placing token on slot 0
[17:50:39.152] [SEVERE ] player 3 placing token on slot 0
[17:50:39.152] [SEVERE ] player 2 placing token on slot 0
[17:50:39.152] [SEVERE ] removing player 3 token from slot 1
[17:50:39.153] [SEVERE ] removing player 3 token from slot 0
[17:50:39.153] [SEVERE ] removing player 2 token from slot 0
[17:50:39.152] [SEVERE ] removing player 5 token from slot 1
[17:50:39.153] [SEVERE ] player 2 placing token on slot 0
[17:50:39.153] [SEVERE ] player 2 placing token on slot 1
[17:50:39.153] [SEVERE ] removing player 2 token from slot 1
[17:50:39.153] [SEVERE ] removing player 2 token from slot 0
[17:50:39.153] [SEVERE ] player 2 placing token on slot 0
[17:50:39.153] [SEVERE ] player 2 placing token on slot 1
[17:50:39.153] [SEVERE ] removing player 2 token from slot 0
[17:50:39.154] [SEVERE ] removing player 2 token from slot 1
[17:50:39.154] [SEVERE ] player 2 placing token on slot 1
[17:50:39.154] [SEVERE ] player 2 placing token on slot 0
[17:50:39.154] [SEVERE ] removing player 2 token from slot 0
[17:50:39.154] [SEVERE ] removing player 2 token from slot 1
[17:50:39.154] [SEVERE ] player 2 placing token on slot 0
[17:50:39.154] [SEVERE ] removing player 2 token from slot 0
[17:50:39.157] [SEVERE ] player 2 placing token on slot 0
[17:50:39.158] [SEVERE ] removing player 2 token from slot 0
[17:50:39.158] [SEVERE ] player 2 placing token on slot 1
[17:50:39.159] [SEVERE ] removing player 2 token from slot 1
[17:50:39.153] [SEVERE ] removing player 4 token from slot 0
[17:50:39.153] [SEVERE ] player 3 placing token on slot 0
[17:50:39.159] [SEVERE ] player 2 placing token on slot 0
[17:50:39.153] [SEVERE ] removing player 5 token from slot 0
[17:50:39.162] [SEVERE ] player 5 placing token on slot 0
[17:50:39.162] [SEVERE ] player 4 placing token on slot 1
[17:50:39.162] [SEVERE ] removing player 4 token from slot 1
[17:50:39.162] [SEVERE ] player 3 placing token on slot 1
[17:50:39.164] [SEVERE ] player 4 placing token on slot 1
[17:50:39.164] [SEVERE ] player 4 placing token on slot 0
[17:50:39.164] [SEVERE ] removing player 2 token from slot 0
[17:50:39.162] [SEVERE ] player 5 placing token on slot 1
[17:50:39.167] [SEVERE ] removing player 5 token from slot 0
[17:50:39.167] [SEVERE ] removing player 3 token from slot 0
[17:50:39.167] [SEVERE ] player 5 placing token on slot 0
[17:50:39.167] [SEVERE ] removing player 4 token from slot 1
[17:50:39.167] [SEVERE ] player 2 placing token on slot 0
[17:50:39.168] [SEVERE ] player 4 placing token on slot 1
[17:50:39.167] [SEVERE ] removing player 5 token from slot 0
[17:50:39.167] [SEVERE ] removing player 3 token from slot 1
[17:50:39.173] [SEVERE ] removing player 2 token from slot 0
[17:50:39.173] [SEVERE ] removing player 4 token from slot 1
[17:50:39.173] [SEVERE ] player 2 placing token on slot 1
[17:50:39.173] [SEVERE ] player 3 placing token on slot 1
[17:50:39.173] [SEVERE ] removing player 5 token from slot 1
[17:50:39.173] [SEVERE ] player 3 placing token on slot 0
[17:50:39.173] [SEVERE ] player 2 placing token on slot 0
[17:50:39.173] [SEVERE ] player 4 placing token on slot 1
[17:50:39.174] [SEVERE ] removing player 4 token from slot 1
[17:50:39.173] [SEVERE ] removing player 2 token from slot 1
[17:50:39.173] [SEVERE ] removing player 3 token from slot 0
[17:50:39.175] [SEVERE ] player 3 placing token on slot 0
[17:50:39.176] [SEVERE ] removing player 3 token from slot 0
[17:50:39.176] [SEVERE ] player 3 placing token on slot 0
[17:50:39.176] [SEVERE ] removing player 3 token from slot 1
[17:50:39.173] [SEVERE ] player 5 placing token on slot 0
[17:50:39.176] [SEVERE ] player 5 placing token on slot 1
[17:50:39.176] [SEVERE ] removing player 4 token from slot 0
[17:50:39.178] [SEVERE ] player 3 placing token on slot 1
[17:50:39.178] [SEVERE ] removing player 3 token from slot 0
[17:50:39.178] [SEVERE ] removing player 3 token from slot 1
[17:50:39.179] [SEVERE ] player 3 placing token on slot 1
[17:50:39.176] [SEVERE ] player 2 placing token on slot 1
[17:50:39.181] [SEVERE ] placing card 15 in slot 2
[17:50:39.181] [SEVERE ] player 2 placing token on slot 2
[17:50:39.181] [SEVERE ] player 4 placing token on slot 0
[17:50:39.180] [SEVERE ] player 3 placing token on slot 0
[17:50:39.176] [SEVERE ] removing player 5 token from slot 0
[17:50:39.181] [SEVERE ] player 4 placing token on slot 1
[17:50:39.181] [SEVERE ] removing player 3 token from slot 0
[17:50:39.181] [SEVERE ] player 5 placing token on slot 0
[17:50:39.181] [SEVERE ] player 3 placing token on slot 2
[17:50:39.181] [SEVERE ] player 5 placing token on slot 2
[17:50:39.182] [SEVERE ] player 3 placing token on slot 0
[17:50:39.186] [SEVERE ] player 4 placing token on slot 2
[17:50:39.291] [SEVERE ] placing card 43 in slot 3
[17:50:39.401] [SEVERE ] placing card 13 in slot 4
[17:50:39.510] [SEVERE ] placing card 34 in slot 5
[17:50:39.621] [SEVERE ] placing card 75 in slot 6
[17:50:39.731] [SEVERE ] placing card 45 in slot 7
[17:50:39.842] [SEVERE ] placing card 4 in slot 8
[17:50:39.949] [SEVERE ] placing card 53 in slot 9
[17:50:40.061] [SEVERE ] placing card 12 in slot 10
[17:50:40.171] [SEVERE ] placing card 5 in slot 11
[17:50:40.187] [SEVERE ] removing player 2 token from slot 1
[17:50:40.187] [SEVERE ] player 2 placing token on slot 1
[17:50:40.202] [SEVERE ] removing player 5 token from slot 0
[17:50:40.202] [SEVERE ] removing player 5 token from slot 1
[17:50:40.202] [SEVERE ] removing player 5 token from slot 2
[17:50:40.202] [SEVERE ] player 5 placing token on slot 1
[17:50:40.202] [SEVERE ] removing player 5 token from slot 1
[17:50:40.202] [SEVERE ] player 5 placing token on slot 8
[17:50:40.202] [SEVERE ] player 5 placing token on slot 2
[17:50:40.202] [SEVERE ] player 5 placing token on slot 7
[17:50:40.218] [SEVERE ] removing player 3 token from slot 2
[17:50:40.218] [SEVERE ] removing player 3 token from slot 1
[17:50:40.218] [SEVERE ] player 3 placing token on slot 1
[17:50:40.218] [SEVERE ] removing player 3 token from slot 0
[17:50:40.218] [SEVERE ] removing player 3 token from slot 1
[17:50:40.218] [SEVERE ] player 3 placing token on slot 7
[17:50:40.219] [SEVERE ] player 3 placing token on slot 9
[17:50:40.219] [SEVERE ] player 3 placing token on slot 10
[17:50:40.234] [SEVERE ] removing player 4 token from slot 0
[17:50:40.234] [SEVERE ] removing player 4 token from slot 1
[17:50:40.234] [SEVERE ] player 4 placing token on slot 1
[17:50:40.234] [SEVERE ] player 4 placing token on slot 0
[17:50:40.250] [SEVERE ] removing player 2 token from slot 0
[17:50:40.250] [SEVERE ] removing player 2 token from slot 1
[17:50:40.250] [SEVERE ] removing player 2 token from slot 2
[17:50:40.250] [SEVERE ] player 2 placing token on slot 1
[17:50:40.252] [SEVERE ] player 2 placing token on slot 3
[17:50:40.252] [SEVERE ] player 2 placing token on slot 7
[17:50:40.266] [SEVERE ] removing player 5 token from slot 7
[17:50:40.266] [SEVERE ] player 5 placing token on slot 7
[17:50:40.282] [SEVERE ] removing player 3 token from slot 9
[17:50:40.282] [SEVERE ] player 3 placing token on slot 9
[17:50:40.298] [SEVERE ] removing player 4 token from slot 2
[17:50:40.298] [SEVERE ] removing player 4 token from slot 0
[17:50:40.298] [SEVERE ] player 4 placing token on slot 2
[17:50:40.298] [SEVERE ] player 4 placing token on slot 0
[17:50:40.314] [SEVERE ] removing player 2 token from slot 3
[17:50:40.314] [SEVERE ] player 2 placing token on slot 3
[17:50:40.330] [SEVERE ] removing player 5 token from slot 2
[17:50:40.330] [SEVERE ] player 5 placing token on slot 2
[17:50:40.346] [SEVERE ] removing player 3 token from slot 9
[17:50:40.346] [SEVERE ] removing player 3 token from slot 7
[17:50:40.346] [SEVERE ] removing player 3 token from slot 10
[17:50:40.346] [SEVERE ] player 3 placing token on slot 7
[17:50:40.346] [SEVERE ] player 3 placing token on slot 9
[17:50:40.346] [SEVERE ] player 3 placing token on slot 6
[17:50:40.362] [SEVERE ] removing player 4 token from slot 2
[17:50:40.362] [SEVERE ] removing player 4 token from slot 0
[17:50:40.362] [SEVERE ] player 4 placing token on slot 0
[17:50:40.362] [SEVERE ] player 4 placing token on slot 2
[17:50:40.377] [SEVERE ] removing player 2 token from slot 3
[17:50:40.377] [SEVERE ] player 2 placing token on slot 3
[17:50:40.393] [SEVERE ] removing player 5 token from slot 7
[17:50:40.393] [SEVERE ] removing player 5 token from slot 2
[17:50:40.393] [SEVERE ] player 5 placing token on slot 7
[17:50:40.393] [SEVERE ] removing player 5 token from slot 7
[17:50:40.393] [SEVERE ] removing player 5 token from slot 8
[17:50:40.393] [SEVERE ] player 5 placing token on slot 9
[17:50:40.393] [SEVERE ] player 5 placing token on slot 1
[17:50:40.393] [SEVERE ] player 5 placing token on slot 5
[17:50:40.408] [SEVERE ] removing player 3 token from slot 6
[17:50:40.408] [SEVERE ] removing player 3 token from slot 7
[17:50:40.408] [SEVERE ] player 3 placing token on slot 6
[17:50:40.408] [SEVERE ] removing player 3 token from slot 6
[17:50:40.408] [SEVERE ] player 3 placing token on slot 7
[17:50:40.408] [SEVERE ] player 3 placing token on slot 11
[17:50:40.423] [SEVERE ] removing player 4 token from slot 0
[17:50:40.423] [SEVERE ] removing player 4 token from slot 2
[17:50:40.423] [SEVERE ] player 4 placing token on slot 0
[17:50:40.423] [SEVERE ] removing player 4 token from slot 1
[17:50:40.423] [SEVERE ] player 4 placing token on slot 11
[17:50:40.423] [SEVERE ] player 4 placing token on slot 10
[17:50:40.439] [SEVERE ] removing player 2 token from slot 7
[17:50:40.440] [SEVERE ] removing player 2 token from slot 3
[17:50:40.440] [SEVERE ] player 2 placing token on slot 7
[17:50:40.443] [SEVERE ] removing player 2 token from slot 7
[17:50:40.443] [SEVERE ] player 2 placing token on slot 3
[17:50:40.443] [SEVERE ] removing player 2 token from slot 1
[17:50:40.443] [SEVERE ] player 2 placing token on slot 2
[17:50:40.443] [SEVERE ] player 2 placing token on slot 5
[17:50:40.446] [SEVERE ] key 81 was pressed by player 1
[17:50:40.446] [SEVERE ] player 1 placing token on slot 0
[17:50:40.455] [SEVERE ] removing player 5 token from slot 1
[17:50:40.455] [SEVERE ] removing player 5 token from slot 9
[17:50:40.455] [SEVERE ] player 5 placing token on slot 9
[17:50:40.455] [SEVERE ] removing player 5 token from slot 5
[17:50:40.455] [SEVERE ] player 5 placing token on slot 8
[17:50:40.455] [SEVERE ] player 5 placing token on slot 5
[17:50:40.471] [SEVERE ] removing player 3 token from slot 11
[17:50:40.471] [SEVERE ] player 3 placing token on slot 11
[17:50:40.487] [SEVERE ] removing player 4 token from slot 11
[17:50:40.487] [SEVERE ] removing player 4 token from slot 10
[17:50:40.487] [SEVERE ] player 4 placing token on slot 10
[17:50:40.487] [SEVERE ] removing player 4 token from slot 10
[17:50:40.487] [SEVERE ] player 4 placing token on slot 2
[17:50:40.487] [SEVERE ] player 4 placing token on slot 3
[17:50:40.503] [SEVERE ] removing player 2 token from slot 3
[17:50:40.504] [SEVERE ] removing player 2 token from slot 2
[17:50:40.505] [SEVERE ] player 2 placing token on slot 2
[17:50:40.505] [SEVERE ] player 2 placing token on slot 3
[17:50:40.519] [SEVERE ] removing player 5 token from slot 8
[17:50:40.519] [SEVERE ] removing player 5 token from slot 5
[17:50:40.519] [SEVERE ] player 5 placing token on slot 5
[17:50:40.519] [SEVERE ] removing player 5 token from slot 5
[17:50:40.519] [SEVERE ] player 5 placing token on slot 5
[17:50:40.519] [SEVERE ] player 5 placing token on slot 11
[17:50:40.535] [SEVERE ] removing player 3 token from slot 11
[17:50:40.535] [SEVERE ] player 3 placing token on slot 11
[17:50:40.551] [SEVERE ] removing player 4 token from slot 0
[17:50:40.551] [SEVERE ] removing player 4 token from slot 3
[17:50:40.551] [SEVERE ] removing player 4 token from slot 2
[17:50:40.551] [SEVERE ] player 4 placing token on slot 3
[17:50:40.551] [SEVERE ] removing player 4 token from slot 3
[17:50:40.551] [SEVERE ] player 4 placing token on slot 2
[17:50:40.551] [SEVERE ] player 4 placing token on slot 5
[17:50:40.551] [SEVERE ] player 4 placing token on slot 10
[17:50:40.560] [SEVERE ] key 87 was pressed by player 1
[17:50:40.560] [SEVERE ] player 1 placing token on slot 1
[17:50:40.567] [SEVERE ] removing player 2 token from slot 5
[17:50:40.567] [SEVERE ] removing player 2 token from slot 2
[17:50:40.567] [SEVERE ] player 2 placing token on slot 5
[17:50:40.567] [SEVERE ] removing player 2 token from slot 5
[17:50:40.567] [SEVERE ] player 2 placing token on slot 7
[17:50:40.567] [SEVERE ] player 2 placing token on slot 4
[17:50:40.582] [SEVERE ] removing player 5 token from slot 9
[17:50:40.582] [SEVERE ] player 5 placing token on slot 9
[17:50:40.597] [SEVERE ] removing player 3 token from slot 11
[17:50:40.598] [SEVERE ] player 3 placing token on slot 11
[17:50:40.613] [SEVERE ] removing player 4 token from slot 5
[17:50:40.613] [SEVERE ] removing player 4 token from slot 2
[17:50:40.613] [SEVERE ] removing player 4 token from slot 10
[17:50:40.613] [SEVERE ] player 4 placing token on slot 2
[17:50:40.613] [SEVERE ] player 4 placing token on slot 7
[17:50:40.613] [SEVERE ] player 4 placing token on slot 1
[17:50:40.628] [SEVERE ] removing player 2 token from slot 7
[17:50:40.628] [SEVERE ] removing player 2 token from slot 4
[17:50:40.628] [SEVERE ] player 2 placing token on slot 7
[17:50:40.628] [SEVERE ] player 2 placing token on slot 4
[17:50:40.644] [SEVERE ] removing player 5 token from slot 5
[17:50:40.644] [SEVERE ] removing player 5 token from slot 11
[17:50:40.644] [SEVERE ] player 5 placing token on slot 5
[17:50:40.644] [SEVERE ] removing player 5 token from slot 5
[17:50:40.644] [SEVERE ] player 5 placing token on slot 11
[17:50:40.644] [SEVERE ] player 5 placing token on slot 7
[17:50:40.660] [SEVERE ] removing player 3 token from slot 11
[17:50:40.660] [SEVERE ] removing player 3 token from slot 9
[17:50:40.660] [SEVERE ] player 3 placing token on slot 11
[17:50:40.660] [SEVERE ] player 3 placing token on slot 9
[17:50:40.676] [SEVERE ] removing player 4 token from slot 7
[17:50:40.676] [SEVERE ] removing player 4 token from slot 1
[17:50:40.676] [SEVERE ] player 4 placing token on slot 7
[17:50:40.676] [SEVERE ] player 4 placing token on slot 1
[17:50:40.692] [SEVERE ] removing player 2 token from slot 4
[17:50:40.692] [SEVERE ] removing player 2 token from slot 3
[17:50:40.692] [SEVERE ] player 2 placing token on slot 3
[17:50:40.692] [SEVERE ] player 2 placing token on slot 4
[17:50:40.708] [SEVERE ] removing player 5 token from slot 9
[17:50:40.708] [SEVERE ] removing player 5 token from slot 7
[17:50:40.708] [SEVERE ] player 5 placing token on slot 7
[17:50:40.708] [SEVERE ] removing player 5 token from slot 11
[17:50:40.708] [SEVERE ] player 5 placing token on slot 5
[17:50:40.708] [SEVERE ] player 5 placing token on slot 6
[17:50:40.724] [SEVERE ] removing player 3 token from slot 11
[17:50:40.724] [SEVERE ] removing player 3 token from slot 7
[17:50:40.724] [SEVERE ] player 3 placing token on slot 7
[17:50:40.724] [SEVERE ] removing player 3 token from slot 7
[17:50:40.724] [SEVERE ] player 3 placing token on slot 11
[17:50:40.724] [SEVERE ] player 3 placing token on slot 4
[17:50:40.740] [SEVERE ] removing player 4 token from slot 7
[17:50:40.740] [SEVERE ] player 4 placing token on slot 7
[17:50:40.750] [SEVERE ] key 69 was pressed by player 1
[17:50:40.750] [SEVERE ] player 1 placing token on slot 2
[17:50:40.756] [SEVERE ] removing player 2 token from slot 4
[17:50:40.756] [SEVERE ] removing player 2 token from slot 7
[17:50:40.756] [SEVERE ] removing player 2 token from slot 3
[17:50:40.756] [SEVERE ] player 2 placing token on slot 4
[17:50:40.756] [SEVERE ] player 2 placing token on slot 1
[17:50:40.756] [SEVERE ] player 2 placing token on slot 3
[17:50:40.771] [SEVERE ] removing player 5 token from slot 7
[17:50:40.771] [SEVERE ] player 5 placing token on slot 7
[17:50:40.787] [SEVERE ] removing player 3 token from slot 11
[17:50:40.787] [SEVERE ] removing player 3 token from slot 9
[17:50:40.787] [SEVERE ] player 3 placing token on slot 11
[17:50:40.787] [SEVERE ] removing player 3 token from slot 11
[17:50:40.787] [SEVERE ] player 3 placing token on slot 9
[17:50:40.787] [SEVERE ] player 3 placing token on slot 3
[17:50:40.803] [SEVERE ] removing player 4 token from slot 7
[17:50:40.803] [SEVERE ] player 4 placing token on slot 7
[17:50:40.835] [SEVERE ] removing player 2 token from slot 3
[17:50:40.835] [SEVERE ] player 2 placing token on slot 3
[17:50:40.851] [SEVERE ] removing player 5 token from slot 6
[17:50:40.851] [SEVERE ] removing player 5 token from slot 5
[17:50:40.851] [SEVERE ] removing player 5 token from slot 7
[17:50:40.851] [SEVERE ] player 5 placing token on slot 5
[17:50:40.851] [SEVERE ] player 5 placing token on slot 8
[17:50:40.851] [SEVERE ] removing player 5 token from slot 5
[17:50:40.853] [SEVERE ] player 5 placing token on slot 9
[17:50:40.853] [SEVERE ] player 5 placing token on slot 7
[17:50:40.869] [SEVERE ] removing player 3 token from slot 3
[17:50:40.869] [SEVERE ] removing player 3 token from slot 9
[17:50:40.870] [SEVERE ] player 3 placing token on slot 9
[17:50:40.870] [SEVERE ] removing player 3 token from slot 9
[17:50:40.870] [SEVERE ] player 3 placing token on slot 0
[17:50:40.870] [SEVERE ] player 3 placing token on slot 2
[17:50:40.883] [SEVERE ] removing player 4 token from slot 7
[17:50:40.884] [SEVERE ] removing player 4 token from slot 2
[17:50:40.887] [SEVERE ] removing player 4 token from slot 1
[17:50:40.888] [SEVERE ] player 4 placing token on slot 2
[17:50:40.888] [SEVERE ] player 4 placing token on slot 1
[17:50:40.888] [SEVERE ] player 4 placing token on slot 4
[17:50:40.897] [SEVERE ] removing player 2 token from slot 1
[17:50:40.898] [SEVERE ] player 2 placing token on slot 1
[17:50:40.913] [SEVERE ] removing player 5 token from slot 8
[17:50:40.913] [SEVERE ] removing player 5 token from slot 9
[17:50:40.913] [SEVERE ] player 5 placing token on slot 8
[17:50:40.913] [SEVERE ] removing player 5 token from slot 7
[17:50:40.913] [SEVERE ] removing player 5 token from slot 8
[17:50:40.914] [SEVERE ] player 5 placing token on slot 0
[17:50:40.915] [SEVERE ] player 5 placing token on slot 6
[17:50:40.915] [SEVERE ] player 5 placing token on slot 11
[17:50:40.928] [SEVERE ] removing player 3 token from slot 4
[17:50:40.929] [SEVERE ] removing player 3 token from slot 2
[17:50:40.930] [SEVERE ] removing player 3 token from slot 0
[17:50:40.930] [SEVERE ] player 3 placing token on slot 0
[17:50:40.930] [SEVERE ] player 3 placing token on slot 3
[17:50:40.931] [SEVERE ] removing player 3 token from slot 0
[17:50:40.931] [SEVERE ] player 3 placing token on slot 0
[17:50:40.931] [SEVERE ] player 3 placing token on slot 7
[17:50:40.944] [SEVERE ] removing player 4 token from slot 1
[17:50:40.946] [SEVERE ] removing player 4 token from slot 2
[17:50:40.946] [SEVERE ] player 4 placing token on slot 2
[17:50:40.946] [SEVERE ] removing player 4 token from slot 4
[17:50:40.946] [SEVERE ] player 4 placing token on slot 10
[17:50:40.946] [SEVERE ] player 4 placing token on slot 3
[17:50:40.960] [SEVERE ] removing player 2 token from slot 1
[17:50:40.960] [SEVERE ] removing player 2 token from slot 4
[17:50:40.960] [SEVERE ] player 2 placing token on slot 1
[17:50:40.960] [SEVERE ] player 2 placing token on slot 4
[17:50:40.975] [SEVERE ] removing player 5 token from slot 6
[17:50:40.975] [SEVERE ] removing player 5 token from slot 11
[17:50:40.975] [SEVERE ] removing player 5 token from slot 0
[17:50:40.975] [SEVERE ] player 5 placing token on slot 6
[17:50:40.975] [SEVERE ] player 5 placing token on slot 11
[17:50:40.975] [SEVERE ] player 5 placing token on slot 3
[17:50:40.991] [SEVERE ] removing player 3 token from slot 0
[17:50:40.991] [SEVERE ] player 3 placing token on slot 0
[17:50:41.007] [SEVERE ] removing player 4 token from slot 3
[17:50:41.007] [SEVERE ] player 4 placing token on slot 3
[17:50:41.022] [SEVERE ] removing player 2 token from slot 1
[17:50:41.022] [SEVERE ] removing player 2 token from slot 3
[17:50:41.022] [SEVERE ] removing player 2 token from slot 4
[17:50:41.022] [SEVERE ] player 2 placing token on slot 4
[17:50:41.022] [SEVERE ] player 2 placing token on slot 5
[17:50:41.022] [SEVERE ] player 2 placing token on slot 11
[17:50:41.037] [SEVERE ] removing player 5 token from slot 3
[17:50:41.037] [SEVERE ] removing player 5 token from slot 11
[17:50:41.037] [SEVERE ] player 5 placing token on slot 11
[17:50:41.037] [SEVERE ] player 5 placing token on slot 3
[17:50:41.053] [SEVERE ] removing player 3 token from slot 3
[17:50:41.053] [SEVERE ] removing player 3 token from slot 0
[17:50:41.053] [SEVERE ] player 3 placing token on slot 0
[17:50:41.053] [SEVERE ] removing player 3 token from slot 7
[17:50:41.053] [SEVERE ] player 3 placing token on slot 11
[17:50:41.053] [SEVERE ] player 3 placing token on slot 4
[17:50:41.070] [SEVERE ] removing player 4 token from slot 2
[17:50:41.070] [SEVERE ] removing player 4 token from slot 10
[17:50:41.070] [SEVERE ] player 4 placing token on slot 2
[17:50:41.070] [SEVERE ] removing player 4 token from slot 2
[17:50:41.070] [SEVERE ] player 4 placing token on slot 1
[17:50:41.070] [SEVERE ] player 4 placing token on slot 4
[17:50:41.086] [SEVERE ] removing player 2 token from slot 4
[17:50:41.086] [SEVERE ] player 2 placing token on slot 4
[17:50:41.102] [SEVERE ] removing player 5 token from slot 6
[17:50:41.102] [SEVERE ] player 5 placing token on slot 6
[17:50:41.117] [SEVERE ] removing player 3 token from slot 11
[17:50:41.117] [SEVERE ] removing player 3 token from slot 0
[17:50:41.117] [SEVERE ] removing player 3 token from slot 4
[17:50:41.117] [SEVERE ] player 3 placing token on slot 4
[17:50:41.117] [SEVERE ] player 3 placing token on slot 11
[17:50:41.117] [SEVERE ] player 3 placing token on slot 10
[17:50:41.132] [SEVERE ] removing player 4 token from slot 4
[17:50:41.132] [SEVERE ] removing player 4 token from slot 3
[17:50:41.132] [SEVERE ] player 4 placing token on slot 4
[17:50:41.132] [SEVERE ] removing player 4 token from slot 4
[17:50:41.132] [SEVERE ] player 4 placing token on slot 7
[17:50:41.132] [SEVERE ] removing player 4 token from slot 1
[17:50:41.132] [SEVERE ] player 4 placing token on slot 9
[17:50:41.132] [SEVERE ] player 4 placing token on slot 5
[17:50:41.148] [SEVERE ] removing player 2 token from slot 4
[17:50:41.148] [SEVERE ] removing player 2 token from slot 5
[17:50:41.149] [SEVERE ] removing player 2 token from slot 11
[17:50:41.149] [SEVERE ] player 2 placing token on slot 5
[17:50:41.149] [SEVERE ] player 2 placing token on slot 3
[17:50:41.149] [SEVERE ] player 2 placing token on slot 0
[17:50:41.164] [SEVERE ] removing player 5 token from slot 3
[17:50:41.164] [SEVERE ] player 5 placing token on slot 3
[17:50:41.179] [SEVERE ] removing player 3 token from slot 10
[17:50:41.179] [SEVERE ] player 3 placing token on slot 10
[17:50:41.195] [SEVERE ] removing player 4 token from slot 7
[17:50:41.195] [SEVERE ] player 4 placing token on slot 7
[17:50:41.211] [SEVERE ] removing player 2 token from slot 0
[17:50:41.211] [SEVERE ] player 2 placing token on slot 0
[17:50:41.227] [SEVERE ] removing player 5 token from slot 11
[17:50:41.227] [SEVERE ] player 5 placing token on slot 11
[17:50:41.243] [SEVERE ] removing player 3 token from slot 10
[17:50:41.243] [SEVERE ] removing player 3 token from slot 4
[17:50:41.243] [SEVERE ] player 3 placing token on slot 4
[17:50:41.243] [SEVERE ] removing player 3 token from slot 4
[17:50:41.243] [SEVERE ] player 3 placing token on slot 7
[17:50:41.243] [SEVERE ] player 3 placing token on slot 4
[17:50:41.259] [SEVERE ] removing player 4 token from slot 5
[17:50:41.259] [SEVERE ] removing player 4 token from slot 9
[17:50:41.259] [SEVERE ] player 4 placing token on slot 5
[17:50:41.259] [SEVERE ] player 4 placing token on slot 9
[17:50:41.275] [SEVERE ] removing player 2 token from slot 5
[17:50:41.275] [SEVERE ] removing player 2 token from slot 3
[17:50:41.275] [SEVERE ] player 2 placing token on slot 5
[17:50:41.275] [SEVERE ] player 2 placing token on slot 3
[17:50:41.291] [SEVERE ] removing player 5 token from slot 3
[17:50:41.291] [SEVERE ] player 5 placing token on slot 3
[17:50:41.307] [SEVERE ] removing player 3 token from slot 4
[17:50:41.307] [SEVERE ] removing player 3 token from slot 11
[17:50:41.307] [SEVERE ] player 3 placing token on slot 11
[17:50:41.307] [SEVERE ] player 3 placing token on slot 4
[17:50:41.323] [SEVERE ] removing player 4 token from slot 7
[17:50:41.323] [SEVERE ] player 4 placing token on slot 7
[17:50:41.338] [SEVERE ] removing player 2 token from slot 5
[17:50:41.338] [SEVERE ] removing player 2 token from slot 3
[17:50:41.338] [SEVERE ] player 2 placing token on slot 3
[17:50:41.338] [SEVERE ] removing player 2 token from slot 0
[17:50:41.338] [SEVERE ] removing player 2 token from slot 3
[17:50:41.338] [SEVERE ] player 2 placing token on slot 4
[17:50:41.338] [SEVERE ] player 2 placing token on slot 6
[17:50:41.338] [SEVERE ] removing player 2 token from slot 6
[17:50:41.338] [SEVERE ] player 2 placing token on slot 9
[17:50:41.338] [SEVERE ] player 2 placing token on slot 8
[17:50:41.354] [SEVERE ] removing player 5 token from slot 3
[17:50:41.354] [SEVERE ] removing player 5 token from slot 11
[17:50:41.354] [SEVERE ] removing player 5 token from slot 6
[17:50:41.354] [SEVERE ] player 5 placing token on slot 6
[17:50:41.354] [SEVERE ] player 5 placing token on slot 0
[17:50:41.354] [SEVERE ] player 5 placing token on slot 3
[17:50:41.370] [SEVERE ] removing player 3 token from slot 7
[17:50:41.370] [SEVERE ] player 3 placing token on slot 7
[17:50:41.386] [SEVERE ] removing player 4 token from slot 7
[17:50:41.386] [SEVERE ] removing player 4 token from slot 5
[17:50:41.386] [SEVERE ] player 4 placing token on slot 5
[17:50:41.386] [SEVERE ] player 4 placing token on slot 7
[17:50:41.402] [SEVERE ] removing player 2 token from slot 9
[17:50:41.402] [SEVERE ] player 2 placing token on slot 9
[17:50:41.418] [SEVERE ] removing player 5 token from slot 0
[17:50:41.418] [SEVERE ] removing player 5 token from slot 6
[17:50:41.418] [SEVERE ] player 5 placing token on slot 0
[17:50:41.418] [SEVERE ] removing player 5 token from slot 0
[17:50:41.418] [SEVERE ] removing player 5 token from slot 3
[17:50:41.418] [SEVERE ] player 5 placing token on slot 6
[17:50:41.418] [SEVERE ] player 5 placing token on slot 9
[17:50:41.418] [SEVERE ] player 5 placing token on slot 4
[17:50:41.434] [SEVERE ] removing player 3 token from slot 7
[17:50:41.434] [SEVERE ] player 3 placing token on slot 7
[17:50:41.449] [SEVERE ] removing player 4 token from slot 9
[17:50:41.449] [SEVERE ] removing player 4 token from slot 5
[17:50:41.449] [SEVERE ] player 4 placing token on slot 9
[17:50:41.449] [SEVERE ] removing player 4 token from slot 7
[17:50:41.449] [SEVERE ] player 4 placing token on slot 11
[17:50:41.449] [SEVERE ] player 4 placing token on slot 2
[17:50:41.464] [SEVERE ] removing player 2 token from slot 8
[17:50:41.464] [SEVERE ] removing player 2 token from slot 9
[17:50:41.464] [SEVERE ] player 2 placing token on slot 8
[17:50:41.464] [SEVERE ] player 2 placing token on slot 9
[17:50:41.480] [SEVERE ] removing player 5 token from slot 9
[17:50:41.480] [SEVERE ] removing player 5 token from slot 4
[17:50:41.480] [SEVERE ] player 5 placing token on slot 9
[17:50:41.480] [SEVERE ] removing player 5 token from slot 6
[17:50:41.480] [SEVERE ] player 5 placing token on slot 6
[17:50:41.480] [SEVERE ] player 5 placing token on slot 3
[17:50:41.495] [SEVERE ] removing player 3 token from slot 11
[17:50:41.495] [SEVERE ] player 3 placing token on slot 11
[17:50:41.510] [SEVERE ] removing player 4 token from slot 9
[17:50:41.510] [SEVERE ] player 4 placing token on slot 9
[17:50:41.526] [SEVERE ] removing player 2 token from slot 8
[17:50:41.526] [SEVERE ] player 2 placing token on slot 8
[17:50:41.542] [SEVERE ] removing player 5 token from slot 9
[17:50:41.542] [SEVERE ] removing player 5 token from slot 6
[17:50:41.542] [SEVERE ] player 5 placing token on slot 6
[17:50:41.542] [SEVERE ] removing player 5 token from slot 3
[17:50:41.542] [SEVERE ] player 5 placing token on slot 0
[17:50:41.542] [SEVERE ] player 5 placing token on slot 7
[17:50:41.558] [SEVERE ] removing player 3 token from slot 7
[17:50:41.558] [SEVERE ] removing player 3 token from slot 11
[17:50:41.558] [SEVERE ] player 3 placing token on slot 7
[17:50:41.558] [SEVERE ] removing player 3 token from slot 7
[17:50:41.558] [SEVERE ] player 3 placing token on slot 2
[17:50:41.558] [SEVERE ] player 3 placing token on slot 9
[17:50:41.573] [SEVERE ] removing player 4 token from slot 2
[17:50:41.573] [SEVERE ] removing player 4 token from slot 9
[17:50:41.573] [SEVERE ] removing player 4 token from slot 11
[17:50:41.573] [SEVERE ] player 4 placing token on slot 9
[17:50:41.573] [SEVERE ] player 4 placing token on slot 4
[17:50:41.573] [SEVERE ] player 4 placing token on slot 3
[17:50:41.589] [SEVERE ] removing player 2 token from slot 8
[17:50:41.589] [SEVERE ] removing player 2 token from slot 9
[17:50:41.589] [SEVERE ] removing player 2 token from slot 4
[17:50:41.589] [SEVERE ] player 2 placing token on slot 9
[17:50:41.589] [SEVERE ] player 2 placing token on slot 3
[17:50:41.589] [SEVERE ] player 2 placing token on slot 4
[17:50:41.605] [SEVERE ] removing player 5 token from slot 0
[17:50:41.605] [SEVERE ] player 5 placing token on slot 0
[17:50:41.621] [SEVERE ] removing player 3 token from slot 4
[17:50:41.621] [SEVERE ] removing player 3 token from slot 2
[17:50:41.621] [SEVERE ] player 3 placing token on slot 2
[17:50:41.621] [SEVERE ] removing player 3 token from slot 2
[17:50:41.621] [SEVERE ] player 3 placing token on slot 1
[17:50:41.621] [SEVERE ] player 3 placing token on slot 2
[17:50:41.637] [SEVERE ] removing player 4 token from slot 4
[17:50:41.637] [SEVERE ] removing player 4 token from slot 9
[17:50:41.637] [SEVERE ] removing player 4 token from slot 3
[17:50:41.637] [SEVERE ] player 4 placing token on slot 9
[17:50:41.637] [SEVERE ] player 4 placing token on slot 1
[17:50:41.637] [SEVERE ] removing player 4 token from slot 1
[17:50:41.637] [SEVERE ] player 4 placing token on slot 2
[17:50:41.637] [SEVERE ] player 4 placing token on slot 5
[17:50:41.653] [SEVERE ] removing player 2 token from slot 3
[17:50:41.653] [SEVERE ] player 2 placing token on slot 3
[17:50:41.669] [SEVERE ] removing player 5 token from slot 0
[17:50:41.669] [SEVERE ] player 5 placing token on slot 0
[17:50:41.684] [SEVERE ] removing player 3 token from slot 2
[17:50:41.684] [SEVERE ] removing player 3 token from slot 9
[17:50:41.684] [SEVERE ] player 3 placing token on slot 2
[17:50:41.684] [SEVERE ] removing player 3 token from slot 1
[17:50:41.684] [SEVERE ] player 3 placing token on slot 7
[17:50:41.684] [SEVERE ] player 3 placing token on slot 0
[17:50:41.700] [SEVERE ] removing player 4 token from slot 9
[17:50:41.700] [SEVERE ] removing player 4 token from slot 5
[17:50:41.700] [SEVERE ] removing player 4 token from slot 2
[17:50:41.700] [SEVERE ] player 4 placing token on slot 2
[17:50:41.700] [SEVERE ] player 4 placing token on slot 4
[17:50:41.700] [SEVERE ] player 4 placing token on slot 9
[17:50:41.715] [SEVERE ] removing player 2 token from slot 9
[17:50:41.715] [SEVERE ] player 2 placing token on slot 9
[17:50:41.731] [SEVERE ] removing player 5 token from slot 0
[17:50:41.731] [SEVERE ] removing player 5 token from slot 7
[17:50:41.731] [SEVERE ] player 5 placing token on slot 0
[17:50:41.731] [SEVERE ] removing player 5 token from slot 0
[17:50:41.731] [SEVERE ] player 5 placing token on slot 11
[17:50:41.731] [SEVERE ] player 5 placing token on slot 5
[17:50:41.747] [SEVERE ] removing player 3 token from slot 0
[17:50:41.747] [SEVERE ] player 3 placing token on slot 0
[17:50:41.763] [SEVERE ] removing player 4 token from slot 4
[17:50:41.763] [SEVERE ] removing player 4 token from slot 2
[17:50:41.763] [SEVERE ] player 4 placing token on slot 4
[17:50:41.763] [SEVERE ] player 4 placing token on slot 2
[17:50:41.778] [SEVERE ] removing player 2 token from slot 3
[17:50:41.778] [SEVERE ] player 2 placing token on slot 3
[17:50:41.794] [SEVERE ] removing player 5 token from slot 5
[17:50:41.794] [SEVERE ] removing player 5 token from slot 11
[17:50:41.794] [SEVERE ] player 5 placing token on slot 5
[17:50:41.794] [SEVERE ] player 5 placing token on slot 11
[17:50:41.810] [SEVERE ] removing player 3 token from slot 2
[17:50:41.810] [SEVERE ] removing player 3 token from slot 7
[17:50:41.810] [SEVERE ] player 3 placing token on slot 2
[17:50:41.810] [SEVERE ] removing player 3 token from slot 0
[17:50:41.810] [SEVERE ] player 3 placing token on slot 4
[17:50:41.810] [SEVERE ] player 3 placing token on slot 9
[17:50:41.826] [SEVERE ] removing player 4 token from slot 2
[17:50:41.826] [SEVERE ] removing player 4 token from slot 9
[17:50:41.826] [SEVERE ] player 4 placing token on slot 9
[17:50:41.826] [SEVERE ] removing player 4 token from slot 9
[17:50:41.826] [SEVERE ] player 4 placing token on slot 2
[17:50:41.826] [SEVERE ] player 4 placing token on slot 9
[17:50:41.841] [SEVERE ] removing player 2 token from slot 4
[17:50:41.842] [SEVERE ] player 2 placing token on slot 4
[17:50:41.857] [SEVERE ] removing player 5 token from slot 11
[17:50:41.857] [SEVERE ] player 5 placing token on slot 11
[17:50:41.873] [SEVERE ] removing player 3 token from slot 9
[17:50:41.873] [SEVERE ] removing player 3 token from slot 4
[17:50:41.873] [SEVERE ] removing player 3 token from slot 2
[17:50:41.873] [SEVERE ] player 3 placing token on slot 4
[17:50:41.873] [SEVERE ] removing player 3 token from slot 4
[17:50:41.873] [SEVERE ] player 3 placing token on slot 11
[17:50:41.873] [SEVERE ] player 3 placing token on slot 3
[17:50:41.873] [SEVERE ] player 3 placing token on slot 7
[17:50:41.889] [SEVERE ] removing player 4 token from slot 4
[17:50:41.889] [SEVERE ] removing player 4 token from slot 2
[17:50:41.889] [SEVERE ] removing player 4 token from slot 9
[17:50:41.889] [SEVERE ] player 4 placing token on slot 9
[17:50:41.889] [SEVERE ] player 4 placing token on slot 8
[17:50:41.889] [SEVERE ] player 4 placing token on slot 10
[17:50:41.905] [SEVERE ] removing player 2 token from slot 9
[17:50:41.905] [SEVERE ] removing player 2 token from slot 4
[17:50:41.905] [SEVERE ] player 2 placing token on slot 4
[17:50:41.905] [SEVERE ] player 2 placing token on slot 9
[17:50:41.920] [SEVERE ] removing player 5 token from slot 5
[17:50:41.920] [SEVERE ] removing player 5 token from slot 11
[17:50:41.920] [SEVERE ] player 5 placing token on slot 5
[17:50:41.920] [SEVERE ] removing player 5 token from slot 5
[17:50:41.920] [SEVERE ] removing player 5 token from slot 6
[17:50:41.920] [SEVERE ] player 5 placing token on slot 2
[17:50:41.920] [SEVERE ] removing player 5 token from slot 2
[17:50:41.920] [SEVERE ] player 5 placing token on slot 0
[17:50:41.920] [SEVERE ] player 5 placing token on slot 1
[17:50:41.920] [SEVERE ] player 5 placing token on slot 7
[17:50:41.935] [SEVERE ] removing player 3 token from slot 3
[17:50:41.935] [SEVERE ] removing player 3 token from slot 11
[17:50:41.935] [SEVERE ] player 3 placing token on slot 11
[17:50:41.935] [SEVERE ] removing player 3 token from slot 7
[17:50:41.935] [SEVERE ] player 3 placing token on slot 9
[17:50:41.935] [SEVERE ] player 3 placing token on slot 2
[17:50:41.951] [SEVERE ] removing player 4 token from slot 8
[17:50:41.951] [SEVERE ] removing player 4 token from slot 10
[17:50:41.951] [SEVERE ] removing player 4 token from slot 9
[17:50:41.951] [SEVERE ] player 4 placing token on slot 9
[17:50:41.951] [SEVERE ] player 4 placing token on slot 5
[17:50:41.951] [SEVERE ] player 4 placing token on slot 8
[17:50:41.967] [SEVERE ] removing player 2 token from slot 4
[17:50:41.967] [SEVERE ] player 2 placing token on slot 4
[17:50:41.982] [SEVERE ] removing player 5 token from slot 7
[17:50:41.982] [SEVERE ] player 5 placing token on slot 7
[17:50:41.998] [SEVERE ] removing player 3 token from slot 11
[17:50:41.998] [SEVERE ] removing player 3 token from slot 2
[17:50:41.998] [SEVERE ] player 3 placing token on slot 2
[17:50:41.998] [SEVERE ] player 3 placing token on slot 11
[17:50:42.014] [SEVERE ] removing player 4 token from slot 8
[17:50:42.014] [SEVERE ] removing player 4 token from slot 9
[17:50:42.014] [SEVERE ] removing player 4 token from slot 5
[17:50:42.014] [SEVERE ] player 4 placing token on slot 5
[17:50:42.014] [SEVERE ] player 4 placing token on slot 11
[17:50:42.014] [SEVERE ] player 4 placing token on slot 10
[17:50:42.030] [SEVERE ] removing player 2 token from slot 3
[17:50:42.030] [SEVERE ] removing player 2 token from slot 4
[17:50:42.030] [SEVERE ] player 2 placing token on slot 4
[17:50:42.030] [SEVERE ] removing player 2 token from slot 9
[17:50:42.030] [SEVERE ] player 2 placing token on slot 10
[17:50:42.030] [SEVERE ] player 2 placing token on slot 6
[17:50:42.046] [SEVERE ] removing player 5 token from slot 0
[17:50:42.046] [SEVERE ] removing player 5 token from slot 1
[17:50:42.046] [SEVERE ] removing player 5 token from slot 7
[17:50:42.046] [SEVERE ] player 5 placing token on slot 0
[17:50:42.046] [SEVERE ] player 5 placing token on slot 2
[17:50:42.046] [SEVERE ] player 5 placing token on slot 9
[17:50:42.062] [SEVERE ] removing player 3 token from slot 11
[17:50:42.062] [SEVERE ] removing player 3 token from slot 2
[17:50:42.062] [SEVERE ] player 3 placing token on slot 2
[17:50:42.062] [SEVERE ] removing player 3 token from slot 2
[17:50:42.062] [SEVERE ] player 3 placing token on slot 2
[17:50:42.062] [SEVERE ] player 3 placing token on slot 5
[17:50:42.077] [SEVERE ] removing player 4 token from slot 5
[17:50:42.077] [SEVERE ] removing player 4 token from slot 11
[17:50:42.077] [SEVERE ] player 4 placing token on slot 11
[17:50:42.077] [SEVERE ] removing player 4 token from slot 10
[17:50:42.077] [SEVERE ] removing player 4 token from slot 11
[17:50:42.077] [SEVERE ] player 4 placing token on slot 8
[17:50:42.077] [SEVERE ] player 4 placing token on slot 4
[17:50:42.077] [SEVERE ] player 4 placing token on slot 9
[17:50:42.093] [SEVERE ] removing player 2 token from slot 10
[17:50:42.093] [SEVERE ] player 2 placing token on slot 10
[17:50:42.109] [SEVERE ] removing player 5 token from slot 2
[17:50:42.109] [SEVERE ] removing player 5 token from slot 9
[17:50:42.109] [SEVERE ] removing player 5 token from slot 0
[17:50:42.109] [SEVERE ] player 5 placing token on slot 9
[17:50:42.109] [SEVERE ] removing player 5 token from slot 9
[17:50:42.109] [SEVERE ] player 5 placing token on slot 8
[17:50:42.109] [SEVERE ] player 5 placing token on slot 0
[17:50:42.109] [SEVERE ] player 5 placing token on slot 7
[17:50:42.125] [SEVERE ] removing player 3 token from slot 9
[17:50:42.125] [SEVERE ] removing player 3 token from slot 2
[17:50:42.125] [SEVERE ] removing player 3 token from slot 5
[17:50:42.125] [SEVERE ] player 3 placing token on slot 2
[17:50:42.125] [SEVERE ] player 3 placing token on slot 1
[17:50:42.125] [SEVERE ] player 3 placing token on slot 3
[17:50:42.141] [SEVERE ] removing player 4 token from slot 4
[17:50:42.141] [SEVERE ] removing player 4 token from slot 9
[17:50:42.141] [SEVERE ] removing player 4 token from slot 8
[17:50:42.141] [SEVERE ] player 4 placing token on slot 9
[17:50:42.141] [SEVERE ] player 4 placing token on slot 6
[17:50:42.141] [SEVERE ] player 4 placing token on slot 0
[17:50:42.157] [SEVERE ] removing player 2 token from slot 4
[17:50:42.157] [SEVERE ] removing player 2 token from slot 10
[17:50:42.157] [SEVERE ] player 2 placing token on slot 10
[17:50:42.157] [SEVERE ] player 2 placing token on slot 4
[17:50:42.172] [SEVERE ] removing player 5 token from slot 8
[17:50:42.172] [SEVERE ] removing player 5 token from slot 7
[17:50:42.172] [SEVERE ] player 5 placing token on slot 8
[17:50:42.172] [SEVERE ] player 5 placing token on slot 7
[17:50:42.188] [SEVERE ] removing player 3 token from slot 1
[17:50:42.188] [SEVERE ] removing player 3 token from slot 3
[17:50:42.188] [SEVERE ] removing player 3 token from slot 2
[17:50:42.188] [SEVERE ] player 3 placing token on slot 3
[17:50:42.188] [SEVERE ] player 3 placing token on slot 0
[17:50:42.188] [SEVERE ] player 3 placing token on slot 10
[17:50:42.204] [SEVERE ] removing player 4 token from slot 9
[17:50:42.204] [SEVERE ] player 4 placing token on slot 9
[17:50:42.220] [SEVERE ] removing player 2 token from slot 4
[17:50:42.220] [SEVERE ] removing player 2 token from slot 10
[17:50:42.220] [SEVERE ] player 2 placing token on slot 10
[17:50:42.220] [SEVERE ] removing player 2 token from slot 10
[17:50:42.220] [SEVERE ] player 2 placing token on slot 9
[17:50:42.220] [SEVERE ] player 2 placing token on slot 7
[17:50:42.236] [SEVERE ] removing player 5 token from slot 0
[17:50:42.236] [SEVERE ] player 5 placing token on slot 0
[17:50:42.252] [SEVERE ] removing player 3 token from slot 0
[17:50:42.252] [SEVERE ] removing player 3 token from slot 10
[17:50:42.252] [SEVERE ] player 3 placing token on slot 10
[17:50:42.252] [SEVERE ] removing player 3 token from slot 10
[17:50:42.252] [SEVERE ] player 3 placing token on slot 0
[17:50:42.252] [SEVERE ] player 3 placing token on slot 11
[17:50:42.268] [SEVERE ] removing player 4 token from slot 9
[17:50:42.268] [SEVERE ] removing player 4 token from slot 0
[17:50:42.268] [SEVERE ] player 4 placing token on slot 9
[17:50:42.268] [SEVERE ] removing player 4 token from slot 6
[17:50:42.268] [SEVERE ] player 4 placing token on slot 6
[17:50:42.268] [SEVERE ] player 4 placing token on slot 3
[17:50:42.284] [SEVERE ] removing player 2 token from slot 7
[17:50:42.284] [SEVERE ] removing player 2 token from slot 9
[17:50:42.284] [SEVERE ] player 2 placing token on slot 7
[17:50:42.284] [SEVERE ] removing player 2 token from slot 6
[17:50:42.284] [SEVERE ] player 2 placing token on slot 3
[17:50:42.284] [SEVERE ] player 2 placing token on slot 2
[17:50:42.300] [SEVERE ] removing player 5 token from slot 0
[17:50:42.300] [SEVERE ] removing player 5 token from slot 8
[17:50:42.300] [SEVERE ] removing player 5 token from slot 7
[17:50:42.300] [SEVERE ] player 5 placing token on slot 0
[17:50:42.300] [SEVERE ] player 5 placing token on slot 6
[17:50:42.300] [SEVERE ] player 5 placing token on slot 5
[17:50:42.316] [SEVERE ] removing player 3 token from slot 3
[17:50:42.316] [SEVERE ] removing player 3 token from slot 11
[17:50:42.316] [SEVERE ] player 3 placing token on slot 11
[17:50:42.316] [SEVERE ] removing player 3 token from slot 0
[17:50:42.316] [SEVERE ] player 3 placing token on slot 6
[17:50:42.316] [SEVERE ] player 3 placing token on slot 7
[17:50:42.332] [SEVERE ] removing player 4 token from slot 9
[17:50:42.332] [SEVERE ] removing player 4 token from slot 6
[17:50:42.332] [SEVERE ] removing player 4 token from slot 3
[17:50:42.332] [SEVERE ] player 4 placing token on slot 6
[17:50:42.332] [SEVERE ] player 4 placing token on slot 8
[17:50:42.332] [SEVERE ] player 4 placing token on slot 4
[17:50:42.348] [SEVERE ] removing player 2 token from slot 7
[17:50:42.348] [SEVERE ] removing player 2 token from slot 2
[17:50:42.348] [SEVERE ] player 2 placing token on slot 2
[17:50:42.348] [SEVERE ] removing player 2 token from slot 3
[17:50:42.348] [SEVERE ] player 2 placing token on slot 10
[17:50:42.348] [SEVERE ] player 2 placing token on slot 5
[17:50:42.364] [SEVERE ] removing player 5 token from slot 0
[17:50:42.364] [SEVERE ] removing player 5 token from slot 6
[17:50:42.364] [SEVERE ] player 5 placing token on slot 0
[17:50:42.364] [SEVERE ] removing player 5 token from slot 0
[17:50:42.364] [SEVERE ] player 5 placing token on slot 6
[17:50:42.364] [SEVERE ] player 5 placing token on slot 7
[17:50:42.379] [SEVERE ] removing player 3 token from slot 6
[17:50:42.379] [SEVERE ] removing player 3 token from slot 11
[17:50:42.379] [SEVERE ] player 3 placing token on slot 11
[17:50:42.379] [SEVERE ] removing player 3 token from slot 11
[17:50:42.379] [SEVERE ] player 3 placing token on slot 1
[17:50:42.379] [SEVERE ] player 3 placing token on slot 3
[17:50:42.395] [SEVERE ] removing player 4 token from slot 6
[17:50:42.395] [SEVERE ] removing player 4 token from slot 8
[17:50:42.395] [SEVERE ] player 4 placing token on slot 8
[17:50:42.395] [SEVERE ] removing player 4 token from slot 8
[17:50:42.395] [SEVERE ] player 4 placing token on slot 1
[17:50:42.395] [SEVERE ] player 4 placing token on slot 7
[17:50:42.411] [SEVERE ] removing player 2 token from slot 10
[17:50:42.411] [SEVERE ] player 2 placing token on slot 10
[17:50:42.427] [SEVERE ] removing player 5 token from slot 5
[17:50:42.427] [SEVERE ] player 5 placing token on slot 5
[17:50:42.443] [SEVERE ] removing player 3 token from slot 7
[17:50:42.443] [SEVERE ] removing player 3 token from slot 1
[17:50:42.443] [SEVERE ] removing player 3 token from slot 3
[17:50:42.443] [SEVERE ] player 3 placing token on slot 3
[17:50:42.443] [SEVERE ] player 3 placing token on slot 9
[17:50:42.443] [SEVERE ] player 3 placing token on slot 7
[17:50:42.459] [SEVERE ] removing player 4 token from slot 1
[17:50:42.461] [SEVERE ] player 4 placing token on slot 1
[17:50:42.475] [SEVERE ] removing player 2 token from slot 5
[17:50:42.475] [SEVERE ] removing player 2 token from slot 2
[17:50:42.475] [SEVERE ] removing player 2 token from slot 10
[17:50:42.475] [SEVERE ] player 2 placing token on slot 5
[17:50:42.475] [SEVERE ] player 2 placing token on slot 8
[17:50:42.475] [SEVERE ] player 2 placing token on slot 9
[17:50:42.491] [SEVERE ] removing player 5 token from slot 5
[17:50:42.491] [SEVERE ] removing player 5 token from slot 7
[17:50:42.491] [SEVERE ] removing player 5 token from slot 6
[17:50:42.491] [SEVERE ] player 5 placing token on slot 6
[17:50:42.491] [SEVERE ] player 5 placing token on slot 9
[17:50:42.491] [SEVERE ] player 5 placing token on slot 5
[17:50:42.507] [SEVERE ] removing player 3 token from slot 3
[17:50:42.507] [SEVERE ] player 3 placing token on slot 3
[17:50:42.523] [SEVERE ] removing player 4 token from slot 1
[17:50:42.523] [SEVERE ] removing player 4 token from slot 7
[17:50:42.523] [SEVERE ] player 4 placing token on slot 7
[17:50:42.523] [SEVERE ] removing player 4 token from slot 4
[17:50:42.523] [SEVERE ] player 4 placing token on slot 8
[17:50:42.523] [SEVERE ] player 4 placing token on slot 9
[17:50:42.538] [SEVERE ] removing player 2 token from slot 8
[17:50:42.538] [SEVERE ] removing player 2 token from slot 5
[17:50:42.538] [SEVERE ] player 2 placing token on slot 5
[17:50:42.538] [SEVERE ] player 2 placing token on slot 8
[17:50:42.554] [SEVERE ] removing player 5 token from slot 6
[17:50:42.554] [SEVERE ] player 5 placing token on slot 6
[17:50:42.570] [SEVERE ] removing player 3 token from slot 3
[17:50:42.570] [SEVERE ] removing player 3 token from slot 7
[17:50:42.570] [SEVERE ] player 3 placing token on slot 7
[17:50:42.570] [SEVERE ] removing player 3 token from slot 9
[17:50:42.570] [SEVERE ] removing player 3 token from slot 7
[17:50:42.570] [SEVERE ] player 3 placing token on slot 6
[17:50:42.570] [SEVERE ] player 3 placing token on slot 7
[17:50:42.570] [SEVERE ] player 3 placing token on slot 4
[17:50:42.586] [SEVERE ] removing player 4 token from slot 8
[17:50:42.587] [SEVERE ] removing player 4 token from slot 7
[17:50:42.587] [SEVERE ] player 4 placing token on slot 8
[17:50:42.587] [SEVERE ] removing player 4 token from slot 8
[17:50:42.587] [SEVERE ] player 4 placing token on slot 5
[17:50:42.587] [SEVERE ] player 4 placing token on slot 4
[17:50:42.602] [SEVERE ] removing player 2 token from slot 9
[17:50:42.602] [SEVERE ] removing player 2 token from slot 5
[17:50:42.602] [SEVERE ] removing player 2 token from slot 8
[17:50:42.602] [SEVERE ] player 2 placing token on slot 9
[17:50:42.602] [SEVERE ] player 2 placing token on slot 5
[17:50:42.602] [SEVERE ] player 2 placing token on slot 3
[17:50:42.618] [SEVERE ] removing player 5 token from slot 9
[17:50:42.618] [SEVERE ] removing player 5 token from slot 5
[17:50:42.618] [SEVERE ] player 5 placing token on slot 9
[17:50:42.618] [SEVERE ] player 5 placing token on slot 5
[17:50:42.634] [SEVERE ] removing player 3 token from slot 6
[17:50:42.634] [SEVERE ] removing player 3 token from slot 7
[17:50:42.634] [SEVERE ] player 3 placing token on slot 6
[17:50:42.634] [SEVERE ] player 3 placing token on slot 7
[17:50:42.650] [SEVERE ] removing player 4 token from slot 9
[17:50:42.650] [SEVERE ] player 4 placing token on slot 9
[17:50:42.666] [SEVERE ] removing player 2 token from slot 9
[17:50:42.666] [SEVERE ] removing player 2 token from slot 5
[17:50:42.666] [SEVERE ] player 2 placing token on slot 9
[17:50:42.666] [SEVERE ] removing player 2 token from slot 9
[17:50:42.666] [SEVERE ] player 2 placing token on slot 7
[17:50:42.666] [SEVERE ] player 2 placing token on slot 2
[17:50:42.682] [SEVERE ] removing player 5 token from slot 5
[17:50:42.682] [SEVERE ] player 5 placing token on slot 5
[17:50:42.698] [SEVERE ] removing player 3 token from slot 7
[17:50:42.698] [SEVERE ] removing player 3 token from slot 6
[17:50:42.698] [SEVERE ] player 3 placing token on slot 6
[17:50:42.698] [SEVERE ] removing player 3 token from slot 4
[17:50:42.698] [SEVERE ] player 3 placing token on slot 9
[17:50:42.698] [SEVERE ] player 3 placing token on slot 8
[17:50:42.714] [SEVERE ] removing player 4 token from slot 5
[17:50:42.714] [SEVERE ] player 4 placing token on slot 5
[17:50:42.730] [SEVERE ] removing player 2 token from slot 3
[17:50:42.730] [SEVERE ] removing player 2 token from slot 7
[17:50:42.730] [SEVERE ] player 2 placing token on slot 7
[17:50:42.730] [SEVERE ] removing player 2 token from slot 2
[17:50:42.730] [SEVERE ] player 2 placing token on slot 3
[17:50:42.730] [SEVERE ] removing player 2 token from slot 7
[17:50:42.730] [SEVERE ] removing player 2 token from slot 3
[17:50:42.730] [SEVERE ] player 2 placing token on slot 4
[17:50:42.730] [SEVERE ] player 2 placing token on slot 2
[17:50:42.730] [SEVERE ] player 2 placing token on slot 6
[17:50:42.746] [SEVERE ] removing player 5 token from slot 5
[17:50:42.746] [SEVERE ] removing player 5 token from slot 6
[17:50:42.746] [SEVERE ] player 5 placing token on slot 6
[17:50:42.746] [SEVERE ] removing player 5 token from slot 9
[17:50:42.746] [SEVERE ] player 5 placing token on slot 11
[17:50:42.746] [SEVERE ] player 5 placing token on slot 1
[17:50:42.762] [SEVERE ] removing player 3 token from slot 9
[17:50:42.762] [SEVERE ] removing player 3 token from slot 8
[17:50:42.762] [SEVERE ] removing player 3 token from slot 6
[17:50:42.762] [SEVERE ] player 3 placing token on slot 9
[17:50:42.762] [SEVERE ] player 3 placing token on slot 6
[17:50:42.762] [SEVERE ] removing player 3 token from slot 9
[17:50:42.762] [SEVERE ] player 3 placing token on slot 5
[17:50:42.762] [SEVERE ] player 3 placing token on slot 11
[17:50:42.777] [SEVERE ] removing player 4 token from slot 5
[17:50:42.777] [SEVERE ] player 4 placing token on slot 5
[17:50:42.793] [SEVERE ] removing player 2 token from slot 6
[17:50:42.793] [SEVERE ] removing player 2 token from slot 2
[17:50:42.793] [SEVERE ] removing player 2 token from slot 4
[17:50:42.793] [SEVERE ] player 2 placing token on slot 2
[17:50:42.793] [SEVERE ] player 2 placing token on slot 3
[17:50:42.793] [SEVERE ] removing player 2 token from slot 2
[17:50:42.793] [SEVERE ] player 2 placing token on slot 11
[17:50:42.793] [SEVERE ] player 2 placing token on slot 7
[17:50:42.809] [SEVERE ] removing player 5 token from slot 1
[17:50:42.809] [SEVERE ] removing player 5 token from slot 11
[17:50:42.809] [SEVERE ] removing player 5 token from slot 6
[17:50:42.809] [SEVERE ] player 5 placing token on slot 1
[17:50:42.809] [SEVERE ] player 5 placing token on slot 3
[17:50:42.809] [SEVERE ] player 5 placing token on slot 5
[17:50:42.825] [SEVERE ] removing player 3 token from slot 5
[17:50:42.825] [SEVERE ] removing player 3 token from slot 11
[17:50:42.825] [SEVERE ] player 3 placing token on slot 5
[17:50:42.825] [SEVERE ] removing player 3 token from slot 6
[17:50:42.825] [SEVERE ] player 3 placing token on slot 2
[17:50:42.825] [SEVERE ] player 3 placing token on slot 0
[17:50:42.841] [SEVERE ] removing player 4 token from slot 4
[17:50:42.841] [SEVERE ] removing player 4 token from slot 5
[17:50:42.841] [SEVERE ] player 4 placing token on slot 5
[17:50:42.841] [SEVERE ] player 4 placing token on slot 4
[17:50:42.857] [SEVERE ] removing player 2 token from slot 3
[17:50:42.857] [SEVERE ] removing player 2 token from slot 7
[17:50:42.857] [SEVERE ] removing player 2 token from slot 11
[17:50:42.857] [SEVERE ] player 2 placing token on slot 7
[17:50:42.857] [SEVERE ] player 2 placing token on slot 5
[17:50:42.857] [SEVERE ] player 2 placing token on slot 4
[17:50:42.873] [SEVERE ] removing player 5 token from slot 3
[17:50:42.873] [SEVERE ] removing player 5 token from slot 1
[17:50:42.873] [SEVERE ] removing player 5 token from slot 5
[17:50:42.873] [SEVERE ] player 5 placing token on slot 5
[17:50:42.873] [SEVERE ] player 5 placing token on slot 9
[17:50:42.873] [SEVERE ] player 5 placing token on slot 6
[17:50:42.888] [SEVERE ] removing player 3 token from slot 2
[17:50:42.888] [SEVERE ] player 3 placing token on slot 2
[17:50:42.904] [SEVERE ] removing player 4 token from slot 9
[17:50:42.904] [SEVERE ] removing player 4 token from slot 5
[17:50:42.904] [SEVERE ] removing player 4 token from slot 4
[17:50:42.904] [SEVERE ] player 4 placing token on slot 4
[17:50:42.904] [SEVERE ] player 4 placing token on slot 2
[17:50:42.904] [SEVERE ] player 4 placing token on slot 5
[17:50:42.920] [SEVERE ] removing player 2 token from slot 4
[17:50:42.920] [SEVERE ] removing player 2 token from slot 7
[17:50:42.920] [SEVERE ] player 2 placing token on slot 4
[17:50:42.920] [SEVERE ] player 2 placing token on slot 7
[17:50:42.936] [SEVERE ] removing player 5 token from slot 9
[17:50:42.936] [SEVERE ] removing player 5 token from slot 5
[17:50:42.936] [SEVERE ] player 5 placing token on slot 5
[17:50:42.936] [SEVERE ] removing player 5 token from slot 6
[17:50:42.936] [SEVERE ] player 5 placing token on slot 11
[17:50:42.936] [SEVERE ] player 5 placing token on slot 6
[17:50:42.952] [SEVERE ] removing player 3 token from slot 5
[17:50:42.952] [SEVERE ] removing player 3 token from slot 0
[17:50:42.952] [SEVERE ] player 3 placing token on slot 5
[17:50:42.952] [SEVERE ] removing player 3 token from slot 2
[17:50:42.952] [SEVERE ] player 3 placing token on slot 7
[17:50:42.952] [SEVERE ] player 3 placing token on slot 8
[17:50:42.968] [SEVERE ] removing player 4 token from slot 5
[17:50:42.968] [SEVERE ] player 4 placing token on slot 5
[17:50:42.983] [SEVERE ] removing player 2 token from slot 5
[17:50:42.983] [SEVERE ] removing player 2 token from slot 7
[17:50:42.983] [SEVERE ] player 2 placing token on slot 7
[17:50:42.983] [SEVERE ] removing player 2 token from slot 4
[17:50:42.983] [SEVERE ] player 2 placing token on slot 4
[17:50:42.983] [SEVERE ] player 2 placing token on slot 10
[17:50:42.999] [SEVERE ] removing player 5 token from slot 11
[17:50:42.999] [SEVERE ] removing player 5 token from slot 5
[17:50:42.999] [SEVERE ] removing player 5 token from slot 6
[17:50:42.999] [SEVERE ] player 5 placing token on slot 5
[17:50:42.999] [SEVERE ] player 5 placing token on slot 4
[17:50:42.999] [SEVERE ] player 5 placing token on slot 6
[17:50:43.014] [SEVERE ] removing player 3 token from slot 5
[17:50:43.014] [SEVERE ] removing player 3 token from slot 8
[17:50:43.015] [SEVERE ] player 3 placing token on slot 4
[17:50:43.015] [SEVERE ] player 3 placing token on slot 11
[17:50:43.030] [SEVERE ] removing player 4 token from slot 4
[17:50:43.030] [SEVERE ] removing player 4 token from slot 2
[17:50:43.030] [SEVERE ] player 4 placing token on slot 4
[17:50:43.030] [SEVERE ] player 4 placing token on slot 2
[17:50:43.046] [SEVERE ] removing player 2 token from slot 4
[17:50:43.046] [SEVERE ] removing player 2 token from slot 10
[17:50:43.046] [SEVERE ] removing player 2 token from slot 7
[17:50:43.046] [SEVERE ] player 2 placing token on slot 4
[17:50:43.046] [SEVERE ] player 2 placing token on slot 7
[17:50:43.046] [SEVERE ] player 2 placing token on slot 5
[17:50:43.062] [SEVERE ] removing player 5 token from slot 6
[17:50:43.062] [SEVERE ] player 5 placing token on slot 6
[17:50:43.077] [SEVERE ] removing player 3 token from slot 11
[17:50:43.077] [SEVERE ] removing player 3 token from slot 4
[17:50:43.077] [SEVERE ] player 3 placing token on slot 11
[17:50:43.077] [SEVERE ] removing player 3 token from slot 7
[17:50:43.077] [SEVERE ] player 3 placing token on slot 8
[17:50:43.077] [SEVERE ] player 3 placing token on slot 9
[17:50:43.092] [SEVERE ] removing player 4 token from slot 5
[17:50:43.092] [SEVERE ] removing player 4 token from slot 4
[17:50:43.092] [SEVERE ] player 4 placing token on slot 5
[17:50:43.092] [SEVERE ] removing player 4 token from slot 2
[17:50:43.092] [SEVERE ] removing player 4 token from slot 5
[17:50:43.092] [SEVERE ] player 4 placing token on slot 1
[17:50:43.092] [SEVERE ] player 4 placing token on slot 5
[17:50:43.092] [SEVERE ] player 4 placing token on slot 11
[17:50:43.108] [SEVERE ] removing player 2 token from slot 7
[17:50:43.108] [SEVERE ] removing player 2 token from slot 4
[17:50:43.108] [SEVERE ] player 2 placing token on slot 7
[17:50:43.108] [SEVERE ] removing player 2 token from slot 7
[17:50:43.108] [SEVERE ] player 2 placing token on slot 9
[17:50:43.108] [SEVERE ] player 2 placing token on slot 3
[17:50:43.123] [SEVERE ] removing player 5 token from slot 6
[17:50:43.123] [SEVERE ] removing player 5 token from slot 5
[17:50:43.123] [SEVERE ] removing player 5 token from slot 4
[17:50:43.123] [SEVERE ] player 5 placing token on slot 4
[17:50:43.123] [SEVERE ] player 5 placing token on slot 5
[17:50:43.123] [SEVERE ] player 5 placing token on slot 10
[17:50:43.139] [SEVERE ] removing player 3 token from slot 11
[17:50:43.139] [SEVERE ] removing player 3 token from slot 8
[17:50:43.139] [SEVERE ] removing player 3 token from slot 9
[17:50:43.139] [SEVERE ] player 3 placing token on slot 11
[17:50:43.139] [SEVERE ] player 3 placing token on slot 5
[17:50:43.139] [SEVERE ] player 3 placing token on slot 9
[17:50:43.155] [SEVERE ] removing player 4 token from slot 1
[17:50:43.155] [SEVERE ] removing player 4 token from slot 11
[17:50:43.155] [SEVERE ] removing player 4 token from slot 5
[17:50:43.155] [SEVERE ] player 4 placing token on slot 11
[17:50:43.155] [SEVERE ] player 4 placing token on slot 10
[17:50:43.155] [SEVERE ] player 4 placing token on slot 2
[17:50:43.171] [SEVERE ] removing player 2 token from slot 5
[17:50:43.171] [SEVERE ] updating countdown to 0
[17:50:43.171] [SEVERE ] player 2 placing token on slot 5
[17:50:43.171] [SEVERE ] updating countdown to 3000
[17:50:43.171] [SEVERE ] removing player 1 token from slot 0
[17:50:43.171] [SEVERE ] removing player 1 token from slot 1
[17:50:43.171] [SEVERE ] removing player 1 token from slot 2
[17:50:43.171] [SEVERE ] removing player 2 token from slot 9
[17:50:43.171] [SEVERE ] removing player 2 token from slot 3
[17:50:43.171] [SEVERE ] removing player 2 token from slot 5
[17:50:43.171] [SEVERE ] removing player 3 token from slot 11
[17:50:43.171] [SEVERE ] removing player 3 token from slot 5
[17:50:43.171] [SEVERE ] removing player 3 token from slot 9
[17:50:43.171] [SEVERE ] removing player 4 token from slot 11
[17:50:43.171] [SEVERE ] removing player 4 token from slot 10
[17:50:43.171] [SEVERE ] removing player 4 token from slot 2
[17:50:43.172] [SEVERE ] removing player 5 token from slot 4
[17:50:43.172] [SEVERE ] removing player 5 token from slot 5
[17:50:43.172] [SEVERE ] removing player 5 token from slot 10
[17:50:43.281] [SEVERE ] removing card from slot 0
[17:50:43.393] [SEVERE ] removing card from slot 1
[17:50:43.502] [SEVERE ] removing card from slot 2
[17:50:43.614] [SEVERE ] removing card from slot 3
[17:50:43.725] [SEVERE ] removing card from slot 4
[17:50:43.836] [SEVERE ] removing card from slot 5
[17:50:43.945] [SEVERE ] removing card from slot 6
[17:50:44.057] [SEVERE ] removing card from slot 7
[17:50:44.165] [SEVERE ] removing card from slot 8
