[22:21:23.341] [INFO   ] thread main starting.
[22:21:23.347] [SEVERE ] cannot read configuration file config.properties trying from resources.
[22:21:23.349] [SEVERE ] configuration file was loaded from resources directory.
[22:21:23.351] [SEVERE ] warning: player 1 keys (12) mismatch table size (9).
[22:21:23.352] [SEVERE ] warning: player 2 keys (12) mismatch table size (9).
[22:21:23.909] [INFO   ] thread dealer starting.
[22:21:24.090] [SEVERE ] placing card 71 in slot 0
[22:21:24.090] [SEVERE ] player 2 placing token on slot 0
[22:21:24.090] [SEVERE ] player 3 placing token on slot 0
[22:21:24.093] [SEVERE ] player 5 placing token on slot 0
[22:21:24.102] [SEVERE ] removing player 5 token from slot 0
[22:21:24.103] [SEVERE ] player 5 placing token on slot 0
[22:21:24.103] [SEVERE ] removing player 5 token from slot 0
[22:21:24.103] [SEVERE ] player 5 placing token on slot 0
[22:21:24.103] [SEVERE ] removing player 5 token from slot 0
[22:21:24.103] [SEVERE ] player 5 placing token on slot 0
[22:21:24.104] [SEVERE ] removing player 5 token from slot 0
[22:21:24.104] [SEVERE ] player 5 placing token on slot 0
[22:21:24.104] [SEVERE ] removing player 5 token from slot 0
[22:21:24.104] [SEVERE ] player 5 placing token on slot 0
[22:21:24.104] [SEVERE ] removing player 5 token from slot 0
[22:21:24.104] [SEVERE ] player 5 placing token on slot 0
[22:21:24.105] [SEVERE ] removing player 5 token from slot 0
[22:21:24.105] [SEVERE ] player 5 placing token on slot 0
[22:21:24.105] [SEVERE ] removing player 5 token from slot 0
[22:21:24.105] [SEVERE ] player 5 placing token on slot 0
[22:21:24.105] [SEVERE ] removing player 5 token from slot 0
[22:21:24.106] [SEVERE ] player 5 placing token on slot 0
[22:21:24.106] [SEVERE ] removing player 5 token from slot 0
[22:21:24.106] [SEVERE ] player 5 placing token on slot 0
[22:21:24.106] [SEVERE ] removing player 5 token from slot 0
[22:21:24.106] [SEVERE ] player 5 placing token on slot 0
[22:21:24.106] [SEVERE ] removing player 5 token from slot 0
[22:21:24.107] [SEVERE ] player 5 placing token on slot 0
[22:21:24.107] [SEVERE ] removing player 5 token from slot 0
[22:21:24.107] [SEVERE ] player 5 placing token on slot 0
[22:21:24.107] [SEVERE ] removing player 5 token from slot 0
[22:21:24.107] [SEVERE ] player 5 placing token on slot 0
[22:21:24.108] [SEVERE ] removing player 5 token from slot 0
[22:21:24.108] [SEVERE ] player 5 placing token on slot 0
[22:21:24.108] [SEVERE ] removing player 5 token from slot 0
[22:21:24.108] [SEVERE ] player 5 placing token on slot 0
[22:21:24.108] [SEVERE ] removing player 5 token from slot 0
[22:21:24.109] [SEVERE ] player 5 placing token on slot 0
[22:21:24.109] [SEVERE ] removing player 5 token from slot 0
[22:21:24.109] [SEVERE ] player 5 placing token on slot 0
[22:21:24.109] [SEVERE ] removing player 5 token from slot 0
[22:21:24.109] [SEVERE ] player 5 placing token on slot 0
[22:21:24.109] [SEVERE ] removing player 5 token from slot 0
[22:21:24.109] [SEVERE ] player 5 placing token on slot 0
[22:21:24.110] [SEVERE ] removing player 5 token from slot 0
[22:21:24.110] [SEVERE ] player 5 placing token on slot 0
[22:21:24.110] [SEVERE ] removing player 5 token from slot 0
[22:21:24.110] [SEVERE ] player 5 placing token on slot 0
[22:21:24.110] [SEVERE ] removing player 5 token from slot 0
[22:21:24.111] [SEVERE ] player 5 placing token on slot 0
[22:21:24.111] [SEVERE ] removing player 5 token from slot 0
[22:21:24.111] [SEVERE ] player 5 placing token on slot 0
[22:21:24.111] [SEVERE ] removing player 5 token from slot 0
[22:21:24.111] [SEVERE ] player 5 placing token on slot 0
[22:21:24.112] [SEVERE ] removing player 5 token from slot 0
[22:21:24.112] [SEVERE ] player 5 placing token on slot 0
[22:21:24.112] [SEVERE ] removing player 5 token from slot 0
[22:21:24.112] [SEVERE ] player 5 placing token on slot 0
[22:21:24.112] [SEVERE ] removing player 5 token from slot 0
[22:21:24.112] [SEVERE ] player 5 placing token on slot 0
[22:21:24.112] [SEVERE ] removing player 5 token from slot 0
[22:21:24.113] [SEVERE ] player 5 placing token on slot 0
[22:21:24.113] [SEVERE ] removing player 5 token from slot 0
[22:21:24.113] [SEVERE ] player 5 placing token on slot 0
[22:21:24.113] [SEVERE ] removing player 5 token from slot 0
[22:21:24.113] [SEVERE ] player 5 placing token on slot 0
[22:21:24.114] [SEVERE ] removing player 5 token from slot 0
[22:21:24.114] [SEVERE ] player 5 placing token on slot 0
[22:21:24.114] [SEVERE ] removing player 5 token from slot 0
[22:21:24.114] [SEVERE ] player 5 placing token on slot 0
[22:21:24.114] [SEVERE ] removing player 5 token from slot 0
[22:21:24.114] [SEVERE ] player 5 placing token on slot 0
[22:21:24.115] [SEVERE ] removing player 5 token from slot 0
[22:21:24.115] [SEVERE ] player 5 placing token on slot 0
[22:21:24.115] [SEVERE ] removing player 5 token from slot 0
[22:21:24.115] [SEVERE ] player 5 placing token on slot 0
[22:21:24.115] [SEVERE ] removing player 5 token from slot 0
[22:21:24.115] [SEVERE ] player 5 placing token on slot 0
[22:21:24.116] [SEVERE ] removing player 5 token from slot 0
[22:21:24.116] [SEVERE ] player 5 placing token on slot 0
[22:21:24.116] [SEVERE ] removing player 5 token from slot 0
[22:21:24.116] [SEVERE ] player 5 placing token on slot 0
[22:21:24.116] [SEVERE ] removing player 5 token from slot 0
[22:21:24.116] [SEVERE ] player 5 placing token on slot 0
[22:21:24.117] [SEVERE ] removing player 5 token from slot 0
[22:21:24.117] [SEVERE ] player 5 placing token on slot 0
[22:21:24.117] [SEVERE ] removing player 5 token from slot 0
[22:21:24.117] [SEVERE ] player 5 placing token on slot 0
[22:21:24.117] [SEVERE ] removing player 5 token from slot 0
[22:21:24.118] [SEVERE ] player 5 placing token on slot 0
[22:21:24.118] [SEVERE ] removing player 5 token from slot 0
[22:21:24.118] [SEVERE ] player 5 placing token on slot 0
[22:21:24.118] [SEVERE ] removing player 5 token from slot 0
[22:21:24.118] [SEVERE ] player 5 placing token on slot 0
[22:21:24.118] [SEVERE ] removing player 5 token from slot 0
[22:21:24.119] [SEVERE ] player 5 placing token on slot 0
[22:21:24.119] [SEVERE ] removing player 5 token from slot 0
[22:21:24.119] [SEVERE ] player 5 placing token on slot 0
[22:21:24.119] [SEVERE ] removing player 5 token from slot 0
[22:21:24.119] [SEVERE ] player 5 placing token on slot 0
[22:21:24.119] [SEVERE ] removing player 5 token from slot 0
[22:21:24.119] [SEVERE ] player 5 placing token on slot 0
[22:21:24.120] [SEVERE ] removing player 5 token from slot 0
[22:21:24.120] [SEVERE ] player 5 placing token on slot 0
[22:21:24.120] [SEVERE ] removing player 5 token from slot 0
[22:21:24.120] [SEVERE ] player 5 placing token on slot 0
[22:21:24.120] [SEVERE ] removing player 5 token from slot 0
[22:21:24.121] [SEVERE ] player 5 placing token on slot 0
[22:21:24.121] [SEVERE ] removing player 5 token from slot 0
[22:21:24.121] [SEVERE ] player 5 placing token on slot 0
[22:21:24.121] [SEVERE ] removing player 5 token from slot 0
[22:21:24.121] [SEVERE ] player 5 placing token on slot 0
[22:21:24.121] [SEVERE ] removing player 5 token from slot 0
[22:21:24.121] [SEVERE ] player 5 placing token on slot 0
[22:21:24.122] [SEVERE ] removing player 5 token from slot 0
[22:21:24.122] [SEVERE ] player 5 placing token on slot 0
[22:21:24.122] [SEVERE ] removing player 5 token from slot 0
[22:21:24.122] [SEVERE ] player 5 placing token on slot 0
[22:21:24.122] [SEVERE ] removing player 5 token from slot 0
[22:21:24.122] [SEVERE ] player 5 placing token on slot 0
[22:21:24.123] [SEVERE ] removing player 5 token from slot 0
[22:21:24.123] [SEVERE ] player 5 placing token on slot 0
[22:21:24.123] [SEVERE ] removing player 5 token from slot 0
[22:21:24.123] [SEVERE ] player 5 placing token on slot 0
[22:21:24.123] [SEVERE ] removing player 5 token from slot 0
[22:21:24.123] [SEVERE ] player 5 placing token on slot 0
[22:21:24.123] [SEVERE ] removing player 5 token from slot 0
[22:21:24.124] [SEVERE ] player 5 placing token on slot 0
[22:21:24.124] [SEVERE ] removing player 5 token from slot 0
[22:21:24.124] [SEVERE ] player 5 placing token on slot 0
[22:21:24.124] [SEVERE ] removing player 5 token from slot 0
[22:21:24.124] [SEVERE ] player 5 placing token on slot 0
[22:21:24.124] [SEVERE ] removing player 5 token from slot 0
[22:21:24.125] [SEVERE ] player 5 placing token on slot 0
[22:21:24.125] [SEVERE ] removing player 5 token from slot 0
[22:21:24.125] [SEVERE ] player 5 placing token on slot 0
[22:21:24.125] [SEVERE ] removing player 5 token from slot 0
[22:21:24.125] [SEVERE ] player 5 placing token on slot 0
[22:21:24.125] [SEVERE ] removing player 5 token from slot 0
[22:21:24.125] [SEVERE ] player 5 placing token on slot 0
[22:21:24.126] [SEVERE ] removing player 5 token from slot 0
[22:21:24.126] [SEVERE ] player 5 placing token on slot 0
[22:21:24.126] [SEVERE ] removing player 5 token from slot 0
[22:21:24.126] [SEVERE ] player 5 placing token on slot 0
[22:21:24.126] [SEVERE ] removing player 5 token from slot 0
[22:21:24.126] [SEVERE ] player 5 placing token on slot 0
[22:21:24.127] [SEVERE ] removing player 5 token from slot 0
[22:21:24.127] [SEVERE ] player 5 placing token on slot 0
[22:21:24.127] [SEVERE ] removing player 5 token from slot 0
[22:21:24.092] [SEVERE ] removing player 2 token from slot 0
[22:21:24.090] [SEVERE ] player 4 placing token on slot 0
[22:21:24.128] [SEVERE ] player 2 placing token on slot 0
[22:21:24.127] [SEVERE ] player 5 placing token on slot 0
[22:21:24.129] [SEVERE ] removing player 4 token from slot 0
[22:21:24.129] [SEVERE ] removing player 2 token from slot 0
[22:21:24.129] [SEVERE ] removing player 5 token from slot 0
[22:21:24.131] [SEVERE ] player 4 placing token on slot 0
[22:21:24.131] [SEVERE ] player 2 placing token on slot 0
[22:21:24.131] [SEVERE ] player 5 placing token on slot 0
[22:21:24.131] [SEVERE ] removing player 3 token from slot 0
[22:21:24.131] [SEVERE ] removing player 2 token from slot 0
[22:21:24.131] [SEVERE ] removing player 4 token from slot 0
[22:21:24.131] [SEVERE ] removing player 5 token from slot 0
[22:21:24.132] [SEVERE ] player 4 placing token on slot 0
[22:21:24.132] [SEVERE ] player 3 placing token on slot 0
[22:21:24.132] [SEVERE ] player 2 placing token on slot 0
[22:21:24.132] [SEVERE ] removing player 3 token from slot 0
[22:21:24.132] [SEVERE ] removing player 4 token from slot 0
[22:21:24.132] [SEVERE ] player 5 placing token on slot 0
[22:21:24.133] [SEVERE ] removing player 5 token from slot 0
[22:21:24.133] [SEVERE ] player 4 placing token on slot 0
[22:21:24.133] [SEVERE ] player 3 placing token on slot 0
[22:21:24.133] [SEVERE ] removing player 2 token from slot 0
[22:21:24.134] [SEVERE ] removing player 3 token from slot 0
[22:21:24.133] [SEVERE ] removing player 4 token from slot 0
[22:21:24.133] [SEVERE ] player 5 placing token on slot 0
[22:21:24.134] [SEVERE ] player 4 placing token on slot 0
[22:21:24.134] [SEVERE ] player 3 placing token on slot 0
[22:21:24.134] [SEVERE ] removing player 4 token from slot 0
[22:21:24.135] [SEVERE ] player 4 placing token on slot 0
[22:21:24.135] [SEVERE ] removing player 4 token from slot 0
[22:21:24.135] [SEVERE ] player 4 placing token on slot 0
[22:21:24.135] [SEVERE ] removing player 4 token from slot 0
[22:21:24.136] [SEVERE ] player 4 placing token on slot 0
[22:21:24.134] [SEVERE ] player 2 placing token on slot 0
[22:21:24.134] [SEVERE ] removing player 5 token from slot 0
[22:21:24.137] [SEVERE ] removing player 4 token from slot 0
[22:21:24.137] [SEVERE ] removing player 3 token from slot 0
[22:21:24.139] [SEVERE ] player 3 placing token on slot 0
[22:21:24.140] [SEVERE ] removing player 3 token from slot 0
[22:21:24.141] [SEVERE ] player 3 placing token on slot 0
[22:21:24.137] [SEVERE ] removing player 2 token from slot 0
[22:21:24.141] [SEVERE ] player 2 placing token on slot 0
[22:21:24.141] [SEVERE ] removing player 2 token from slot 0
[22:21:24.141] [SEVERE ] removing player 3 token from slot 0
[22:21:24.138] [SEVERE ] player 4 placing token on slot 0
[22:21:24.137] [SEVERE ] player 5 placing token on slot 0
[22:21:24.142] [SEVERE ] removing player 4 token from slot 0
[22:21:24.142] [SEVERE ] player 4 placing token on slot 0
[22:21:24.141] [SEVERE ] player 3 placing token on slot 0
[22:21:24.143] [SEVERE ] removing player 3 token from slot 0
[22:21:24.143] [SEVERE ] player 3 placing token on slot 0
[22:21:24.145] [SEVERE ] removing player 4 token from slot 0
[22:21:24.145] [SEVERE ] removing player 3 token from slot 0
[22:21:24.145] [SEVERE ] player 3 placing token on slot 0
[22:21:24.141] [SEVERE ] player 2 placing token on slot 0
[22:21:24.145] [SEVERE ] player 4 placing token on slot 0
[22:21:24.142] [SEVERE ] removing player 5 token from slot 0
[22:21:24.154] [SEVERE ] removing player 4 token from slot 0
[22:21:24.154] [SEVERE ] player 5 placing token on slot 0
[22:21:24.154] [SEVERE ] removing player 5 token from slot 0
[22:21:24.154] [SEVERE ] player 5 placing token on slot 0
[22:21:24.154] [SEVERE ] removing player 5 token from slot 0
[22:21:24.154] [SEVERE ] player 5 placing token on slot 0
[22:21:24.154] [SEVERE ] removing player 5 token from slot 0
[22:21:24.154] [SEVERE ] player 5 placing token on slot 0
[22:21:24.155] [SEVERE ] removing player 5 token from slot 0
[22:21:24.155] [SEVERE ] player 5 placing token on slot 0
[22:21:24.155] [SEVERE ] removing player 5 token from slot 0
[22:21:24.155] [SEVERE ] player 5 placing token on slot 0
[22:21:24.155] [SEVERE ] removing player 5 token from slot 0
[22:21:24.155] [SEVERE ] player 5 placing token on slot 0
[22:21:24.155] [SEVERE ] removing player 5 token from slot 0
[22:21:24.155] [SEVERE ] player 5 placing token on slot 0
[22:21:24.155] [SEVERE ] removing player 5 token from slot 0
[22:21:24.155] [SEVERE ] player 5 placing token on slot 0
[22:21:24.156] [SEVERE ] removing player 5 token from slot 0
[22:21:24.156] [SEVERE ] player 5 placing token on slot 0
[22:21:24.156] [SEVERE ] removing player 5 token from slot 0
[22:21:24.156] [SEVERE ] player 5 placing token on slot 0
[22:21:24.156] [SEVERE ] removing player 5 token from slot 0
[22:21:24.156] [SEVERE ] player 5 placing token on slot 0
[22:21:24.156] [SEVERE ] removing player 5 token from slot 0
[22:21:24.156] [SEVERE ] player 5 placing token on slot 0
[22:21:24.156] [SEVERE ] removing player 5 token from slot 0
[22:21:24.156] [SEVERE ] player 5 placing token on slot 0
[22:21:24.157] [SEVERE ] removing player 5 token from slot 0
[22:21:24.157] [SEVERE ] player 5 placing token on slot 0
[22:21:24.157] [SEVERE ] removing player 5 token from slot 0
[22:21:24.157] [SEVERE ] player 5 placing token on slot 0
[22:21:24.157] [SEVERE ] removing player 5 token from slot 0
[22:21:24.157] [SEVERE ] player 5 placing token on slot 0
[22:21:24.157] [SEVERE ] removing player 5 token from slot 0
[22:21:24.157] [SEVERE ] player 5 placing token on slot 0
[22:21:24.157] [SEVERE ] removing player 5 token from slot 0
[22:21:24.157] [SEVERE ] player 5 placing token on slot 0
[22:21:24.158] [SEVERE ] removing player 5 token from slot 0
[22:21:24.158] [SEVERE ] player 5 placing token on slot 0
[22:21:24.158] [SEVERE ] removing player 5 token from slot 0
[22:21:24.158] [SEVERE ] player 5 placing token on slot 0
[22:21:24.158] [SEVERE ] removing player 5 token from slot 0
[22:21:24.158] [SEVERE ] player 5 placing token on slot 0
[22:21:24.158] [SEVERE ] removing player 5 token from slot 0
[22:21:24.158] [SEVERE ] player 5 placing token on slot 0
[22:21:24.158] [SEVERE ] removing player 5 token from slot 0
[22:21:24.158] [SEVERE ] player 5 placing token on slot 0
[22:21:24.158] [SEVERE ] removing player 5 token from slot 0
[22:21:24.159] [SEVERE ] player 5 placing token on slot 0
[22:21:24.159] [SEVERE ] removing player 5 token from slot 0
[22:21:24.159] [SEVERE ] player 5 placing token on slot 0
[22:21:24.159] [SEVERE ] removing player 5 token from slot 0
[22:21:24.159] [SEVERE ] player 5 placing token on slot 0
[22:21:24.159] [SEVERE ] removing player 5 token from slot 0
[22:21:24.159] [SEVERE ] player 5 placing token on slot 0
[22:21:24.159] [SEVERE ] removing player 5 token from slot 0
[22:21:24.159] [SEVERE ] player 5 placing token on slot 0
[22:21:24.159] [SEVERE ] removing player 5 token from slot 0
[22:21:24.159] [SEVERE ] player 5 placing token on slot 0
[22:21:24.159] [SEVERE ] removing player 5 token from slot 0
[22:21:24.159] [SEVERE ] player 5 placing token on slot 0
[22:21:24.159] [SEVERE ] removing player 5 token from slot 0
[22:21:24.161] [SEVERE ] player 5 placing token on slot 0
[22:21:24.161] [SEVERE ] removing player 5 token from slot 0
[22:21:24.161] [SEVERE ] player 5 placing token on slot 0
[22:21:24.161] [SEVERE ] removing player 5 token from slot 0
[22:21:24.161] [SEVERE ] player 5 placing token on slot 0
[22:21:24.161] [SEVERE ] removing player 5 token from slot 0
[22:21:24.161] [SEVERE ] player 5 placing token on slot 0
[22:21:24.161] [SEVERE ] removing player 5 token from slot 0
[22:21:24.162] [SEVERE ] player 5 placing token on slot 0
[22:21:24.162] [SEVERE ] removing player 5 token from slot 0
[22:21:24.162] [SEVERE ] player 5 placing token on slot 0
[22:21:24.162] [SEVERE ] removing player 5 token from slot 0
[22:21:24.162] [SEVERE ] player 5 placing token on slot 0
[22:21:24.162] [SEVERE ] removing player 5 token from slot 0
[22:21:24.162] [SEVERE ] player 5 placing token on slot 0
[22:21:24.162] [SEVERE ] removing player 5 token from slot 0
[22:21:24.162] [SEVERE ] player 5 placing token on slot 0
[22:21:24.162] [SEVERE ] removing player 5 token from slot 0
[22:21:24.162] [SEVERE ] player 5 placing token on slot 0
[22:21:24.162] [SEVERE ] removing player 5 token from slot 0
[22:21:24.163] [SEVERE ] player 5 placing token on slot 0
[22:21:24.163] [SEVERE ] removing player 5 token from slot 0
[22:21:24.163] [SEVERE ] player 5 placing token on slot 0
[22:21:24.163] [SEVERE ] removing player 5 token from slot 0
[22:21:24.163] [SEVERE ] player 5 placing token on slot 0
[22:21:24.163] [SEVERE ] removing player 5 token from slot 0
[22:21:24.163] [SEVERE ] player 5 placing token on slot 0
[22:21:24.163] [SEVERE ] removing player 5 token from slot 0
[22:21:24.163] [SEVERE ] player 5 placing token on slot 0
[22:21:24.164] [SEVERE ] removing player 5 token from slot 0
[22:21:24.164] [SEVERE ] player 5 placing token on slot 0
[22:21:24.164] [SEVERE ] removing player 5 token from slot 0
[22:21:24.164] [SEVERE ] player 5 placing token on slot 0
[22:21:24.164] [SEVERE ] removing player 5 token from slot 0
[22:21:24.164] [SEVERE ] player 5 placing token on slot 0
[22:21:24.164] [SEVERE ] removing player 5 token from slot 0
[22:21:24.164] [SEVERE ] player 5 placing token on slot 0
[22:21:24.164] [SEVERE ] removing player 5 token from slot 0
[22:21:24.164] [SEVERE ] player 5 placing token on slot 0
[22:21:24.164] [SEVERE ] removing player 5 token from slot 0
[22:21:24.164] [SEVERE ] player 5 placing token on slot 0
[22:21:24.165] [SEVERE ] removing player 5 token from slot 0
[22:21:24.165] [SEVERE ] player 5 placing token on slot 0
[22:21:24.165] [SEVERE ] removing player 5 token from slot 0
[22:21:24.165] [SEVERE ] player 5 placing token on slot 0
[22:21:24.165] [SEVERE ] removing player 5 token from slot 0
[22:21:24.165] [SEVERE ] player 5 placing token on slot 0
[22:21:24.165] [SEVERE ] removing player 5 token from slot 0
[22:21:24.165] [SEVERE ] player 5 placing token on slot 0
[22:21:24.165] [SEVERE ] removing player 5 token from slot 0
[22:21:24.165] [SEVERE ] player 5 placing token on slot 0
[22:21:24.165] [SEVERE ] removing player 5 token from slot 0
[22:21:24.165] [SEVERE ] player 5 placing token on slot 0
[22:21:24.166] [SEVERE ] removing player 5 token from slot 0
[22:21:24.166] [SEVERE ] player 5 placing token on slot 0
[22:21:24.166] [SEVERE ] removing player 5 token from slot 0
[22:21:24.166] [SEVERE ] player 5 placing token on slot 0
[22:21:24.166] [SEVERE ] removing player 5 token from slot 0
[22:21:24.166] [SEVERE ] player 5 placing token on slot 0
[22:21:24.166] [SEVERE ] removing player 5 token from slot 0
[22:21:24.166] [SEVERE ] player 5 placing token on slot 0
[22:21:24.167] [SEVERE ] removing player 5 token from slot 0
[22:21:24.167] [SEVERE ] player 5 placing token on slot 0
[22:21:24.167] [SEVERE ] removing player 5 token from slot 0
[22:21:24.167] [SEVERE ] player 5 placing token on slot 0
[22:21:24.167] [SEVERE ] removing player 5 token from slot 0
[22:21:24.167] [SEVERE ] player 5 placing token on slot 0
[22:21:24.167] [SEVERE ] removing player 5 token from slot 0
[22:21:24.167] [SEVERE ] player 5 placing token on slot 0
[22:21:24.167] [SEVERE ] removing player 5 token from slot 0
[22:21:24.167] [SEVERE ] player 5 placing token on slot 0
[22:21:24.168] [SEVERE ] removing player 5 token from slot 0
[22:21:24.168] [SEVERE ] player 5 placing token on slot 0
[22:21:24.168] [SEVERE ] removing player 5 token from slot 0
[22:21:24.168] [SEVERE ] player 5 placing token on slot 0
[22:21:24.168] [SEVERE ] removing player 5 token from slot 0
[22:21:24.168] [SEVERE ] player 5 placing token on slot 0
[22:21:24.168] [SEVERE ] removing player 5 token from slot 0
[22:21:24.168] [SEVERE ] player 5 placing token on slot 0
[22:21:24.168] [SEVERE ] removing player 5 token from slot 0
[22:21:24.168] [SEVERE ] player 5 placing token on slot 0
[22:21:24.168] [SEVERE ] removing player 5 token from slot 0
[22:21:24.169] [SEVERE ] player 5 placing token on slot 0
[22:21:24.169] [SEVERE ] removing player 5 token from slot 0
[22:21:24.169] [SEVERE ] player 5 placing token on slot 0
[22:21:24.169] [SEVERE ] removing player 5 token from slot 0
[22:21:24.169] [SEVERE ] player 5 placing token on slot 0
[22:21:24.169] [SEVERE ] removing player 5 token from slot 0
[22:21:24.169] [SEVERE ] player 5 placing token on slot 0
[22:21:24.169] [SEVERE ] removing player 5 token from slot 0
[22:21:24.169] [SEVERE ] player 5 placing token on slot 0
[22:21:24.169] [SEVERE ] removing player 5 token from slot 0
[22:21:24.169] [SEVERE ] player 5 placing token on slot 0
[22:21:24.169] [SEVERE ] removing player 5 token from slot 0
[22:21:24.169] [SEVERE ] player 5 placing token on slot 0
[22:21:24.170] [SEVERE ] removing player 5 token from slot 0
[22:21:24.170] [SEVERE ] player 5 placing token on slot 0
[22:21:24.170] [SEVERE ] removing player 5 token from slot 0
[22:21:24.170] [SEVERE ] player 5 placing token on slot 0
[22:21:24.170] [SEVERE ] removing player 5 token from slot 0
[22:21:24.170] [SEVERE ] player 5 placing token on slot 0
[22:21:24.170] [SEVERE ] removing player 5 token from slot 0
[22:21:24.170] [SEVERE ] player 5 placing token on slot 0
[22:21:24.170] [SEVERE ] removing player 5 token from slot 0
[22:21:24.170] [SEVERE ] player 5 placing token on slot 0
[22:21:24.170] [SEVERE ] removing player 5 token from slot 0
[22:21:24.171] [SEVERE ] player 5 placing token on slot 0
[22:21:24.171] [SEVERE ] removing player 5 token from slot 0
[22:21:24.171] [SEVERE ] player 5 placing token on slot 0
[22:21:24.171] [SEVERE ] removing player 5 token from slot 0
[22:21:24.171] [SEVERE ] player 5 placing token on slot 0
[22:21:24.171] [SEVERE ] removing player 5 token from slot 0
[22:21:24.171] [SEVERE ] player 5 placing token on slot 0
[22:21:24.171] [SEVERE ] removing player 5 token from slot 0
[22:21:24.171] [SEVERE ] player 5 placing token on slot 0
[22:21:24.171] [SEVERE ] removing player 5 token from slot 0
[22:21:24.171] [SEVERE ] player 5 placing token on slot 0
[22:21:24.171] [SEVERE ] removing player 5 token from slot 0
[22:21:24.172] [SEVERE ] player 5 placing token on slot 0
[22:21:24.172] [SEVERE ] removing player 5 token from slot 0
[22:21:24.172] [SEVERE ] player 5 placing token on slot 0
[22:21:24.172] [SEVERE ] removing player 5 token from slot 0
[22:21:24.172] [SEVERE ] player 5 placing token on slot 0
[22:21:24.172] [SEVERE ] removing player 5 token from slot 0
[22:21:24.172] [SEVERE ] player 5 placing token on slot 0
[22:21:24.172] [SEVERE ] removing player 5 token from slot 0
[22:21:24.172] [SEVERE ] player 5 placing token on slot 0
[22:21:24.172] [SEVERE ] removing player 5 token from slot 0
[22:21:24.172] [SEVERE ] player 5 placing token on slot 0
[22:21:24.172] [SEVERE ] removing player 5 token from slot 0
[22:21:24.173] [SEVERE ] player 5 placing token on slot 0
[22:21:24.173] [SEVERE ] removing player 5 token from slot 0
[22:21:24.173] [SEVERE ] player 5 placing token on slot 0
[22:21:24.173] [SEVERE ] removing player 5 token from slot 0
[22:21:24.173] [SEVERE ] player 5 placing token on slot 0
[22:21:24.173] [SEVERE ] removing player 5 token from slot 0
[22:21:24.173] [SEVERE ] player 5 placing token on slot 0
[22:21:24.173] [SEVERE ] removing player 5 token from slot 0
[22:21:24.173] [SEVERE ] player 5 placing token on slot 0
[22:21:24.173] [SEVERE ] removing player 5 token from slot 0
[22:21:24.173] [SEVERE ] player 5 placing token on slot 0
[22:21:24.174] [SEVERE ] removing player 5 token from slot 0
[22:21:24.174] [SEVERE ] player 5 placing token on slot 0
[22:21:24.174] [SEVERE ] removing player 5 token from slot 0
[22:21:24.174] [SEVERE ] player 5 placing token on slot 0
[22:21:24.174] [SEVERE ] removing player 5 token from slot 0
[22:21:24.174] [SEVERE ] player 5 placing token on slot 0
[22:21:24.174] [SEVERE ] removing player 5 token from slot 0
[22:21:24.174] [SEVERE ] player 5 placing token on slot 0
[22:21:24.174] [SEVERE ] removing player 5 token from slot 0
[22:21:24.174] [SEVERE ] player 5 placing token on slot 0
[22:21:24.174] [SEVERE ] removing player 5 token from slot 0
[22:21:24.174] [SEVERE ] player 5 placing token on slot 0
[22:21:24.174] [SEVERE ] removing player 5 token from slot 0
[22:21:24.175] [SEVERE ] player 5 placing token on slot 0
[22:21:24.175] [SEVERE ] removing player 5 token from slot 0
[22:21:24.175] [SEVERE ] player 5 placing token on slot 0
[22:21:24.175] [SEVERE ] removing player 5 token from slot 0
[22:21:24.175] [SEVERE ] player 5 placing token on slot 0
[22:21:24.175] [SEVERE ] removing player 5 token from slot 0
[22:21:24.175] [SEVERE ] player 5 placing token on slot 0
[22:21:24.175] [SEVERE ] removing player 5 token from slot 0
[22:21:24.175] [SEVERE ] player 5 placing token on slot 0
[22:21:24.175] [SEVERE ] removing player 5 token from slot 0
[22:21:24.175] [SEVERE ] player 5 placing token on slot 0
[22:21:24.175] [SEVERE ] removing player 5 token from slot 0
[22:21:24.175] [SEVERE ] player 5 placing token on slot 0
[22:21:24.175] [SEVERE ] removing player 5 token from slot 0
[22:21:24.176] [SEVERE ] player 5 placing token on slot 0
[22:21:24.176] [SEVERE ] removing player 5 token from slot 0
[22:21:24.176] [SEVERE ] player 5 placing token on slot 0
[22:21:24.176] [SEVERE ] removing player 5 token from slot 0
[22:21:24.176] [SEVERE ] player 5 placing token on slot 0
[22:21:24.176] [SEVERE ] removing player 5 token from slot 0
[22:21:24.176] [SEVERE ] player 5 placing token on slot 0
[22:21:24.176] [SEVERE ] removing player 5 token from slot 0
[22:21:24.176] [SEVERE ] player 5 placing token on slot 0
[22:21:24.176] [SEVERE ] removing player 5 token from slot 0
[22:21:24.177] [SEVERE ] player 5 placing token on slot 0
[22:21:24.177] [SEVERE ] removing player 5 token from slot 0
[22:21:24.177] [SEVERE ] player 5 placing token on slot 0
[22:21:24.177] [SEVERE ] removing player 5 token from slot 0
[22:21:24.177] [SEVERE ] player 5 placing token on slot 0
[22:21:24.177] [SEVERE ] removing player 5 token from slot 0
[22:21:24.177] [SEVERE ] player 5 placing token on slot 0
[22:21:24.177] [SEVERE ] removing player 5 token from slot 0
[22:21:24.177] [SEVERE ] player 5 placing token on slot 0
[22:21:24.177] [SEVERE ] removing player 5 token from slot 0
[22:21:24.177] [SEVERE ] player 5 placing token on slot 0
[22:21:24.177] [SEVERE ] removing player 5 token from slot 0
[22:21:24.177] [SEVERE ] player 5 placing token on slot 0
[22:21:24.177] [SEVERE ] removing player 5 token from slot 0
[22:21:24.178] [SEVERE ] player 5 placing token on slot 0
[22:21:24.178] [SEVERE ] removing player 5 token from slot 0
[22:21:24.178] [SEVERE ] player 5 placing token on slot 0
[22:21:24.178] [SEVERE ] removing player 5 token from slot 0
[22:21:24.178] [SEVERE ] player 5 placing token on slot 0
[22:21:24.178] [SEVERE ] removing player 5 token from slot 0
[22:21:24.178] [SEVERE ] player 5 placing token on slot 0
[22:21:24.178] [SEVERE ] removing player 5 token from slot 0
[22:21:24.178] [SEVERE ] player 5 placing token on slot 0
[22:21:24.178] [SEVERE ] removing player 5 token from slot 0
[22:21:24.178] [SEVERE ] player 5 placing token on slot 0
[22:21:24.178] [SEVERE ] removing player 5 token from slot 0
[22:21:24.178] [SEVERE ] player 5 placing token on slot 0
[22:21:24.178] [SEVERE ] removing player 5 token from slot 0
[22:21:24.178] [SEVERE ] player 5 placing token on slot 0
[22:21:24.179] [SEVERE ] removing player 5 token from slot 0
[22:21:24.179] [SEVERE ] player 5 placing token on slot 0
[22:21:24.179] [SEVERE ] removing player 5 token from slot 0
[22:21:24.179] [SEVERE ] player 5 placing token on slot 0
[22:21:24.179] [SEVERE ] removing player 5 token from slot 0
[22:21:24.179] [SEVERE ] player 5 placing token on slot 0
[22:21:24.179] [SEVERE ] removing player 5 token from slot 0
[22:21:24.179] [SEVERE ] player 5 placing token on slot 0
[22:21:24.179] [SEVERE ] removing player 5 token from slot 0
[22:21:24.179] [SEVERE ] player 5 placing token on slot 0
[22:21:24.179] [SEVERE ] removing player 5 token from slot 0
[22:21:24.179] [SEVERE ] player 5 placing token on slot 0
[22:21:24.179] [SEVERE ] removing player 5 token from slot 0
[22:21:24.179] [SEVERE ] player 5 placing token on slot 0
[22:21:24.179] [SEVERE ] removing player 5 token from slot 0
[22:21:24.179] [SEVERE ] player 5 placing token on slot 0
[22:21:24.179] [SEVERE ] removing player 5 token from slot 0
[22:21:24.180] [SEVERE ] player 5 placing token on slot 0
[22:21:24.180] [SEVERE ] removing player 5 token from slot 0
[22:21:24.180] [SEVERE ] player 5 placing token on slot 0
[22:21:24.180] [SEVERE ] removing player 5 token from slot 0
[22:21:24.180] [SEVERE ] player 5 placing token on slot 0
[22:21:24.180] [SEVERE ] removing player 5 token from slot 0
[22:21:24.180] [SEVERE ] player 5 placing token on slot 0
[22:21:24.180] [SEVERE ] removing player 5 token from slot 0
[22:21:24.180] [SEVERE ] player 5 placing token on slot 0
[22:21:24.180] [SEVERE ] removing player 5 token from slot 0
[22:21:24.180] [SEVERE ] player 5 placing token on slot 0
[22:21:24.180] [SEVERE ] removing player 5 token from slot 0
[22:21:24.180] [SEVERE ] player 5 placing token on slot 0
[22:21:24.180] [SEVERE ] removing player 5 token from slot 0
[22:21:24.181] [SEVERE ] player 5 placing token on slot 0
[22:21:24.181] [SEVERE ] removing player 5 token from slot 0
[22:21:24.181] [SEVERE ] player 5 placing token on slot 0
[22:21:24.181] [SEVERE ] removing player 5 token from slot 0
[22:21:24.181] [SEVERE ] player 5 placing token on slot 0
[22:21:24.181] [SEVERE ] removing player 5 token from slot 0
[22:21:24.181] [SEVERE ] player 5 placing token on slot 0
[22:21:24.181] [SEVERE ] removing player 5 token from slot 0
[22:21:24.181] [SEVERE ] player 5 placing token on slot 0
[22:21:24.181] [SEVERE ] removing player 5 token from slot 0
[22:21:24.181] [SEVERE ] player 5 placing token on slot 0
[22:21:24.181] [SEVERE ] removing player 5 token from slot 0
[22:21:24.181] [SEVERE ] player 5 placing token on slot 0
[22:21:24.181] [SEVERE ] removing player 5 token from slot 0
[22:21:24.181] [SEVERE ] player 5 placing token on slot 0
[22:21:24.181] [SEVERE ] removing player 5 token from slot 0
[22:21:24.181] [SEVERE ] player 5 placing token on slot 0
[22:21:24.182] [SEVERE ] removing player 5 token from slot 0
[22:21:24.182] [SEVERE ] player 5 placing token on slot 0
[22:21:24.182] [SEVERE ] removing player 5 token from slot 0
[22:21:24.182] [SEVERE ] player 5 placing token on slot 0
[22:21:24.182] [SEVERE ] removing player 5 token from slot 0
[22:21:24.182] [SEVERE ] player 5 placing token on slot 0
[22:21:24.182] [SEVERE ] removing player 5 token from slot 0
[22:21:24.182] [SEVERE ] player 5 placing token on slot 0
[22:21:24.182] [SEVERE ] removing player 5 token from slot 0
[22:21:24.198] [SEVERE ] player 5 placing token on slot 0
[22:21:24.154] [SEVERE ] removing player 2 token from slot 0
[22:21:24.154] [SEVERE ] player 4 placing token on slot 0
[22:21:24.193] [SEVERE ] placing card 30 in slot 1
[22:21:24.203] [SEVERE ] player 2 placing token on slot 1
[22:21:24.204] [SEVERE ] removing player 2 token from slot 1
[22:21:24.204] [SEVERE ] player 2 placing token on slot 0
[22:21:24.204] [SEVERE ] player 2 placing token on slot 1
[22:21:24.204] [SEVERE ] removing player 2 token from slot 0
[22:21:24.204] [SEVERE ] player 2 placing token on slot 0
[22:21:24.204] [SEVERE ] removing player 2 token from slot 0
[22:21:24.204] [SEVERE ] removing player 2 token from slot 1
[22:21:24.204] [SEVERE ] player 2 placing token on slot 0
[22:21:24.204] [SEVERE ] removing player 2 token from slot 0
[22:21:24.204] [SEVERE ] player 2 placing token on slot 0
[22:21:24.204] [SEVERE ] removing player 2 token from slot 0
[22:21:24.204] [SEVERE ] player 2 placing token on slot 1
[22:21:24.154] [SEVERE ] removing player 3 token from slot 0
[22:21:24.203] [SEVERE ] player 4 placing token on slot 1
[22:21:24.206] [SEVERE ] removing player 4 token from slot 0
[22:21:24.208] [SEVERE ] removing player 4 token from slot 1
[22:21:24.208] [SEVERE ] player 4 placing token on slot 1
[22:21:24.209] [SEVERE ] removing player 2 token from slot 1
[22:21:24.209] [SEVERE ] player 4 placing token on slot 0
[22:21:24.209] [SEVERE ] player 5 placing token on slot 1
[22:21:24.209] [SEVERE ] removing player 5 token from slot 0
[22:21:24.209] [SEVERE ] removing player 5 token from slot 1
[22:21:24.209] [SEVERE ] removing player 4 token from slot 1
[22:21:24.209] [SEVERE ] player 3 placing token on slot 0
[22:21:24.219] [SEVERE ] player 4 placing token on slot 1
[22:21:24.209] [SEVERE ] player 2 placing token on slot 0
[22:21:24.225] [SEVERE ] player 5 placing token on slot 1
[22:21:24.225] [SEVERE ] removing player 4 token from slot 1
[22:21:24.226] [SEVERE ] player 5 placing token on slot 0
[22:21:24.226] [SEVERE ] removing player 5 token from slot 1
[22:21:24.226] [SEVERE ] removing player 5 token from slot 0
[22:21:24.226] [SEVERE ] player 5 placing token on slot 0
[22:21:24.226] [SEVERE ] removing player 5 token from slot 0
[22:21:24.226] [SEVERE ] player 5 placing token on slot 1
[22:21:24.226] [SEVERE ] removing player 5 token from slot 1
[22:21:24.226] [SEVERE ] player 5 placing token on slot 0
[22:21:24.226] [SEVERE ] player 5 placing token on slot 1
[22:21:24.226] [SEVERE ] removing player 5 token from slot 1
[22:21:24.226] [SEVERE ] removing player 5 token from slot 0
[22:21:24.226] [SEVERE ] player 5 placing token on slot 0
[22:21:24.226] [SEVERE ] player 5 placing token on slot 1
[22:21:24.226] [SEVERE ] removing player 5 token from slot 0
[22:21:24.226] [SEVERE ] player 5 placing token on slot 0
[22:21:24.226] [SEVERE ] removing player 5 token from slot 0
[22:21:24.227] [SEVERE ] removing player 5 token from slot 1
[22:21:24.227] [SEVERE ] player 5 placing token on slot 1
[22:21:24.227] [SEVERE ] removing player 5 token from slot 1
[22:21:24.227] [SEVERE ] player 5 placing token on slot 0
[22:21:24.227] [SEVERE ] player 5 placing token on slot 1
[22:21:24.227] [SEVERE ] removing player 5 token from slot 0
[22:21:24.227] [SEVERE ] removing player 5 token from slot 1
[22:21:24.227] [SEVERE ] player 5 placing token on slot 0
[22:21:24.227] [SEVERE ] removing player 5 token from slot 0
[22:21:24.227] [SEVERE ] player 5 placing token on slot 0
[22:21:24.227] [SEVERE ] player 5 placing token on slot 1
[22:21:24.227] [SEVERE ] removing player 5 token from slot 1
[22:21:24.227] [SEVERE ] removing player 5 token from slot 0
[22:21:24.228] [SEVERE ] player 5 placing token on slot 0
[22:21:24.228] [SEVERE ] removing player 5 token from slot 0
[22:21:24.228] [SEVERE ] player 5 placing token on slot 1
[22:21:24.228] [SEVERE ] removing player 5 token from slot 1
[22:21:24.228] [SEVERE ] player 5 placing token on slot 1
[22:21:24.228] [SEVERE ] removing player 5 token from slot 1
[22:21:24.228] [SEVERE ] player 5 placing token on slot 1
[22:21:24.228] [SEVERE ] removing player 5 token from slot 1
[22:21:24.228] [SEVERE ] player 5 placing token on slot 1
[22:21:24.228] [SEVERE ] removing player 5 token from slot 1
[22:21:24.228] [SEVERE ] player 5 placing token on slot 0
[22:21:24.228] [SEVERE ] removing player 5 token from slot 0
[22:21:24.228] [SEVERE ] player 5 placing token on slot 0
[22:21:24.228] [SEVERE ] player 5 placing token on slot 1
[22:21:24.228] [SEVERE ] removing player 5 token from slot 0
[22:21:24.228] [SEVERE ] removing player 5 token from slot 1
[22:21:24.229] [SEVERE ] player 5 placing token on slot 0
[22:21:24.229] [SEVERE ] player 5 placing token on slot 1
[22:21:24.229] [SEVERE ] removing player 5 token from slot 0
[22:21:24.229] [SEVERE ] removing player 5 token from slot 1
[22:21:24.229] [SEVERE ] player 5 placing token on slot 1
[22:21:24.229] [SEVERE ] player 5 placing token on slot 0
[22:21:24.229] [SEVERE ] removing player 5 token from slot 0
[22:21:24.229] [SEVERE ] player 5 placing token on slot 0
[22:21:24.229] [SEVERE ] removing player 5 token from slot 1
[22:21:24.229] [SEVERE ] player 5 placing token on slot 1
[22:21:24.229] [SEVERE ] removing player 5 token from slot 0
[22:21:24.229] [SEVERE ] player 5 placing token on slot 0
[22:21:24.229] [SEVERE ] removing player 5 token from slot 1
[22:21:24.229] [SEVERE ] removing player 5 token from slot 0
[22:21:24.229] [SEVERE ] player 5 placing token on slot 0
[22:21:24.230] [SEVERE ] removing player 5 token from slot 0
[22:21:24.230] [SEVERE ] player 5 placing token on slot 0
[22:21:24.230] [SEVERE ] player 5 placing token on slot 1
[22:21:24.230] [SEVERE ] removing player 5 token from slot 1
[22:21:24.230] [SEVERE ] player 5 placing token on slot 1
[22:21:24.230] [SEVERE ] removing player 5 token from slot 1
[22:21:24.230] [SEVERE ] removing player 5 token from slot 0
[22:21:24.230] [SEVERE ] player 5 placing token on slot 0
[22:21:24.230] [SEVERE ] removing player 5 token from slot 0
[22:21:24.230] [SEVERE ] player 5 placing token on slot 0
[22:21:24.230] [SEVERE ] removing player 5 token from slot 0
[22:21:24.230] [SEVERE ] player 5 placing token on slot 0
[22:21:24.230] [SEVERE ] removing player 5 token from slot 0
[22:21:24.230] [SEVERE ] player 5 placing token on slot 0
[22:21:24.230] [SEVERE ] removing player 5 token from slot 0
[22:21:24.230] [SEVERE ] player 5 placing token on slot 0
[22:21:24.230] [SEVERE ] removing player 5 token from slot 0
[22:21:24.231] [SEVERE ] player 5 placing token on slot 1
[22:21:24.231] [SEVERE ] player 5 placing token on slot 0
[22:21:24.231] [SEVERE ] removing player 5 token from slot 1
[22:21:24.231] [SEVERE ] removing player 5 token from slot 0
[22:21:24.231] [SEVERE ] player 5 placing token on slot 0
[22:21:24.231] [SEVERE ] removing player 5 token from slot 0
[22:21:24.231] [SEVERE ] player 5 placing token on slot 1
[22:21:24.231] [SEVERE ] removing player 5 token from slot 1
[22:21:24.231] [SEVERE ] player 5 placing token on slot 0
[22:21:24.231] [SEVERE ] player 5 placing token on slot 1
[22:21:24.231] [SEVERE ] removing player 5 token from slot 0
[22:21:24.231] [SEVERE ] removing player 5 token from slot 1
[22:21:24.231] [SEVERE ] player 5 placing token on slot 0
[22:21:24.231] [SEVERE ] player 5 placing token on slot 1
[22:21:24.232] [SEVERE ] removing player 5 token from slot 0
[22:21:24.232] [SEVERE ] removing player 5 token from slot 1
[22:21:24.232] [SEVERE ] player 5 placing token on slot 1
[22:21:24.232] [SEVERE ] removing player 5 token from slot 1
[22:21:24.232] [SEVERE ] player 5 placing token on slot 1
[22:21:24.232] [SEVERE ] player 5 placing token on slot 0
[22:21:24.232] [SEVERE ] removing player 5 token from slot 0
[22:21:24.232] [SEVERE ] player 5 placing token on slot 0
[22:21:24.232] [SEVERE ] removing player 5 token from slot 1
[22:21:24.232] [SEVERE ] removing player 5 token from slot 0
[22:21:24.232] [SEVERE ] player 5 placing token on slot 1
[22:21:24.232] [SEVERE ] removing player 5 token from slot 1
[22:21:24.232] [SEVERE ] player 5 placing token on slot 1
[22:21:24.232] [SEVERE ] removing player 5 token from slot 1
[22:21:24.232] [SEVERE ] player 5 placing token on slot 1
[22:21:24.233] [SEVERE ] player 5 placing token on slot 0
[22:21:24.233] [SEVERE ] removing player 5 token from slot 1
[22:21:24.233] [SEVERE ] removing player 5 token from slot 0
[22:21:24.233] [SEVERE ] player 5 placing token on slot 0
[22:21:24.233] [SEVERE ] removing player 5 token from slot 0
[22:21:24.233] [SEVERE ] player 5 placing token on slot 0
[22:21:24.233] [SEVERE ] player 5 placing token on slot 1
[22:21:24.233] [SEVERE ] removing player 5 token from slot 0
[22:21:24.233] [SEVERE ] removing player 5 token from slot 1
[22:21:24.233] [SEVERE ] player 5 placing token on slot 1
[22:21:24.233] [SEVERE ] removing player 5 token from slot 1
[22:21:24.233] [SEVERE ] player 5 placing token on slot 0
[22:21:24.233] [SEVERE ] removing player 5 token from slot 0
[22:21:24.233] [SEVERE ] player 5 placing token on slot 0
[22:21:24.233] [SEVERE ] removing player 5 token from slot 0
[22:21:24.234] [SEVERE ] player 5 placing token on slot 1
[22:21:24.234] [SEVERE ] removing player 5 token from slot 1
[22:21:24.234] [SEVERE ] player 5 placing token on slot 0
[22:21:24.234] [SEVERE ] player 5 placing token on slot 1
[22:21:24.234] [SEVERE ] removing player 5 token from slot 0
[22:21:24.234] [SEVERE ] removing player 5 token from slot 1
[22:21:24.234] [SEVERE ] player 5 placing token on slot 0
[22:21:24.234] [SEVERE ] removing player 5 token from slot 0
[22:21:24.234] [SEVERE ] player 5 placing token on slot 0
[22:21:24.234] [SEVERE ] removing player 5 token from slot 0
[22:21:24.234] [SEVERE ] player 5 placing token on slot 0
[22:21:24.234] [SEVERE ] removing player 5 token from slot 0
[22:21:24.234] [SEVERE ] player 5 placing token on slot 1
[22:21:24.235] [SEVERE ] removing player 5 token from slot 1
[22:21:24.235] [SEVERE ] player 5 placing token on slot 0
[22:21:24.235] [SEVERE ] player 5 placing token on slot 1
[22:21:24.235] [SEVERE ] removing player 5 token from slot 0
[22:21:24.235] [SEVERE ] player 5 placing token on slot 0
[22:21:24.235] [SEVERE ] removing player 5 token from slot 0
[22:21:24.235] [SEVERE ] removing player 5 token from slot 1
[22:21:24.235] [SEVERE ] player 5 placing token on slot 1
[22:21:24.235] [SEVERE ] player 5 placing token on slot 0
[22:21:24.235] [SEVERE ] removing player 5 token from slot 0
[22:21:24.235] [SEVERE ] removing player 5 token from slot 1
[22:21:24.235] [SEVERE ] player 5 placing token on slot 1
[22:21:24.235] [SEVERE ] player 5 placing token on slot 0
[22:21:24.235] [SEVERE ] removing player 5 token from slot 1
[22:21:24.235] [SEVERE ] player 5 placing token on slot 1
[22:21:24.235] [SEVERE ] removing player 5 token from slot 1
[22:21:24.235] [SEVERE ] removing player 5 token from slot 0
[22:21:24.235] [SEVERE ] player 5 placing token on slot 0
[22:21:24.236] [SEVERE ] removing player 5 token from slot 0
[22:21:24.236] [SEVERE ] player 5 placing token on slot 1
[22:21:24.236] [SEVERE ] player 5 placing token on slot 0
[22:21:24.236] [SEVERE ] removing player 5 token from slot 0
[22:21:24.236] [SEVERE ] player 5 placing token on slot 0
[22:21:24.236] [SEVERE ] removing player 5 token from slot 1
[22:21:24.236] [SEVERE ] removing player 5 token from slot 0
[22:21:24.236] [SEVERE ] player 5 placing token on slot 0
[22:21:24.236] [SEVERE ] player 5 placing token on slot 1
[22:21:24.236] [SEVERE ] removing player 5 token from slot 0
[22:21:24.236] [SEVERE ] removing player 5 token from slot 1
[22:21:24.236] [SEVERE ] player 5 placing token on slot 0
[22:21:24.236] [SEVERE ] removing player 5 token from slot 0
[22:21:24.236] [SEVERE ] player 5 placing token on slot 0
[22:21:24.237] [SEVERE ] removing player 5 token from slot 0
[22:21:24.237] [SEVERE ] player 5 placing token on slot 0
[22:21:24.237] [SEVERE ] player 5 placing token on slot 1
[22:21:24.237] [SEVERE ] removing player 5 token from slot 1
[22:21:24.237] [SEVERE ] removing player 5 token from slot 0
[22:21:24.237] [SEVERE ] player 5 placing token on slot 1
[22:21:24.237] [SEVERE ] player 5 placing token on slot 0
[22:21:24.237] [SEVERE ] removing player 5 token from slot 1
[22:21:24.237] [SEVERE ] removing player 5 token from slot 0
[22:21:24.237] [SEVERE ] player 5 placing token on slot 0
[22:21:24.226] [SEVERE ] player 2 placing token on slot 1
[22:21:24.237] [SEVERE ] removing player 5 token from slot 0
[22:21:24.226] [SEVERE ] removing player 4 token from slot 0
[22:21:24.238] [SEVERE ] player 5 placing token on slot 1
[22:21:24.238] [SEVERE ] removing player 5 token from slot 1
[22:21:24.238] [SEVERE ] player 5 placing token on slot 0
[22:21:24.238] [SEVERE ] removing player 5 token from slot 0
[22:21:24.238] [SEVERE ] player 5 placing token on slot 1
[22:21:24.238] [SEVERE ] removing player 5 token from slot 1
[22:21:24.238] [SEVERE ] player 5 placing token on slot 1
[22:21:24.238] [SEVERE ] player 5 placing token on slot 0
[22:21:24.238] [SEVERE ] removing player 5 token from slot 1
[22:21:24.238] [SEVERE ] removing player 5 token from slot 0
[22:21:24.238] [SEVERE ] player 5 placing token on slot 0
[22:21:24.238] [SEVERE ] removing player 5 token from slot 0
[22:21:24.238] [SEVERE ] player 5 placing token on slot 1
[22:21:24.238] [SEVERE ] removing player 5 token from slot 1
[22:21:24.238] [SEVERE ] player 5 placing token on slot 0
[22:21:24.239] [SEVERE ] player 5 placing token on slot 1
[22:21:24.239] [SEVERE ] removing player 5 token from slot 1
[22:21:24.239] [SEVERE ] player 5 placing token on slot 1
[22:21:24.239] [SEVERE ] removing player 5 token from slot 1
[22:21:24.239] [SEVERE ] removing player 5 token from slot 0
[22:21:24.239] [SEVERE ] player 5 placing token on slot 0
[22:21:24.239] [SEVERE ] player 5 placing token on slot 1
[22:21:24.239] [SEVERE ] removing player 5 token from slot 1
[22:21:24.239] [SEVERE ] player 5 placing token on slot 1
[22:21:24.239] [SEVERE ] removing player 5 token from slot 1
[22:21:24.239] [SEVERE ] removing player 5 token from slot 0
[22:21:24.239] [SEVERE ] player 5 placing token on slot 0
[22:21:24.239] [SEVERE ] removing player 5 token from slot 0
[22:21:24.239] [SEVERE ] player 5 placing token on slot 1
[22:21:24.239] [SEVERE ] removing player 5 token from slot 1
[22:21:24.239] [SEVERE ] player 5 placing token on slot 0
[22:21:24.239] [SEVERE ] player 5 placing token on slot 1
[22:21:24.240] [SEVERE ] removing player 5 token from slot 0
[22:21:24.240] [SEVERE ] removing player 5 token from slot 1
[22:21:24.240] [SEVERE ] player 5 placing token on slot 0
[22:21:24.240] [SEVERE ] player 5 placing token on slot 1
[22:21:24.240] [SEVERE ] removing player 5 token from slot 1
[22:21:24.240] [SEVERE ] removing player 5 token from slot 0
[22:21:24.240] [SEVERE ] player 5 placing token on slot 0
[22:21:24.240] [SEVERE ] removing player 5 token from slot 0
[22:21:24.238] [SEVERE ] removing player 2 token from slot 0
[22:21:24.240] [SEVERE ] player 5 placing token on slot 1
[22:21:24.246] [SEVERE ] removing player 5 token from slot 1
[22:21:24.238] [SEVERE ] player 4 placing token on slot 1
[22:21:24.247] [SEVERE ] removing player 4 token from slot 1
[22:21:24.247] [SEVERE ] player 4 placing token on slot 1
[22:21:24.247] [SEVERE ] player 5 placing token on slot 0
[22:21:24.247] [SEVERE ] removing player 5 token from slot 0
[22:21:24.247] [SEVERE ] player 5 placing token on slot 0
[22:21:24.247] [SEVERE ] player 5 placing token on slot 1
[22:21:24.247] [SEVERE ] removing player 5 token from slot 1
[22:21:24.247] [SEVERE ] player 5 placing token on slot 1
[22:21:24.247] [SEVERE ] removing player 5 token from slot 1
[22:21:24.247] [SEVERE ] removing player 5 token from slot 0
[22:21:24.247] [SEVERE ] player 5 placing token on slot 1
[22:21:24.247] [SEVERE ] player 5 placing token on slot 0
[22:21:24.248] [SEVERE ] removing player 5 token from slot 1
[22:21:24.248] [SEVERE ] removing player 5 token from slot 0
[22:21:24.248] [SEVERE ] player 5 placing token on slot 1
[22:21:24.248] [SEVERE ] player 5 placing token on slot 0
[22:21:24.248] [SEVERE ] removing player 5 token from slot 0
[22:21:24.248] [SEVERE ] removing player 5 token from slot 1
[22:21:24.248] [SEVERE ] player 5 placing token on slot 1
[22:21:24.248] [SEVERE ] player 5 placing token on slot 0
[22:21:24.248] [SEVERE ] removing player 5 token from slot 1
[22:21:24.248] [SEVERE ] player 5 placing token on slot 1
[22:21:24.248] [SEVERE ] removing player 5 token from slot 0
[22:21:24.248] [SEVERE ] removing player 5 token from slot 1
[22:21:24.248] [SEVERE ] player 5 placing token on slot 1
[22:21:24.248] [SEVERE ] removing player 5 token from slot 1
[22:21:24.249] [SEVERE ] player 5 placing token on slot 1
[22:21:24.249] [SEVERE ] removing player 5 token from slot 1
[22:21:24.249] [SEVERE ] player 5 placing token on slot 0
[22:21:24.249] [SEVERE ] player 5 placing token on slot 1
[22:21:24.249] [SEVERE ] removing player 5 token from slot 0
[22:21:24.249] [SEVERE ] removing player 2 token from slot 1
[22:21:24.249] [SEVERE ] player 5 placing token on slot 0
[22:21:24.249] [SEVERE ] removing player 5 token from slot 0
[22:21:24.249] [SEVERE ] removing player 5 token from slot 1
[22:21:24.249] [SEVERE ] player 5 placing token on slot 1
[22:21:24.249] [SEVERE ] player 5 placing token on slot 0
[22:21:24.250] [SEVERE ] removing player 4 token from slot 1
[22:21:24.249] [SEVERE ] player 2 placing token on slot 1
[22:21:24.250] [SEVERE ] removing player 5 token from slot 1
[22:21:24.250] [SEVERE ] player 4 placing token on slot 1
[22:21:24.250] [SEVERE ] removing player 4 token from slot 1
[22:21:24.250] [SEVERE ] player 5 placing token on slot 1
[22:21:24.250] [SEVERE ] player 2 placing token on slot 0
[22:21:24.250] [SEVERE ] removing player 5 token from slot 1
[22:21:24.250] [SEVERE ] player 4 placing token on slot 1
[22:21:24.251] [SEVERE ] player 5 placing token on slot 1
[22:21:24.251] [SEVERE ] removing player 5 token from slot 1
[22:21:24.251] [SEVERE ] player 5 placing token on slot 1
[22:21:24.252] [SEVERE ] removing player 5 token from slot 0
[22:21:24.251] [SEVERE ] removing player 2 token from slot 0
[22:21:24.252] [SEVERE ] removing player 5 token from slot 1
[22:21:24.251] [SEVERE ] player 4 placing token on slot 0
[22:21:24.256] [SEVERE ] player 5 placing token on slot 0
[22:21:24.256] [SEVERE ] player 5 placing token on slot 1
[22:21:24.256] [SEVERE ] removing player 5 token from slot 1
[22:21:24.256] [SEVERE ] player 5 placing token on slot 1
[22:21:24.256] [SEVERE ] removing player 5 token from slot 0
[22:21:24.256] [SEVERE ] player 5 placing token on slot 0
[22:21:24.256] [SEVERE ] removing player 5 token from slot 0
[22:21:24.256] [SEVERE ] removing player 5 token from slot 1
[22:21:24.256] [SEVERE ] player 5 placing token on slot 0
[22:21:24.256] [SEVERE ] removing player 5 token from slot 0
[22:21:24.257] [SEVERE ] player 5 placing token on slot 0
[22:21:24.257] [SEVERE ] player 5 placing token on slot 1
[22:21:24.257] [SEVERE ] removing player 5 token from slot 0
[22:21:24.257] [SEVERE ] removing player 5 token from slot 1
[22:21:24.257] [SEVERE ] player 5 placing token on slot 0
[22:21:24.257] [SEVERE ] removing player 5 token from slot 0
[22:21:24.257] [SEVERE ] player 5 placing token on slot 1
[22:21:24.257] [SEVERE ] removing player 5 token from slot 1
[22:21:24.257] [SEVERE ] player 5 placing token on slot 1
[22:21:24.257] [SEVERE ] player 5 placing token on slot 0
[22:21:24.257] [SEVERE ] removing player 5 token from slot 0
[22:21:24.258] [SEVERE ] removing player 5 token from slot 1
[22:21:24.258] [SEVERE ] player 5 placing token on slot 0
[22:21:24.258] [SEVERE ] removing player 5 token from slot 0
[22:21:24.258] [SEVERE ] player 5 placing token on slot 0
[22:21:24.258] [SEVERE ] player 5 placing token on slot 1
[22:21:24.258] [SEVERE ] removing player 5 token from slot 1
[22:21:24.258] [SEVERE ] removing player 5 token from slot 0
[22:21:24.258] [SEVERE ] player 5 placing token on slot 1
[22:21:24.258] [SEVERE ] removing player 5 token from slot 1
[22:21:24.258] [SEVERE ] player 5 placing token on slot 0
[22:21:24.258] [SEVERE ] player 5 placing token on slot 1
[22:21:24.258] [SEVERE ] removing player 5 token from slot 1
[22:21:24.258] [SEVERE ] player 5 placing token on slot 1
[22:21:24.258] [SEVERE ] removing player 5 token from slot 0
[22:21:24.258] [SEVERE ] removing player 5 token from slot 1
[22:21:24.258] [SEVERE ] player 5 placing token on slot 0
[22:21:24.258] [SEVERE ] player 5 placing token on slot 1
[22:21:24.258] [SEVERE ] removing player 5 token from slot 1
[22:21:24.258] [SEVERE ] removing player 5 token from slot 0
[22:21:24.258] [SEVERE ] player 5 placing token on slot 0
[22:21:24.258] [SEVERE ] removing player 5 token from slot 0
[22:21:24.259] [SEVERE ] player 5 placing token on slot 0
[22:21:24.259] [SEVERE ] player 5 placing token on slot 1
[22:21:24.259] [SEVERE ] removing player 5 token from slot 1
[22:21:24.259] [SEVERE ] player 5 placing token on slot 1
[22:21:24.259] [SEVERE ] removing player 5 token from slot 1
[22:21:24.259] [SEVERE ] player 5 placing token on slot 1
[22:21:24.259] [SEVERE ] removing player 5 token from slot 0
[22:21:24.259] [SEVERE ] player 5 placing token on slot 0
[22:21:24.259] [SEVERE ] removing player 5 token from slot 0
[22:21:24.259] [SEVERE ] removing player 5 token from slot 1
[22:21:24.259] [SEVERE ] player 5 placing token on slot 1
[22:21:24.259] [SEVERE ] removing player 5 token from slot 1
[22:21:24.259] [SEVERE ] player 5 placing token on slot 0
[22:21:24.260] [SEVERE ] player 5 placing token on slot 1
[22:21:24.260] [SEVERE ] removing player 5 token from slot 0
[22:21:24.260] [SEVERE ] player 5 placing token on slot 0
[22:21:24.260] [SEVERE ] removing player 5 token from slot 1
[22:21:24.260] [SEVERE ] player 5 placing token on slot 1
[22:21:24.260] [SEVERE ] removing player 5 token from slot 1
[22:21:24.260] [SEVERE ] player 5 placing token on slot 1
[22:21:24.260] [SEVERE ] removing player 5 token from slot 0
[22:21:24.260] [SEVERE ] player 5 placing token on slot 0
[22:21:24.256] [SEVERE ] removing player 2 token from slot 1
[22:21:24.260] [SEVERE ] removing player 5 token from slot 0
[22:21:24.256] [SEVERE ] removing player 4 token from slot 0
[22:21:24.261] [SEVERE ] player 2 placing token on slot 1
[22:21:24.268] [SEVERE ] removing player 2 token from slot 1
[22:21:24.261] [SEVERE ] player 5 placing token on slot 0
[22:21:24.268] [SEVERE ] player 2 placing token on slot 0
[22:21:24.261] [SEVERE ] player 4 placing token on slot 0
[22:21:24.269] [SEVERE ] removing player 4 token from slot 1
[22:21:24.270] [SEVERE ] player 2 placing token on slot 1
[22:21:24.270] [SEVERE ] removing player 2 token from slot 0
[22:21:24.268] [SEVERE ] removing player 5 token from slot 0
[22:21:24.270] [SEVERE ] player 4 placing token on slot 1
[22:21:24.270] [SEVERE ] removing player 4 token from slot 1
[22:21:24.270] [SEVERE ] removing player 4 token from slot 0
[22:21:24.270] [SEVERE ] player 4 placing token on slot 1
[22:21:24.271] [SEVERE ] player 4 placing token on slot 0
[22:21:24.270] [SEVERE ] removing player 2 token from slot 1
[22:21:24.270] [SEVERE ] removing player 5 token from slot 1
[22:21:24.272] [SEVERE ] player 3 placing token on slot 1
[22:21:24.272] [SEVERE ] removing player 4 token from slot 1
[22:21:24.277] [SEVERE ] removing player 3 token from slot 1
[22:21:24.278] [SEVERE ] removing player 4 token from slot 0
[22:21:24.278] [SEVERE ] player 4 placing token on slot 0
[22:21:24.278] [SEVERE ] player 4 placing token on slot 1
[22:21:24.283] [SEVERE ] player 5 placing token on slot 0
[22:21:24.278] [SEVERE ] removing player 3 token from slot 0
[22:21:24.283] [SEVERE ] player 5 placing token on slot 1
[22:21:24.283] [SEVERE ] removing player 5 token from slot 1
[22:21:24.283] [SEVERE ] removing player 5 token from slot 0
[22:21:24.283] [SEVERE ] player 5 placing token on slot 1
[22:21:24.283] [SEVERE ] removing player 4 token from slot 0
[22:21:24.283] [SEVERE ] player 4 placing token on slot 0
[22:21:24.283] [SEVERE ] removing player 4 token from slot 1
[22:21:24.283] [SEVERE ] player 4 placing token on slot 1
[22:21:24.283] [SEVERE ] removing player 4 token from slot 0
[22:21:24.284] [SEVERE ] player 4 placing token on slot 0
[22:21:24.285] [SEVERE ] removing player 4 token from slot 0
[22:21:24.286] [SEVERE ] removing player 4 token from slot 1
[22:21:24.283] [SEVERE ] player 2 placing token on slot 0
[22:21:24.283] [SEVERE ] removing player 5 token from slot 1
[22:21:24.290] [SEVERE ] removing player 2 token from slot 0
[22:21:24.290] [SEVERE ] player 2 placing token on slot 0
[22:21:24.290] [SEVERE ] removing player 2 token from slot 0
[22:21:24.290] [SEVERE ] player 2 placing token on slot 1
[22:21:24.290] [SEVERE ] player 2 placing token on slot 0
[22:21:24.290] [SEVERE ] removing player 2 token from slot 1
[22:21:24.290] [SEVERE ] player 2 placing token on slot 1
[22:21:24.290] [SEVERE ] removing player 2 token from slot 1
[22:21:24.290] [SEVERE ] player 2 placing token on slot 1
[22:21:24.290] [SEVERE ] removing player 2 token from slot 0
[22:21:24.290] [SEVERE ] player 2 placing token on slot 0
[22:21:24.290] [SEVERE ] removing player 2 token from slot 1
[22:21:24.290] [SEVERE ] player 2 placing token on slot 1
[22:21:24.290] [SEVERE ] removing player 2 token from slot 0
[22:21:24.290] [SEVERE ] player 2 placing token on slot 0
[22:21:24.291] [SEVERE ] removing player 2 token from slot 1
[22:21:24.291] [SEVERE ] player 2 placing token on slot 1
[22:21:24.294] [SEVERE ] removing player 2 token from slot 1
[22:21:24.296] [SEVERE ] removing player 2 token from slot 0
[22:21:24.301] [SEVERE ] player 2 placing token on slot 1
[22:21:24.302] [SEVERE ] player 4 placing token on slot 0
[22:21:24.302] [SEVERE ] removing player 4 token from slot 0
[22:21:24.302] [SEVERE ] player 4 placing token on slot 1
[22:21:24.304] [SEVERE ] player 2 placing token on slot 0
[22:21:24.307] [SEVERE ] removing player 2 token from slot 0
[22:21:24.283] [SEVERE ] player 3 placing token on slot 1
[22:21:24.308] [SEVERE ] player 3 placing token on slot 0
[22:21:24.308] [SEVERE ] removing player 3 token from slot 0
[22:21:24.308] [SEVERE ] player 3 placing token on slot 0
[22:21:24.308] [SEVERE ] removing player 3 token from slot 0
[22:21:24.290] [SEVERE ] player 5 placing token on slot 1
[22:21:24.308] [SEVERE ] player 5 placing token on slot 0
[22:21:24.308] [SEVERE ] removing player 4 token from slot 1
[22:21:24.314] [SEVERE ] player 4 placing token on slot 0
[22:21:24.314] [SEVERE ] removing player 5 token from slot 1
[22:21:24.314] [SEVERE ] player 5 placing token on slot 2
[22:21:24.314] [SEVERE ] removing player 5 token from slot 2
[22:21:24.314] [SEVERE ] removing player 5 token from slot 0
[22:21:24.314] [SEVERE ] player 4 placing token on slot 2
[22:21:24.315] [SEVERE ] removing player 4 token from slot 0
[22:21:24.315] [SEVERE ] player 4 placing token on slot 1
[22:21:24.317] [SEVERE ] player 4 placing token on slot 0
[22:21:24.317] [SEVERE ] player 5 placing token on slot 2
[22:21:24.317] [SEVERE ] player 5 placing token on slot 0
[22:21:24.317] [SEVERE ] removing player 5 token from slot 0
[22:21:24.317] [SEVERE ] player 5 placing token on slot 1
[22:21:24.317] [SEVERE ] removing player 5 token from slot 1
[22:21:24.317] [SEVERE ] removing player 5 token from slot 2
[22:21:24.317] [SEVERE ] player 5 placing token on slot 0
[22:21:24.317] [SEVERE ] removing player 5 token from slot 0
[22:21:24.317] [SEVERE ] player 5 placing token on slot 1
[22:21:24.317] [SEVERE ] player 5 placing token on slot 2
[22:21:24.317] [SEVERE ] removing player 5 token from slot 1
[22:21:24.317] [SEVERE ] removing player 5 token from slot 2
[22:21:24.317] [SEVERE ] player 5 placing token on slot 1
[22:21:24.317] [SEVERE ] player 5 placing token on slot 2
[22:21:24.318] [SEVERE ] removing player 5 token from slot 2
[22:21:24.318] [SEVERE ] player 5 placing token on slot 0
[22:21:24.318] [SEVERE ] removing player 5 token from slot 0
[22:21:24.318] [SEVERE ] removing player 5 token from slot 1
[22:21:24.318] [SEVERE ] player 5 placing token on slot 2
[22:21:24.308] [SEVERE ] removing player 3 token from slot 1
[22:21:24.319] [SEVERE ] player 3 placing token on slot 1
[22:21:24.325] [SEVERE ] player 5 placing token on slot 0
[22:21:24.325] [SEVERE ] player 5 placing token on slot 1
[22:21:24.308] [SEVERE ] removing player 2 token from slot 1
[22:21:24.314] [SEVERE ] placing card 23 in slot 2
[22:21:24.328] [SEVERE ] player 2 placing token on slot 0
[22:21:24.336] [SEVERE ] player 3 placing token on slot 0
[22:21:24.336] [SEVERE ] player 3 placing token on slot 2
[22:21:24.336] [SEVERE ] player 2 placing token on slot 2
[22:21:24.336] [SEVERE ] player 2 placing token on slot 1
[22:21:24.429] [SEVERE ] placing card 21 in slot 3
[22:21:24.543] [SEVERE ] placing card 78 in slot 4
[22:21:24.653] [SEVERE ] placing card 77 in slot 5
[22:21:24.762] [SEVERE ] placing card 76 in slot 6
[22:21:24.871] [SEVERE ] placing card 8 in slot 7
[22:21:25.027] [SEVERE ] placing card 35 in slot 8
[22:21:25.028] [INFO   ] thread dealer terminated.
[22:21:30.039] [SEVERE ] thanks for playing... it was fun!
[22:21:30.039] [INFO   ] thread main terminated.
[22:21:30.039] [SEVERE ] disposing of user interface elements
