[12:54:47.749] [INFO   ] thread main starting.
[12:54:47.754] [SEVERE ] cannot read configuration file config.properties trying from resources.
[12:54:47.755] [SEVERE ] configuration file was loaded from resources directory.
[12:54:48.222] [INFO   ] thread dealer starting.
[12:54:48.339] [SEVERE ] placing card 0 in slot 0
[12:54:48.450] [SEVERE ] placing card 18 in slot 1
[12:54:48.562] [SEVERE ] placing card 69 in slot 2
[12:54:48.674] [SEVERE ] placing card 61 in slot 3
[12:54:48.786] [SEVERE ] placing card 5 in slot 4
[12:54:48.897] [SEVERE ] placing card 71 in slot 5
[12:54:49.009] [SEVERE ] placing card 27 in slot 6
[12:54:49.121] [SEVERE ] placing card 22 in slot 7
[12:54:49.233] [SEVERE ] placing card 53 in slot 8
[12:54:49.345] [SEVERE ] placing card 8 in slot 9
[12:54:49.457] [SEVERE ] placing card 50 in slot 10
[12:54:49.569] [SEVERE ] placing card 54 in slot 11
[12:54:49.681] [SEVERE ] updating countdown to 59888
[12:54:49.793] [SEVERE ] updating countdown to 59776
[12:54:49.905] [SEVERE ] updating countdown to 59664
[12:54:50.017] [SEVERE ] updating countdown to 59552
[12:54:50.129] [SEVERE ] updating countdown to 59440
[12:54:50.241] [SEVERE ] updating countdown to 59328
[12:54:50.353] [SEVERE ] updating countdown to 59216
[12:54:50.465] [SEVERE ] updating countdown to 59104
[12:54:50.577] [SEVERE ] updating countdown to 58992
[12:54:50.689] [SEVERE ] updating countdown to 58880
[12:54:50.800] [SEVERE ] updating countdown to 58769
[12:54:50.912] [SEVERE ] updating countdown to 58657
[12:54:51.024] [SEVERE ] updating countdown to 58545
[12:54:51.136] [SEVERE ] updating countdown to 58433
[12:54:51.248] [SEVERE ] updating countdown to 58321
[12:54:51.360] [SEVERE ] updating countdown to 58209
[12:54:51.472] [SEVERE ] updating countdown to 58097
[12:54:51.584] [SEVERE ] updating countdown to 57985
[12:54:51.681] [SEVERE ] key 81 was pressed by player 1
[12:54:51.681] [SEVERE ] player 1 placing token on slot 0
[12:54:51.696] [SEVERE ] updating countdown to 57873
[12:54:51.808] [SEVERE ] updating countdown to 57761
[12:54:51.920] [SEVERE ] updating countdown to 57649
[12:54:52.004] [SEVERE ] key 87 was pressed by player 1
[12:54:52.005] [SEVERE ] player 1 placing token on slot 1
[12:54:52.032] [SEVERE ] updating countdown to 57537
[12:54:52.144] [SEVERE ] updating countdown to 57425
[12:54:52.256] [SEVERE ] updating countdown to 57313
[12:54:52.368] [SEVERE ] updating countdown to 57201
[12:54:52.480] [SEVERE ] updating countdown to 57089
[12:54:52.509] [SEVERE ] key 69 was pressed by player 1
[12:54:52.509] [SEVERE ] player 1 placing token on slot 2
[12:54:52.589] [SEVERE ] updating countdown to 56980
[12:54:52.698] [SEVERE ] updating countdown to 56871
[12:54:52.807] [SEVERE ] updating countdown to 56762
[12:54:52.915] [SEVERE ] updating countdown to 56654
[12:54:53.025] [SEVERE ] updating countdown to 56544
[12:54:53.134] [SEVERE ] updating countdown to 56435
[12:54:53.244] [SEVERE ] updating countdown to 56325
[12:54:53.354] [SEVERE ] updating countdown to 56215
[12:54:53.462] [SEVERE ] updating countdown to 56107
[12:54:53.572] [SEVERE ] updating countdown to 55997
[12:54:53.649] [SEVERE ] key 82 was pressed by player 1
[12:54:53.681] [SEVERE ] updating countdown to 55888
[12:54:53.789] [SEVERE ] updating countdown to 55780
[12:54:53.898] [SEVERE ] updating countdown to 55671
[12:54:54.009] [SEVERE ] updating countdown to 55560
[12:54:54.118] [SEVERE ] updating countdown to 55451
[12:54:54.227] [SEVERE ] updating countdown to 55342
[12:54:54.337] [SEVERE ] updating countdown to 55232
[12:54:54.446] [SEVERE ] updating countdown to 55123
[12:54:54.556] [SEVERE ] updating countdown to 55013
[12:54:54.667] [SEVERE ] updating countdown to 54902
[12:54:54.777] [SEVERE ] updating countdown to 54792
[12:54:54.887] [SEVERE ] updating countdown to 54682
[12:54:54.997] [SEVERE ] updating countdown to 54572
[12:54:55.106] [SEVERE ] updating countdown to 54463
[12:54:55.215] [SEVERE ] updating countdown to 54354
[12:54:55.324] [SEVERE ] updating countdown to 54245
[12:54:55.433] [SEVERE ] updating countdown to 54136
[12:54:55.542] [SEVERE ] updating countdown to 54027
[12:54:55.653] [SEVERE ] updating countdown to 53916
[12:54:55.764] [SEVERE ] updating countdown to 53805
[12:54:55.872] [SEVERE ] updating countdown to 53697
[12:54:55.982] [SEVERE ] updating countdown to 53587
[12:54:56.092] [SEVERE ] updating countdown to 53477
[12:54:56.201] [SEVERE ] updating countdown to 53368
[12:54:56.312] [SEVERE ] updating countdown to 53257
[12:54:56.422] [SEVERE ] updating countdown to 53147
[12:54:56.533] [SEVERE ] updating countdown to 53036
[12:54:56.642] [SEVERE ] updating countdown to 52927
[12:54:56.752] [SEVERE ] updating countdown to 52817
[12:54:56.862] [SEVERE ] updating countdown to 52707
[12:54:56.971] [SEVERE ] updating countdown to 52598
[12:54:57.080] [SEVERE ] updating countdown to 52489
[12:54:57.188] [SEVERE ] updating countdown to 52381
[12:54:57.299] [SEVERE ] updating countdown to 52270
[12:54:57.406] [SEVERE ] updating countdown to 52163
[12:54:57.515] [SEVERE ] updating countdown to 52054
[12:54:57.624] [SEVERE ] updating countdown to 51945
[12:54:57.734] [SEVERE ] updating countdown to 51835
[12:54:57.842] [SEVERE ] updating countdown to 51727
[12:54:57.953] [SEVERE ] updating countdown to 51616
[12:54:58.063] [SEVERE ] updating countdown to 51506
[12:54:58.172] [SEVERE ] updating countdown to 51397
[12:54:58.283] [SEVERE ] updating countdown to 51286
[12:54:58.393] [SEVERE ] updating countdown to 51176
[12:54:58.502] [SEVERE ] updating countdown to 51067
[12:54:58.612] [SEVERE ] updating countdown to 50957
[12:54:58.722] [SEVERE ] updating countdown to 50847
[12:54:58.832] [SEVERE ] updating countdown to 50737
[12:54:58.940] [SEVERE ] updating countdown to 50629
[12:54:59.052] [SEVERE ] updating countdown to 50517
[12:54:59.163] [SEVERE ] updating countdown to 50406
[12:54:59.273] [SEVERE ] updating countdown to 50296
[12:54:59.381] [SEVERE ] updating countdown to 50188
[12:54:59.490] [SEVERE ] updating countdown to 50079
[12:54:59.600] [SEVERE ] updating countdown to 49969
[12:54:59.709] [SEVERE ] updating countdown to 49860
[12:54:59.820] [SEVERE ] updating countdown to 49749
[12:54:59.930] [SEVERE ] updating countdown to 49639
[12:55:00.042] [SEVERE ] updating countdown to 49527
[12:55:00.154] [SEVERE ] updating countdown to 49415
[12:55:00.266] [SEVERE ] updating countdown to 49303
[12:55:00.378] [SEVERE ] updating countdown to 49191
[12:55:00.490] [SEVERE ] updating countdown to 49079
[12:55:00.602] [SEVERE ] updating countdown to 48967
[12:55:00.714] [SEVERE ] updating countdown to 48855
[12:55:00.826] [SEVERE ] updating countdown to 48743
[12:55:00.938] [SEVERE ] updating countdown to 48631
[12:55:01.050] [SEVERE ] updating countdown to 48519
[12:55:01.162] [SEVERE ] updating countdown to 48407
[12:55:01.274] [SEVERE ] updating countdown to 48295
[12:55:01.386] [SEVERE ] updating countdown to 48183
[12:55:01.498] [SEVERE ] updating countdown to 48071
[12:55:01.610] [SEVERE ] updating countdown to 47959
[12:55:01.722] [SEVERE ] updating countdown to 47847
[12:55:01.831] [SEVERE ] updating countdown to 47738
[12:55:01.941] [SEVERE ] updating countdown to 47628
[12:55:02.053] [SEVERE ] updating countdown to 47516
[12:55:02.165] [SEVERE ] updating countdown to 47404
[12:55:02.277] [SEVERE ] updating countdown to 47292
[12:55:02.389] [SEVERE ] updating countdown to 47180
[12:55:02.499] [SEVERE ] updating countdown to 47070
[12:55:02.611] [SEVERE ] updating countdown to 46958
[12:55:02.723] [SEVERE ] updating countdown to 46846
[12:55:02.834] [SEVERE ] updating countdown to 46735
[12:55:02.946] [SEVERE ] updating countdown to 46623
[12:55:03.058] [SEVERE ] updating countdown to 46511
[12:55:03.170] [SEVERE ] updating countdown to 46399
[12:55:03.282] [SEVERE ] updating countdown to 46287
[12:55:03.394] [SEVERE ] updating countdown to 46175
[12:55:03.506] [SEVERE ] updating countdown to 46063
[12:55:03.618] [SEVERE ] updating countdown to 45951
[12:55:03.730] [SEVERE ] updating countdown to 45839
[12:55:03.842] [SEVERE ] updating countdown to 45727
[12:55:03.953] [SEVERE ] updating countdown to 45616
[12:55:04.065] [SEVERE ] updating countdown to 45504
[12:55:04.176] [SEVERE ] updating countdown to 45393
[12:55:04.288] [SEVERE ] updating countdown to 45281
[12:55:04.400] [SEVERE ] updating countdown to 45169
[12:55:04.511] [SEVERE ] updating countdown to 45058
[12:55:04.623] [SEVERE ] updating countdown to 44946
[12:55:04.735] [SEVERE ] updating countdown to 44834
[12:55:04.847] [SEVERE ] updating countdown to 44722
[12:55:04.959] [SEVERE ] updating countdown to 44610
[12:55:05.071] [SEVERE ] updating countdown to 44498
[12:55:05.183] [SEVERE ] updating countdown to 44386
[12:55:05.295] [SEVERE ] updating countdown to 44274
[12:55:05.406] [SEVERE ] updating countdown to 44163
[12:55:05.518] [SEVERE ] updating countdown to 44051
[12:55:05.630] [SEVERE ] updating countdown to 43939
[12:55:05.742] [SEVERE ] updating countdown to 43827
[12:55:05.854] [SEVERE ] updating countdown to 43715
[12:55:05.966] [SEVERE ] updating countdown to 43603
[12:55:06.078] [SEVERE ] updating countdown to 43491
[12:55:06.190] [SEVERE ] updating countdown to 43379
[12:55:06.302] [SEVERE ] updating countdown to 43267
[12:55:06.414] [SEVERE ] updating countdown to 43155
[12:55:06.526] [SEVERE ] updating countdown to 43043
[12:55:06.638] [SEVERE ] updating countdown to 42931
[12:55:06.750] [SEVERE ] updating countdown to 42819
[12:55:06.861] [SEVERE ] updating countdown to 42708
[12:55:06.973] [SEVERE ] updating countdown to 42596
[12:55:07.084] [SEVERE ] updating countdown to 42485
[12:55:07.195] [SEVERE ] updating countdown to 42374
[12:55:07.307] [SEVERE ] updating countdown to 42262
[12:55:07.419] [SEVERE ] updating countdown to 42150
[12:55:07.531] [SEVERE ] updating countdown to 42038
[12:55:07.643] [SEVERE ] updating countdown to 41926
[12:55:07.755] [SEVERE ] updating countdown to 41814
[12:55:07.867] [SEVERE ] updating countdown to 41702
[12:55:07.979] [SEVERE ] updating countdown to 41590
[12:55:08.091] [SEVERE ] updating countdown to 41478
[12:55:08.203] [SEVERE ] updating countdown to 41366
[12:55:08.315] [SEVERE ] updating countdown to 41254
[12:55:08.427] [SEVERE ] updating countdown to 41142
[12:55:08.539] [SEVERE ] updating countdown to 41030
[12:55:08.651] [SEVERE ] updating countdown to 40918
[12:55:08.763] [SEVERE ] updating countdown to 40806
[12:55:08.875] [SEVERE ] updating countdown to 40694
[12:55:08.987] [SEVERE ] updating countdown to 40582
[12:55:09.099] [SEVERE ] updating countdown to 40470
[12:55:09.211] [SEVERE ] updating countdown to 40358
[12:55:09.323] [SEVERE ] updating countdown to 40246
[12:55:09.435] [SEVERE ] updating countdown to 40134
[12:55:09.546] [SEVERE ] updating countdown to 40023
[12:55:09.657] [SEVERE ] updating countdown to 39912
[12:55:09.769] [SEVERE ] updating countdown to 39800
[12:55:09.878] [SEVERE ] updating countdown to 39691
[12:55:09.989] [SEVERE ] updating countdown to 39580
[12:55:10.101] [SEVERE ] updating countdown to 39468
[12:55:10.213] [SEVERE ] updating countdown to 39356
[12:55:10.325] [SEVERE ] updating countdown to 39244
[12:55:10.437] [SEVERE ] updating countdown to 39132
[12:55:10.547] [SEVERE ] updating countdown to 39022
[12:55:10.659] [SEVERE ] updating countdown to 38910
[12:55:10.771] [SEVERE ] updating countdown to 38798
[12:55:10.882] [SEVERE ] updating countdown to 38687
[12:55:10.994] [SEVERE ] updating countdown to 38575
[12:55:11.106] [SEVERE ] updating countdown to 38463
[12:55:11.218] [SEVERE ] updating countdown to 38351
[12:55:11.330] [SEVERE ] updating countdown to 38239
[12:55:11.442] [SEVERE ] updating countdown to 38127
[12:55:11.554] [SEVERE ] updating countdown to 38015
[12:55:11.666] [SEVERE ] updating countdown to 37903
[12:55:11.778] [SEVERE ] updating countdown to 37791
[12:55:11.890] [SEVERE ] updating countdown to 37679
[12:55:12.002] [SEVERE ] updating countdown to 37567
[12:55:12.114] [SEVERE ] updating countdown to 37455
[12:55:12.226] [SEVERE ] updating countdown to 37343
[12:55:12.338] [SEVERE ] updating countdown to 37231
[12:55:12.449] [SEVERE ] updating countdown to 37120
[12:55:12.561] [SEVERE ] updating countdown to 37008
[12:55:12.673] [SEVERE ] updating countdown to 36896
[12:55:12.785] [SEVERE ] updating countdown to 36784
[12:55:12.897] [SEVERE ] updating countdown to 36672
[12:55:13.009] [SEVERE ] updating countdown to 36560
[12:55:13.121] [SEVERE ] updating countdown to 36448
[12:55:13.233] [SEVERE ] updating countdown to 36336
[12:55:13.345] [SEVERE ] updating countdown to 36224
[12:55:13.457] [SEVERE ] updating countdown to 36112
[12:55:13.523] [SEVERE ] key 68 was pressed by player 1
[12:55:13.569] [SEVERE ] updating countdown to 36000
[12:55:13.680] [SEVERE ] updating countdown to 35889
[12:55:13.792] [SEVERE ] updating countdown to 35777
[12:55:13.904] [SEVERE ] updating countdown to 35665
[12:55:14.015] [SEVERE ] updating countdown to 35554
[12:55:14.127] [SEVERE ] updating countdown to 35442
[12:55:14.239] [SEVERE ] updating countdown to 35330
[12:55:14.351] [SEVERE ] updating countdown to 35218
[12:55:14.463] [SEVERE ] updating countdown to 35106
[12:55:14.575] [SEVERE ] updating countdown to 34994
[12:55:14.687] [SEVERE ] updating countdown to 34882
[12:55:14.799] [SEVERE ] updating countdown to 34770
[12:55:14.911] [SEVERE ] updating countdown to 34658
[12:55:15.023] [SEVERE ] updating countdown to 34546
[12:55:15.135] [SEVERE ] updating countdown to 34434
[12:55:15.247] [SEVERE ] updating countdown to 34322
[12:55:15.359] [SEVERE ] updating countdown to 34210
[12:55:15.471] [SEVERE ] updating countdown to 34098
[12:55:15.582] [SEVERE ] updating countdown to 33987
[12:55:15.693] [SEVERE ] updating countdown to 33876
[12:55:15.805] [SEVERE ] updating countdown to 33764
[12:55:15.917] [SEVERE ] updating countdown to 33652
[12:55:16.029] [SEVERE ] updating countdown to 33540
[12:55:16.141] [SEVERE ] updating countdown to 33428
[12:55:16.253] [SEVERE ] updating countdown to 33316
[12:55:16.365] [SEVERE ] updating countdown to 33204
[12:55:16.477] [SEVERE ] updating countdown to 33092
[12:55:16.589] [SEVERE ] updating countdown to 32980
[12:55:16.701] [SEVERE ] updating countdown to 32868
[12:55:16.813] [SEVERE ] updating countdown to 32756
[12:55:16.924] [SEVERE ] updating countdown to 32645
[12:55:17.036] [SEVERE ] updating countdown to 32533
[12:55:17.147] [SEVERE ] updating countdown to 32422
[12:55:17.259] [SEVERE ] updating countdown to 32310
[12:55:17.371] [SEVERE ] updating countdown to 32198
[12:55:17.483] [SEVERE ] updating countdown to 32086
[12:55:17.594] [SEVERE ] updating countdown to 31975
[12:55:17.705] [SEVERE ] updating countdown to 31864
[12:55:17.815] [SEVERE ] updating countdown to 31754
[12:55:17.926] [SEVERE ] updating countdown to 31643
[12:55:18.038] [SEVERE ] updating countdown to 31531
[12:55:18.150] [SEVERE ] updating countdown to 31419
[12:55:18.261] [SEVERE ] updating countdown to 31308
[12:55:18.373] [SEVERE ] updating countdown to 31196
[12:55:18.485] [SEVERE ] updating countdown to 31084
[12:55:18.597] [SEVERE ] updating countdown to 30972
[12:55:18.709] [SEVERE ] updating countdown to 30860
[12:55:18.821] [SEVERE ] updating countdown to 30748
[12:55:18.933] [SEVERE ] updating countdown to 30636
[12:55:19.043] [SEVERE ] updating countdown to 30526
[12:55:19.155] [SEVERE ] updating countdown to 30414
[12:55:19.267] [SEVERE ] updating countdown to 30302
[12:55:19.379] [SEVERE ] updating countdown to 30190
[12:55:19.491] [SEVERE ] updating countdown to 30078
[12:55:19.603] [SEVERE ] updating countdown to 29966
[12:55:19.715] [SEVERE ] updating countdown to 29854
[12:55:19.827] [SEVERE ] updating countdown to 29742
[12:55:19.939] [SEVERE ] updating countdown to 29630
[12:55:20.051] [SEVERE ] updating countdown to 29518
[12:55:20.163] [SEVERE ] updating countdown to 29406
[12:55:20.242] [SEVERE ] key 69 was pressed by player 1
[12:55:20.274] [SEVERE ] updating countdown to 29295
[12:55:20.386] [SEVERE ] updating countdown to 29183
[12:55:20.497] [SEVERE ] updating countdown to 29072
[12:55:20.609] [SEVERE ] updating countdown to 28960
[12:55:20.721] [SEVERE ] updating countdown to 28848
[12:55:20.833] [SEVERE ] updating countdown to 28736
[12:55:20.945] [SEVERE ] updating countdown to 28624
[12:55:21.057] [SEVERE ] updating countdown to 28512
[12:55:21.169] [SEVERE ] updating countdown to 28400
[12:55:21.281] [SEVERE ] updating countdown to 28288
[12:55:21.393] [SEVERE ] updating countdown to 28176
[12:55:21.505] [SEVERE ] updating countdown to 28064
[12:55:21.617] [SEVERE ] updating countdown to 27952
[12:55:21.729] [SEVERE ] updating countdown to 27840
[12:55:21.841] [SEVERE ] updating countdown to 27728
[12:55:21.953] [SEVERE ] updating countdown to 27616
[12:55:22.064] [SEVERE ] updating countdown to 27505
[12:55:22.174] [SEVERE ] updating countdown to 27395
[12:55:22.286] [SEVERE ] updating countdown to 27283
[12:55:22.398] [SEVERE ] updating countdown to 27171
[12:55:22.510] [SEVERE ] updating countdown to 27059
[12:55:22.621] [SEVERE ] updating countdown to 26948
[12:55:22.733] [SEVERE ] updating countdown to 26836
[12:55:22.845] [SEVERE ] updating countdown to 26724
[12:55:22.957] [SEVERE ] updating countdown to 26612
[12:55:23.069] [SEVERE ] updating countdown to 26500
[12:55:23.181] [SEVERE ] updating countdown to 26388
[12:55:23.293] [SEVERE ] updating countdown to 26276
[12:55:23.405] [SEVERE ] updating countdown to 26164
[12:55:23.517] [SEVERE ] updating countdown to 26052
[12:55:23.629] [SEVERE ] updating countdown to 25940
[12:55:23.741] [SEVERE ] updating countdown to 25828
[12:55:23.852] [SEVERE ] updating countdown to 25717
[12:55:23.915] [SEVERE ] key 69 was pressed by player 1
[12:55:23.963] [SEVERE ] updating countdown to 25606
[12:55:24.075] [SEVERE ] updating countdown to 25494
[12:55:24.187] [SEVERE ] updating countdown to 25382
[12:55:24.298] [SEVERE ] updating countdown to 25271
[12:55:24.410] [SEVERE ] updating countdown to 25159
[12:55:24.522] [SEVERE ] updating countdown to 25047
[12:55:24.634] [SEVERE ] updating countdown to 24935
[12:55:24.746] [SEVERE ] updating countdown to 24823
[12:55:24.858] [SEVERE ] updating countdown to 24711
[12:55:24.926] [SEVERE ] key 87 was pressed by player 1
[12:55:24.970] [SEVERE ] updating countdown to 24599
[12:55:25.082] [SEVERE ] updating countdown to 24487
[12:55:25.194] [SEVERE ] updating countdown to 24375
[12:55:25.306] [SEVERE ] updating countdown to 24263
[12:55:25.418] [SEVERE ] updating countdown to 24151
[12:55:25.530] [SEVERE ] updating countdown to 24039
[12:55:25.642] [SEVERE ] updating countdown to 23927
[12:55:25.754] [SEVERE ] updating countdown to 23815
[12:55:25.866] [SEVERE ] updating countdown to 23703
[12:55:25.978] [SEVERE ] updating countdown to 23591
[12:55:26.090] [SEVERE ] updating countdown to 23479
[12:55:26.202] [SEVERE ] updating countdown to 23367
[12:55:26.314] [SEVERE ] updating countdown to 23255
[12:55:26.426] [SEVERE ] updating countdown to 23143
[12:55:26.429] [SEVERE ] key 81 was pressed by player 1
[12:55:26.538] [SEVERE ] updating countdown to 23031
[12:55:26.650] [SEVERE ] updating countdown to 22919
[12:55:26.762] [SEVERE ] updating countdown to 22807
[12:55:26.874] [SEVERE ] updating countdown to 22695
[12:55:26.914] [SEVERE ] key 87 was pressed by player 1
[12:55:26.986] [SEVERE ] updating countdown to 22583
[12:55:27.098] [SEVERE ] updating countdown to 22471
[12:55:27.208] [SEVERE ] updating countdown to 22361
[12:55:27.320] [SEVERE ] updating countdown to 22249
[12:55:27.354] [SEVERE ] key 69 was pressed by player 1
[12:55:27.431] [SEVERE ] updating countdown to 22138
[12:55:27.540] [SEVERE ] updating countdown to 22029
[12:55:27.652] [SEVERE ] updating countdown to 21917
[12:55:27.763] [SEVERE ] updating countdown to 21806
[12:55:27.819] [SEVERE ] key 82 was pressed by player 1
[12:55:27.875] [SEVERE ] updating countdown to 21694
[12:55:27.987] [SEVERE ] updating countdown to 21582
[12:55:28.098] [SEVERE ] updating countdown to 21471
[12:55:28.210] [SEVERE ] updating countdown to 21359
[12:55:28.322] [SEVERE ] updating countdown to 21247
[12:55:28.434] [SEVERE ] updating countdown to 21135
[12:55:28.546] [SEVERE ] updating countdown to 21023
[12:55:28.658] [SEVERE ] updating countdown to 20911
[12:55:28.770] [SEVERE ] updating countdown to 20799
[12:55:28.882] [SEVERE ] updating countdown to 20687
[12:55:28.992] [SEVERE ] updating countdown to 20577
[12:55:29.104] [SEVERE ] updating countdown to 20465
[12:55:29.215] [SEVERE ] updating countdown to 20354
[12:55:29.327] [SEVERE ] updating countdown to 20242
[12:55:29.439] [SEVERE ] updating countdown to 20130
[12:55:29.551] [SEVERE ] updating countdown to 20018
[12:55:29.663] [SEVERE ] updating countdown to 19906
[12:55:29.775] [SEVERE ] updating countdown to 19794
[12:55:29.886] [SEVERE ] updating countdown to 19683
[12:55:29.998] [SEVERE ] updating countdown to 19571
[12:55:30.014] [SEVERE ] exit button pressed
[12:55:30.109] [SEVERE ] updating countdown to 19460
[12:55:30.109] [SEVERE ] updating countdown to 60000
[12:55:30.110] [SEVERE ] removing player 1 token from slot 0
[12:55:30.110] [SEVERE ] removing player 1 token from slot 1
[12:55:30.110] [SEVERE ] removing player 1 token from slot 2
[12:55:30.219] [SEVERE ] removing card from slot 0
[12:55:30.327] [SEVERE ] removing card from slot 1
[12:55:30.437] [SEVERE ] removing card from slot 2
[12:55:30.548] [SEVERE ] removing card from slot 3
[12:55:30.657] [SEVERE ] removing card from slot 4
[12:55:30.766] [SEVERE ] removing card from slot 5
[12:55:30.876] [SEVERE ] removing card from slot 6
[12:55:30.986] [SEVERE ] removing card from slot 7
[12:55:31.094] [SEVERE ] removing card from slot 8
[12:55:31.204] [SEVERE ] removing card from slot 9
[12:55:31.312] [SEVERE ] removing card from slot 10
[12:55:31.421] [SEVERE ] removing card from slot 11
[12:55:31.531] [SEVERE ] placing card 48 in slot 0
[12:55:31.642] [SEVERE ] placing card 75 in slot 1
[12:55:31.752] [SEVERE ] placing card 35 in slot 2
[12:55:31.861] [SEVERE ] placing card 59 in slot 3
[12:55:31.971] [SEVERE ] placing card 32 in slot 4
[12:55:32.081] [SEVERE ] placing card 62 in slot 5
[12:55:32.190] [SEVERE ] placing card 2 in slot 6
[12:55:32.301] [SEVERE ] placing card 15 in slot 7
[12:55:32.412] [SEVERE ] placing card 60 in slot 8
[12:55:32.521] [SEVERE ] placing card 76 in slot 9
[12:55:32.631] [SEVERE ] placing card 28 in slot 10
[12:55:32.741] [SEVERE ] placing card 57 in slot 11
[12:55:32.851] [SEVERE ] removing card from slot 0
[12:55:32.960] [SEVERE ] removing card from slot 1
[12:55:33.070] [SEVERE ] removing card from slot 2
[12:55:33.180] [SEVERE ] removing card from slot 3
[12:55:33.290] [SEVERE ] removing card from slot 4
[12:55:33.400] [SEVERE ] removing card from slot 5
[12:55:33.510] [SEVERE ] removing card from slot 6
[12:55:33.620] [SEVERE ] removing card from slot 7
[12:55:33.729] [SEVERE ] removing card from slot 8
[12:55:33.837] [SEVERE ] removing card from slot 9
[12:55:33.946] [SEVERE ] removing card from slot 10
[12:55:34.055] [SEVERE ] removing card from slot 11
[12:55:34.056] [SEVERE ] announcing winner(s): player 1
[12:55:34.059] [INFO   ] thread dealer terminated.
[12:55:34.059] [SEVERE ] thanks for playing... it was fun!
[12:55:34.059] [INFO   ] thread main terminated.
