[13:11:05.082] [INFO   ] thread main starting.
[13:11:05.088] [SEVERE ] cannot read configuration file config.properties trying from resources.
[13:11:05.091] [SEVERE ] configuration file was loaded from resources directory.
[13:11:05.636] [INFO   ] thread dealer starting.
[13:11:05.750] [SEVERE ] placing card 77 in slot 0
[13:11:05.751] [SEVERE ] player 3 placing token on slot 0
[13:11:05.752] [SEVERE ] player 2 placing token on slot 0
[13:11:05.752] [SEVERE ] removing player 3 token from slot 0
[13:11:05.754] [SEVERE ] removing player 2 token from slot 0
[13:11:05.754] [SEVERE ] player 3 placing token on slot 0
[13:11:05.754] [SEVERE ] player 2 placing token on slot 0
[13:11:05.757] [SEVERE ] removing player 3 token from slot 0
[13:11:05.757] [SEVERE ] removing player 2 token from slot 0
[13:11:05.759] [SEVERE ] player 3 placing token on slot 0
[13:11:05.759] [SEVERE ] removing player 3 token from slot 0
[13:11:05.760] [SEVERE ] player 3 placing token on slot 0
[13:11:05.760] [SEVERE ] player 2 placing token on slot 0
[13:11:05.762] [SEVERE ] removing player 3 token from slot 0
[13:11:05.762] [SEVERE ] removing player 2 token from slot 0
[13:11:05.763] [SEVERE ] player 3 placing token on slot 0
[13:11:05.763] [SEVERE ] player 2 placing token on slot 0
[13:11:05.763] [SEVERE ] removing player 3 token from slot 0
[13:11:05.764] [SEVERE ] removing player 2 token from slot 0
[13:11:05.764] [SEVERE ] player 2 placing token on slot 0
[13:11:05.764] [SEVERE ] player 3 placing token on slot 0
[13:11:05.765] [SEVERE ] removing player 2 token from slot 0
[13:11:05.765] [SEVERE ] removing player 3 token from slot 0
[13:11:05.765] [SEVERE ] player 3 placing token on slot 0
[13:11:05.766] [SEVERE ] player 2 placing token on slot 0
[13:11:05.767] [SEVERE ] removing player 2 token from slot 0
[13:11:05.767] [SEVERE ] removing player 3 token from slot 0
[13:11:05.768] [SEVERE ] player 3 placing token on slot 0
[13:11:05.768] [SEVERE ] removing player 3 token from slot 0
[13:11:05.768] [SEVERE ] player 2 placing token on slot 0
[13:11:05.768] [SEVERE ] player 3 placing token on slot 0
[13:11:05.769] [SEVERE ] removing player 2 token from slot 0
[13:11:05.769] [SEVERE ] player 2 placing token on slot 0
[13:11:05.769] [SEVERE ] removing player 3 token from slot 0
[13:11:05.770] [SEVERE ] removing player 2 token from slot 0
[13:11:05.770] [SEVERE ] player 2 placing token on slot 0
[13:11:05.770] [SEVERE ] player 3 placing token on slot 0
[13:11:05.771] [SEVERE ] removing player 2 token from slot 0
[13:11:05.771] [SEVERE ] removing player 3 token from slot 0
[13:11:05.772] [SEVERE ] player 3 placing token on slot 0
[13:11:05.773] [SEVERE ] player 2 placing token on slot 0
[13:11:05.773] [SEVERE ] removing player 3 token from slot 0
[13:11:05.773] [SEVERE ] removing player 2 token from slot 0
[13:11:05.774] [SEVERE ] player 2 placing token on slot 0
[13:11:05.774] [SEVERE ] player 3 placing token on slot 0
[13:11:05.775] [SEVERE ] removing player 2 token from slot 0
[13:11:05.776] [SEVERE ] player 2 placing token on slot 0
[13:11:05.776] [SEVERE ] removing player 2 token from slot 0
[13:11:05.777] [SEVERE ] removing player 3 token from slot 0
[13:11:05.777] [SEVERE ] player 2 placing token on slot 0
[13:11:05.778] [SEVERE ] player 3 placing token on slot 0
[13:11:05.778] [SEVERE ] removing player 2 token from slot 0
[13:11:05.778] [SEVERE ] removing player 3 token from slot 0
[13:11:05.779] [SEVERE ] player 3 placing token on slot 0
[13:11:05.780] [SEVERE ] removing player 3 token from slot 0
[13:11:05.780] [SEVERE ] player 2 placing token on slot 0
[13:11:05.781] [SEVERE ] player 3 placing token on slot 0
[13:11:05.781] [SEVERE ] removing player 2 token from slot 0
[13:11:05.781] [SEVERE ] removing player 3 token from slot 0
[13:11:05.781] [SEVERE ] player 3 placing token on slot 0
[13:11:05.782] [SEVERE ] removing player 3 token from slot 0
[13:11:05.782] [SEVERE ] player 2 placing token on slot 0
[13:11:05.784] [SEVERE ] player 3 placing token on slot 0
[13:11:05.784] [SEVERE ] removing player 3 token from slot 0
[13:11:05.785] [SEVERE ] removing player 2 token from slot 0
[13:11:05.785] [SEVERE ] player 3 placing token on slot 0
[13:11:05.786] [SEVERE ] player 2 placing token on slot 0
[13:11:05.786] [SEVERE ] removing player 3 token from slot 0
[13:11:05.786] [SEVERE ] removing player 2 token from slot 0
[13:11:05.787] [SEVERE ] player 3 placing token on slot 0
[13:11:05.787] [SEVERE ] player 2 placing token on slot 0
[13:11:05.788] [SEVERE ] removing player 3 token from slot 0
[13:11:05.788] [SEVERE ] removing player 2 token from slot 0
[13:11:05.789] [SEVERE ] player 2 placing token on slot 0
[13:11:05.790] [SEVERE ] player 3 placing token on slot 0
[13:11:05.791] [SEVERE ] removing player 2 token from slot 0
[13:11:05.791] [SEVERE ] player 2 placing token on slot 0
[13:11:05.791] [SEVERE ] removing player 3 token from slot 0
[13:11:05.791] [SEVERE ] removing player 2 token from slot 0
[13:11:05.792] [SEVERE ] player 3 placing token on slot 0
[13:11:05.792] [SEVERE ] player 2 placing token on slot 0
[13:11:05.792] [SEVERE ] removing player 3 token from slot 0
[13:11:05.792] [SEVERE ] removing player 2 token from slot 0
[13:11:05.792] [SEVERE ] player 3 placing token on slot 0
[13:11:05.793] [SEVERE ] player 2 placing token on slot 0
[13:11:05.793] [SEVERE ] removing player 2 token from slot 0
[13:11:05.794] [SEVERE ] removing player 3 token from slot 0
[13:11:05.794] [SEVERE ] player 2 placing token on slot 0
[13:11:05.795] [SEVERE ] player 3 placing token on slot 0
[13:11:05.795] [SEVERE ] removing player 2 token from slot 0
[13:11:05.795] [SEVERE ] removing player 3 token from slot 0
[13:11:05.795] [SEVERE ] player 3 placing token on slot 0
[13:11:05.796] [SEVERE ] removing player 3 token from slot 0
[13:11:05.796] [SEVERE ] player 2 placing token on slot 0
[13:11:05.797] [SEVERE ] player 3 placing token on slot 0
[13:11:05.797] [SEVERE ] removing player 3 token from slot 0
[13:11:05.798] [SEVERE ] player 3 placing token on slot 0
[13:11:05.799] [SEVERE ] removing player 3 token from slot 0
[13:11:05.801] [SEVERE ] player 3 placing token on slot 0
[13:11:05.801] [SEVERE ] removing player 2 token from slot 0
[13:11:05.801] [SEVERE ] removing player 3 token from slot 0
[13:11:05.802] [SEVERE ] player 2 placing token on slot 0
[13:11:05.802] [SEVERE ] player 3 placing token on slot 0
[13:11:05.804] [SEVERE ] removing player 2 token from slot 0
[13:11:05.805] [SEVERE ] removing player 3 token from slot 0
[13:11:05.805] [SEVERE ] player 2 placing token on slot 0
[13:11:05.807] [SEVERE ] player 3 placing token on slot 0
[13:11:05.807] [SEVERE ] removing player 2 token from slot 0
[13:11:05.807] [SEVERE ] removing player 3 token from slot 0
[13:11:05.808] [SEVERE ] player 3 placing token on slot 0
[13:11:05.808] [SEVERE ] player 2 placing token on slot 0
[13:11:05.808] [SEVERE ] removing player 3 token from slot 0
[13:11:05.809] [SEVERE ] removing player 2 token from slot 0
[13:11:05.810] [SEVERE ] player 2 placing token on slot 0
[13:11:05.813] [SEVERE ] removing player 2 token from slot 0
[13:11:05.813] [SEVERE ] player 3 placing token on slot 0
[13:11:05.815] [SEVERE ] player 2 placing token on slot 0
[13:11:05.815] [SEVERE ] removing player 3 token from slot 0
[13:11:05.815] [SEVERE ] removing player 2 token from slot 0
[13:11:05.816] [SEVERE ] player 3 placing token on slot 0
[13:11:05.816] [SEVERE ] removing player 3 token from slot 0
[13:11:05.816] [SEVERE ] player 3 placing token on slot 0
[13:11:05.816] [SEVERE ] removing player 3 token from slot 0
[13:11:05.816] [SEVERE ] player 3 placing token on slot 0
[13:11:05.817] [SEVERE ] player 2 placing token on slot 0
[13:11:05.817] [SEVERE ] removing player 3 token from slot 0
[13:11:05.817] [SEVERE ] removing player 2 token from slot 0
[13:11:05.819] [SEVERE ] player 2 placing token on slot 0
[13:11:05.820] [SEVERE ] player 3 placing token on slot 0
[13:11:05.820] [SEVERE ] removing player 2 token from slot 0
[13:11:05.821] [SEVERE ] player 2 placing token on slot 0
[13:11:05.821] [SEVERE ] removing player 3 token from slot 0
[13:11:05.822] [SEVERE ] removing player 2 token from slot 0
[13:11:05.822] [SEVERE ] player 2 placing token on slot 0
[13:11:05.823] [SEVERE ] removing player 2 token from slot 0
[13:11:05.824] [SEVERE ] player 2 placing token on slot 0
[13:11:05.826] [SEVERE ] removing player 2 token from slot 0
[13:11:05.826] [SEVERE ] player 3 placing token on slot 0
[13:11:05.826] [SEVERE ] player 2 placing token on slot 0
[13:11:05.827] [SEVERE ] removing player 3 token from slot 0
[13:11:05.828] [SEVERE ] removing player 2 token from slot 0
[13:11:05.828] [SEVERE ] player 3 placing token on slot 0
[13:11:05.828] [SEVERE ] player 2 placing token on slot 0
[13:11:05.828] [SEVERE ] removing player 3 token from slot 0
[13:11:05.829] [SEVERE ] removing player 2 token from slot 0
[13:11:05.829] [SEVERE ] player 2 placing token on slot 0
[13:11:05.829] [SEVERE ] player 3 placing token on slot 0
[13:11:05.831] [SEVERE ] removing player 3 token from slot 0
[13:11:05.831] [SEVERE ] removing player 2 token from slot 0
[13:11:05.832] [SEVERE ] player 3 placing token on slot 0
[13:11:05.833] [SEVERE ] player 2 placing token on slot 0
[13:11:05.833] [SEVERE ] removing player 3 token from slot 0
[13:11:05.833] [SEVERE ] player 3 placing token on slot 0
[13:11:05.834] [SEVERE ] removing player 3 token from slot 0
[13:11:05.835] [SEVERE ] removing player 2 token from slot 0
[13:11:05.835] [SEVERE ] player 2 placing token on slot 0
[13:11:05.836] [SEVERE ] removing player 2 token from slot 0
[13:11:05.837] [SEVERE ] player 3 placing token on slot 0
[13:11:05.837] [SEVERE ] player 2 placing token on slot 0
[13:11:05.837] [SEVERE ] removing player 2 token from slot 0
[13:11:05.837] [SEVERE ] removing player 3 token from slot 0
[13:11:05.837] [SEVERE ] player 3 placing token on slot 0
[13:11:05.838] [SEVERE ] player 2 placing token on slot 0
[13:11:05.838] [SEVERE ] removing player 2 token from slot 0
[13:11:05.838] [SEVERE ] removing player 3 token from slot 0
[13:11:05.839] [SEVERE ] player 3 placing token on slot 0
[13:11:05.839] [SEVERE ] removing player 3 token from slot 0
[13:11:05.839] [SEVERE ] player 2 placing token on slot 0
[13:11:05.840] [SEVERE ] removing player 2 token from slot 0
[13:11:05.840] [SEVERE ] player 2 placing token on slot 0
[13:11:05.841] [SEVERE ] removing player 2 token from slot 0
[13:11:05.841] [SEVERE ] player 3 placing token on slot 0
[13:11:05.841] [SEVERE ] player 2 placing token on slot 0
[13:11:05.841] [SEVERE ] removing player 2 token from slot 0
[13:11:05.842] [SEVERE ] player 2 placing token on slot 0
[13:11:05.843] [SEVERE ] removing player 3 token from slot 0
[13:11:05.846] [SEVERE ] removing player 2 token from slot 0
[13:11:05.846] [SEVERE ] player 3 placing token on slot 0
[13:11:05.849] [SEVERE ] player 2 placing token on slot 0
[13:11:05.850] [SEVERE ] removing player 3 token from slot 0
[13:11:05.850] [SEVERE ] removing player 2 token from slot 0
[13:11:05.850] [SEVERE ] player 3 placing token on slot 0
[13:11:05.850] [SEVERE ] player 2 placing token on slot 0
[13:11:05.851] [SEVERE ] removing player 2 token from slot 0
[13:11:05.851] [SEVERE ] removing player 3 token from slot 0
[13:11:05.852] [SEVERE ] player 2 placing token on slot 0
[13:11:05.852] [SEVERE ] removing player 2 token from slot 0
[13:11:05.853] [SEVERE ] player 3 placing token on slot 0
[13:11:05.853] [SEVERE ] player 2 placing token on slot 0
[13:11:05.853] [SEVERE ] removing player 3 token from slot 0
[13:11:05.854] [SEVERE ] removing player 2 token from slot 0
[13:11:05.854] [SEVERE ] player 2 placing token on slot 0
[13:11:05.856] [SEVERE ] removing player 2 token from slot 0
[13:11:05.856] [SEVERE ] player 3 placing token on slot 0
[13:11:05.858] [SEVERE ] removing player 3 token from slot 0
[13:11:05.858] [SEVERE ] player 3 placing token on slot 0
[13:11:05.859] [SEVERE ] player 2 placing token on slot 0
[13:11:05.859] [SEVERE ] removing player 3 token from slot 0
[13:11:05.859] [SEVERE ] removing player 2 token from slot 0
[13:11:05.859] [SEVERE ] player 2 placing token on slot 0
[13:11:05.860] [SEVERE ] player 3 placing token on slot 0
[13:11:05.861] [SEVERE ] removing player 3 token from slot 0
[13:11:05.861] [SEVERE ] player 3 placing token on slot 0
[13:11:05.862] [SEVERE ] placing card 5 in slot 1
[13:11:05.862] [SEVERE ] removing player 2 token from slot 0
[13:11:05.862] [SEVERE ] player 2 placing token on slot 1
[13:11:05.863] [SEVERE ] player 2 placing token on slot 0
[13:11:05.863] [SEVERE ] removing player 2 token from slot 0
[13:11:05.863] [SEVERE ] removing player 3 token from slot 0
[13:11:05.864] [SEVERE ] player 3 placing token on slot 1
[13:11:05.864] [SEVERE ] player 2 placing token on slot 0
[13:11:05.867] [SEVERE ] removing player 3 token from slot 1
[13:11:05.868] [SEVERE ] player 3 placing token on slot 1
[13:11:05.868] [SEVERE ] removing player 2 token from slot 1
[13:11:05.868] [SEVERE ] player 3 placing token on slot 0
[13:11:05.868] [SEVERE ] removing player 3 token from slot 0
[13:11:05.868] [SEVERE ] removing player 2 token from slot 0
[13:11:05.869] [SEVERE ] player 2 placing token on slot 1
[13:11:05.869] [SEVERE ] player 3 placing token on slot 0
[13:11:05.869] [SEVERE ] removing player 2 token from slot 1
[13:11:05.869] [SEVERE ] removing player 3 token from slot 1
[13:11:05.869] [SEVERE ] player 2 placing token on slot 1
[13:11:05.870] [SEVERE ] removing player 2 token from slot 1
[13:11:05.870] [SEVERE ] player 2 placing token on slot 1
[13:11:05.875] [SEVERE ] removing player 2 token from slot 1
[13:11:05.875] [SEVERE ] player 3 placing token on slot 1
[13:11:05.876] [SEVERE ] removing player 3 token from slot 1
[13:11:05.876] [SEVERE ] player 2 placing token on slot 1
[13:11:05.876] [SEVERE ] player 2 placing token on slot 0
[13:11:05.877] [SEVERE ] removing player 3 token from slot 0
[13:11:05.877] [SEVERE ] removing player 2 token from slot 1
[13:11:05.881] [SEVERE ] removing player 2 token from slot 0
[13:11:05.881] [SEVERE ] player 3 placing token on slot 1
[13:11:05.882] [SEVERE ] player 2 placing token on slot 0
[13:11:05.882] [SEVERE ] player 2 placing token on slot 1
[13:11:05.883] [SEVERE ] removing player 2 token from slot 0
[13:11:05.883] [SEVERE ] player 2 placing token on slot 0
[13:11:05.883] [SEVERE ] removing player 3 token from slot 1
[13:11:05.883] [SEVERE ] player 3 placing token on slot 0
[13:11:05.883] [SEVERE ] removing player 2 token from slot 0
[13:11:05.885] [SEVERE ] player 2 placing token on slot 0
[13:11:05.886] [SEVERE ] player 3 placing token on slot 1
[13:11:05.886] [SEVERE ] removing player 2 token from slot 1
[13:11:05.886] [SEVERE ] removing player 3 token from slot 1
[13:11:05.886] [SEVERE ] player 2 placing token on slot 1
[13:11:05.886] [SEVERE ] removing player 3 token from slot 0
[13:11:05.889] [SEVERE ] player 3 placing token on slot 0
[13:11:05.889] [SEVERE ] removing player 2 token from slot 1
[13:11:05.889] [SEVERE ] removing player 3 token from slot 0
[13:11:05.890] [SEVERE ] player 2 placing token on slot 1
[13:11:05.890] [SEVERE ] player 3 placing token on slot 1
[13:11:05.890] [SEVERE ] removing player 2 token from slot 1
[13:11:05.890] [SEVERE ] player 2 placing token on slot 1
[13:11:05.892] [SEVERE ] removing player 2 token from slot 0
[13:11:05.892] [SEVERE ] player 3 placing token on slot 0
[13:11:05.892] [SEVERE ] removing player 2 token from slot 1
[13:11:05.892] [SEVERE ] player 2 placing token on slot 0
[13:11:05.895] [SEVERE ] removing player 2 token from slot 0
[13:11:05.895] [SEVERE ] removing player 3 token from slot 1
[13:11:05.899] [SEVERE ] player 2 placing token on slot 0
[13:11:05.899] [SEVERE ] removing player 3 token from slot 0
[13:11:05.900] [SEVERE ] player 3 placing token on slot 0
[13:11:05.900] [SEVERE ] removing player 2 token from slot 0
[13:11:05.900] [SEVERE ] player 2 placing token on slot 0
[13:11:05.900] [SEVERE ] removing player 2 token from slot 0
[13:11:05.903] [SEVERE ] player 2 placing token on slot 1
[13:11:05.904] [SEVERE ] player 3 placing token on slot 1
[13:11:05.904] [SEVERE ] removing player 3 token from slot 0
[13:11:05.905] [SEVERE ] removing player 2 token from slot 1
[13:11:05.905] [SEVERE ] player 2 placing token on slot 1
[13:11:05.906] [SEVERE ] removing player 3 token from slot 1
[13:11:05.906] [SEVERE ] player 3 placing token on slot 0
[13:11:05.907] [SEVERE ] removing player 2 token from slot 1
[13:11:05.907] [SEVERE ] player 3 placing token on slot 1
[13:11:05.912] [SEVERE ] removing player 3 token from slot 1
[13:11:05.912] [SEVERE ] player 2 placing token on slot 0
[13:11:05.914] [SEVERE ] player 2 placing token on slot 1
[13:11:05.921] [SEVERE ] removing player 3 token from slot 0
[13:11:05.921] [SEVERE ] removing player 2 token from slot 1
[13:11:05.922] [SEVERE ] player 3 placing token on slot 0
[13:11:05.922] [SEVERE ] player 2 placing token on slot 1
[13:11:05.923] [SEVERE ] removing player 3 token from slot 0
[13:11:05.923] [SEVERE ] player 3 placing token on slot 0
[13:11:05.924] [SEVERE ] removing player 2 token from slot 1
[13:11:05.924] [SEVERE ] player 3 placing token on slot 1
[13:11:05.924] [SEVERE ] removing player 2 token from slot 0
[13:11:05.930] [SEVERE ] removing player 3 token from slot 1
[13:11:05.931] [SEVERE ] player 2 placing token on slot 0
[13:11:05.931] [SEVERE ] removing player 2 token from slot 0
[13:11:05.931] [SEVERE ] player 2 placing token on slot 1
[13:11:05.934] [SEVERE ] removing player 2 token from slot 1
[13:11:05.934] [SEVERE ] player 3 placing token on slot 1
[13:11:05.936] [SEVERE ] removing player 3 token from slot 0
[13:11:05.936] [SEVERE ] player 2 placing token on slot 0
[13:11:05.937] [SEVERE ] removing player 2 token from slot 0
[13:11:05.937] [SEVERE ] removing player 3 token from slot 1
[13:11:05.937] [SEVERE ] player 2 placing token on slot 0
[13:11:05.937] [SEVERE ] player 3 placing token on slot 0
[13:11:05.937] [SEVERE ] player 2 placing token on slot 1
[13:11:05.940] [SEVERE ] removing player 2 token from slot 0
[13:11:05.941] [SEVERE ] player 3 placing token on slot 1
[13:11:05.941] [SEVERE ] removing player 2 token from slot 1
[13:11:05.941] [SEVERE ] removing player 3 token from slot 0
[13:11:05.941] [SEVERE ] removing player 3 token from slot 1
[13:11:05.943] [SEVERE ] player 2 placing token on slot 0
[13:11:05.948] [SEVERE ] removing player 2 token from slot 0
[13:11:05.949] [SEVERE ] player 2 placing token on slot 0
[13:11:05.950] [SEVERE ] player 3 placing token on slot 1
[13:11:05.950] [SEVERE ] player 2 placing token on slot 1
[13:11:05.950] [SEVERE ] removing player 3 token from slot 1
[13:11:05.950] [SEVERE ] player 3 placing token on slot 1
[13:11:05.950] [SEVERE ] player 3 placing token on slot 0
[13:11:05.951] [SEVERE ] removing player 3 token from slot 0
[13:11:05.955] [SEVERE ] removing player 3 token from slot 1
[13:11:05.955] [SEVERE ] removing player 2 token from slot 1
[13:11:05.955] [SEVERE ] player 2 placing token on slot 1
[13:11:05.956] [SEVERE ] removing player 2 token from slot 1
[13:11:05.957] [SEVERE ] player 2 placing token on slot 1
[13:11:05.959] [SEVERE ] removing player 2 token from slot 1
[13:11:05.959] [SEVERE ] player 3 placing token on slot 1
[13:11:05.959] [SEVERE ] removing player 2 token from slot 0
[13:11:05.959] [SEVERE ] player 2 placing token on slot 1
[13:11:05.960] [SEVERE ] removing player 3 token from slot 1
[13:11:05.960] [SEVERE ] player 3 placing token on slot 1
[13:11:05.961] [SEVERE ] removing player 2 token from slot 1
[13:11:05.961] [SEVERE ] removing player 3 token from slot 1
[13:11:05.962] [SEVERE ] player 2 placing token on slot 0
[13:11:05.963] [SEVERE ] player 3 placing token on slot 1
[13:11:05.964] [SEVERE ] player 2 placing token on slot 1
[13:11:05.964] [SEVERE ] removing player 2 token from slot 0
[13:11:05.964] [SEVERE ] removing player 3 token from slot 1
[13:11:05.964] [SEVERE ] removing player 2 token from slot 1
[13:11:05.965] [SEVERE ] player 2 placing token on slot 0
[13:11:05.965] [SEVERE ] player 2 placing token on slot 1
[13:11:05.965] [SEVERE ] player 3 placing token on slot 1
[13:11:05.965] [SEVERE ] player 3 placing token on slot 0
[13:11:05.965] [SEVERE ] removing player 2 token from slot 0
[13:11:05.969] [SEVERE ] player 2 placing token on slot 0
[13:11:05.969] [SEVERE ] removing player 3 token from slot 0
[13:11:05.969] [SEVERE ] removing player 2 token from slot 0
[13:11:05.970] [SEVERE ] removing player 3 token from slot 1
[13:11:05.970] [SEVERE ] removing player 2 token from slot 1
[13:11:05.972] [SEVERE ] player 3 placing token on slot 0
[13:11:05.973] [SEVERE ] removing player 3 token from slot 0
[13:11:05.973] [SEVERE ] player 2 placing token on slot 0
[13:11:05.973] [SEVERE ] player 2 placing token on slot 1
[13:11:05.973] [SEVERE ] removing player 2 token from slot 1
[13:11:05.974] [SEVERE ] player 2 placing token on slot 1
[13:11:05.974] [SEVERE ] removing player 2 token from slot 1
[13:11:05.974] [SEVERE ] placing card 17 in slot 2
[13:11:05.975] [SEVERE ] player 3 placing token on slot 1
[13:11:05.975] [SEVERE ] player 2 placing token on slot 2
[13:11:05.976] [SEVERE ] player 3 placing token on slot 2
[13:11:05.976] [SEVERE ] player 2 placing token on slot 1
[13:11:05.977] [SEVERE ] removing player 3 token from slot 2
[13:11:05.977] [SEVERE ] removing player 3 token from slot 1
[13:11:05.977] [SEVERE ] player 3 placing token on slot 2
[13:11:05.977] [SEVERE ] removing player 3 token from slot 2
[13:11:05.978] [SEVERE ] player 3 placing token on slot 0
[13:11:05.978] [SEVERE ] player 3 placing token on slot 2
[13:11:05.980] [SEVERE ] removing player 3 token from slot 2
[13:11:05.981] [SEVERE ] player 3 placing token on slot 2
[13:11:05.981] [SEVERE ] removing player 3 token from slot 2
[13:11:05.982] [SEVERE ] player 3 placing token on slot 2
[13:11:05.987] [SEVERE ] player 3 placing token on slot 1
[13:11:06.084] [SEVERE ] placing card 64 in slot 3
[13:11:06.195] [SEVERE ] placing card 57 in slot 4
[13:11:06.306] [SEVERE ] placing card 3 in slot 5
[13:11:06.418] [SEVERE ] placing card 79 in slot 6
[13:11:06.530] [SEVERE ] placing card 47 in slot 7
[13:11:06.641] [SEVERE ] placing card 39 in slot 8
[13:11:06.751] [SEVERE ] placing card 25 in slot 9
[13:11:06.863] [SEVERE ] placing card 67 in slot 10
[13:11:06.975] [SEVERE ] placing card 0 in slot 11
[13:11:07.085] [SEVERE ] updating countdown to 59890
[13:11:07.196] [SEVERE ] updating countdown to 59779
[13:11:07.305] [SEVERE ] updating countdown to 59670
[13:11:07.415] [SEVERE ] updating countdown to 59560
[13:11:07.517] [SEVERE ] updating countdown to 59458
[13:11:07.623] [SEVERE ] updating countdown to 59352
[13:11:07.734] [SEVERE ] updating countdown to 59241
[13:11:07.835] [SEVERE ] updating countdown to 59140
[13:11:07.941] [SEVERE ] updating countdown to 59034
[13:11:08.052] [SEVERE ] updating countdown to 58923
[13:11:08.163] [SEVERE ] updating countdown to 58812
[13:11:08.275] [SEVERE ] updating countdown to 58700
[13:11:08.387] [SEVERE ] updating countdown to 58588
[13:11:08.499] [SEVERE ] updating countdown to 58476
[13:11:08.610] [SEVERE ] updating countdown to 58365
[13:11:08.711] [SEVERE ] updating countdown to 58264
[13:11:08.819] [SEVERE ] updating countdown to 58156
[13:11:08.925] [SEVERE ] updating countdown to 58050
[13:11:09.036] [SEVERE ] updating countdown to 57939
[13:11:09.145] [SEVERE ] updating countdown to 57830
[13:11:09.255] [SEVERE ] updating countdown to 57720
[13:11:09.366] [SEVERE ] updating countdown to 57609
[13:11:09.478] [SEVERE ] updating countdown to 57497
[13:11:09.590] [SEVERE ] updating countdown to 57385
[13:11:09.701] [SEVERE ] updating countdown to 57274
[13:11:09.813] [SEVERE ] updating countdown to 57162
[13:11:09.915] [SEVERE ] updating countdown to 57060
[13:11:10.019] [SEVERE ] updating countdown to 56956
[13:11:10.086] [SEVERE ] removing player 2 token from slot 1
[13:11:10.086] [SEVERE ] player 2 placing token on slot 1
[13:11:10.099] [SEVERE ] removing player 3 token from slot 0
[13:11:10.099] [SEVERE ] removing player 3 token from slot 2
[13:11:10.099] [SEVERE ] player 3 placing token on slot 0
[13:11:10.100] [SEVERE ] player 3 placing token on slot 2
[13:11:10.130] [SEVERE ] updating countdown to 56845
[13:11:10.241] [SEVERE ] updating countdown to 56734
[13:11:10.351] [SEVERE ] updating countdown to 56624
[13:11:10.460] [SEVERE ] updating countdown to 56515
[13:11:10.571] [SEVERE ] updating countdown to 56404
[13:11:10.683] [SEVERE ] updating countdown to 56292
[13:11:10.794] [SEVERE ] updating countdown to 56181
[13:11:10.905] [SEVERE ] updating countdown to 56070
[13:11:11.017] [SEVERE ] updating countdown to 55958
[13:11:11.127] [SEVERE ] updating countdown to 55848
[13:11:11.228] [SEVERE ] updating countdown to 55747
[13:11:11.334] [SEVERE ] updating countdown to 55641
[13:11:11.446] [SEVERE ] updating countdown to 55529
[13:11:11.548] [SEVERE ] updating countdown to 55427
[13:11:11.651] [SEVERE ] updating countdown to 55324
[13:11:11.761] [SEVERE ] updating countdown to 55214
[13:11:11.873] [SEVERE ] updating countdown to 55102
[13:11:11.974] [SEVERE ] updating countdown to 55001
[13:11:12.077] [SEVERE ] updating countdown to 54898
[13:11:12.178] [SEVERE ] updating countdown to 54797
[13:11:12.284] [SEVERE ] updating countdown to 54691
[13:11:12.393] [SEVERE ] updating countdown to 54582
[13:11:12.505] [SEVERE ] updating countdown to 54470
[13:11:12.606] [SEVERE ] updating countdown to 54369
[13:11:12.712] [SEVERE ] updating countdown to 54263
[13:11:12.814] [SEVERE ] updating countdown to 54161
[13:11:12.916] [SEVERE ] updating countdown to 54059
[13:11:13.031] [SEVERE ] updating countdown to 53944
[13:11:13.133] [SEVERE ] updating countdown to 53842
[13:11:13.143] [SEVERE ] removing player 2 token from slot 0
[13:11:13.143] [SEVERE ] removing player 3 token from slot 2
[13:11:13.143] [SEVERE ] removing player 3 token from slot 0
[13:11:13.143] [SEVERE ] removing player 2 token from slot 1
[13:11:13.143] [SEVERE ] player 3 placing token on slot 2
[13:11:13.143] [SEVERE ] removing player 3 token from slot 1
[13:11:13.143] [SEVERE ] player 2 placing token on slot 0
[13:11:13.144] [SEVERE ] player 3 placing token on slot 4
[13:11:13.144] [SEVERE ] removing player 2 token from slot 2
[13:11:13.144] [SEVERE ] player 3 placing token on slot 6
[13:11:13.144] [SEVERE ] player 2 placing token on slot 6
[13:11:13.144] [SEVERE ] player 2 placing token on slot 8
[13:11:13.239] [SEVERE ] updating countdown to 53736
[13:11:13.341] [SEVERE ] updating countdown to 53634
[13:11:13.444] [SEVERE ] updating countdown to 53531
[13:11:13.555] [SEVERE ] updating countdown to 53420
[13:11:13.666] [SEVERE ] updating countdown to 53309
[13:11:13.777] [SEVERE ] updating countdown to 53198
[13:11:13.886] [SEVERE ] updating countdown to 53089
[13:11:13.987] [SEVERE ] updating countdown to 52988
[13:11:14.093] [SEVERE ] updating countdown to 52882
[13:11:14.203] [SEVERE ] updating countdown to 52772
[13:11:14.317] [SEVERE ] updating countdown to 52658
[13:11:14.418] [SEVERE ] updating countdown to 52557
[13:11:14.519] [SEVERE ] updating countdown to 52456
[13:11:14.631] [SEVERE ] updating countdown to 52344
[13:11:14.732] [SEVERE ] updating countdown to 52243
[13:11:14.833] [SEVERE ] updating countdown to 52142
[13:11:14.935] [SEVERE ] updating countdown to 52040
[13:11:15.047] [SEVERE ] updating countdown to 51928
[13:11:15.159] [SEVERE ] updating countdown to 51816
[13:11:15.271] [SEVERE ] updating countdown to 51704
[13:11:15.382] [SEVERE ] updating countdown to 51593
[13:11:15.494] [SEVERE ] updating countdown to 51481
[13:11:15.606] [SEVERE ] updating countdown to 51369
[13:11:15.718] [SEVERE ] updating countdown to 51257
[13:11:15.830] [SEVERE ] updating countdown to 51145
[13:11:15.942] [SEVERE ] updating countdown to 51033
[13:11:16.054] [SEVERE ] updating countdown to 50921
[13:11:16.165] [SEVERE ] updating countdown to 50810
[13:11:16.245] [SEVERE ] removing player 2 token from slot 0
[13:11:16.245] [SEVERE ] removing player 3 token from slot 6
[13:11:16.245] [SEVERE ] removing player 2 token from slot 8
[13:11:16.245] [SEVERE ] removing player 3 token from slot 2
[13:11:16.245] [SEVERE ] player 2 placing token on slot 8
[13:11:16.245] [SEVERE ] player 3 placing token on slot 6
[13:11:16.245] [SEVERE ] player 2 placing token on slot 0
[13:11:16.245] [SEVERE ] removing player 3 token from slot 6
[13:11:16.246] [SEVERE ] player 3 placing token on slot 11
[13:11:16.246] [SEVERE ] player 3 placing token on slot 7
[13:11:16.277] [SEVERE ] updating countdown to 50698
[13:11:16.379] [SEVERE ] updating countdown to 50596
[13:11:16.480] [SEVERE ] updating countdown to 50495
[13:11:16.595] [SEVERE ] updating countdown to 50380
[13:11:16.707] [SEVERE ] updating countdown to 50268
[13:11:16.818] [SEVERE ] updating countdown to 50157
[13:11:16.929] [SEVERE ] updating countdown to 50046
[13:11:17.041] [SEVERE ] updating countdown to 49934
[13:11:17.153] [SEVERE ] updating countdown to 49822
[13:11:17.265] [SEVERE ] updating countdown to 49710
[13:11:17.377] [SEVERE ] updating countdown to 49598
[13:11:17.489] [SEVERE ] updating countdown to 49486
[13:11:17.601] [SEVERE ] updating countdown to 49374
[13:11:17.713] [SEVERE ] updating countdown to 49262
[13:11:17.825] [SEVERE ] updating countdown to 49150
[13:11:17.935] [SEVERE ] updating countdown to 49040
[13:11:18.046] [SEVERE ] updating countdown to 48929
[13:11:18.148] [SEVERE ] updating countdown to 48827
[13:11:18.254] [SEVERE ] updating countdown to 48721
[13:11:18.366] [SEVERE ] updating countdown to 48609
[13:11:18.468] [SEVERE ] updating countdown to 48507
[13:11:18.573] [SEVERE ] updating countdown to 48402
[13:11:18.684] [SEVERE ] updating countdown to 48291
[13:11:18.795] [SEVERE ] updating countdown to 48180
[13:11:18.896] [SEVERE ] updating countdown to 48079
[13:11:19.003] [SEVERE ] updating countdown to 47972
[13:11:19.115] [SEVERE ] updating countdown to 47860
[13:11:19.227] [SEVERE ] updating countdown to 47748
[13:11:19.291] [SEVERE ] removing player 3 token from slot 7
[13:11:19.291] [SEVERE ] removing player 2 token from slot 6
[13:11:19.291] [SEVERE ] player 2 placing token on slot 6
[13:11:19.291] [SEVERE ] removing player 3 token from slot 4
[13:11:19.291] [SEVERE ] player 3 placing token on slot 7
[13:11:19.291] [SEVERE ] removing player 3 token from slot 7
[13:11:19.291] [SEVERE ] player 3 placing token on slot 4
[13:11:19.291] [SEVERE ] player 3 placing token on slot 7
[13:11:19.339] [SEVERE ] updating countdown to 47636
[13:11:19.451] [SEVERE ] updating countdown to 47524
[13:11:19.563] [SEVERE ] updating countdown to 47412
[13:11:19.675] [SEVERE ] updating countdown to 47300
[13:11:19.787] [SEVERE ] updating countdown to 47188
[13:11:19.899] [SEVERE ] updating countdown to 47076
[13:11:20.009] [SEVERE ] updating countdown to 46966
[13:11:20.111] [SEVERE ] updating countdown to 46864
[13:11:20.215] [SEVERE ] updating countdown to 46760
[13:11:20.327] [SEVERE ] updating countdown to 46648
[13:11:20.438] [SEVERE ] updating countdown to 46537
[13:11:20.548] [SEVERE ] updating countdown to 46427
[13:11:20.649] [SEVERE ] updating countdown to 46326
[13:11:20.753] [SEVERE ] updating countdown to 46222
[13:11:20.863] [SEVERE ] updating countdown to 46112
[13:11:20.975] [SEVERE ] updating countdown to 46000
[13:11:21.086] [SEVERE ] updating countdown to 45889
[13:11:21.198] [SEVERE ] updating countdown to 45777
[13:11:21.310] [SEVERE ] updating countdown to 45665
[13:11:21.420] [SEVERE ] updating countdown to 45555
[13:11:21.525] [SEVERE ] updating countdown to 45450
[13:11:21.627] [SEVERE ] updating countdown to 45348
[13:11:21.739] [SEVERE ] updating countdown to 45236
[13:11:21.850] [SEVERE ] updating countdown to 45125
[13:11:21.962] [SEVERE ] updating countdown to 45013
[13:11:22.074] [SEVERE ] updating countdown to 44901
[13:11:22.185] [SEVERE ] updating countdown to 44790
[13:11:22.296] [SEVERE ] updating countdown to 44679
[13:11:22.344] [SEVERE ] removing player 2 token from slot 6
[13:11:22.344] [SEVERE ] removing player 3 token from slot 7
[13:11:22.344] [SEVERE ] removing player 2 token from slot 0
[13:11:22.344] [SEVERE ] removing player 3 token from slot 4
[13:11:22.344] [SEVERE ] removing player 3 token from slot 11
[13:11:22.345] [SEVERE ] player 2 placing token on slot 0
[13:11:22.345] [SEVERE ] player 3 placing token on slot 11
[13:11:22.345] [SEVERE ] removing player 2 token from slot 8
[13:11:22.345] [SEVERE ] player 3 placing token on slot 10
[13:11:22.345] [SEVERE ] player 2 placing token on slot 5
[13:11:22.345] [SEVERE ] player 3 placing token on slot 2
[13:11:22.345] [SEVERE ] player 2 placing token on slot 4
[13:11:22.407] [SEVERE ] updating countdown to 44568
[13:11:22.518] [SEVERE ] updating countdown to 44457
[13:11:22.628] [SEVERE ] updating countdown to 44347
[13:11:22.730] [SEVERE ] updating countdown to 44245
[13:11:22.835] [SEVERE ] updating countdown to 44140
[13:11:22.947] [SEVERE ] updating countdown to 44028
[13:11:23.059] [SEVERE ] updating countdown to 43916
[13:11:23.171] [SEVERE ] updating countdown to 43804
[13:11:23.282] [SEVERE ] updating countdown to 43693
[13:11:23.393] [SEVERE ] updating countdown to 43582
[13:11:23.505] [SEVERE ] updating countdown to 43470
[13:11:23.614] [SEVERE ] updating countdown to 43361
[13:11:23.725] [SEVERE ] updating countdown to 43250
[13:11:23.836] [SEVERE ] updating countdown to 43139
[13:11:23.938] [SEVERE ] updating countdown to 43037
[13:11:24.042] [SEVERE ] updating countdown to 42933
[13:11:24.154] [SEVERE ] updating countdown to 42821
[13:11:24.264] [SEVERE ] updating countdown to 42711
[13:11:24.374] [SEVERE ] updating countdown to 42601
[13:11:24.475] [SEVERE ] updating countdown to 42500
[13:11:24.579] [SEVERE ] updating countdown to 42396
[13:11:24.681] [SEVERE ] updating countdown to 42294
[13:11:24.783] [SEVERE ] updating countdown to 42192
[13:11:24.893] [SEVERE ] updating countdown to 42082
[13:11:24.973] [SEVERE ] exit button pressed
[13:11:25.004] [SEVERE ] updating countdown to 41971
[13:11:25.004] [SEVERE ] updating countdown to 60000
[13:11:25.004] [SEVERE ] removing player 2 token from slot 0
[13:11:25.004] [SEVERE ] removing player 2 token from slot 5
[13:11:25.004] [SEVERE ] removing player 2 token from slot 4
[13:11:25.004] [SEVERE ] removing player 3 token from slot 11
[13:11:25.005] [SEVERE ] removing player 3 token from slot 10
[13:11:25.005] [SEVERE ] removing player 3 token from slot 2
[13:11:25.115] [SEVERE ] removing card from slot 0
[13:11:25.227] [SEVERE ] removing card from slot 1
[13:11:25.340] [SEVERE ] removing card from slot 2
[13:11:25.450] [SEVERE ] removing card from slot 3
[13:11:25.559] [SEVERE ] removing card from slot 4
[13:11:25.668] [SEVERE ] removing card from slot 5
[13:11:25.776] [SEVERE ] removing card from slot 6
[13:11:25.883] [SEVERE ] removing card from slot 7
[13:11:25.990] [SEVERE ] removing card from slot 8
[13:11:26.100] [SEVERE ] removing card from slot 9
[13:11:26.209] [SEVERE ] removing card from slot 10
[13:11:26.317] [SEVERE ] removing card from slot 11
[13:11:26.426] [SEVERE ] placing card 80 in slot 0
[13:11:26.536] [SEVERE ] placing card 55 in slot 1
[13:11:26.644] [SEVERE ] placing card 15 in slot 2
[13:11:26.753] [SEVERE ] placing card 4 in slot 3
[13:11:26.862] [SEVERE ] placing card 41 in slot 4
[13:11:26.971] [SEVERE ] placing card 7 in slot 5
[13:11:27.079] [SEVERE ] placing card 42 in slot 6
[13:11:27.189] [SEVERE ] placing card 2 in slot 7
[13:11:27.298] [SEVERE ] placing card 6 in slot 8
[13:11:27.409] [SEVERE ] placing card 76 in slot 9
[13:11:27.518] [SEVERE ] placing card 66 in slot 10
[13:11:27.627] [SEVERE ] placing card 34 in slot 11
[13:11:27.735] [SEVERE ] removing card from slot 0
[13:11:27.845] [SEVERE ] removing card from slot 1
[13:11:27.956] [SEVERE ] removing card from slot 2
[13:11:28.064] [SEVERE ] removing card from slot 3
[13:11:28.173] [SEVERE ] removing card from slot 4
[13:11:28.281] [SEVERE ] removing card from slot 5
[13:11:28.388] [SEVERE ] removing card from slot 6
[13:11:28.497] [SEVERE ] removing card from slot 7
[13:11:28.607] [SEVERE ] removing card from slot 8
[13:11:28.715] [SEVERE ] removing card from slot 9
[13:11:28.825] [SEVERE ] removing card from slot 10
[13:11:28.935] [SEVERE ] removing card from slot 11
[13:11:28.935] [SEVERE ] announcing winner(s): player 1, player 2, player 3
[13:11:28.937] [INFO   ] thread dealer terminated.
[13:11:28.937] [SEVERE ] thanks for playing... it was fun!
[13:11:28.937] [INFO   ] thread main terminated.
