[21:33:03.533] [INFO   ] thread main starting.
[21:33:03.538] [SEVERE ] cannot read configuration file config.properties trying from resources.
[21:33:03.539] [SEVERE ] configuration file was loaded from resources directory.
[21:33:04.032] [INFO   ] thread dealer starting.
[21:33:04.151] [SEVERE ] placing card 77 in slot 0
[21:33:04.151] [SEVERE ] player 4 placing token on slot 0
[21:33:04.153] [SEVERE ] removing player 4 token from slot 0
[21:33:04.154] [SEVERE ] player 4 placing token on slot 0
[21:33:04.154] [SEVERE ] removing player 4 token from slot 0
[21:33:04.154] [SEVERE ] player 4 placing token on slot 0
[21:33:04.171] [SEVERE ] removing player 4 token from slot 0
[21:33:04.171] [SEVERE ] player 4 placing token on slot 0
[21:33:04.172] [SEVERE ] removing player 4 token from slot 0
[21:33:04.172] [SEVERE ] player 4 placing token on slot 0
[21:33:04.172] [SEVERE ] removing player 4 token from slot 0
[21:33:04.173] [SEVERE ] player 4 placing token on slot 0
[21:33:04.173] [SEVERE ] removing player 4 token from slot 0
[21:33:04.174] [SEVERE ] player 4 placing token on slot 0
[21:33:04.174] [SEVERE ] removing player 4 token from slot 0
[21:33:04.175] [SEVERE ] player 4 placing token on slot 0
[21:33:04.175] [SEVERE ] removing player 4 token from slot 0
[21:33:04.175] [SEVERE ] player 4 placing token on slot 0
[21:33:04.176] [SEVERE ] removing player 4 token from slot 0
[21:33:04.176] [SEVERE ] player 4 placing token on slot 0
[21:33:04.176] [SEVERE ] removing player 4 token from slot 0
[21:33:04.177] [SEVERE ] player 4 placing token on slot 0
[21:33:04.178] [SEVERE ] removing player 4 token from slot 0
[21:33:04.178] [SEVERE ] player 4 placing token on slot 0
[21:33:04.178] [SEVERE ] removing player 4 token from slot 0
[21:33:04.179] [SEVERE ] player 4 placing token on slot 0
[21:33:04.179] [SEVERE ] removing player 4 token from slot 0
[21:33:04.181] [SEVERE ] player 4 placing token on slot 0
[21:33:04.182] [SEVERE ] removing player 4 token from slot 0
[21:33:04.183] [SEVERE ] player 4 placing token on slot 0
[21:33:04.183] [SEVERE ] removing player 4 token from slot 0
[21:33:04.184] [SEVERE ] player 4 placing token on slot 0
[21:33:04.184] [SEVERE ] removing player 4 token from slot 0
[21:33:04.185] [SEVERE ] player 4 placing token on slot 0
[21:33:04.187] [SEVERE ] removing player 4 token from slot 0
[21:33:04.188] [SEVERE ] player 4 placing token on slot 0
[21:33:04.188] [SEVERE ] removing player 4 token from slot 0
[21:33:04.188] [SEVERE ] player 4 placing token on slot 0
[21:33:04.188] [SEVERE ] removing player 4 token from slot 0
[21:33:04.188] [SEVERE ] player 4 placing token on slot 0
[21:33:04.189] [SEVERE ] removing player 4 token from slot 0
[21:33:04.189] [SEVERE ] player 4 placing token on slot 0
[21:33:04.189] [SEVERE ] removing player 4 token from slot 0
[21:33:04.190] [SEVERE ] player 4 placing token on slot 0
[21:33:04.190] [SEVERE ] removing player 4 token from slot 0
[21:33:04.190] [SEVERE ] player 4 placing token on slot 0
[21:33:04.190] [SEVERE ] removing player 4 token from slot 0
[21:33:04.191] [SEVERE ] player 4 placing token on slot 0
[21:33:04.191] [SEVERE ] removing player 4 token from slot 0
[21:33:04.191] [SEVERE ] player 4 placing token on slot 0
[21:33:04.191] [SEVERE ] removing player 4 token from slot 0
[21:33:04.191] [SEVERE ] player 4 placing token on slot 0
[21:33:04.191] [SEVERE ] removing player 4 token from slot 0
[21:33:04.191] [SEVERE ] player 4 placing token on slot 0
[21:33:04.192] [SEVERE ] removing player 4 token from slot 0
[21:33:04.192] [SEVERE ] player 4 placing token on slot 0
[21:33:04.192] [SEVERE ] removing player 4 token from slot 0
[21:33:04.192] [SEVERE ] player 4 placing token on slot 0
[21:33:04.192] [SEVERE ] removing player 4 token from slot 0
[21:33:04.192] [SEVERE ] player 4 placing token on slot 0
[21:33:04.193] [SEVERE ] removing player 4 token from slot 0
[21:33:04.193] [SEVERE ] player 4 placing token on slot 0
[21:33:04.193] [SEVERE ] removing player 4 token from slot 0
[21:33:04.193] [SEVERE ] player 4 placing token on slot 0
[21:33:04.193] [SEVERE ] removing player 4 token from slot 0
[21:33:04.193] [SEVERE ] player 4 placing token on slot 0
[21:33:04.194] [SEVERE ] removing player 4 token from slot 0
[21:33:04.194] [SEVERE ] player 4 placing token on slot 0
[21:33:04.194] [SEVERE ] removing player 4 token from slot 0
[21:33:04.194] [SEVERE ] player 4 placing token on slot 0
[21:33:04.194] [SEVERE ] removing player 4 token from slot 0
[21:33:04.194] [SEVERE ] player 4 placing token on slot 0
[21:33:04.194] [SEVERE ] removing player 4 token from slot 0
[21:33:04.195] [SEVERE ] player 4 placing token on slot 0
[21:33:04.195] [SEVERE ] removing player 4 token from slot 0
[21:33:04.195] [SEVERE ] player 4 placing token on slot 0
[21:33:04.195] [SEVERE ] removing player 4 token from slot 0
[21:33:04.195] [SEVERE ] player 4 placing token on slot 0
[21:33:04.195] [SEVERE ] removing player 4 token from slot 0
[21:33:04.201] [SEVERE ] player 4 placing token on slot 0
[21:33:04.201] [SEVERE ] removing player 4 token from slot 0
[21:33:04.202] [SEVERE ] player 4 placing token on slot 0
[21:33:04.202] [SEVERE ] removing player 4 token from slot 0
[21:33:04.202] [SEVERE ] player 4 placing token on slot 0
[21:33:04.202] [SEVERE ] removing player 4 token from slot 0
[21:33:04.202] [SEVERE ] player 4 placing token on slot 0
[21:33:04.202] [SEVERE ] removing player 4 token from slot 0
[21:33:04.203] [SEVERE ] player 4 placing token on slot 0
[21:33:04.203] [SEVERE ] removing player 4 token from slot 0
[21:33:04.203] [SEVERE ] player 4 placing token on slot 0
[21:33:04.204] [SEVERE ] removing player 4 token from slot 0
[21:33:04.204] [SEVERE ] player 4 placing token on slot 0
[21:33:04.204] [SEVERE ] removing player 4 token from slot 0
[21:33:04.204] [SEVERE ] player 4 placing token on slot 0
[21:33:04.204] [SEVERE ] removing player 4 token from slot 0
[21:33:04.204] [SEVERE ] player 4 placing token on slot 0
[21:33:04.204] [SEVERE ] removing player 4 token from slot 0
[21:33:04.205] [SEVERE ] player 4 placing token on slot 0
[21:33:04.205] [SEVERE ] removing player 4 token from slot 0
[21:33:04.205] [SEVERE ] player 4 placing token on slot 0
[21:33:04.205] [SEVERE ] removing player 4 token from slot 0
[21:33:04.205] [SEVERE ] player 4 placing token on slot 0
[21:33:04.205] [SEVERE ] removing player 4 token from slot 0
[21:33:04.206] [SEVERE ] player 4 placing token on slot 0
[21:33:04.206] [SEVERE ] removing player 4 token from slot 0
[21:33:04.206] [SEVERE ] player 4 placing token on slot 0
[21:33:04.206] [SEVERE ] removing player 4 token from slot 0
[21:33:04.206] [SEVERE ] player 4 placing token on slot 0
[21:33:04.207] [SEVERE ] removing player 4 token from slot 0
[21:33:04.207] [SEVERE ] player 4 placing token on slot 0
[21:33:04.207] [SEVERE ] removing player 4 token from slot 0
[21:33:04.207] [SEVERE ] player 4 placing token on slot 0
[21:33:04.207] [SEVERE ] removing player 4 token from slot 0
[21:33:04.208] [SEVERE ] player 4 placing token on slot 0
[21:33:04.208] [SEVERE ] removing player 4 token from slot 0
[21:33:04.208] [SEVERE ] player 4 placing token on slot 0
[21:33:04.208] [SEVERE ] removing player 4 token from slot 0
[21:33:04.208] [SEVERE ] player 4 placing token on slot 0
[21:33:04.208] [SEVERE ] removing player 4 token from slot 0
[21:33:04.209] [SEVERE ] player 4 placing token on slot 0
[21:33:04.209] [SEVERE ] removing player 4 token from slot 0
[21:33:04.209] [SEVERE ] player 4 placing token on slot 0
[21:33:04.209] [SEVERE ] removing player 4 token from slot 0
[21:33:04.209] [SEVERE ] player 4 placing token on slot 0
[21:33:04.210] [SEVERE ] removing player 4 token from slot 0
[21:33:04.210] [SEVERE ] player 4 placing token on slot 0
[21:33:04.210] [SEVERE ] removing player 4 token from slot 0
[21:33:04.210] [SEVERE ] player 4 placing token on slot 0
[21:33:04.210] [SEVERE ] removing player 4 token from slot 0
[21:33:04.211] [SEVERE ] player 4 placing token on slot 0
[21:33:04.211] [SEVERE ] removing player 4 token from slot 0
[21:33:04.211] [SEVERE ] player 4 placing token on slot 0
[21:33:04.213] [SEVERE ] removing player 4 token from slot 0
[21:33:04.213] [SEVERE ] player 4 placing token on slot 0
[21:33:04.214] [SEVERE ] removing player 4 token from slot 0
[21:33:04.215] [SEVERE ] player 4 placing token on slot 0
[21:33:04.217] [SEVERE ] player 5 placing token on slot 0
[21:33:04.217] [SEVERE ] removing player 4 token from slot 0
[21:33:04.217] [SEVERE ] player 3 placing token on slot 0
[21:33:04.219] [SEVERE ] removing player 3 token from slot 0
[21:33:04.222] [SEVERE ] player 3 placing token on slot 0
[21:33:04.223] [SEVERE ] removing player 3 token from slot 0
[21:33:04.223] [SEVERE ] player 3 placing token on slot 0
[21:33:04.223] [SEVERE ] removing player 3 token from slot 0
[21:33:04.223] [SEVERE ] player 3 placing token on slot 0
[21:33:04.223] [SEVERE ] removing player 3 token from slot 0
[21:33:04.224] [SEVERE ] player 3 placing token on slot 0
[21:33:04.224] [SEVERE ] removing player 3 token from slot 0
[21:33:04.224] [SEVERE ] player 3 placing token on slot 0
[21:33:04.224] [SEVERE ] removing player 3 token from slot 0
[21:33:04.224] [SEVERE ] player 3 placing token on slot 0
[21:33:04.224] [SEVERE ] removing player 3 token from slot 0
[21:33:04.224] [SEVERE ] player 3 placing token on slot 0
[21:33:04.225] [SEVERE ] removing player 3 token from slot 0
[21:33:04.225] [SEVERE ] player 3 placing token on slot 0
[21:33:04.225] [SEVERE ] removing player 3 token from slot 0
[21:33:04.225] [SEVERE ] player 3 placing token on slot 0
[21:33:04.225] [SEVERE ] removing player 3 token from slot 0
[21:33:04.225] [SEVERE ] player 3 placing token on slot 0
[21:33:04.225] [SEVERE ] removing player 3 token from slot 0
[21:33:04.226] [SEVERE ] player 3 placing token on slot 0
[21:33:04.226] [SEVERE ] removing player 3 token from slot 0
[21:33:04.226] [SEVERE ] player 3 placing token on slot 0
[21:33:04.226] [SEVERE ] removing player 3 token from slot 0
[21:33:04.229] [SEVERE ] player 3 placing token on slot 0
[21:33:04.232] [SEVERE ] removing player 3 token from slot 0
[21:33:04.233] [SEVERE ] player 3 placing token on slot 0
[21:33:04.234] [SEVERE ] removing player 3 token from slot 0
[21:33:04.234] [SEVERE ] player 3 placing token on slot 0
[21:33:04.234] [SEVERE ] removing player 3 token from slot 0
[21:33:04.235] [SEVERE ] player 3 placing token on slot 0
[21:33:04.235] [SEVERE ] removing player 3 token from slot 0
[21:33:04.235] [SEVERE ] player 3 placing token on slot 0
[21:33:04.235] [SEVERE ] removing player 3 token from slot 0
[21:33:04.236] [SEVERE ] player 3 placing token on slot 0
[21:33:04.236] [SEVERE ] removing player 3 token from slot 0
[21:33:04.236] [SEVERE ] player 3 placing token on slot 0
[21:33:04.236] [SEVERE ] removing player 3 token from slot 0
[21:33:04.237] [SEVERE ] player 3 placing token on slot 0
[21:33:04.237] [SEVERE ] removing player 3 token from slot 0
[21:33:04.237] [SEVERE ] player 3 placing token on slot 0
[21:33:04.239] [SEVERE ] removing player 3 token from slot 0
[21:33:04.239] [SEVERE ] player 3 placing token on slot 0
[21:33:04.240] [SEVERE ] removing player 3 token from slot 0
[21:33:04.240] [SEVERE ] player 3 placing token on slot 0
[21:33:04.240] [SEVERE ] removing player 3 token from slot 0
[21:33:04.240] [SEVERE ] player 3 placing token on slot 0
[21:33:04.240] [SEVERE ] removing player 3 token from slot 0
[21:33:04.240] [SEVERE ] player 3 placing token on slot 0
[21:33:04.240] [SEVERE ] removing player 3 token from slot 0
[21:33:04.240] [SEVERE ] player 3 placing token on slot 0
[21:33:04.240] [SEVERE ] removing player 3 token from slot 0
[21:33:04.240] [SEVERE ] player 3 placing token on slot 0
[21:33:04.240] [SEVERE ] removing player 3 token from slot 0
[21:33:04.241] [SEVERE ] player 3 placing token on slot 0
[21:33:04.241] [SEVERE ] removing player 3 token from slot 0
[21:33:04.241] [SEVERE ] player 3 placing token on slot 0
[21:33:04.241] [SEVERE ] removing player 3 token from slot 0
[21:33:04.241] [SEVERE ] player 3 placing token on slot 0
[21:33:04.241] [SEVERE ] removing player 3 token from slot 0
[21:33:04.241] [SEVERE ] player 3 placing token on slot 0
[21:33:04.241] [SEVERE ] removing player 3 token from slot 0
[21:33:04.241] [SEVERE ] player 3 placing token on slot 0
[21:33:04.241] [SEVERE ] removing player 3 token from slot 0
[21:33:04.241] [SEVERE ] player 3 placing token on slot 0
[21:33:04.241] [SEVERE ] removing player 3 token from slot 0
[21:33:04.242] [SEVERE ] player 3 placing token on slot 0
[21:33:04.242] [SEVERE ] removing player 3 token from slot 0
[21:33:04.242] [SEVERE ] player 3 placing token on slot 0
[21:33:04.242] [SEVERE ] removing player 3 token from slot 0
[21:33:04.242] [SEVERE ] player 3 placing token on slot 0
[21:33:04.242] [SEVERE ] removing player 3 token from slot 0
[21:33:04.242] [SEVERE ] player 3 placing token on slot 0
[21:33:04.242] [SEVERE ] removing player 3 token from slot 0
[21:33:04.242] [SEVERE ] player 3 placing token on slot 0
[21:33:04.242] [SEVERE ] removing player 3 token from slot 0
[21:33:04.242] [SEVERE ] player 3 placing token on slot 0
[21:33:04.243] [SEVERE ] removing player 3 token from slot 0
[21:33:04.243] [SEVERE ] player 3 placing token on slot 0
[21:33:04.243] [SEVERE ] removing player 3 token from slot 0
[21:33:04.243] [SEVERE ] player 3 placing token on slot 0
[21:33:04.243] [SEVERE ] removing player 3 token from slot 0
[21:33:04.243] [SEVERE ] player 3 placing token on slot 0
[21:33:04.243] [SEVERE ] removing player 3 token from slot 0
[21:33:04.217] [SEVERE ] player 2 placing token on slot 0
[21:33:04.243] [SEVERE ] removing player 2 token from slot 0
[21:33:04.244] [SEVERE ] player 2 placing token on slot 0
[21:33:04.244] [SEVERE ] removing player 2 token from slot 0
[21:33:04.244] [SEVERE ] player 2 placing token on slot 0
[21:33:04.244] [SEVERE ] removing player 2 token from slot 0
[21:33:04.244] [SEVERE ] player 2 placing token on slot 0
[21:33:04.244] [SEVERE ] removing player 2 token from slot 0
[21:33:04.244] [SEVERE ] player 2 placing token on slot 0
[21:33:04.244] [SEVERE ] removing player 2 token from slot 0
[21:33:04.244] [SEVERE ] player 2 placing token on slot 0
[21:33:04.245] [SEVERE ] removing player 2 token from slot 0
[21:33:04.245] [SEVERE ] player 2 placing token on slot 0
[21:33:04.245] [SEVERE ] removing player 2 token from slot 0
[21:33:04.245] [SEVERE ] player 2 placing token on slot 0
[21:33:04.245] [SEVERE ] removing player 2 token from slot 0
[21:33:04.245] [SEVERE ] player 2 placing token on slot 0
[21:33:04.245] [SEVERE ] removing player 2 token from slot 0
[21:33:04.245] [SEVERE ] player 2 placing token on slot 0
[21:33:04.246] [SEVERE ] removing player 2 token from slot 0
[21:33:04.246] [SEVERE ] player 2 placing token on slot 0
[21:33:04.248] [SEVERE ] removing player 2 token from slot 0
[21:33:04.243] [SEVERE ] player 3 placing token on slot 0
[21:33:04.219] [SEVERE ] removing player 5 token from slot 0
[21:33:04.253] [SEVERE ] removing player 3 token from slot 0
[21:33:04.217] [SEVERE ] player 4 placing token on slot 0
[21:33:04.255] [SEVERE ] player 3 placing token on slot 0
[21:33:04.253] [SEVERE ] player 5 placing token on slot 0
[21:33:04.255] [SEVERE ] removing player 4 token from slot 0
[21:33:04.255] [SEVERE ] player 4 placing token on slot 0
[21:33:04.256] [SEVERE ] removing player 3 token from slot 0
[21:33:04.256] [SEVERE ] player 3 placing token on slot 0
[21:33:04.255] [SEVERE ] removing player 5 token from slot 0
[21:33:04.258] [SEVERE ] removing player 3 token from slot 0
[21:33:04.258] [SEVERE ] player 5 placing token on slot 0
[21:33:04.259] [SEVERE ] player 3 placing token on slot 0
[21:33:04.259] [SEVERE ] placing card 19 in slot 1
[21:33:04.259] [SEVERE ] player 5 placing token on slot 1
[21:33:04.260] [SEVERE ] removing player 5 token from slot 0
[21:33:04.260] [SEVERE ] player 5 placing token on slot 0
[21:33:04.260] [SEVERE ] removing player 5 token from slot 0
[21:33:04.261] [SEVERE ] removing player 4 token from slot 0
[21:33:04.261] [SEVERE ] player 4 placing token on slot 0
[21:33:04.261] [SEVERE ] removing player 5 token from slot 1
[21:33:04.260] [SEVERE ] player 2 placing token on slot 0
[21:33:04.261] [SEVERE ] player 2 placing token on slot 1
[21:33:04.261] [SEVERE ] player 4 placing token on slot 1
[21:33:04.262] [SEVERE ] removing player 4 token from slot 1
[21:33:04.262] [SEVERE ] removing player 3 token from slot 0
[21:33:04.262] [SEVERE ] player 3 placing token on slot 0
[21:33:04.265] [SEVERE ] player 3 placing token on slot 1
[21:33:04.262] [SEVERE ] player 5 placing token on slot 0
[21:33:04.265] [SEVERE ] player 5 placing token on slot 1
[21:33:04.265] [SEVERE ] removing player 5 token from slot 1
[21:33:04.265] [SEVERE ] player 4 placing token on slot 1
[21:33:04.265] [SEVERE ] removing player 4 token from slot 0
[21:33:04.266] [SEVERE ] removing player 5 token from slot 0
[21:33:04.265] [SEVERE ] removing player 3 token from slot 1
[21:33:04.266] [SEVERE ] removing player 4 token from slot 1
[21:33:04.266] [SEVERE ] player 4 placing token on slot 1
[21:33:04.266] [SEVERE ] removing player 4 token from slot 1
[21:33:04.266] [SEVERE ] removing player 2 token from slot 0
[21:33:04.266] [SEVERE ] player 2 placing token on slot 0
[21:33:04.266] [SEVERE ] player 5 placing token on slot 1
[21:33:04.266] [SEVERE ] player 5 placing token on slot 0
[21:33:04.266] [SEVERE ] removing player 5 token from slot 1
[21:33:04.266] [SEVERE ] player 5 placing token on slot 1
[21:33:04.267] [SEVERE ] removing player 2 token from slot 0
[21:33:04.267] [SEVERE ] player 2 placing token on slot 0
[21:33:04.267] [SEVERE ] removing player 2 token from slot 1
[21:33:04.267] [SEVERE ] removing player 2 token from slot 0
[21:33:04.267] [SEVERE ] player 2 placing token on slot 1
[21:33:04.267] [SEVERE ] removing player 2 token from slot 1
[21:33:04.267] [SEVERE ] player 2 placing token on slot 1
[21:33:04.267] [SEVERE ] player 2 placing token on slot 0
[21:33:04.267] [SEVERE ] removing player 2 token from slot 0
[21:33:04.267] [SEVERE ] player 2 placing token on slot 0
[21:33:04.268] [SEVERE ] removing player 2 token from slot 1
[21:33:04.268] [SEVERE ] player 2 placing token on slot 1
[21:33:04.268] [SEVERE ] removing player 2 token from slot 1
[21:33:04.268] [SEVERE ] player 2 placing token on slot 1
[21:33:04.268] [SEVERE ] removing player 2 token from slot 1
[21:33:04.268] [SEVERE ] removing player 2 token from slot 0
[21:33:04.268] [SEVERE ] player 2 placing token on slot 1
[21:33:04.268] [SEVERE ] player 2 placing token on slot 0
[21:33:04.268] [SEVERE ] removing player 2 token from slot 0
[21:33:04.268] [SEVERE ] removing player 2 token from slot 1
[21:33:04.268] [SEVERE ] player 2 placing token on slot 1
[21:33:04.268] [SEVERE ] removing player 2 token from slot 1
[21:33:04.269] [SEVERE ] player 2 placing token on slot 0
[21:33:04.269] [SEVERE ] player 2 placing token on slot 1
[21:33:04.269] [SEVERE ] removing player 2 token from slot 0
[21:33:04.269] [SEVERE ] removing player 2 token from slot 1
[21:33:04.269] [SEVERE ] player 2 placing token on slot 1
[21:33:04.269] [SEVERE ] removing player 2 token from slot 1
[21:33:04.269] [SEVERE ] player 2 placing token on slot 1
[21:33:04.269] [SEVERE ] player 2 placing token on slot 0
[21:33:04.269] [SEVERE ] removing player 2 token from slot 1
[21:33:04.269] [SEVERE ] removing player 2 token from slot 0
[21:33:04.270] [SEVERE ] player 2 placing token on slot 1
[21:33:04.270] [SEVERE ] removing player 2 token from slot 1
[21:33:04.270] [SEVERE ] player 2 placing token on slot 1
[21:33:04.270] [SEVERE ] player 2 placing token on slot 0
[21:33:04.270] [SEVERE ] removing player 2 token from slot 0
[21:33:04.270] [SEVERE ] player 2 placing token on slot 0
[21:33:04.270] [SEVERE ] removing player 2 token from slot 1
[21:33:04.270] [SEVERE ] player 2 placing token on slot 1
[21:33:04.270] [SEVERE ] removing player 2 token from slot 1
[21:33:04.270] [SEVERE ] player 2 placing token on slot 1
[21:33:04.270] [SEVERE ] removing player 2 token from slot 0
[21:33:04.271] [SEVERE ] removing player 2 token from slot 1
[21:33:04.271] [SEVERE ] player 2 placing token on slot 1
[21:33:04.271] [SEVERE ] player 2 placing token on slot 0
[21:33:04.271] [SEVERE ] removing player 2 token from slot 0
[21:33:04.271] [SEVERE ] player 2 placing token on slot 0
[21:33:04.274] [SEVERE ] removing player 2 token from slot 0
[21:33:04.275] [SEVERE ] player 2 placing token on slot 0
[21:33:04.275] [SEVERE ] removing player 2 token from slot 0
[21:33:04.275] [SEVERE ] removing player 2 token from slot 1
[21:33:04.275] [SEVERE ] player 2 placing token on slot 0
[21:33:04.276] [SEVERE ] player 2 placing token on slot 1
[21:33:04.276] [SEVERE ] removing player 2 token from slot 1
[21:33:04.276] [SEVERE ] removing player 2 token from slot 0
[21:33:04.277] [SEVERE ] player 2 placing token on slot 0
[21:33:04.277] [SEVERE ] removing player 2 token from slot 0
[21:33:04.277] [SEVERE ] player 2 placing token on slot 1
[21:33:04.277] [SEVERE ] removing player 2 token from slot 1
[21:33:04.277] [SEVERE ] player 2 placing token on slot 1
[21:33:04.277] [SEVERE ] removing player 2 token from slot 1
[21:33:04.278] [SEVERE ] player 2 placing token on slot 1
[21:33:04.278] [SEVERE ] removing player 2 token from slot 1
[21:33:04.278] [SEVERE ] player 2 placing token on slot 1
[21:33:04.279] [SEVERE ] removing player 2 token from slot 1
[21:33:04.279] [SEVERE ] player 2 placing token on slot 1
[21:33:04.279] [SEVERE ] removing player 2 token from slot 1
[21:33:04.284] [SEVERE ] player 2 placing token on slot 1
[21:33:04.284] [SEVERE ] removing player 2 token from slot 1
[21:33:04.284] [SEVERE ] player 2 placing token on slot 0
[21:33:04.284] [SEVERE ] removing player 2 token from slot 0
[21:33:04.285] [SEVERE ] player 2 placing token on slot 0
[21:33:04.285] [SEVERE ] removing player 2 token from slot 0
[21:33:04.285] [SEVERE ] player 2 placing token on slot 0
[21:33:04.285] [SEVERE ] player 2 placing token on slot 1
[21:33:04.285] [SEVERE ] removing player 2 token from slot 0
[21:33:04.285] [SEVERE ] removing player 2 token from slot 1
[21:33:04.285] [SEVERE ] player 2 placing token on slot 1
[21:33:04.285] [SEVERE ] removing player 2 token from slot 1
[21:33:04.285] [SEVERE ] player 2 placing token on slot 0
[21:33:04.285] [SEVERE ] player 2 placing token on slot 1
[21:33:04.285] [SEVERE ] removing player 2 token from slot 1
[21:33:04.286] [SEVERE ] removing player 2 token from slot 0
[21:33:04.286] [SEVERE ] player 2 placing token on slot 1
[21:33:04.286] [SEVERE ] removing player 2 token from slot 1
[21:33:04.286] [SEVERE ] player 2 placing token on slot 1
[21:33:04.286] [SEVERE ] player 2 placing token on slot 0
[21:33:04.286] [SEVERE ] removing player 2 token from slot 1
[21:33:04.286] [SEVERE ] removing player 2 token from slot 0
[21:33:04.286] [SEVERE ] player 2 placing token on slot 0
[21:33:04.286] [SEVERE ] removing player 2 token from slot 0
[21:33:04.286] [SEVERE ] player 2 placing token on slot 0
[21:33:04.286] [SEVERE ] removing player 2 token from slot 0
[21:33:04.286] [SEVERE ] player 2 placing token on slot 0
[21:33:04.286] [SEVERE ] player 2 placing token on slot 1
[21:33:04.287] [SEVERE ] removing player 2 token from slot 1
[21:33:04.287] [SEVERE ] player 2 placing token on slot 1
[21:33:04.287] [SEVERE ] removing player 2 token from slot 0
[21:33:04.287] [SEVERE ] removing player 2 token from slot 1
[21:33:04.287] [SEVERE ] player 2 placing token on slot 0
[21:33:04.287] [SEVERE ] player 2 placing token on slot 1
[21:33:04.287] [SEVERE ] removing player 2 token from slot 0
[21:33:04.287] [SEVERE ] player 2 placing token on slot 0
[21:33:04.287] [SEVERE ] removing player 2 token from slot 0
[21:33:04.287] [SEVERE ] player 2 placing token on slot 0
[21:33:04.288] [SEVERE ] removing player 2 token from slot 0
[21:33:04.288] [SEVERE ] removing player 2 token from slot 1
[21:33:04.288] [SEVERE ] player 2 placing token on slot 1
[21:33:04.288] [SEVERE ] player 2 placing token on slot 0
[21:33:04.288] [SEVERE ] removing player 2 token from slot 1
[21:33:04.288] [SEVERE ] player 2 placing token on slot 1
[21:33:04.288] [SEVERE ] removing player 2 token from slot 0
[21:33:04.288] [SEVERE ] removing player 2 token from slot 1
[21:33:04.288] [SEVERE ] player 2 placing token on slot 0
[21:33:04.288] [SEVERE ] player 2 placing token on slot 1
[21:33:04.288] [SEVERE ] removing player 2 token from slot 0
[21:33:04.288] [SEVERE ] removing player 2 token from slot 1
[21:33:04.288] [SEVERE ] player 2 placing token on slot 0
[21:33:04.288] [SEVERE ] removing player 2 token from slot 0
[21:33:04.288] [SEVERE ] player 2 placing token on slot 1
[21:33:04.289] [SEVERE ] player 2 placing token on slot 0
[21:33:04.289] [SEVERE ] removing player 2 token from slot 1
[21:33:04.289] [SEVERE ] removing player 2 token from slot 0
[21:33:04.289] [SEVERE ] player 2 placing token on slot 1
[21:33:04.289] [SEVERE ] player 2 placing token on slot 0
[21:33:04.289] [SEVERE ] removing player 2 token from slot 0
[21:33:04.289] [SEVERE ] removing player 2 token from slot 1
[21:33:04.290] [SEVERE ] player 2 placing token on slot 0
[21:33:04.290] [SEVERE ] player 2 placing token on slot 1
[21:33:04.290] [SEVERE ] removing player 2 token from slot 0
[21:33:04.290] [SEVERE ] player 2 placing token on slot 0
[21:33:04.290] [SEVERE ] removing player 2 token from slot 0
[21:33:04.290] [SEVERE ] removing player 2 token from slot 1
[21:33:04.290] [SEVERE ] player 2 placing token on slot 0
[21:33:04.290] [SEVERE ] player 2 placing token on slot 1
[21:33:04.290] [SEVERE ] removing player 2 token from slot 1
[21:33:04.290] [SEVERE ] removing player 2 token from slot 0
[21:33:04.291] [SEVERE ] player 2 placing token on slot 1
[21:33:04.291] [SEVERE ] player 2 placing token on slot 0
[21:33:04.291] [SEVERE ] removing player 2 token from slot 1
[21:33:04.291] [SEVERE ] player 2 placing token on slot 1
[21:33:04.291] [SEVERE ] removing player 2 token from slot 0
[21:33:04.291] [SEVERE ] removing player 2 token from slot 1
[21:33:04.291] [SEVERE ] player 2 placing token on slot 0
[21:33:04.291] [SEVERE ] player 2 placing token on slot 1
[21:33:04.291] [SEVERE ] removing player 2 token from slot 0
[21:33:04.291] [SEVERE ] removing player 2 token from slot 1
[21:33:04.291] [SEVERE ] player 2 placing token on slot 0
[21:33:04.291] [SEVERE ] removing player 2 token from slot 0
[21:33:04.291] [SEVERE ] player 2 placing token on slot 1
[21:33:04.291] [SEVERE ] player 2 placing token on slot 0
[21:33:04.291] [SEVERE ] removing player 2 token from slot 1
[21:33:04.291] [SEVERE ] player 2 placing token on slot 1
[21:33:04.291] [SEVERE ] removing player 2 token from slot 1
[21:33:04.291] [SEVERE ] player 2 placing token on slot 1
[21:33:04.292] [SEVERE ] removing player 2 token from slot 0
[21:33:04.292] [SEVERE ] player 2 placing token on slot 0
[21:33:04.292] [SEVERE ] removing player 2 token from slot 1
[21:33:04.292] [SEVERE ] player 2 placing token on slot 1
[21:33:04.292] [SEVERE ] removing player 2 token from slot 1
[21:33:04.292] [SEVERE ] removing player 2 token from slot 0
[21:33:04.292] [SEVERE ] player 2 placing token on slot 1
[21:33:04.292] [SEVERE ] removing player 2 token from slot 1
[21:33:04.292] [SEVERE ] player 2 placing token on slot 0
[21:33:04.292] [SEVERE ] removing player 2 token from slot 0
[21:33:04.292] [SEVERE ] player 2 placing token on slot 0
[21:33:04.293] [SEVERE ] player 2 placing token on slot 1
[21:33:04.266] [SEVERE ] removing player 3 token from slot 0
[21:33:04.298] [SEVERE ] player 3 placing token on slot 1
[21:33:04.284] [SEVERE ] removing player 5 token from slot 0
[21:33:04.301] [SEVERE ] removing player 5 token from slot 1
[21:33:04.306] [SEVERE ] player 5 placing token on slot 0
[21:33:04.306] [SEVERE ] player 5 placing token on slot 1
[21:33:04.306] [SEVERE ] removing player 2 token from slot 0
[21:33:04.306] [SEVERE ] removing player 2 token from slot 1
[21:33:04.267] [SEVERE ] player 4 placing token on slot 1
[21:33:04.307] [SEVERE ] player 2 placing token on slot 1
[21:33:04.308] [SEVERE ] player 2 placing token on slot 0
[21:33:04.308] [SEVERE ] removing player 2 token from slot 0
[21:33:04.313] [SEVERE ] removing player 2 token from slot 1
[21:33:04.299] [SEVERE ] removing player 3 token from slot 1
[21:33:04.319] [SEVERE ] player 3 placing token on slot 1
[21:33:04.319] [SEVERE ] removing player 3 token from slot 1
[21:33:04.322] [SEVERE ] player 2 placing token on slot 0
[21:33:04.322] [SEVERE ] removing player 2 token from slot 0
[21:33:04.322] [SEVERE ] player 3 placing token on slot 1
[21:33:04.322] [SEVERE ] player 3 placing token on slot 0
[21:33:04.322] [SEVERE ] removing player 3 token from slot 1
[21:33:04.322] [SEVERE ] player 3 placing token on slot 1
[21:33:04.308] [SEVERE ] removing player 5 token from slot 1
[21:33:04.322] [SEVERE ] player 2 placing token on slot 0
[21:33:04.329] [SEVERE ] player 2 placing token on slot 1
[21:33:04.329] [SEVERE ] removing player 3 token from slot 1
[21:33:04.333] [SEVERE ] removing player 2 token from slot 0
[21:33:04.333] [SEVERE ] removing player 5 token from slot 0
[21:33:04.338] [SEVERE ] player 2 placing token on slot 0
[21:33:04.338] [SEVERE ] player 5 placing token on slot 0
[21:33:04.338] [SEVERE ] player 5 placing token on slot 1
[21:33:04.338] [SEVERE ] removing player 5 token from slot 1
[21:33:04.338] [SEVERE ] removing player 5 token from slot 0
[21:33:04.340] [SEVERE ] removing player 2 token from slot 1
[21:33:04.340] [SEVERE ] removing player 2 token from slot 0
[21:33:04.340] [SEVERE ] player 5 placing token on slot 0
[21:33:04.340] [SEVERE ] player 5 placing token on slot 1
[21:33:04.340] [SEVERE ] player 2 placing token on slot 0
[21:33:04.340] [SEVERE ] removing player 5 token from slot 1
[21:33:04.341] [SEVERE ] player 5 placing token on slot 1
[21:33:04.341] [SEVERE ] removing player 5 token from slot 0
[21:33:04.341] [SEVERE ] player 5 placing token on slot 0
[21:33:04.341] [SEVERE ] removing player 4 token from slot 1
[21:33:04.349] [SEVERE ] removing player 3 token from slot 0
[21:33:04.349] [SEVERE ] player 3 placing token on slot 0
[21:33:04.350] [SEVERE ] removing player 3 token from slot 0
[21:33:04.350] [SEVERE ] player 3 placing token on slot 0
[21:33:04.340] [SEVERE ] player 2 placing token on slot 1
[21:33:04.350] [SEVERE ] removing player 3 token from slot 0
[21:33:04.341] [SEVERE ] removing player 5 token from slot 1
[21:33:04.350] [SEVERE ] player 3 placing token on slot 1
[21:33:04.350] [SEVERE ] removing player 2 token from slot 1
[21:33:04.350] [SEVERE ] player 3 placing token on slot 0
[21:33:04.350] [SEVERE ] player 5 placing token on slot 1
[21:33:04.350] [SEVERE ] removing player 3 token from slot 1
[21:33:04.350] [SEVERE ] removing player 2 token from slot 0
[21:33:04.350] [SEVERE ] removing player 3 token from slot 0
[21:33:04.350] [SEVERE ] removing player 5 token from slot 1
[21:33:04.350] [SEVERE ] player 2 placing token on slot 1
[21:33:04.355] [SEVERE ] removing player 2 token from slot 1
[21:33:04.355] [SEVERE ] player 2 placing token on slot 1
[21:33:04.355] [SEVERE ] removing player 2 token from slot 1
[21:33:04.355] [SEVERE ] player 2 placing token on slot 0
[21:33:04.355] [SEVERE ] player 2 placing token on slot 1
[21:33:04.355] [SEVERE ] removing player 2 token from slot 1
[21:33:04.355] [SEVERE ] player 2 placing token on slot 1
[21:33:04.355] [SEVERE ] removing player 2 token from slot 0
[21:33:04.355] [SEVERE ] removing player 2 token from slot 1
[21:33:04.355] [SEVERE ] player 2 placing token on slot 1
[21:33:04.355] [SEVERE ] removing player 2 token from slot 1
[21:33:04.355] [SEVERE ] player 2 placing token on slot 0
[21:33:04.355] [SEVERE ] removing player 2 token from slot 0
[21:33:04.356] [SEVERE ] player 2 placing token on slot 0
[21:33:04.356] [SEVERE ] player 2 placing token on slot 1
[21:33:04.356] [SEVERE ] removing player 2 token from slot 1
[21:33:04.356] [SEVERE ] removing player 2 token from slot 0
[21:33:04.356] [SEVERE ] player 2 placing token on slot 0
[21:33:04.356] [SEVERE ] removing player 2 token from slot 0
[21:33:04.356] [SEVERE ] player 2 placing token on slot 1
[21:33:04.356] [SEVERE ] removing player 2 token from slot 1
[21:33:04.356] [SEVERE ] player 2 placing token on slot 0
[21:33:04.356] [SEVERE ] player 2 placing token on slot 1
[21:33:04.356] [SEVERE ] removing player 2 token from slot 0
[21:33:04.356] [SEVERE ] player 2 placing token on slot 0
[21:33:04.356] [SEVERE ] removing player 2 token from slot 0
[21:33:04.356] [SEVERE ] player 2 placing token on slot 0
[21:33:04.357] [SEVERE ] removing player 2 token from slot 0
[21:33:04.357] [SEVERE ] player 2 placing token on slot 0
[21:33:04.357] [SEVERE ] removing player 2 token from slot 0
[21:33:04.357] [SEVERE ] player 2 placing token on slot 0
[21:33:04.357] [SEVERE ] removing player 2 token from slot 1
[21:33:04.357] [SEVERE ] removing player 2 token from slot 0
[21:33:04.357] [SEVERE ] player 2 placing token on slot 0
[21:33:04.357] [SEVERE ] player 2 placing token on slot 1
[21:33:04.357] [SEVERE ] removing player 2 token from slot 1
[21:33:04.357] [SEVERE ] player 2 placing token on slot 1
[21:33:04.357] [SEVERE ] removing player 2 token from slot 0
[21:33:04.357] [SEVERE ] player 2 placing token on slot 0
[21:33:04.357] [SEVERE ] removing player 2 token from slot 1
[21:33:04.357] [SEVERE ] player 2 placing token on slot 1
[21:33:04.358] [SEVERE ] removing player 2 token from slot 1
[21:33:04.358] [SEVERE ] removing player 2 token from slot 0
[21:33:04.358] [SEVERE ] player 2 placing token on slot 0
[21:33:04.358] [SEVERE ] removing player 2 token from slot 0
[21:33:04.359] [SEVERE ] player 2 placing token on slot 1
[21:33:04.359] [SEVERE ] removing player 2 token from slot 1
[21:33:04.359] [SEVERE ] player 2 placing token on slot 0
[21:33:04.359] [SEVERE ] removing player 2 token from slot 0
[21:33:04.350] [SEVERE ] player 4 placing token on slot 1
[21:33:04.350] [SEVERE ] player 3 placing token on slot 0
[21:33:04.364] [SEVERE ] removing player 3 token from slot 0
[21:33:04.364] [SEVERE ] player 3 placing token on slot 0
[21:33:04.362] [SEVERE ] player 2 placing token on slot 0
[21:33:04.354] [SEVERE ] removing player 5 token from slot 0
[21:33:04.370] [SEVERE ] removing player 2 token from slot 0
[21:33:04.368] [SEVERE ] placing card 4 in slot 2
[21:33:04.368] [SEVERE ] removing player 4 token from slot 1
[21:33:04.368] [SEVERE ] player 3 placing token on slot 1
[21:33:04.371] [SEVERE ] player 4 placing token on slot 2
[21:33:04.372] [SEVERE ] player 3 placing token on slot 2
[21:33:04.370] [SEVERE ] player 2 placing token on slot 1
[21:33:04.375] [SEVERE ] player 2 placing token on slot 2
[21:33:04.375] [SEVERE ] removing player 2 token from slot 2
[21:33:04.376] [SEVERE ] player 4 placing token on slot 1
[21:33:04.376] [SEVERE ] removing player 4 token from slot 1
[21:33:04.376] [SEVERE ] player 4 placing token on slot 1
[21:33:04.376] [SEVERE ] removing player 4 token from slot 2
[21:33:04.370] [SEVERE ] player 5 placing token on slot 0
[21:33:04.376] [SEVERE ] player 5 placing token on slot 2
[21:33:04.377] [SEVERE ] player 5 placing token on slot 1
[21:33:04.378] [SEVERE ] removing player 4 token from slot 1
[21:33:04.381] [SEVERE ] player 2 placing token on slot 2
[21:33:04.389] [SEVERE ] removing player 2 token from slot 2
[21:33:04.390] [SEVERE ] player 4 placing token on slot 1
[21:33:04.390] [SEVERE ] removing player 4 token from slot 1
[21:33:04.390] [SEVERE ] player 4 placing token on slot 2
[21:33:04.391] [SEVERE ] player 4 placing token on slot 1
[21:33:04.391] [SEVERE ] player 4 placing token on slot 0
[21:33:04.392] [SEVERE ] player 2 placing token on slot 2
[21:33:04.397] [SEVERE ] player 2 placing token on slot 0
[21:33:04.476] [SEVERE ] placing card 21 in slot 3
[21:33:04.587] [SEVERE ] placing card 57 in slot 4
[21:33:04.698] [SEVERE ] placing card 32 in slot 5
[21:33:04.810] [SEVERE ] placing card 60 in slot 6
[21:33:04.920] [SEVERE ] placing card 33 in slot 7
[21:33:05.030] [SEVERE ] placing card 23 in slot 8
[21:33:05.140] [SEVERE ] placing card 14 in slot 9
[21:33:05.248] [SEVERE ] placing card 24 in slot 10
[21:33:05.358] [SEVERE ] placing card 11 in slot 11
[21:33:05.374] [SEVERE ] setting player 3 freeze to 16984
[21:33:05.374] [SEVERE ] updating countdown to 19984
[21:33:05.390] [SEVERE ] setting player 5 freeze to 16968
[21:33:05.390] [SEVERE ] updating countdown to 19968
[21:33:05.406] [SEVERE ] setting player 4 freeze to 16952
[21:33:05.406] [SEVERE ] updating countdown to 19952
[21:33:05.422] [SEVERE ] setting player 2 freeze to 16936
[21:33:05.422] [SEVERE ] updating countdown to 19936
[21:33:05.438] [SEVERE ] updating countdown to 19920
[21:33:05.454] [SEVERE ] updating countdown to 19904
[21:33:05.470] [SEVERE ] updating countdown to 19888
[21:33:05.486] [SEVERE ] updating countdown to 19872
[21:33:05.502] [SEVERE ] updating countdown to 19856
[21:33:05.518] [SEVERE ] updating countdown to 19840
[21:33:05.534] [SEVERE ] updating countdown to 19824
[21:33:05.549] [SEVERE ] updating countdown to 19809
[21:33:05.564] [SEVERE ] updating countdown to 19794
[21:33:05.579] [SEVERE ] updating countdown to 19779
[21:33:05.594] [SEVERE ] updating countdown to 19764
[21:33:05.610] [SEVERE ] updating countdown to 19748
[21:33:05.625] [SEVERE ] updating countdown to 19733
[21:33:05.640] [SEVERE ] updating countdown to 19718
[21:33:05.657] [SEVERE ] updating countdown to 19701
[21:33:05.672] [SEVERE ] updating countdown to 19686
[21:33:05.688] [SEVERE ] updating countdown to 19670
[21:33:05.704] [SEVERE ] updating countdown to 19654
[21:33:05.720] [SEVERE ] updating countdown to 19638
[21:33:05.735] [SEVERE ] updating countdown to 19623
[21:33:05.751] [SEVERE ] updating countdown to 19607
[21:33:05.767] [SEVERE ] updating countdown to 19591
[21:33:05.783] [SEVERE ] updating countdown to 19575
[21:33:05.799] [SEVERE ] updating countdown to 19559
[21:33:05.815] [SEVERE ] updating countdown to 19543
[21:33:05.831] [SEVERE ] updating countdown to 19527
[21:33:05.847] [SEVERE ] updating countdown to 19511
[21:33:05.863] [SEVERE ] updating countdown to 19495
[21:33:05.879] [SEVERE ] updating countdown to 19479
[21:33:05.895] [SEVERE ] updating countdown to 19463
[21:33:05.911] [SEVERE ] updating countdown to 19447
[21:33:05.926] [SEVERE ] updating countdown to 19432
[21:33:05.942] [SEVERE ] updating countdown to 19416
[21:33:05.958] [SEVERE ] updating countdown to 19400
[21:33:05.974] [SEVERE ] updating countdown to 19384
[21:33:05.988] [SEVERE ] updating countdown to 19370
[21:33:06.004] [SEVERE ] updating countdown to 19354
[21:33:06.020] [SEVERE ] updating countdown to 19338
[21:33:06.035] [SEVERE ] updating countdown to 19323
[21:33:06.051] [SEVERE ] updating countdown to 19307
[21:33:06.067] [SEVERE ] updating countdown to 19291
[21:33:06.083] [SEVERE ] updating countdown to 19275
[21:33:06.099] [SEVERE ] updating countdown to 19259
[21:33:06.115] [SEVERE ] updating countdown to 19243
[21:33:06.131] [SEVERE ] updating countdown to 19227
[21:33:06.147] [SEVERE ] updating countdown to 19211
[21:33:06.162] [SEVERE ] updating countdown to 19196
[21:33:06.177] [SEVERE ] updating countdown to 19181
[21:33:06.193] [SEVERE ] updating countdown to 19165
[21:33:06.209] [SEVERE ] updating countdown to 19149
[21:33:06.226] [SEVERE ] updating countdown to 19132
[21:33:06.242] [SEVERE ] updating countdown to 19116
[21:33:06.257] [SEVERE ] updating countdown to 19101
[21:33:06.272] [SEVERE ] updating countdown to 19086
[21:33:06.288] [SEVERE ] updating countdown to 19070
[21:33:06.304] [SEVERE ] updating countdown to 19054
[21:33:06.319] [SEVERE ] updating countdown to 19039
[21:33:06.334] [SEVERE ] updating countdown to 19024
[21:33:06.350] [SEVERE ] updating countdown to 19008
[21:33:06.366] [SEVERE ] updating countdown to 18992
[21:33:06.382] [SEVERE ] updating countdown to 18976
[21:33:06.397] [SEVERE ] updating countdown to 18961
[21:33:06.412] [SEVERE ] updating countdown to 18946
[21:33:06.428] [SEVERE ] updating countdown to 18930
[21:33:06.444] [SEVERE ] updating countdown to 18914
[21:33:06.460] [SEVERE ] updating countdown to 18898
[21:33:06.475] [SEVERE ] updating countdown to 18883
[21:33:06.491] [SEVERE ] updating countdown to 18867
[21:33:06.506] [SEVERE ] updating countdown to 18852
[21:33:06.522] [SEVERE ] updating countdown to 18836
[21:33:06.537] [SEVERE ] updating countdown to 18821
[21:33:06.552] [SEVERE ] updating countdown to 18806
[21:33:06.568] [SEVERE ] updating countdown to 18790
[21:33:06.583] [SEVERE ] updating countdown to 18775
[21:33:06.599] [SEVERE ] updating countdown to 18759
[21:33:06.615] [SEVERE ] updating countdown to 18743
[21:33:06.630] [SEVERE ] updating countdown to 18728
[21:33:06.646] [SEVERE ] updating countdown to 18712
[21:33:06.661] [SEVERE ] updating countdown to 18697
[21:33:06.676] [SEVERE ] updating countdown to 18682
[21:33:06.692] [SEVERE ] updating countdown to 18666
[21:33:06.708] [SEVERE ] updating countdown to 18650
[21:33:06.724] [SEVERE ] updating countdown to 18634
[21:33:06.740] [SEVERE ] updating countdown to 18618
[21:33:06.756] [SEVERE ] updating countdown to 18602
[21:33:06.772] [SEVERE ] updating countdown to 18586
[21:33:06.788] [SEVERE ] updating countdown to 18570
[21:33:06.803] [SEVERE ] updating countdown to 18555
[21:33:06.818] [SEVERE ] updating countdown to 18540
[21:33:06.834] [SEVERE ] updating countdown to 18524
[21:33:06.850] [SEVERE ] updating countdown to 18508
[21:33:06.866] [SEVERE ] updating countdown to 18492
[21:33:06.882] [SEVERE ] updating countdown to 18476
[21:33:06.898] [SEVERE ] updating countdown to 18460
[21:33:06.913] [SEVERE ] updating countdown to 18445
[21:33:06.927] [SEVERE ] updating countdown to 18431
[21:33:06.943] [SEVERE ] updating countdown to 18415
[21:33:06.959] [SEVERE ] updating countdown to 18399
[21:33:06.975] [SEVERE ] updating countdown to 18383
[21:33:06.991] [SEVERE ] updating countdown to 18367
[21:33:07.007] [SEVERE ] updating countdown to 18351
[21:33:07.023] [SEVERE ] updating countdown to 18335
[21:33:07.039] [SEVERE ] updating countdown to 18319
[21:33:07.054] [SEVERE ] updating countdown to 18304
[21:33:07.070] [SEVERE ] updating countdown to 18288
[21:33:07.086] [SEVERE ] updating countdown to 18272
[21:33:07.102] [SEVERE ] updating countdown to 18256
[21:33:07.118] [SEVERE ] updating countdown to 18240
[21:33:07.133] [SEVERE ] updating countdown to 18225
[21:33:07.148] [SEVERE ] updating countdown to 18210
[21:33:07.164] [SEVERE ] updating countdown to 18194
[21:33:07.179] [SEVERE ] updating countdown to 18179
[21:33:07.195] [SEVERE ] updating countdown to 18163
[21:33:07.211] [SEVERE ] updating countdown to 18147
[21:33:07.227] [SEVERE ] updating countdown to 18131
[21:33:07.243] [SEVERE ] updating countdown to 18115
[21:33:07.259] [SEVERE ] updating countdown to 18099
[21:33:07.275] [SEVERE ] updating countdown to 18083
[21:33:07.291] [SEVERE ] updating countdown to 18067
[21:33:07.307] [SEVERE ] updating countdown to 18051
[21:33:07.323] [SEVERE ] updating countdown to 18035
[21:33:07.338] [SEVERE ] updating countdown to 18020
[21:33:07.353] [SEVERE ] updating countdown to 18005
[21:33:07.369] [SEVERE ] updating countdown to 17989
[21:33:07.384] [SEVERE ] updating countdown to 17974
[21:33:07.399] [SEVERE ] updating countdown to 17959
[21:33:07.415] [SEVERE ] updating countdown to 17943
[21:33:07.431] [SEVERE ] updating countdown to 17927
[21:33:07.446] [SEVERE ] updating countdown to 17912
[21:33:07.462] [SEVERE ] updating countdown to 17896
[21:33:07.477] [SEVERE ] updating countdown to 17881
[21:33:07.493] [SEVERE ] updating countdown to 17865
[21:33:07.509] [SEVERE ] updating countdown to 17849
[21:33:07.524] [SEVERE ] updating countdown to 17834
[21:33:07.539] [SEVERE ] updating countdown to 17819
[21:33:07.555] [SEVERE ] updating countdown to 17803
[21:33:07.570] [SEVERE ] updating countdown to 17788
[21:33:07.586] [SEVERE ] updating countdown to 17772
[21:33:07.601] [SEVERE ] updating countdown to 17757
[21:33:07.617] [SEVERE ] updating countdown to 17741
[21:33:07.633] [SEVERE ] updating countdown to 17725
[21:33:07.649] [SEVERE ] updating countdown to 17709
[21:33:07.664] [SEVERE ] updating countdown to 17694
[21:33:07.679] [SEVERE ] updating countdown to 17679
[21:33:07.695] [SEVERE ] updating countdown to 17663
[21:33:07.711] [SEVERE ] updating countdown to 17647
[21:33:07.727] [SEVERE ] updating countdown to 17631
[21:33:07.743] [SEVERE ] updating countdown to 17615
[21:33:07.759] [SEVERE ] updating countdown to 17599
[21:33:07.775] [SEVERE ] updating countdown to 17583
[21:33:07.791] [SEVERE ] updating countdown to 17567
[21:33:07.806] [SEVERE ] updating countdown to 17552
[21:33:07.821] [SEVERE ] updating countdown to 17537
[21:33:07.836] [SEVERE ] updating countdown to 17522
[21:33:07.851] [SEVERE ] updating countdown to 17507
[21:33:07.866] [SEVERE ] updating countdown to 17492
[21:33:07.882] [SEVERE ] updating countdown to 17476
[21:33:07.898] [SEVERE ] updating countdown to 17460
[21:33:07.914] [SEVERE ] updating countdown to 17444
[21:33:07.930] [SEVERE ] updating countdown to 17428
[21:33:07.946] [SEVERE ] updating countdown to 17412
[21:33:07.962] [SEVERE ] updating countdown to 17396
[21:33:07.978] [SEVERE ] updating countdown to 17380
[21:33:07.994] [SEVERE ] updating countdown to 17364
[21:33:08.010] [SEVERE ] updating countdown to 17348
[21:33:08.025] [SEVERE ] updating countdown to 17333
[21:33:08.040] [SEVERE ] updating countdown to 17318
[21:33:08.056] [SEVERE ] updating countdown to 17302
[21:33:08.072] [SEVERE ] updating countdown to 17286
[21:33:08.088] [SEVERE ] updating countdown to 17270
[21:33:08.104] [SEVERE ] updating countdown to 17254
[21:33:08.120] [SEVERE ] updating countdown to 17238
[21:33:08.135] [SEVERE ] updating countdown to 17223
[21:33:08.151] [SEVERE ] updating countdown to 17207
[21:33:08.167] [SEVERE ] updating countdown to 17191
[21:33:08.183] [SEVERE ] updating countdown to 17175
[21:33:08.199] [SEVERE ] updating countdown to 17159
[21:33:08.215] [SEVERE ] updating countdown to 17143
[21:33:08.231] [SEVERE ] updating countdown to 17127
[21:33:08.247] [SEVERE ] updating countdown to 17111
[21:33:08.263] [SEVERE ] updating countdown to 17095
[21:33:08.279] [SEVERE ] updating countdown to 17079
[21:33:08.295] [SEVERE ] updating countdown to 17063
[21:33:08.311] [SEVERE ] updating countdown to 17047
[21:33:08.327] [SEVERE ] updating countdown to 17031
[21:33:08.343] [SEVERE ] updating countdown to 17015
[21:33:08.359] [SEVERE ] updating countdown to 16999
[21:33:08.375] [SEVERE ] updating countdown to 16983
[21:33:08.377] [SEVERE ] removing player 3 token from slot 0
[21:33:08.377] [SEVERE ] player 3 placing token on slot 0
[21:33:08.386] [SEVERE ] setting player 3 freeze to 13972
[21:33:08.386] [SEVERE ] updating countdown to 16972
[21:33:08.391] [SEVERE ] removing player 5 token from slot 1
[21:33:08.391] [SEVERE ] removing player 5 token from slot 0
[21:33:08.391] [SEVERE ] player 5 placing token on slot 0
[21:33:08.391] [SEVERE ] removing player 5 token from slot 0
[21:33:08.391] [SEVERE ] player 5 placing token on slot 5
[21:33:08.391] [SEVERE ] player 5 placing token on slot 0
[21:33:08.406] [SEVERE ] setting player 5 freeze to 13952
[21:33:08.406] [SEVERE ] updating countdown to 16952
[21:33:08.421] [SEVERE ] updating countdown to 16937
[21:33:08.421] [SEVERE ] removing player 4 token from slot 1
[21:33:08.421] [SEVERE ] player 4 placing token on slot 1
[21:33:08.437] [SEVERE ] setting player 4 freeze to 13921
[21:33:08.437] [SEVERE ] removing player 2 token from slot 0
[21:33:08.437] [SEVERE ] updating countdown to 16921
[21:33:08.437] [SEVERE ] player 2 placing token on slot 0
[21:33:08.452] [SEVERE ] setting player 2 freeze to 13906
[21:33:08.452] [SEVERE ] updating countdown to 16906
[21:33:08.468] [SEVERE ] updating countdown to 16890
[21:33:08.484] [SEVERE ] updating countdown to 16874
[21:33:08.500] [SEVERE ] updating countdown to 16858
[21:33:08.516] [SEVERE ] updating countdown to 16842
[21:33:08.531] [SEVERE ] updating countdown to 16827
[21:33:08.547] [SEVERE ] updating countdown to 16811
[21:33:08.563] [SEVERE ] updating countdown to 16795
[21:33:08.579] [SEVERE ] updating countdown to 16779
[21:33:08.595] [SEVERE ] updating countdown to 16763
[21:33:08.611] [SEVERE ] updating countdown to 16747
[21:33:08.628] [SEVERE ] updating countdown to 16730
[21:33:08.644] [SEVERE ] updating countdown to 16714
[21:33:08.660] [SEVERE ] updating countdown to 16698
[21:33:08.676] [SEVERE ] updating countdown to 16682
[21:33:08.692] [SEVERE ] updating countdown to 16666
[21:33:08.708] [SEVERE ] updating countdown to 16650
[21:33:08.724] [SEVERE ] updating countdown to 16634
[21:33:08.739] [SEVERE ] updating countdown to 16619
[21:33:08.755] [SEVERE ] updating countdown to 16603
[21:33:08.771] [SEVERE ] updating countdown to 16587
[21:33:08.787] [SEVERE ] updating countdown to 16571
[21:33:08.803] [SEVERE ] updating countdown to 16555
[21:33:08.819] [SEVERE ] updating countdown to 16539
[21:33:08.835] [SEVERE ] updating countdown to 16523
[21:33:08.851] [SEVERE ] updating countdown to 16507
[21:33:08.866] [SEVERE ] updating countdown to 16492
[21:33:08.881] [SEVERE ] updating countdown to 16477
[21:33:08.897] [SEVERE ] updating countdown to 16461
[21:33:08.912] [SEVERE ] updating countdown to 16446
[21:33:08.927] [SEVERE ] updating countdown to 16431
[21:33:08.942] [SEVERE ] updating countdown to 16416
[21:33:08.958] [SEVERE ] updating countdown to 16400
[21:33:08.974] [SEVERE ] updating countdown to 16384
[21:33:08.990] [SEVERE ] updating countdown to 16368
[21:33:09.006] [SEVERE ] updating countdown to 16352
[21:33:09.022] [SEVERE ] updating countdown to 16336
[21:33:09.037] [SEVERE ] updating countdown to 16321
[21:33:09.053] [SEVERE ] updating countdown to 16305
[21:33:09.068] [SEVERE ] updating countdown to 16290
[21:33:09.084] [SEVERE ] updating countdown to 16274
[21:33:09.099] [SEVERE ] updating countdown to 16259
[21:33:09.115] [SEVERE ] updating countdown to 16243
[21:33:09.131] [SEVERE ] updating countdown to 16227
[21:33:09.147] [SEVERE ] updating countdown to 16211
[21:33:09.163] [SEVERE ] updating countdown to 16195
[21:33:09.179] [SEVERE ] updating countdown to 16179
[21:33:09.195] [SEVERE ] updating countdown to 16163
[21:33:09.211] [SEVERE ] updating countdown to 16147
[21:33:09.227] [SEVERE ] updating countdown to 16131
[21:33:09.242] [SEVERE ] updating countdown to 16116
[21:33:09.258] [SEVERE ] updating countdown to 16100
[21:33:09.274] [SEVERE ] updating countdown to 16084
[21:33:09.290] [SEVERE ] updating countdown to 16068
[21:33:09.306] [SEVERE ] updating countdown to 16052
[21:33:09.322] [SEVERE ] updating countdown to 16036
[21:33:09.338] [SEVERE ] updating countdown to 16020
[21:33:09.354] [SEVERE ] updating countdown to 16004
[21:33:09.370] [SEVERE ] updating countdown to 15988
[21:33:09.386] [SEVERE ] updating countdown to 15972
[21:33:09.402] [SEVERE ] updating countdown to 15956
[21:33:09.417] [SEVERE ] updating countdown to 15941
[21:33:09.433] [SEVERE ] updating countdown to 15925
[21:33:09.449] [SEVERE ] updating countdown to 15909
[21:33:09.465] [SEVERE ] updating countdown to 15893
[21:33:09.480] [SEVERE ] updating countdown to 15878
[21:33:09.496] [SEVERE ] updating countdown to 15862
[21:33:09.512] [SEVERE ] updating countdown to 15846
[21:33:09.528] [SEVERE ] updating countdown to 15830
[21:33:09.544] [SEVERE ] updating countdown to 15814
[21:33:09.560] [SEVERE ] updating countdown to 15798
[21:33:09.576] [SEVERE ] updating countdown to 15782
[21:33:09.592] [SEVERE ] updating countdown to 15766
[21:33:09.608] [SEVERE ] updating countdown to 15750
[21:33:09.624] [SEVERE ] updating countdown to 15734
[21:33:09.639] [SEVERE ] updating countdown to 15719
[21:33:09.655] [SEVERE ] updating countdown to 15703
[21:33:09.671] [SEVERE ] updating countdown to 15687
[21:33:09.687] [SEVERE ] updating countdown to 15671
[21:33:09.703] [SEVERE ] updating countdown to 15655
[21:33:09.719] [SEVERE ] updating countdown to 15639
[21:33:09.735] [SEVERE ] updating countdown to 15623
[21:33:09.751] [SEVERE ] updating countdown to 15607
[21:33:09.767] [SEVERE ] updating countdown to 15591
[21:33:09.783] [SEVERE ] updating countdown to 15575
[21:33:09.799] [SEVERE ] updating countdown to 15559
[21:33:09.815] [SEVERE ] updating countdown to 15543
[21:33:09.830] [SEVERE ] updating countdown to 15528
[21:33:09.846] [SEVERE ] updating countdown to 15512
[21:33:09.862] [SEVERE ] updating countdown to 15496
[21:33:09.878] [SEVERE ] updating countdown to 15480
[21:33:09.894] [SEVERE ] updating countdown to 15464
[21:33:09.910] [SEVERE ] updating countdown to 15448
[21:33:09.926] [SEVERE ] updating countdown to 15432
[21:33:09.942] [SEVERE ] updating countdown to 15416
[21:33:09.957] [SEVERE ] updating countdown to 15401
[21:33:09.972] [SEVERE ] updating countdown to 15386
[21:33:09.988] [SEVERE ] updating countdown to 15370
[21:33:10.004] [SEVERE ] updating countdown to 15354
[21:33:10.020] [SEVERE ] updating countdown to 15338
[21:33:10.035] [SEVERE ] updating countdown to 15323
[21:33:10.051] [SEVERE ] updating countdown to 15307
[21:33:10.067] [SEVERE ] updating countdown to 15291
[21:33:10.083] [SEVERE ] updating countdown to 15275
[21:33:10.099] [SEVERE ] updating countdown to 15259
[21:33:10.115] [SEVERE ] updating countdown to 15243
[21:33:10.131] [SEVERE ] updating countdown to 15227
[21:33:10.147] [SEVERE ] updating countdown to 15211
[21:33:10.163] [SEVERE ] updating countdown to 15195
[21:33:10.179] [SEVERE ] updating countdown to 15179
[21:33:10.195] [SEVERE ] updating countdown to 15163
[21:33:10.211] [SEVERE ] updating countdown to 15147
[21:33:10.226] [SEVERE ] updating countdown to 15132
[21:33:10.241] [SEVERE ] updating countdown to 15117
[21:33:10.257] [SEVERE ] updating countdown to 15101
[21:33:10.273] [SEVERE ] updating countdown to 15085
[21:33:10.289] [SEVERE ] updating countdown to 15069
[21:33:10.305] [SEVERE ] updating countdown to 15053
[21:33:10.321] [SEVERE ] updating countdown to 15037
[21:33:10.337] [SEVERE ] updating countdown to 15021
[21:33:10.353] [SEVERE ] updating countdown to 15005
[21:33:10.369] [SEVERE ] updating countdown to 14989
[21:33:10.385] [SEVERE ] updating countdown to 14973
[21:33:10.401] [SEVERE ] updating countdown to 14957
[21:33:10.417] [SEVERE ] updating countdown to 14941
[21:33:10.433] [SEVERE ] updating countdown to 14925
[21:33:10.449] [SEVERE ] updating countdown to 14909
[21:33:10.465] [SEVERE ] updating countdown to 14893
[21:33:10.481] [SEVERE ] updating countdown to 14877
[21:33:10.497] [SEVERE ] updating countdown to 14861
[21:33:10.513] [SEVERE ] updating countdown to 14845
[21:33:10.528] [SEVERE ] updating countdown to 14830
[21:33:10.544] [SEVERE ] updating countdown to 14814
[21:33:10.560] [SEVERE ] updating countdown to 14798
[21:33:10.576] [SEVERE ] updating countdown to 14782
[21:33:10.592] [SEVERE ] updating countdown to 14766
[21:33:10.607] [SEVERE ] updating countdown to 14751
[21:33:10.623] [SEVERE ] updating countdown to 14735
[21:33:10.639] [SEVERE ] updating countdown to 14719
[21:33:10.655] [SEVERE ] updating countdown to 14703
[21:33:10.671] [SEVERE ] updating countdown to 14687
[21:33:10.687] [SEVERE ] updating countdown to 14671
[21:33:10.703] [SEVERE ] updating countdown to 14655
[21:33:10.718] [SEVERE ] updating countdown to 14640
[21:33:10.733] [SEVERE ] updating countdown to 14625
[21:33:10.748] [SEVERE ] updating countdown to 14610
[21:33:10.764] [SEVERE ] updating countdown to 14594
[21:33:10.780] [SEVERE ] updating countdown to 14578
[21:33:10.796] [SEVERE ] updating countdown to 14562
[21:33:10.812] [SEVERE ] updating countdown to 14546
[21:33:10.827] [SEVERE ] updating countdown to 14531
[21:33:10.843] [SEVERE ] updating countdown to 14515
[21:33:10.859] [SEVERE ] updating countdown to 14499
[21:33:10.875] [SEVERE ] updating countdown to 14483
[21:33:10.891] [SEVERE ] updating countdown to 14467
[21:33:10.906] [SEVERE ] updating countdown to 14452
[21:33:10.922] [SEVERE ] updating countdown to 14436
[21:33:10.937] [SEVERE ] updating countdown to 14421
[21:33:10.953] [SEVERE ] updating countdown to 14405
[21:33:10.969] [SEVERE ] updating countdown to 14389
[21:33:10.985] [SEVERE ] updating countdown to 14373
[21:33:11.001] [SEVERE ] updating countdown to 14357
[21:33:11.017] [SEVERE ] updating countdown to 14341
[21:33:11.033] [SEVERE ] updating countdown to 14325
[21:33:11.049] [SEVERE ] updating countdown to 14309
[21:33:11.065] [SEVERE ] updating countdown to 14293
[21:33:11.081] [SEVERE ] updating countdown to 14277
[21:33:11.097] [SEVERE ] updating countdown to 14261
[21:33:11.112] [SEVERE ] updating countdown to 14246
[21:33:11.128] [SEVERE ] updating countdown to 14230
[21:33:11.144] [SEVERE ] updating countdown to 14214
[21:33:11.160] [SEVERE ] updating countdown to 14198
[21:33:11.175] [SEVERE ] updating countdown to 14183
[21:33:11.191] [SEVERE ] updating countdown to 14167
[21:33:11.206] [SEVERE ] updating countdown to 14152
[21:33:11.222] [SEVERE ] updating countdown to 14136
[21:33:11.238] [SEVERE ] updating countdown to 14120
[21:33:11.254] [SEVERE ] updating countdown to 14104
[21:33:11.270] [SEVERE ] updating countdown to 14088
[21:33:11.286] [SEVERE ] updating countdown to 14072
[21:33:11.301] [SEVERE ] updating countdown to 14057
[21:33:11.316] [SEVERE ] updating countdown to 14042
[21:33:11.331] [SEVERE ] updating countdown to 14027
[21:33:11.347] [SEVERE ] updating countdown to 14011
[21:33:11.363] [SEVERE ] updating countdown to 13995
[21:33:11.379] [SEVERE ] updating countdown to 13979
[21:33:11.395] [SEVERE ] updating countdown to 13963
[21:33:11.395] [SEVERE ] removing player 3 token from slot 2
[21:33:11.395] [SEVERE ] removing player 3 token from slot 0
[21:33:11.395] [SEVERE ] player 3 placing token on slot 0
[21:33:11.395] [SEVERE ] player 3 placing token on slot 2
[21:33:11.411] [SEVERE ] setting player 3 freeze to 10947
[21:33:11.411] [SEVERE ] removing player 5 token from slot 5
[21:33:11.411] [SEVERE ] updating countdown to 13947
[21:33:11.411] [SEVERE ] removing player 5 token from slot 0
[21:33:11.411] [SEVERE ] removing player 5 token from slot 2
[21:33:11.411] [SEVERE ] player 5 placing token on slot 0
[21:33:11.411] [SEVERE ] player 5 placing token on slot 6
[21:33:11.411] [SEVERE ] player 5 placing token on slot 7
[21:33:11.427] [SEVERE ] setting player 5 freeze to 10931
[21:33:11.427] [SEVERE ] updating countdown to 13931
[21:33:11.442] [SEVERE ] updating countdown to 13916
[21:33:11.442] [SEVERE ] removing player 4 token from slot 2
[21:33:11.442] [SEVERE ] removing player 4 token from slot 0
[21:33:11.442] [SEVERE ] removing player 4 token from slot 1
[21:33:11.442] [SEVERE ] player 4 placing token on slot 1
[21:33:11.442] [SEVERE ] player 4 placing token on slot 6
[21:33:11.442] [SEVERE ] player 4 placing token on slot 3
[21:33:11.457] [SEVERE ] removing player 2 token from slot 0
[21:33:11.457] [SEVERE ] setting player 4 freeze to 10901
[21:33:11.457] [SEVERE ] removing player 2 token from slot 1
[21:33:11.457] [SEVERE ] updating countdown to 13901
[21:33:11.457] [SEVERE ] player 2 placing token on slot 1
[21:33:11.457] [SEVERE ] removing player 2 token from slot 1
[21:33:11.457] [SEVERE ] player 2 placing token on slot 10
[21:33:11.457] [SEVERE ] player 2 placing token on slot 5
[21:33:11.472] [SEVERE ] setting player 2 freeze to 10886
[21:33:11.472] [SEVERE ] updating countdown to 13886
[21:33:11.488] [SEVERE ] updating countdown to 13870
[21:33:11.503] [SEVERE ] updating countdown to 13855
[21:33:11.519] [SEVERE ] updating countdown to 13839
[21:33:11.535] [SEVERE ] updating countdown to 13823
[21:33:11.551] [SEVERE ] updating countdown to 13807
[21:33:11.567] [SEVERE ] updating countdown to 13791
[21:33:11.583] [SEVERE ] updating countdown to 13775
[21:33:11.599] [SEVERE ] updating countdown to 13759
[21:33:11.614] [SEVERE ] updating countdown to 13744
[21:33:11.630] [SEVERE ] updating countdown to 13728
[21:33:11.645] [SEVERE ] updating countdown to 13713
[21:33:11.660] [SEVERE ] updating countdown to 13698
[21:33:11.676] [SEVERE ] updating countdown to 13682
[21:33:11.691] [SEVERE ] updating countdown to 13667
[21:33:11.707] [SEVERE ] updating countdown to 13651
[21:33:11.723] [SEVERE ] updating countdown to 13635
[21:33:11.739] [SEVERE ] updating countdown to 13619
[21:33:11.755] [SEVERE ] updating countdown to 13603
[21:33:11.771] [SEVERE ] updating countdown to 13587
[21:33:11.787] [SEVERE ] updating countdown to 13571
[21:33:11.803] [SEVERE ] updating countdown to 13555
[21:33:11.819] [SEVERE ] updating countdown to 13539
[21:33:11.834] [SEVERE ] updating countdown to 13524
[21:33:11.850] [SEVERE ] updating countdown to 13508
[21:33:11.866] [SEVERE ] updating countdown to 13492
[21:33:11.882] [SEVERE ] updating countdown to 13476
[21:33:11.898] [SEVERE ] updating countdown to 13460
[21:33:11.914] [SEVERE ] updating countdown to 13444
[21:33:11.930] [SEVERE ] updating countdown to 13428
[21:33:11.946] [SEVERE ] updating countdown to 13412
[21:33:11.962] [SEVERE ] updating countdown to 13396
[21:33:11.978] [SEVERE ] updating countdown to 13380
[21:33:11.994] [SEVERE ] updating countdown to 13364
[21:33:12.010] [SEVERE ] updating countdown to 13348
[21:33:12.026] [SEVERE ] updating countdown to 13332
[21:33:12.041] [SEVERE ] updating countdown to 13317
[21:33:12.057] [SEVERE ] updating countdown to 13301
[21:33:12.073] [SEVERE ] updating countdown to 13285
[21:33:12.089] [SEVERE ] updating countdown to 13269
[21:33:12.105] [SEVERE ] updating countdown to 13253
[21:33:12.121] [SEVERE ] updating countdown to 13237
[21:33:12.137] [SEVERE ] updating countdown to 13221
[21:33:12.152] [SEVERE ] updating countdown to 13206
[21:33:12.168] [SEVERE ] updating countdown to 13190
[21:33:12.183] [SEVERE ] updating countdown to 13175
[21:33:12.199] [SEVERE ] updating countdown to 13159
[21:33:12.215] [SEVERE ] updating countdown to 13143
[21:33:12.230] [SEVERE ] updating countdown to 13128
[21:33:12.246] [SEVERE ] updating countdown to 13112
[21:33:12.262] [SEVERE ] updating countdown to 13096
[21:33:12.278] [SEVERE ] updating countdown to 13080
[21:33:12.294] [SEVERE ] updating countdown to 13064
[21:33:12.310] [SEVERE ] updating countdown to 13048
[21:33:12.326] [SEVERE ] updating countdown to 13032
[21:33:12.342] [SEVERE ] updating countdown to 13016
[21:33:12.358] [SEVERE ] updating countdown to 13000
[21:33:12.374] [SEVERE ] updating countdown to 12984
[21:33:12.390] [SEVERE ] updating countdown to 12968
[21:33:12.406] [SEVERE ] updating countdown to 12952
[21:33:12.422] [SEVERE ] updating countdown to 12936
[21:33:12.437] [SEVERE ] updating countdown to 12921
[21:33:12.453] [SEVERE ] updating countdown to 12905
[21:33:12.469] [SEVERE ] updating countdown to 12889
[21:33:12.485] [SEVERE ] updating countdown to 12873
[21:33:12.500] [SEVERE ] updating countdown to 12858
[21:33:12.516] [SEVERE ] updating countdown to 12842
[21:33:12.531] [SEVERE ] updating countdown to 12827
[21:33:12.547] [SEVERE ] updating countdown to 12811
[21:33:12.563] [SEVERE ] updating countdown to 12795
[21:33:12.579] [SEVERE ] updating countdown to 12779
[21:33:12.595] [SEVERE ] updating countdown to 12763
[21:33:12.611] [SEVERE ] updating countdown to 12747
[21:33:12.628] [SEVERE ] updating countdown to 12730
[21:33:12.644] [SEVERE ] updating countdown to 12714
[21:33:12.660] [SEVERE ] updating countdown to 12698
[21:33:12.675] [SEVERE ] updating countdown to 12683
[21:33:12.690] [SEVERE ] updating countdown to 12668
[21:33:12.705] [SEVERE ] updating countdown to 12653
[21:33:12.721] [SEVERE ] updating countdown to 12637
[21:33:12.736] [SEVERE ] updating countdown to 12622
[21:33:12.752] [SEVERE ] updating countdown to 12606
[21:33:12.768] [SEVERE ] updating countdown to 12590
[21:33:12.784] [SEVERE ] updating countdown to 12574
[21:33:12.800] [SEVERE ] updating countdown to 12558
[21:33:12.816] [SEVERE ] updating countdown to 12542
[21:33:12.832] [SEVERE ] updating countdown to 12526
[21:33:12.848] [SEVERE ] updating countdown to 12510
[21:33:12.864] [SEVERE ] updating countdown to 12494
[21:33:12.880] [SEVERE ] updating countdown to 12478
[21:33:12.895] [SEVERE ] updating countdown to 12463
[21:33:12.910] [SEVERE ] updating countdown to 12448
[21:33:12.926] [SEVERE ] updating countdown to 12432
[21:33:12.941] [SEVERE ] updating countdown to 12417
[21:33:12.957] [SEVERE ] updating countdown to 12401
[21:33:12.973] [SEVERE ] updating countdown to 12385
[21:33:12.989] [SEVERE ] updating countdown to 12369
[21:33:13.005] [SEVERE ] updating countdown to 12353
[21:33:13.021] [SEVERE ] updating countdown to 12337
[21:33:13.037] [SEVERE ] updating countdown to 12321
[21:33:13.053] [SEVERE ] updating countdown to 12305
[21:33:13.069] [SEVERE ] updating countdown to 12289
[21:33:13.085] [SEVERE ] updating countdown to 12273
[21:33:13.101] [SEVERE ] updating countdown to 12257
[21:33:13.117] [SEVERE ] updating countdown to 12241
[21:33:13.132] [SEVERE ] updating countdown to 12226
[21:33:13.148] [SEVERE ] updating countdown to 12210
[21:33:13.164] [SEVERE ] updating countdown to 12194
[21:33:13.180] [SEVERE ] updating countdown to 12178
[21:33:13.196] [SEVERE ] updating countdown to 12162
[21:33:13.212] [SEVERE ] updating countdown to 12146
[21:33:13.228] [SEVERE ] updating countdown to 12130
[21:33:13.244] [SEVERE ] updating countdown to 12114
[21:33:13.259] [SEVERE ] updating countdown to 12099
[21:33:13.275] [SEVERE ] updating countdown to 12083
[21:33:13.291] [SEVERE ] updating countdown to 12067
[21:33:13.307] [SEVERE ] updating countdown to 12051
[21:33:13.323] [SEVERE ] updating countdown to 12035
[21:33:13.338] [SEVERE ] updating countdown to 12020
[21:33:13.354] [SEVERE ] updating countdown to 12004
[21:33:13.370] [SEVERE ] updating countdown to 11988
[21:33:13.386] [SEVERE ] updating countdown to 11972
[21:33:13.402] [SEVERE ] updating countdown to 11956
[21:33:13.417] [SEVERE ] updating countdown to 11941
[21:33:13.433] [SEVERE ] updating countdown to 11925
[21:33:13.448] [SEVERE ] updating countdown to 11910
[21:33:13.464] [SEVERE ] updating countdown to 11894
[21:33:13.480] [SEVERE ] updating countdown to 11878
[21:33:13.496] [SEVERE ] updating countdown to 11862
[21:33:13.511] [SEVERE ] updating countdown to 11847
[21:33:13.526] [SEVERE ] updating countdown to 11832
[21:33:13.541] [SEVERE ] updating countdown to 11817
[21:33:13.557] [SEVERE ] updating countdown to 11801
[21:33:13.573] [SEVERE ] updating countdown to 11785
[21:33:13.589] [SEVERE ] updating countdown to 11769
[21:33:13.605] [SEVERE ] updating countdown to 11753
[21:33:13.621] [SEVERE ] updating countdown to 11737
[21:33:13.637] [SEVERE ] updating countdown to 11721
[21:33:13.653] [SEVERE ] updating countdown to 11705
[21:33:13.669] [SEVERE ] updating countdown to 11689
[21:33:13.685] [SEVERE ] updating countdown to 11673
[21:33:13.701] [SEVERE ] updating countdown to 11657
[21:33:13.717] [SEVERE ] updating countdown to 11641
[21:33:13.732] [SEVERE ] updating countdown to 11626
[21:33:13.748] [SEVERE ] updating countdown to 11610
[21:33:13.764] [SEVERE ] updating countdown to 11594
[21:33:13.780] [SEVERE ] updating countdown to 11578
[21:33:13.796] [SEVERE ] updating countdown to 11562
[21:33:13.812] [SEVERE ] updating countdown to 11546
[21:33:13.828] [SEVERE ] updating countdown to 11530
[21:33:13.844] [SEVERE ] updating countdown to 11514
[21:33:13.860] [SEVERE ] updating countdown to 11498
[21:33:13.876] [SEVERE ] updating countdown to 11482
[21:33:13.892] [SEVERE ] updating countdown to 11466
[21:33:13.908] [SEVERE ] updating countdown to 11450
[21:33:13.924] [SEVERE ] updating countdown to 11434
[21:33:13.939] [SEVERE ] updating countdown to 11419
[21:33:13.955] [SEVERE ] updating countdown to 11403
[21:33:13.971] [SEVERE ] updating countdown to 11387
[21:33:13.987] [SEVERE ] updating countdown to 11371
[21:33:14.003] [SEVERE ] updating countdown to 11355
[21:33:14.019] [SEVERE ] updating countdown to 11339
[21:33:14.035] [SEVERE ] updating countdown to 11323
[21:33:14.051] [SEVERE ] updating countdown to 11307
[21:33:14.067] [SEVERE ] updating countdown to 11291
[21:33:14.083] [SEVERE ] updating countdown to 11275
[21:33:14.099] [SEVERE ] updating countdown to 11259
[21:33:14.115] [SEVERE ] updating countdown to 11243
[21:33:14.130] [SEVERE ] updating countdown to 11228
[21:33:14.146] [SEVERE ] updating countdown to 11212
[21:33:14.162] [SEVERE ] updating countdown to 11196
[21:33:14.178] [SEVERE ] updating countdown to 11180
[21:33:14.194] [SEVERE ] updating countdown to 11164
[21:33:14.210] [SEVERE ] updating countdown to 11148
[21:33:14.226] [SEVERE ] updating countdown to 11132
[21:33:14.241] [SEVERE ] updating countdown to 11117
[21:33:14.256] [SEVERE ] updating countdown to 11102
[21:33:14.272] [SEVERE ] updating countdown to 11086
[21:33:14.287] [SEVERE ] updating countdown to 11071
[21:33:14.302] [SEVERE ] updating countdown to 11056
[21:33:14.318] [SEVERE ] updating countdown to 11040
[21:33:14.334] [SEVERE ] updating countdown to 11024
[21:33:14.350] [SEVERE ] updating countdown to 11008
[21:33:14.366] [SEVERE ] updating countdown to 10992
[21:33:14.381] [SEVERE ] updating countdown to 10977
[21:33:14.397] [SEVERE ] updating countdown to 10961
[21:33:14.412] [SEVERE ] updating countdown to 10946
[21:33:14.412] [SEVERE ] removing player 3 token from slot 0
[21:33:14.412] [SEVERE ] removing player 3 token from slot 1
[21:33:14.412] [SEVERE ] removing player 3 token from slot 2
[21:33:14.412] [SEVERE ] player 3 placing token on slot 2
[21:33:14.412] [SEVERE ] player 3 placing token on slot 11
[21:33:14.412] [SEVERE ] removing player 3 token from slot 11
[21:33:14.412] [SEVERE ] player 3 placing token on slot 8
[21:33:14.412] [SEVERE ] player 3 placing token on slot 11
[21:33:14.428] [SEVERE ] removing player 5 token from slot 0
[21:33:14.428] [SEVERE ] setting player 3 freeze to 7930
[21:33:14.428] [SEVERE ] removing player 5 token from slot 6
[21:33:14.429] [SEVERE ] player 5 placing token on slot 0
[21:33:14.429] [SEVERE ] removing player 5 token from slot 7
[21:33:14.429] [SEVERE ] player 5 placing token on slot 11
[21:33:14.429] [SEVERE ] player 5 placing token on slot 1
[21:33:14.429] [SEVERE ] updating countdown to 10929
[21:33:14.443] [SEVERE ] setting player 5 freeze to 7915
[21:33:14.443] [SEVERE ] updating countdown to 10915
[21:33:14.458] [SEVERE ] updating countdown to 10900
[21:33:14.458] [SEVERE ] removing player 4 token from slot 3
[21:33:14.458] [SEVERE ] removing player 4 token from slot 6
[21:33:14.458] [SEVERE ] player 4 placing token on slot 6
[21:33:14.458] [SEVERE ] removing player 4 token from slot 1
[21:33:14.458] [SEVERE ] player 4 placing token on slot 4
[21:33:14.458] [SEVERE ] player 4 placing token on slot 2
[21:33:14.474] [SEVERE ] setting player 4 freeze to 7884
[21:33:14.474] [SEVERE ] removing player 2 token from slot 2
[21:33:14.474] [SEVERE ] updating countdown to 10884
[21:33:14.474] [SEVERE ] removing player 2 token from slot 10
[21:33:14.474] [SEVERE ] player 2 placing token on slot 2
[21:33:14.474] [SEVERE ] removing player 2 token from slot 5
[21:33:14.474] [SEVERE ] player 2 placing token on slot 6
[21:33:14.474] [SEVERE ] player 2 placing token on slot 1
[21:33:14.489] [SEVERE ] setting player 2 freeze to 7869
[21:33:14.489] [SEVERE ] updating countdown to 10869
[21:33:14.505] [SEVERE ] updating countdown to 10853
[21:33:14.521] [SEVERE ] updating countdown to 10837
[21:33:14.537] [SEVERE ] updating countdown to 10821
[21:33:14.553] [SEVERE ] updating countdown to 10805
[21:33:14.568] [SEVERE ] updating countdown to 10790
[21:33:14.584] [SEVERE ] updating countdown to 10774
[21:33:14.600] [SEVERE ] updating countdown to 10758
[21:33:14.616] [SEVERE ] updating countdown to 10742
[21:33:14.632] [SEVERE ] updating countdown to 10726
[21:33:14.648] [SEVERE ] updating countdown to 10710
[21:33:14.664] [SEVERE ] updating countdown to 10694
[21:33:14.680] [SEVERE ] updating countdown to 10678
[21:33:14.696] [SEVERE ] updating countdown to 10662
[21:33:14.712] [SEVERE ] updating countdown to 10646
[21:33:14.728] [SEVERE ] updating countdown to 10630
[21:33:14.743] [SEVERE ] updating countdown to 10615
[21:33:14.759] [SEVERE ] updating countdown to 10599
[21:33:14.775] [SEVERE ] updating countdown to 10583
[21:33:14.791] [SEVERE ] updating countdown to 10567
[21:33:14.807] [SEVERE ] updating countdown to 10551
[21:33:14.823] [SEVERE ] updating countdown to 10535
[21:33:14.839] [SEVERE ] updating countdown to 10519
[21:33:14.855] [SEVERE ] updating countdown to 10503
[21:33:14.871] [SEVERE ] updating countdown to 10487
[21:33:14.887] [SEVERE ] updating countdown to 10471
[21:33:14.903] [SEVERE ] updating countdown to 10455
[21:33:14.919] [SEVERE ] updating countdown to 10439
[21:33:14.934] [SEVERE ] updating countdown to 10424
[21:33:14.950] [SEVERE ] updating countdown to 10408
[21:33:14.966] [SEVERE ] updating countdown to 10392
[21:33:14.982] [SEVERE ] updating countdown to 10376
[21:33:14.998] [SEVERE ] updating countdown to 10360
[21:33:15.014] [SEVERE ] updating countdown to 10344
[21:33:15.030] [SEVERE ] updating countdown to 10328
[21:33:15.046] [SEVERE ] updating countdown to 10312
[21:33:15.062] [SEVERE ] updating countdown to 10296
[21:33:15.078] [SEVERE ] updating countdown to 10280
[21:33:15.094] [SEVERE ] updating countdown to 10264
[21:33:15.110] [SEVERE ] updating countdown to 10248
[21:33:15.126] [SEVERE ] updating countdown to 10232
[21:33:15.141] [SEVERE ] updating countdown to 10217
[21:33:15.157] [SEVERE ] updating countdown to 10201
[21:33:15.173] [SEVERE ] updating countdown to 10185
[21:33:15.189] [SEVERE ] updating countdown to 10169
[21:33:15.205] [SEVERE ] updating countdown to 10153
[21:33:15.221] [SEVERE ] updating countdown to 10137
[21:33:15.237] [SEVERE ] updating countdown to 10121
[21:33:15.253] [SEVERE ] updating countdown to 10105
[21:33:15.269] [SEVERE ] updating countdown to 10089
[21:33:15.285] [SEVERE ] updating countdown to 10073
[21:33:15.301] [SEVERE ] updating countdown to 10057
[21:33:15.317] [SEVERE ] updating countdown to 10041
[21:33:15.333] [SEVERE ] updating countdown to 10025
[21:33:15.349] [SEVERE ] updating countdown to 10009
[21:33:17.431] [SEVERE ] removing player 3 token from slot 11
[21:33:17.431] [SEVERE ] removing player 3 token from slot 8
[21:33:17.431] [SEVERE ] removing player 3 token from slot 2
[21:33:17.431] [SEVERE ] player 3 placing token on slot 11
[21:33:17.431] [SEVERE ] removing player 3 token from slot 11
[21:33:17.432] [SEVERE ] player 3 placing token on slot 4
[21:33:17.433] [SEVERE ] player 3 placing token on slot 7
[21:33:17.433] [SEVERE ] player 3 placing token on slot 0
[21:33:17.447] [SEVERE ] removing player 5 token from slot 0
[21:33:17.447] [SEVERE ] setting player 3 freeze to 4911
[21:33:17.447] [SEVERE ] removing player 5 token from slot 1
[21:33:17.447] [SEVERE ] player 5 placing token on slot 0
[21:33:17.447] [SEVERE ] removing player 5 token from slot 0
[21:33:17.447] [SEVERE ] player 5 placing token on slot 4
[21:33:17.447] [SEVERE ] player 5 placing token on slot 5
[21:33:17.462] [SEVERE ] setting player 5 freeze to 4896
[21:33:17.475] [SEVERE ] removing player 4 token from slot 2
[21:33:17.475] [SEVERE ] removing player 4 token from slot 6
[21:33:17.475] [SEVERE ] removing player 4 token from slot 4
[21:33:17.475] [SEVERE ] player 4 placing token on slot 2
[21:33:17.475] [SEVERE ] removing player 4 token from slot 2
[21:33:17.475] [SEVERE ] player 4 placing token on slot 6
[21:33:17.475] [SEVERE ] player 4 placing token on slot 11
[21:33:17.475] [SEVERE ] player 4 placing token on slot 5
[21:33:17.478] [SEVERE ] setting player 4 freeze to 4880
[21:33:17.494] [SEVERE ] removing player 2 token from slot 1
[21:33:17.494] [SEVERE ] removing player 2 token from slot 6
[21:33:17.494] [SEVERE ] player 2 placing token on slot 1
[21:33:17.494] [SEVERE ] removing player 2 token from slot 2
[21:33:17.494] [SEVERE ] player 2 placing token on slot 8
[21:33:17.494] [SEVERE ] player 2 placing token on slot 6
[21:33:17.510] [SEVERE ] setting player 2 freeze to 4848
[21:33:20.450] [SEVERE ] removing player 3 token from slot 7
[21:33:20.450] [SEVERE ] player 3 placing token on slot 7
[21:33:20.466] [SEVERE ] setting player 3 freeze to 1892
[21:33:20.466] [SEVERE ] removing player 5 token from slot 11
[21:33:20.466] [SEVERE ] player 5 placing token on slot 11
[21:33:20.482] [SEVERE ] removing player 4 token from slot 6
[21:33:20.482] [SEVERE ] setting player 5 freeze to 1876
[21:33:20.482] [SEVERE ] removing player 4 token from slot 11
[21:33:20.482] [SEVERE ] player 4 placing token on slot 6
[21:33:20.482] [SEVERE ] removing player 4 token from slot 5
[21:33:20.482] [SEVERE ] player 4 placing token on slot 11
[21:33:20.482] [SEVERE ] player 4 placing token on slot 3
[21:33:20.497] [SEVERE ] setting player 4 freeze to 1861
[21:33:20.512] [SEVERE ] removing player 2 token from slot 8
[21:33:20.512] [SEVERE ] player 2 placing token on slot 8
[21:33:20.527] [SEVERE ] setting player 2 freeze to 1831
